==> LogWrite : Opening logfile
 
========================================================================
 
 
OOOOOOOOOOOOOOOOOOOOOOOOOOOOOOOOOOOOOOOOOOOOOO
O                                            O
O     @@@@  @  @  @@@@  @   @    @  @@@b     O
O     @     @  @  @     @@ @@   @@  @  @     O
O     @     @@@@  @@@@  @ @ @    @  @  @     O
O     @     @  @  @     @   @    @  @  @     O
O     @@@@  @  @  @@@@  @   @    @  @@@P     O
O                                            O
O     A ONE DIMENSIONAL FLAME CODE           O
O                                            O
O     Version:                               O
O     Release: 2012-06-01 08:38:57 +0200     O
O                                            O
OOOOOOOOOOOOOOOOOOOOOOOOOOOOOOOOOOOOOOOOOOOOOO
 
 
 
* Developed at the Eindhoven University of Technology
 
* http://www.combustion.tue.nl
 
========================================================================
 
Reading CHEM1D input files
    => Start reading chemistry 
    ==> CheckTroeData : Started
    ==> CheckTroeData : Finished
    => Finished reading chemistry
    => Thermodynamical Data   [OK]
    ElementName        Mass
    1  O                 1.5999400E+01
    2  H                 1.0079700E+00
    3  C                 1.2011200E+01
    4  N                 1.4006700E+01
    5  AR                3.9948000E+01

    SpeciesName        Mass
    1  H2                2.0159400E+00
    2  H                 1.0079700E+00
    3  O                 1.5999400E+01
    4  O2                3.1998800E+01
    5  OH                1.7007370E+01
    6  H2O               1.8015340E+01
    7  HO2               3.3006770E+01
    8  CH2               1.4027140E+01
    9  CH2(S)            1.4027140E+01
   10  CH3               1.5035110E+01
   11  CH4               1.6043080E+01
   12  CO                2.8010600E+01
   13  CO2               4.4010000E+01
   14  HCO               2.9018570E+01
   15  CH2O              3.0026540E+01
   16  CH3O              3.1034510E+01
   17  C2H4              2.8054280E+01
   18  C2H5              2.9062250E+01
   19  C2H6              3.0070220E+01
   20  N                 1.4006700E+01
   21  NO                3.0006100E+01
   22  N2                2.8013400E+01
   23  AR                3.9948000E+01

    => Reactions + rate coefficients 

       (1) O + H + M = OH + M
             A =  5.000E+17  beta = -1.000E+00  Ea/R =  0.000E+00   K
      Enhanced by:
      H2          2.00
      H2O         6.00
      CH4         2.00
      CO          1.50
      CO2         2.00
      C2H6        3.00
      AR          0.70

       (2) O + H2 = H + OH
             A =  5.000E+04  beta =  2.670E+00  Ea/R =  3.167E+03   K

       (3) O + HO2 = OH + O2
             A =  2.000E+13  beta =  0.000E+00  Ea/R =  0.000E+00   K

       (4) O + CH2 = H + HCO
             A =  8.000E+13  beta =  0.000E+00  Ea/R =  0.000E+00   K

       (5) O + CH2(S) = H + HCO
             A =  1.500E+13  beta =  0.000E+00  Ea/R =  0.000E+00   K

       (6) O + CH3 = H + CH2O
             A =  8.430E+13  beta =  0.000E+00  Ea/R =  0.000E+00   K

       (7) O + CH4 = OH + CH3
             A =  1.020E+09  beta =  1.500E+00  Ea/R =  4.331E+03   K

       (8) O + CO + M = CO2 + M
             A =  6.020E+14  beta =  0.000E+00  Ea/R =  1.511E+03   K
      Enhanced by:
      H2          2.00
      O2          6.00
      H2O         6.00
      CH4         2.00
      CO          1.50
      CO2         3.50
      C2H6        3.00
      AR          0.50

       (9) O + HCO = OH + CO
             A =  3.000E+13  beta =  0.000E+00  Ea/R =  0.000E+00   K

       (10) O + HCO = H + CO2
             A =  3.000E+13  beta =  0.000E+00  Ea/R =  0.000E+00   K

       (11) O + CH2O = OH + HCO
             A =  3.900E+13  beta =  0.000E+00  Ea/R =  1.783E+03   K

       (12) O + C2H4 = CH3 + HCO
             A =  1.920E+07  beta =  1.830E+00  Ea/R =  1.108E+02   K

       (13) O + C2H5 = CH3 + CH2O
             A =  1.320E+14  beta =  0.000E+00  Ea/R =  0.000E+00   K

       (14) O + C2H6 = OH + C2H5
             A =  8.980E+07  beta =  1.920E+00  Ea/R =  2.865E+03   K

       (15) O2 + CO = O + CO2
             A =  2.500E+12  beta =  0.000E+00  Ea/R =  2.407E+04   K

       (16) O2 + CH2O = HO2 + HCO
             A =  1.000E+14  beta =  0.000E+00  Ea/R =  2.014E+04   K

       (17) H + O2 + M = HO2 + M
             A =  2.800E+18  beta = -8.600E-01  Ea/R =  0.000E+00   K
      Enhanced by:
      O2          0.00
      H2O         0.00
      CO          0.75
      CO2         1.50
      C2H6        1.50
      N2          0.00
      AR          0.00

       (18) H + O2 + O2 = HO2 + O2
             A =  3.000E+20  beta = -1.720E+00  Ea/R =  0.000E+00   K

       (19) H + O2 + H2O = HO2 + H2O
             A =  9.380E+18  beta = -7.600E-01  Ea/R =  0.000E+00   K

       (20) H + O2 + N2 = HO2 + N2
             A =  3.750E+20  beta = -1.720E+00  Ea/R =  0.000E+00   K

       (21) H + O2 + AR = HO2 + AR
             A =  7.000E+17  beta = -8.000E-01  Ea/R =  0.000E+00   K

       (22) H + O2 = O + OH
             A =  8.300E+13  beta =  0.000E+00  Ea/R =  7.258E+03   K

       (23) H + H + M = H2 + M
             A =  1.000E+18  beta = -1.000E+00  Ea/R =  0.000E+00   K
      Enhanced by:
      H2          0.00
      H2O         0.00
      CH4         2.00
      CO2         0.00
      C2H6        3.00
      AR          0.63

       (24) H + H + H2 = H2 + H2
             A =  9.000E+16  beta = -6.000E-01  Ea/R =  0.000E+00   K

       (25) H + H + H2O = H2 + H2O
             A =  6.000E+19  beta = -1.250E+00  Ea/R =  0.000E+00   K

       (26) H + H + CO2 = H2 + CO2
             A =  5.500E+20  beta = -2.000E+00  Ea/R =  0.000E+00   K

       (27) H + OH + M = H2O + M
             A =  2.200E+22  beta = -2.000E+00  Ea/R =  0.000E+00   K
      Enhanced by:
      H2          0.73
      H2O         3.65
      CH4         2.00
      C2H6        3.00
      AR          0.38

       (28) H + HO2 = O2 + H2
             A =  2.800E+13  beta =  0.000E+00  Ea/R =  5.378E+02   K

       (29) H + HO2 = OH + OH
             A =  1.340E+14  beta =  0.000E+00  Ea/R =  3.198E+02   K

       (30) H + CH2 + M = CH3 + M
             A =  2.500E+16  beta = -8.000E-01  Ea/R =  0.000E+00   K
      LOW pressure limit: 
      A =  3.200E+27  beta = -3.140E+00  Ea/R =  6.194E+02   K
      TROE centering:
          a = 0.680E+00
       T*** = 0.780E+02 K
         T* = 0.200E+04 K
        T** = 0.559E+04 K
      Enhanced by:
      H2          2.00
      H2O         6.00
      CH4         2.00
      CO          1.50
      CO2         2.00
      C2H6        3.00
      AR          0.70

       (31) H + CH3 + M = CH4 + M
             A =  1.270E+16  beta = -6.300E-01  Ea/R =  1.929E+02   K
      LOW pressure limit: 
      A =  2.477E+33  beta = -4.760E+00  Ea/R =  1.229E+03   K
      TROE centering:
          a = 0.783E+00
       T*** = 0.740E+02 K
         T* = 0.294E+04 K
        T** = 0.696E+04 K
      Enhanced by:
      H2          2.00
      H2O         6.00
      CH4         2.00
      CO          1.50
      CO2         2.00
      C2H6        3.00
      AR          0.70

       (32) H + CH4 = CH3 + H2
             A =  6.600E+08  beta =  1.620E+00  Ea/R =  5.459E+03   K

       (33) H + HCO + M = CH2O + M
             A =  1.090E+12  beta =  4.800E-01  Ea/R = -1.309E+02   K
      LOW pressure limit: 
      A =  1.350E+24  beta = -2.570E+00  Ea/R =  7.176E+02   K
      TROE centering:
          a = 0.782E+00
       T*** = 0.271E+03 K
         T* = 0.276E+04 K
        T** = 0.657E+04 K
      Enhanced by:
      H2          2.00
      H2O         6.00
      CH4         2.00
      CO          1.50
      CO2         2.00
      C2H6        3.00
      AR          0.70

       (34) H + HCO = H2 + CO
             A =  7.340E+13  beta =  0.000E+00  Ea/R =  0.000E+00   K

       (35) H + CH2O + M = CH3O + M
             A =  5.400E+11  beta =  4.540E-01  Ea/R =  1.309E+03   K
      LOW pressure limit: 
      A =  2.200E+30  beta = -4.800E+00  Ea/R =  2.800E+03   K
      TROE centering:
          a = 0.758E+00
       T*** = 0.940E+02 K
         T* = 0.156E+04 K
        T** = 0.420E+04 K
      Enhanced by:
      H2          2.00
      H2O         6.00
      CH4         2.00
      CO          1.50
      CO2         2.00
      C2H6        3.00

       (36) H + CH2O = HCO + H2
             A =  2.300E+10  beta =  1.050E+00  Ea/R =  1.649E+03   K

       (37) H + CH3O = OH + CH3
             A =  3.200E+13  beta =  0.000E+00  Ea/R =  0.000E+00   K

       (38) H + C2H4 + M = C2H5 + M
             A =  1.080E+12  beta =  4.540E-01  Ea/R =  9.165E+02   K
      LOW pressure limit: 
      A =  1.200E+42  beta = -7.620E+00  Ea/R =  3.510E+03   K
      TROE centering:
          a = 0.975E+00
       T*** = 0.210E+03 K
         T* = 0.984E+03 K
        T** = 0.437E+04 K
      Enhanced by:
      H2          2.00
      H2O         6.00
      CH4         2.00
      CO          1.50
      CO2         2.00
      C2H6        3.00
      AR          0.70

       (39) H + C2H5 + M = C2H6 + M
             A =  5.210E+17  beta = -9.900E-01  Ea/R =  7.956E+02   K
      LOW pressure limit: 
      A =  1.990E+41  beta = -7.080E+00  Ea/R =  3.366E+03   K
      TROE centering:
          a = 0.842E+00
       T*** = 0.125E+03 K
         T* = 0.222E+04 K
        T** = 0.688E+04 K
      Enhanced by:
      H2          2.00
      H2O         6.00
      CH4         2.00
      CO          1.50
      CO2         2.00
      C2H6        3.00
      AR          0.70

       (40) H + C2H6 = C2H5 + H2
             A =  1.150E+08  beta =  1.900E+00  Ea/R =  3.792E+03   K

       (41) H2 + CO + M = CH2O + M
             A =  4.300E+07  beta =  1.500E+00  Ea/R =  4.008E+04   K
      LOW pressure limit: 
      A =  5.070E+27  beta = -3.420E+00  Ea/R =  4.248E+04   K
      TROE centering:
          a = 0.932E+00
       T*** = 0.197E+03 K
         T* = 0.154E+04 K
        T** = 0.103E+05 K
      Enhanced by:
      H2          2.00
      H2O         6.00
      CH4         2.00
      CO          1.50
      CO2         2.00
      C2H6        3.00
      AR          0.70

       (42) OH + H2 = H + H2O
             A =  2.160E+08  beta =  1.510E+00  Ea/R =  1.727E+03   K

       (43) OH + OH = O + H2O
             A =  3.570E+04  beta =  2.400E+00  Ea/R = -1.063E+03   K

       (44) OH + HO2 = O2 + H2O
             A =  2.900E+13  beta =  0.000E+00  Ea/R = -2.518E+02   K

       (45) OH + CH2 = H + CH2O
             A =  2.000E+13  beta =  0.000E+00  Ea/R =  0.000E+00   K

       (46) OH + CH2(S) = H + CH2O
             A =  3.000E+13  beta =  0.000E+00  Ea/R =  0.000E+00   K

       (47) OH + CH3 = CH2 + H2O
             A =  5.600E+07  beta =  1.600E+00  Ea/R =  2.729E+03   K

       (48) OH + CH3 = CH2(S) + H2O
             A =  2.501E+13  beta =  0.000E+00  Ea/R =  0.000E+00   K

       (49) OH + CH4 = CH3 + H2O
             A =  1.000E+08  beta =  1.600E+00  Ea/R =  1.571E+03   K

       (50) OH + CO = H + CO2
             A =  4.760E+07  beta =  1.228E+00  Ea/R =  3.525E+01   K

       (51) OH + HCO = H2O + CO
             A =  5.000E+13  beta =  0.000E+00  Ea/R =  0.000E+00   K

       (52) OH + CH2O = HCO + H2O
             A =  3.430E+09  beta =  1.180E+00  Ea/R = -2.251E+02   K

       (53) OH + C2H6 = C2H5 + H2O
             A =  3.540E+06  beta =  2.120E+00  Ea/R =  4.381E+02   K

       (54) HO2 + CH2 = OH + CH2O
             A =  2.000E+13  beta =  0.000E+00  Ea/R =  0.000E+00   K

       (55) HO2 + CH3 = O2 + CH4
             A =  1.000E+12  beta =  0.000E+00  Ea/R =  0.000E+00   K

       (56) HO2 + CH3 = OH + CH3O
             A =  2.000E+13  beta =  0.000E+00  Ea/R =  0.000E+00   K

       (57) HO2 + CO = OH + CO2
             A =  1.500E+14  beta =  0.000E+00  Ea/R =  1.188E+04   K

       (58) CH2 + O2 = OH + HCO
             A =  1.320E+13  beta =  0.000E+00  Ea/R =  7.553E+02   K

       (59) CH2 + H2 = H + CH3
             A =  5.000E+05  beta =  2.000E+00  Ea/R =  3.641E+03   K

       (60) CH2 + CH3 = H + C2H4
             A =  4.000E+13  beta =  0.000E+00  Ea/R =  0.000E+00   K

       (61) CH2 + CH4 = CH3 + CH3
             A =  2.460E+06  beta =  2.000E+00  Ea/R =  4.164E+03   K

       (62) CH2(S) + N2 = CH2 + N2
             A =  1.500E+13  beta =  0.000E+00  Ea/R =  3.021E+02   K

       (63) CH2(S) + AR = CH2 + AR
             A =  9.000E+12  beta =  0.000E+00  Ea/R =  3.021E+02   K

       (64) CH2(S) + O2 = H + OH + CO
             A =  2.800E+13  beta =  0.000E+00  Ea/R =  0.000E+00   K

       (65) CH2(S) + O2 = CO + H2O
             A =  1.200E+13  beta =  0.000E+00  Ea/R =  0.000E+00   K

       (66) CH2(S) + H2 = CH3 + H
             A =  7.000E+13  beta =  0.000E+00  Ea/R =  0.000E+00   K

       (67) CH2(S) + H2O = CH2 + H2O
             A =  3.000E+13  beta =  0.000E+00  Ea/R =  0.000E+00   K

       (68) CH2(S) + CH3 = H + C2H4
             A =  1.200E+13  beta =  0.000E+00  Ea/R = -2.870E+02   K

       (69) CH2(S) + CH4 = CH3 + CH3
             A =  1.600E+13  beta =  0.000E+00  Ea/R = -2.870E+02   K

       (70) CH2(S) + CO = CH2 + CO
             A =  9.000E+12  beta =  0.000E+00  Ea/R =  0.000E+00   K

       (71) CH2(S) + CO2 = CH2 + CO2
             A =  7.000E+12  beta =  0.000E+00  Ea/R =  0.000E+00   K

       (72) CH2(S) + CO2 = CO + CH2O
             A =  1.400E+13  beta =  0.000E+00  Ea/R =  0.000E+00   K

       (73) CH3 + O2 = O + CH3O
             A =  2.675E+13  beta =  0.000E+00  Ea/R =  1.450E+04   K

       (74) CH3 + O2 = OH + CH2O
             A =  3.600E+10  beta =  0.000E+00  Ea/R =  4.502E+03   K

       (75) CH3 + CH3 + M = C2H6 + M
             A =  2.120E+16  beta = -9.700E-01  Ea/R =  3.122E+02   K
      LOW pressure limit: 
      A =  1.770E+50  beta = -9.670E+00  Ea/R =  3.132E+03   K
      TROE centering:
          a = 0.532E+00
       T*** = 0.151E+03 K
         T* = 0.104E+04 K
        T** = 0.497E+04 K
      Enhanced by:
      H2          2.00
      H2O         6.00
      CH4         2.00
      CO          1.50
      CO2         2.00
      C2H6        3.00
      AR          0.70

       (76) CH3 + CH3 = H + C2H5
             A =  4.990E+12  beta =  1.000E-01  Ea/R =  5.338E+03   K

       (77) CH3 + HCO = CH4 + CO
             A =  2.648E+13  beta =  0.000E+00  Ea/R =  0.000E+00   K

       (78) CH3 + CH2O = HCO + CH4
             A =  3.320E+03  beta =  2.810E+00  Ea/R =  2.951E+03   K

       (79) CH3 + C2H6 = C2H5 + CH4
             A =  6.140E+06  beta =  1.740E+00  Ea/R =  5.262E+03   K

       (80) HCO + H2O = H + CO + H2O
             A =  2.244E+18  beta = -1.000E+00  Ea/R =  8.561E+03   K

       (81) HCO + M = H + CO + M
             A =  1.870E+17  beta = -1.000E+00  Ea/R =  8.561E+03   K
      Enhanced by:
      H2          2.00
      H2O         0.00
      CH4         2.00
      CO          1.50
      CO2         2.00
      C2H6        3.00

       (82) HCO + O2 = HO2 + CO
             A =  7.600E+12  beta =  0.000E+00  Ea/R =  2.014E+02   K

       (83) CH3O + O2 = HO2 + CH2O
             A =  4.280E-13  beta =  7.600E+00  Ea/R = -1.778E+03   K

       (84) C2H5 + O2 = HO2 + C2H4
             A =  8.400E+11  beta =  0.000E+00  Ea/R =  1.951E+03   K

       (85) N + NO = N2 + O
             A =  2.700E+13  beta =  0.000E+00  Ea/R =  1.788E+02   K

       (86) N + O2 = NO + O
             A =  9.000E+09  beta =  1.000E+00  Ea/R =  3.273E+03   K

       (87) N + OH = NO + H
             A =  3.360E+13  beta =  0.000E+00  Ea/R =  1.939E+02   K

    => Defaultsfile           [OK]
    => Settingsfile           [OK]
    => Commandline options    [OK]
    => Start reading .chm file
        [MSG] Transport parameters    [OK]
        [MSG] Conductivity parameters [OK]
        [MSG] Viscosity parameters    [OK]
        [MSG] Difusivity parameters   [OK]
        [MSG] Thermal parameters      [OK]
    => Reading .chm file      [OK]
    => CHEM1D datafile        [OK]
    => Setting grid weights :
        DENSITY            1.00000
        TEMP               1.00000
        CH4                1.00000
        HEATREL            1.00000
 
 
------------------------------------------------------------------------
 
Simulation settings:
    => Counterflow flame
    => Stationary solution
    => Detailed chemistry model
    => Mixture averaged diffusion model
    => No radiation model
    => No model for heat exchanger
 
------------------------------------------------------------------------
 
Variables:
       Name              BC_Left      BC_Right     Unit
  1) * H2                0.00000E+00  0.00000E+00  Mass frac.
  2) * H                 0.00000E+00  0.00000E+00  Mass frac.
  3) * O                 0.00000E+00  0.00000E+00  Mass frac.
  4) * O2                0.00000E+00  2.34588E-01  Mass frac.
  5) * OH                0.00000E+00  0.00000E+00  Mass frac.
  6) * H2O               0.00000E+00  0.00000E+00  Mass frac.
  7) * HO2               0.00000E+00  0.00000E+00  Mass frac.
  8) * CH2               0.00000E+00  0.00000E+00  Mass frac.
  9) * CH2(S)            0.00000E+00  0.00000E+00  Mass frac.
 10) * CH3               0.00000E+00  0.00000E+00  Mass frac.
 11) * CH4               1.00000E+00  0.00000E+00  Mass frac.
 12) * CO                0.00000E+00  0.00000E+00  Mass frac.
 13) * CO2               0.00000E+00  0.00000E+00  Mass frac.
 14) * HCO               0.00000E+00  0.00000E+00  Mass frac.
 15) * CH2O              0.00000E+00  0.00000E+00  Mass frac.
 16) * CH3O              0.00000E+00  0.00000E+00  Mass frac.
 17) * C2H4              0.00000E+00  0.00000E+00  Mass frac.
 18) * C2H5              0.00000E+00  0.00000E+00  Mass frac.
 19) * C2H6              0.00000E+00  0.00000E+00  Mass frac.
 20) * N                 0.00000E+00  0.00000E+00  Mass frac.
 21) * NO                0.00000E+00  0.00000E+00  Mass frac.
 22) * N2                0.00000E+00  7.65412E-01  Mass frac.
 23) * AR                0.00000E+00  0.00000E+00  Mass frac.
 24) * Temp              3.00000E+02  3.00000E+02  K
 25) * Massflow          7.71815E-03  1.38825E-02  gr/(cm2 s)
 26) * Enthalpy         -4.64584E+03  1.90717E+00  J/gr
 27) * MixFrac           1.00000E+00  1.00000E+00  -
 28) * Stretch           2.68230E+02  2.00000E+02  1/s
 29)   Press             1.00000E+05  1.00000E+05  Pa
 30)   Density           6.43179E-04  1.15688E-03  gr/cm3
 31)   MeanMass          1.60431E+01  2.88565E+01  gr/mol
 32)   Surface           0.00000E+00  0.00000E+00  cm2
 33)   Porosity          0.00000E+00  0.00000E+00  -
 34)   Tsolid            0.00000E+00  0.00000E+00  K
 35)   HeatRel           0.00000E+00  0.00000E+00  J/(cm3 s)
 36)   Dissipation       0.00000E+00  0.00000E+00  -
 
------------------------------------------------------------------------
 
       0 --- --------- --------- Start solver
       1 --- --------- --------- Regridding
       1 --- --------- --------- Jacobian 00001
       1   8 6.110E-05 7.813E-03 Steady OK
       2   2 8.164E-05 3.906E-03 Steady Fail
       3 --- --------- --------- Regridding
       3 --- --------- --------- Jacobian 00002
       3   8 5.577E-04 3.906E-03 Steady Fail
       4 --- --------- --------- Regridding
       4 --- --------- --------- Jacobian 00003
       4 --- --------- --------- Timestep 1.000E-06
       4   1 7.045E-08 1.000E-06 Time OK
       5   2 1.306E-07 2.000E-06 Time OK
       6   4 2.522E-08 3.000E-06 Time OK
       7   6 6.136E-09 4.000E-06 Time OK
       8   6 6.068E-09 5.000E-06 Time OK
       9   7 2.988E-09 6.000E-06 Time OK
      10   7 2.926E-09 7.000E-06 Time OK
      11   7 2.896E-09 8.000E-06 Time OK
      12   7 2.877E-09 9.000E-06 Time OK
      13   7 2.862E-09 1.000E-05 Time OK
      14   7 2.848E-09 1.100E-05 Time OK
      15   7 2.834E-09 1.200E-05 Time OK
      16   7 2.821E-09 1.300E-05 Time OK
      17   7 2.808E-09 1.400E-05 Time OK
      18   7 2.795E-09 1.500E-05 Time OK
      19   7 2.783E-09 1.600E-05 Time OK
      20   7 2.770E-09 1.700E-05 Time OK
      21   7 2.757E-09 1.800E-05 Time OK
      22   7 2.745E-09 1.900E-05 Time OK
      23   7 2.733E-09 2.000E-05 Time OK
      24   7 2.720E-09 2.100E-05 Time OK
      25   7 2.708E-09 2.200E-05 Time OK
      26 --- --------- --------- Regridding
      26 --- --------- --------- Jacobian 00004
      26   8 3.311E-04 3.906E-03 Steady Fail
      27 --- --------- --------- Regridding
      27 --- --------- --------- Jacobian 00005
      27 --- --------- --------- Timestep 1.000E-06
      27   1 1.737E-08 2.300E-05 Time OK
      28   1 1.303E-08 2.400E-05 Time OK
      29   1 2.969E-08 2.500E-05 Time OK
      30   2 7.038E-12 2.600E-05 Time OK
      31   2 4.911E-12 2.700E-05 Time OK
      32   2 2.984E-12 2.800E-05 Time OK
      33   2 1.673E-12 2.900E-05 Time OK
      34   1 2.617E-09 3.000E-05 Time OK
      35   1 1.637E-09 3.100E-05 Time OK
      36   1 1.159E-09 3.200E-05 Time OK
      37   1 8.837E-10 3.300E-05 Time OK
      38   1 6.938E-10 3.400E-05 Time OK
      39   1 5.499E-10 3.500E-05 Time OK
      40   1 4.376E-10 3.600E-05 Time OK
      41   1 3.501E-10 3.700E-05 Time OK
      42   1 2.838E-10 3.800E-05 Time OK
      43   1 2.375E-10 3.900E-05 Time OK
      44   1 2.112E-10 4.000E-05 Time OK
      45   1 2.042E-10 4.100E-05 Time OK
      46   1 2.133E-10 4.200E-05 Time OK
      47   1 2.337E-10 4.300E-05 Time OK
      48   1 2.610E-10 4.400E-05 Time OK
      49 --- --------- --------- Regridding
      49 --- --------- --------- Jacobian 00006
      49   8 3.578E-04 3.906E-03 Steady Fail
      50 --- --------- --------- Regridding
      50 --- --------- --------- Jacobian 00007
      50 --- --------- --------- Timestep 2.000E-06
      50   1 1.894E-08 4.600E-05 Time OK
      51   1 3.047E-08 4.800E-05 Time OK
      52   1 3.232E-08 5.000E-05 Time OK
      53   2 8.441E-12 5.200E-05 Time OK
      54   2 4.617E-12 5.400E-05 Time OK
      55   1 3.962E-09 5.600E-05 Time OK
      56   1 2.404E-09 5.800E-05 Time OK
      57   1 1.501E-09 6.000E-05 Time OK
      58   1 1.011E-09 6.200E-05 Time OK
      59   1 1.045E-09 6.400E-05 Time OK
      60   1 1.491E-09 6.600E-05 Time OK
      61   1 2.041E-09 6.800E-05 Time OK
      62   1 2.587E-09 7.000E-05 Time OK
      63   1 3.114E-09 7.200E-05 Time OK
      64   1 3.624E-09 7.400E-05 Time OK
      65   1 4.123E-09 7.600E-05 Time OK
      66   1 4.617E-09 7.800E-05 Time OK
      67   2 9.202E-12 8.000E-05 Time OK
      68   2 1.109E-11 8.200E-05 Time OK
      69   2 1.323E-11 8.400E-05 Time OK
      70   2 1.559E-11 8.600E-05 Time OK
      71   2 1.818E-11 8.800E-05 Time OK
      72 --- --------- --------- Regridding
      72 --- --------- --------- Jacobian 00008
      72   8 3.194E-04 3.906E-03 Steady Fail
      73 --- --------- --------- Regridding
      73 --- --------- --------- Jacobian 00009
      73 --- --------- --------- Timestep 4.000E-06
      73   1 4.044E-08 9.200E-05 Time OK
      74   1 6.420E-08 9.600E-05 Time OK
      75   2 5.357E-11 1.000E-04 Time OK
      76   2 4.620E-11 1.040E-04 Time OK
      77   2 3.762E-11 1.080E-04 Time OK
      78   2 3.915E-11 1.120E-04 Time OK
      79   2 5.788E-11 1.160E-04 Time OK
      80   2 9.085E-11 1.200E-04 Time OK
      81   2 1.350E-10 1.240E-04 Time OK
      82   2 1.888E-10 1.280E-04 Time OK
      83   2 2.516E-10 1.320E-04 Time OK
      84   2 3.232E-10 1.360E-04 Time OK
      85   2 4.041E-10 1.400E-04 Time OK
      86   2 4.947E-10 1.440E-04 Time OK
      87   2 5.956E-10 1.480E-04 Time OK
      88   2 7.075E-10 1.520E-04 Time OK
      89   2 8.308E-10 1.560E-04 Time OK
      90   2 9.662E-10 1.600E-04 Time OK
      91   2 1.114E-09 1.640E-04 Time OK
      92   2 1.275E-09 1.680E-04 Time OK
      93   2 1.449E-09 1.720E-04 Time OK
      94   2 1.637E-09 1.760E-04 Time OK
      95 --- --------- --------- Regridding
      95 --- --------- --------- Jacobian 00010
      95   8 6.238E-05 7.813E-03 Steady OK
      96   2 8.957E-04 3.906E-03 Steady Fail
      97 --- --------- --------- Regridding
      97 --- --------- --------- Jacobian 00011
      97   8 1.106E-04 7.813E-03 Steady OK
      98   2 8.744E-04 3.906E-03 Steady Fail
      99 --- --------- --------- Regridding
      99 --- --------- --------- Jacobian 00012
      99   8 1.428E-04 7.813E-03 Steady OK
     100   2 8.298E-04 3.906E-03 Steady Fail
     101 --- --------- --------- Regridding
     101 --- --------- --------- Jacobian 00013
     101   8 1.648E-04 7.813E-03 Steady OK
     102   2 7.693E-04 3.906E-03 Steady Fail
     103 --- --------- --------- Regridding
     103 --- --------- --------- Jacobian 00014
     103   8 1.843E-04 7.813E-03 Steady OK
     104   2 7.005E-04 3.906E-03 Steady Fail
     105 --- --------- --------- Regridding
     105 --- --------- --------- Jacobian 00015
     105   8 2.064E-04 7.813E-03 Steady OK
     106   2 6.271E-04 3.906E-03 Steady Fail
     107 --- --------- --------- Regridding
     107 --- --------- --------- Jacobian 00016
     107   8 2.338E-04 7.813E-03 Steady OK
     108   2 5.504E-04 3.906E-03 Steady Fail
     109 --- --------- --------- Regridding
     109 --- --------- --------- Jacobian 00017
     109   8 2.682E-04 7.813E-03 Steady OK
     110   2 4.722E-04 3.906E-03 Steady Fail
     111 --- --------- --------- Regridding
     111 --- --------- --------- Jacobian 00018
     111   7 4.008E-04 1.563E-02 Steady OK
     112   3 1.215E-03 3.906E-03 Steady Fail
     113 --- --------- --------- Regridding
     113 --- --------- --------- Jacobian 00019
     113   8 4.778E-04 3.906E-03 Steady Fail
     114 --- --------- --------- Regridding
     114 --- --------- --------- Jacobian 00020
     114 --- --------- --------- Timestep 8.000E-06
     114   2 1.699E-05 1.840E-04 Time OK
     115   3 1.380E-07 1.920E-04 Time OK
     116   9 2.274E-07 2.000E-04 Time OK
     117  10 2.980E-08 2.080E-04 Time OK
     118   3 2.440E-09 2.160E-04 Time OK
     119   8 1.070E-08 2.240E-04 Time OK
     120   9 6.442E-09 2.320E-04 Time OK
     121   9 6.090E-09 2.400E-04 Time OK
     122   9 5.688E-09 2.480E-04 Time OK
     123   9 5.464E-09 2.560E-04 Time OK
     124   9 5.380E-09 2.640E-04 Time OK
     125   9 5.381E-09 2.720E-04 Time OK
     126   9 5.434E-09 2.800E-04 Time OK
     127   9 5.519E-09 2.880E-04 Time OK
     128   9 5.626E-09 2.960E-04 Time OK
     129   8 1.114E-08 3.040E-04 Time OK
     130   3 2.579E-09 3.120E-04 Time OK
     131   3 2.795E-09 3.200E-04 Time OK
     132   3 3.033E-09 3.280E-04 Time OK
     133   3 3.294E-09 3.360E-04 Time OK
     134   3 3.577E-09 3.440E-04 Time OK
     135   3 3.885E-09 3.520E-04 Time OK
     136 --- --------- --------- Regridding
     136 --- --------- --------- Jacobian 00021
     136   8 9.050E-05 3.906E-03 Steady Fail
     137 --- --------- --------- Regridding
     137 --- --------- --------- Jacobian 00022
     137 --- --------- --------- Timestep 1.600E-05
     137   1 5.370E-07 3.680E-04 Time OK
     138   2 1.267E-08 3.840E-04 Time OK
     139   2 1.810E-08 4.000E-04 Time OK
     140   2 2.944E-08 4.160E-04 Time OK
     141   2 4.830E-08 4.320E-04 Time OK
     142   2 7.234E-08 4.480E-04 Time OK
     143   2 1.005E-07 4.640E-04 Time OK
     144   3 4.087E-09 4.800E-04 Time OK
     145   3 5.759E-09 4.960E-04 Time OK
     146   3 7.841E-09 5.120E-04 Time OK
     147   3 1.033E-08 5.280E-04 Time OK
     148   3 1.322E-08 5.440E-04 Time OK
     149   3 1.654E-08 5.600E-04 Time OK
     150   3 2.027E-08 5.760E-04 Time OK
     151   3 2.441E-08 5.920E-04 Time OK
     152   3 2.896E-08 6.080E-04 Time OK
     153   3 3.391E-08 6.240E-04 Time OK
     154   3 3.927E-08 6.400E-04 Time OK
     155   3 4.510E-08 6.560E-04 Time OK
     156   3 5.147E-08 6.720E-04 Time OK
     157   3 5.850E-08 6.880E-04 Time OK
     158   3 6.639E-08 7.040E-04 Time OK
     159 --- --------- --------- Regridding
     159 --- --------- --------- Jacobian 00023
     159   8 5.247E-05 7.813E-03 Steady OK
     160   2 1.532E-04 3.906E-03 Steady Fail
     161 --- --------- --------- Regridding
     161 --- --------- --------- Jacobian 00024
     161   7 7.379E-05 1.563E-02 Steady OK
     162   3 3.304E-04 3.906E-03 Steady Fail
     163 --- --------- --------- Regridding
     163 --- --------- --------- Jacobian 00025
     163   7 9.646E-05 1.563E-02 Steady OK
     164   3 3.394E-04 3.906E-03 Steady Fail
     165 --- --------- --------- Regridding
     165 --- --------- --------- Jacobian 00026
     165   7 1.077E-04 1.563E-02 Steady OK
     166   3 3.287E-04 3.906E-03 Steady Fail
     167 --- --------- --------- Regridding
     167 --- --------- --------- Jacobian 00027
     167   8 1.300E-04 3.906E-03 Steady Fail
     168 --- --------- --------- Regridding
     168 --- --------- --------- Jacobian 00028
     168 --- --------- --------- Timestep 3.200E-05
     168   2 3.631E-06 7.360E-04 Time OK
     169   3 1.175E-07 7.680E-04 Time OK
     170   3 8.233E-08 8.000E-04 Time OK
     171   2 4.448E-07 8.320E-04 Time OK
     172   3 2.591E-08 8.640E-04 Time OK
     173   3 5.863E-08 8.960E-04 Time OK
     174   3 9.220E-08 9.280E-04 Time OK
     175   3 1.393E-07 9.600E-04 Time OK
     176   3 2.168E-07 9.920E-04 Time OK
     177   3 3.383E-07 1.024E-03 Time OK
     178   8 1.129E-05 7.813E-03 Steady OK
     179   2 1.324E-05 3.906E-03 Steady Fail
     180 --- --------- --------- Regridding
     180 --- --------- --------- Jacobian 00029
     180   7 5.806E-05 1.563E-02 Steady OK
     181   3 1.855E-04 3.906E-03 Steady Fail
     182 --- --------- --------- Regridding
     182 --- --------- --------- Jacobian 00030
     182   7 3.784E-05 1.563E-02 Steady OK
     183   3 1.154E-04 3.906E-03 Steady Fail
     184 --- --------- --------- Regridding
     184 --- --------- --------- Jacobian 00031
     184   7 9.508E-05 1.563E-02 Steady OK
     185   3 5.535E-05 7.813E-03 Steady OK
     186   2 2.144E-04 3.906E-03 Steady Fail
     187 --- --------- --------- Regridding
     187 --- --------- --------- Jacobian 00032
     187   7 6.539E-05 1.563E-02 Steady OK
     188   3 1.068E-04 3.906E-03 Steady Fail
     189 --- --------- --------- Regridding
     189 --- --------- --------- Jacobian 00033
     189   7 1.115E-04 1.563E-02 Steady OK
     190   3 6.878E-05 7.813E-03 Steady OK
     191   2 1.820E-04 3.906E-03 Steady Fail
     192 --- --------- --------- Regridding
     192 --- --------- --------- Jacobian 00034
     192   7 1.059E-04 1.563E-02 Steady OK
     193   3 9.149E-05 7.813E-03 Steady OK
     194   2 1.936E-04 3.906E-03 Steady Fail
     195 --- --------- --------- Regridding
     195 --- --------- --------- Jacobian 00035
     195   7 1.138E-04 1.563E-02 Steady OK
     196   3 1.070E-04 7.813E-03 Steady OK
     197   2 1.936E-04 3.906E-03 Steady Fail
     198 --- --------- --------- Regridding
     198 --- --------- --------- Jacobian 00036
     198   7 1.255E-04 1.563E-02 Steady OK
     199   3 1.160E-04 7.813E-03 Steady OK
     200   2 1.851E-04 3.906E-03 Steady Fail
     201 --- --------- --------- Regridding
     201 --- --------- --------- Jacobian 00037
     201   6 1.766E-04 3.125E-02 Steady OK
     202   4 2.936E-04 3.906E-03 Steady Fail
     203 --- --------- --------- Regridding
     203 --- --------- --------- Jacobian 00038
     203   8 1.467E-04 7.813E-03 Steady OK
     204   2 1.505E-04 3.906E-03 Steady Fail
     205 --- --------- --------- Regridding
     205 --- --------- --------- Jacobian 00039
     205   7 1.465E-04 1.563E-02 Steady OK
     206   3 1.495E-04 3.906E-03 Steady Fail
     207 --- --------- --------- Regridding
     207 --- --------- --------- Jacobian 00040
     207   6 1.533E-04 3.125E-02 Steady OK
     208   4 2.224E-04 3.906E-03 Steady Fail
     209 --- --------- --------- Regridding
     209 --- --------- --------- Jacobian 00041
     209   7 1.624E-04 1.563E-02 Steady OK
     210   3 1.580E-04 7.813E-03 Steady OK
     211   2 1.865E-04 3.906E-03 Steady Fail
     212 --- --------- --------- Regridding
     212 --- --------- --------- Jacobian 00042
     212   6 1.672E-04 3.125E-02 Steady OK
     213   4 2.159E-04 3.906E-03 Steady Fail
     214 --- --------- --------- Regridding
     214 --- --------- --------- Jacobian 00043
     214   6 1.795E-04 3.125E-02 Steady OK
     215   4 2.242E-04 3.906E-03 Steady Fail
     216 --- --------- --------- Regridding
     216 --- --------- --------- Jacobian 00044
     216   6 1.846E-04 3.125E-02 Steady OK
     217   4 2.204E-04 3.906E-03 Steady Fail
     218 --- --------- --------- Regridding
     218 --- --------- --------- Jacobian 00045
     218   8 1.958E-04 3.906E-03 Steady Fail
     219 --- --------- --------- Regridding
     219 --- --------- --------- Jacobian 00046
     219 --- --------- --------- Timestep 3.200E-05
     219   2 5.301E-08 1.056E-03 Time OK
     220   5 1.766E-06 1.088E-03 Time OK
     221  18 1.176E-07 1.120E-03 Time Fail
     222 --- --------- --------- Regridding
     222 --- --------- --------- Jacobian 00047
     222 --- --------- --------- Timestep 1.600E-05
     222  17 3.729E-08 1.104E-03 Time OK
     223   2 9.376E-08 1.120E-03 Time OK
     224  10 2.689E-08 1.136E-03 Time OK
     225  12 1.981E-08 1.152E-03 Time OK
     226   2 2.402E-08 1.168E-03 Time OK
     227   2 2.971E-08 1.184E-03 Time OK
     228   2 2.808E-08 1.200E-03 Time OK
     229   2 3.231E-08 1.216E-03 Time OK
     230   2 3.504E-08 1.232E-03 Time OK
     231   3 1.326E-08 1.248E-03 Time OK
     232   3 1.084E-08 1.264E-03 Time OK
     233   3 8.781E-09 1.280E-03 Time OK
     234   3 7.344E-09 1.296E-03 Time OK
     235   3 6.583E-09 1.312E-03 Time OK
     236   3 6.148E-09 1.328E-03 Time OK
     237   3 5.871E-09 1.344E-03 Time OK
     238   3 5.698E-09 1.360E-03 Time OK
     239   3 5.581E-09 1.376E-03 Time OK
     240   3 5.575E-09 1.392E-03 Time OK
     241   3 5.612E-09 1.408E-03 Time OK
     242   3 5.818E-09 1.424E-03 Time OK
     243   3 6.099E-09 1.440E-03 Time OK
     244 --- --------- --------- Regridding
     244 --- --------- --------- Jacobian 00048
     244   6 2.933E-05 3.125E-02 Steady OK
     245   4 2.293E-05 7.813E-03 Steady OK
     246   2 8.039E-05 3.906E-03 Steady Fail
     247 --- --------- --------- Regridding
     247 --- --------- --------- Jacobian 00049
     247   6 3.273E-05 3.125E-02 Steady OK
     248   4 2.563E-05 7.813E-03 Steady OK
     249   2 7.213E-05 3.906E-03 Steady Fail
     250 --- --------- --------- Regridding
     250 --- --------- --------- Jacobian 00050
     250   6 5.369E-05 3.125E-02 Steady OK
     251   3 5.893E-05 1.563E-02 Steady OK
     252   3 1.075E-04 3.906E-03 Steady Fail
     253 --- --------- --------- Regridding
     253 --- --------- --------- Jacobian 00051
     253   6 5.909E-05 3.125E-02 Steady OK
     254   4 5.797E-05 7.813E-03 Steady OK
     255   2 7.935E-05 3.906E-03 Steady Fail
     256 --- --------- --------- Regridding
     256 --- --------- --------- Jacobian 00052
     256   6 8.585E-05 3.125E-02 Steady OK
     257   3 6.744E-05 1.563E-02 Steady OK
     258   3 8.707E-05 3.906E-03 Steady Fail
     259 --- --------- --------- Regridding
     259 --- --------- --------- Jacobian 00053
     259   5 1.170E-04 6.250E-02 Steady OK
     260   5 1.566E-04 3.906E-03 Steady Fail
     261 --- --------- --------- Regridding
     261 --- --------- --------- Jacobian 00054
     261   6 9.937E-05 3.125E-02 Steady OK
     262   4 1.022E-04 3.906E-03 Steady Fail
     263 --- --------- --------- Regridding
     263 --- --------- --------- Jacobian 00055
     263   5 1.151E-04 6.250E-02 Steady OK
     264   5 1.383E-04 3.906E-03 Steady Fail
     265 --- --------- --------- Regridding
     265 --- --------- --------- Jacobian 00056
     265   5 1.256E-04 6.250E-02 Steady OK
     266   5 1.435E-04 3.906E-03 Steady Fail
     267 --- --------- --------- Regridding
     267 --- --------- --------- Jacobian 00057
     267   5 1.241E-04 6.250E-02 Steady OK
     268   5 1.358E-04 3.906E-03 Steady Fail
     269 --- --------- --------- Regridding
     269 --- --------- --------- Jacobian 00058
     269   5 1.182E-04 6.250E-02 Steady OK
     270   5 1.232E-04 3.906E-03 Steady Fail
     271 --- --------- --------- Regridding
     271 --- --------- --------- Jacobian 00059
     271   5 1.154E-04 6.250E-02 Steady OK
     272   5 1.138E-04 7.813E-03 Steady OK
     273   2 1.156E-04 3.906E-03 Steady Fail
     274 --- --------- --------- Regridding
     274 --- --------- --------- Jacobian 00060
     274   5 1.193E-04 6.250E-02 Steady OK
     275   3 1.125E-04 3.125E-02 Steady OK
     276   4 1.190E-04 3.906E-03 Steady Fail
     277 --- --------- --------- Regridding
     277 --- --------- --------- Jacobian 00061
     277   5 1.168E-04 6.250E-02 Steady OK
     278   3 1.102E-04 3.125E-02 Steady OK
     279   4 1.137E-04 3.906E-03 Steady Fail
     280 --- --------- --------- Regridding
     280 --- --------- --------- Jacobian 00062
     280   4 1.215E-04 1.250E-01 Steady OK
     281   6 1.304E-04 3.906E-03 Steady Fail
     282 --- --------- --------- Regridding
     282 --- --------- --------- Jacobian 00063
     282   4 1.185E-04 1.250E-01 Steady OK
     283   6 1.240E-04 3.906E-03 Steady Fail
     284 --- --------- --------- Regridding
     284 --- --------- --------- Jacobian 00064
     284   4 1.008E-04 1.250E-01 Steady OK
     285   6 1.029E-04 3.906E-03 Steady Fail
     286 --- --------- --------- Regridding
     286 --- --------- --------- Jacobian 00065
     286   4 8.526E-05 1.250E-01 Steady OK
     287   4 8.536E-05 3.125E-02 Steady OK
     288   2 9.355E-05 3.125E-02 Steady OK
     289   4 9.679E-05 7.813E-03 Steady OK
     290   2 1.005E-04 3.906E-03 Steady Fail
     291 --- --------- --------- Regridding
     291 --- --------- --------- Jacobian 00066
     291   4 7.565E-05 1.250E-01 Steady OK
     292   3 7.358E-05 6.250E-02 Steady OK
     293   3 7.832E-05 3.125E-02 Steady OK
     294   3 8.210E-05 1.563E-02 Steady OK
     295   2 8.675E-05 1.563E-02 Steady OK
     296   2 9.218E-05 1.563E-02 Steady OK
     297   2 9.829E-05 1.563E-02 Steady OK
     298   3 1.015E-04 3.906E-03 Steady Fail
     299 --- --------- --------- Regridding
     299 --- --------- --------- Jacobian 00067
     299   3 6.620E-05 2.500E-01 Steady OK
     300   5 7.063E-05 3.125E-02 Steady OK
     301   2 7.592E-05 3.125E-02 Steady OK
     302   2 8.189E-05 3.125E-02 Steady OK
     303   2 8.833E-05 3.125E-02 Steady OK
     304   2 9.510E-05 3.125E-02 Steady OK
     305   3 9.848E-05 1.563E-02 Steady OK
     306   3 1.002E-04 3.906E-03 Steady Fail
     307 --- --------- --------- Regridding
     307 --- --------- --------- Jacobian 00068
     307   3 4.286E-05 2.500E-01 Steady OK
     308   3 4.629E-05 1.250E-01 Steady OK
     309   3 4.841E-05 6.250E-02 Steady OK
     310   2 5.069E-05 6.250E-02 Steady OK
     311   2 5.299E-05 6.250E-02 Steady OK
     312   1 5.785E-05 1.250E-01 Steady OK
     313   2 6.154E-05 1.250E-01 Steady OK
     314   1 6.687E-05 2.500E-01 Steady OK
     315   1 6.477E-05 5.000E-01 Steady OK
     316   1 1.712E-05 1.000E+00 Steady OK
     317   2 3.459E-06 5.000E-01 Steady OK
     318   5 3.647E-06 6.250E-02 Steady OK
     319   2 3.848E-06 6.250E-02 Steady OK
     320   2 4.042E-06 6.250E-02 Steady OK
     321   1 4.410E-06 1.250E-01 Steady OK
     322   2 4.662E-06 1.250E-01 Steady OK
     323   1 4.952E-06 2.500E-01 Steady OK
     324   1 4.704E-06 5.000E-01 Steady OK
     325   1 2.213E-06 1.000E+00 Steady OK
     326   1 1.737E-07 1.000E+00 Steady OK
     327   1 4.604E-08 1.000E+00 Steady OK
     328   1 1.313E-08 1.000E+00 Steady OK
     329 --- --------- --------- Regridding
     329 --- --------- --------- Jacobian 00069
     329   1 7.465E-08 1.000E+00 Steady OK
     330   1 2.771E-09 1.000E+00 Steady OK
     331   1 1.868E-09 1.000E+00 Steady OK
     332   1 1.521E-10 1.000E+00 Steady OK
     333   1 5.108E-11 1.000E+00 Steady OK
 
------------------------------------------------------------------------
 
Simulation stopped:
  => Converged!
 
------------------------------------------------------------------------
 
Postprocessing output:
  => Position reaction layer      :  1.3755768E-01 cm
  => Temperature reaction layer   :  1.9516943E+03 K
  => Mass burning rate            :  1.0604229E-02 gr/(cm2s)
  => Burning velocity (unburnt)   :  1.6487215E+01 cm/s
  => Maximum temperature          :  1.9627850E+03 K
  => Minimum temperature          :  2.9999222E+02 K
  => Flame thickness (max grad T) :  9.1443616E-02 cm
  => Stoichiometric mixture frac. :  0.0000000E+00 -
  => Position stoich mixture      : -1.2066408E-01 cm
  => Temperature at stoich mixture:  3.0140026E+02 K
  => Scalar dissipation at stoich :  6.6435559E-22 1/s
 
========================================================================
 
==> LogClose : Closing logfile
