==> LogWrite : Opening logfile
 
========================================================================
 
 
OOOOOOOOOOOOOOOOOOOOOOOOOOOOOOOOOOOOOOOOOOOOOO
O                                            O
O     @@@@  @  @  @@@@  @   @    @  @@@b     O
O     @     @  @  @     @@ @@   @@  @  @     O
O     @     @@@@  @@@@  @ @ @    @  @  @     O
O     @     @  @  @     @   @    @  @  @     O
O     @@@@  @  @  @@@@  @   @    @  @@@P     O
O                                            O
O     A ONE DIMENSIONAL FLAME CODE           O
O                                            O
O     Version:                               O
O     Release: 2012-06-01 08:38:57 +0200     O
O                                            O
OOOOOOOOOOOOOOOOOOOOOOOOOOOOOOOOOOOOOOOOOOOOOO
 
 
 
* Developed at the Eindhoven University of Technology
 
* http://www.combustion.tue.nl
 
========================================================================
 
Reading CHEM1D input files
    => Start reading chemistry 
    ==> CheckTroeData : Started
    ==> CheckTroeData : Finished
    => Finished reading chemistry
    => Thermodynamical Data   [OK]
    ElementName        Mass
    1  O                 1.5999400E+01
    2  H                 1.0079700E+00
    3  C                 1.2011200E+01
    4  N                 1.4006700E+01
    5  AR                3.9948000E+01

    SpeciesName        Mass
    1  H2                2.0159400E+00
    2  H                 1.0079700E+00
    3  O                 1.5999400E+01
    4  O2                3.1998800E+01
    5  OH                1.7007370E+01
    6  H2O               1.8015340E+01
    7  HO2               3.3006770E+01
    8  CH2               1.4027140E+01
    9  CH2(S)            1.4027140E+01
   10  CH3               1.5035110E+01
   11  CH4               1.6043080E+01
   12  CO                2.8010600E+01
   13  CO2               4.4010000E+01
   14  HCO               2.9018570E+01
   15  CH2O              3.0026540E+01
   16  CH3O              3.1034510E+01
   17  C2H4              2.8054280E+01
   18  C2H5              2.9062250E+01
   19  C2H6              3.0070220E+01
   20  N                 1.4006700E+01
   21  NO                3.0006100E+01
   22  N2                2.8013400E+01
   23  AR                3.9948000E+01

    => Reactions + rate coefficients 

       (1) O + H + M = OH + M
             A =  5.000E+17  beta = -1.000E+00  Ea/R =  0.000E+00   K
      Enhanced by:
      H2          2.00
      H2O         6.00
      CH4         2.00
      CO          1.50
      CO2         2.00
      C2H6        3.00
      AR          0.70

       (2) O + H2 = H + OH
             A =  5.000E+04  beta =  2.670E+00  Ea/R =  3.167E+03   K

       (3) O + HO2 = OH + O2
             A =  2.000E+13  beta =  0.000E+00  Ea/R =  0.000E+00   K

       (4) O + CH2 = H + HCO
             A =  8.000E+13  beta =  0.000E+00  Ea/R =  0.000E+00   K

       (5) O + CH2(S) = H + HCO
             A =  1.500E+13  beta =  0.000E+00  Ea/R =  0.000E+00   K

       (6) O + CH3 = H + CH2O
             A =  8.430E+13  beta =  0.000E+00  Ea/R =  0.000E+00   K

       (7) O + CH4 = OH + CH3
             A =  1.020E+09  beta =  1.500E+00  Ea/R =  4.331E+03   K

       (8) O + CO + M = CO2 + M
             A =  6.020E+14  beta =  0.000E+00  Ea/R =  1.511E+03   K
      Enhanced by:
      H2          2.00
      O2          6.00
      H2O         6.00
      CH4         2.00
      CO          1.50
      CO2         3.50
      C2H6        3.00
      AR          0.50

       (9) O + HCO = OH + CO
             A =  3.000E+13  beta =  0.000E+00  Ea/R =  0.000E+00   K

       (10) O + HCO = H + CO2
             A =  3.000E+13  beta =  0.000E+00  Ea/R =  0.000E+00   K

       (11) O + CH2O = OH + HCO
             A =  3.900E+13  beta =  0.000E+00  Ea/R =  1.783E+03   K

       (12) O + C2H4 = CH3 + HCO
             A =  1.920E+07  beta =  1.830E+00  Ea/R =  1.108E+02   K

       (13) O + C2H5 = CH3 + CH2O
             A =  1.320E+14  beta =  0.000E+00  Ea/R =  0.000E+00   K

       (14) O + C2H6 = OH + C2H5
             A =  8.980E+07  beta =  1.920E+00  Ea/R =  2.865E+03   K

       (15) O2 + CO = O + CO2
             A =  2.500E+12  beta =  0.000E+00  Ea/R =  2.407E+04   K

       (16) O2 + CH2O = HO2 + HCO
             A =  1.000E+14  beta =  0.000E+00  Ea/R =  2.014E+04   K

       (17) H + O2 + M = HO2 + M
             A =  2.800E+18  beta = -8.600E-01  Ea/R =  0.000E+00   K
      Enhanced by:
      O2          0.00
      H2O         0.00
      CO          0.75
      CO2         1.50
      C2H6        1.50
      N2          0.00
      AR          0.00

       (18) H + O2 + O2 = HO2 + O2
             A =  3.000E+20  beta = -1.720E+00  Ea/R =  0.000E+00   K

       (19) H + O2 + H2O = HO2 + H2O
             A =  9.380E+18  beta = -7.600E-01  Ea/R =  0.000E+00   K

       (20) H + O2 + N2 = HO2 + N2
             A =  3.750E+20  beta = -1.720E+00  Ea/R =  0.000E+00   K

       (21) H + O2 + AR = HO2 + AR
             A =  7.000E+17  beta = -8.000E-01  Ea/R =  0.000E+00   K

       (22) H + O2 = O + OH
             A =  8.300E+13  beta =  0.000E+00  Ea/R =  7.258E+03   K

       (23) H + H + M = H2 + M
             A =  1.000E+18  beta = -1.000E+00  Ea/R =  0.000E+00   K
      Enhanced by:
      H2          0.00
      H2O         0.00
      CH4         2.00
      CO2         0.00
      C2H6        3.00
      AR          0.63

       (24) H + H + H2 = H2 + H2
             A =  9.000E+16  beta = -6.000E-01  Ea/R =  0.000E+00   K

       (25) H + H + H2O = H2 + H2O
             A =  6.000E+19  beta = -1.250E+00  Ea/R =  0.000E+00   K

       (26) H + H + CO2 = H2 + CO2
             A =  5.500E+20  beta = -2.000E+00  Ea/R =  0.000E+00   K

       (27) H + OH + M = H2O + M
             A =  2.200E+22  beta = -2.000E+00  Ea/R =  0.000E+00   K
      Enhanced by:
      H2          0.73
      H2O         3.65
      CH4         2.00
      C2H6        3.00
      AR          0.38

       (28) H + HO2 = O2 + H2
             A =  2.800E+13  beta =  0.000E+00  Ea/R =  5.378E+02   K

       (29) H + HO2 = OH + OH
             A =  1.340E+14  beta =  0.000E+00  Ea/R =  3.198E+02   K

       (30) H + CH2 + M = CH3 + M
             A =  2.500E+16  beta = -8.000E-01  Ea/R =  0.000E+00   K
      LOW pressure limit: 
      A =  3.200E+27  beta = -3.140E+00  Ea/R =  6.194E+02   K
      TROE centering:
          a = 0.680E+00
       T*** = 0.780E+02 K
         T* = 0.200E+04 K
        T** = 0.559E+04 K
      Enhanced by:
      H2          2.00
      H2O         6.00
      CH4         2.00
      CO          1.50
      CO2         2.00
      C2H6        3.00
      AR          0.70

       (31) H + CH3 + M = CH4 + M
             A =  1.270E+16  beta = -6.300E-01  Ea/R =  1.929E+02   K
      LOW pressure limit: 
      A =  2.477E+33  beta = -4.760E+00  Ea/R =  1.229E+03   K
      TROE centering:
          a = 0.783E+00
       T*** = 0.740E+02 K
         T* = 0.294E+04 K
        T** = 0.696E+04 K
      Enhanced by:
      H2          2.00
      H2O         6.00
      CH4         2.00
      CO          1.50
      CO2         2.00
      C2H6        3.00
      AR          0.70

       (32) H + CH4 = CH3 + H2
             A =  6.600E+08  beta =  1.620E+00  Ea/R =  5.459E+03   K

       (33) H + HCO + M = CH2O + M
             A =  1.090E+12  beta =  4.800E-01  Ea/R = -1.309E+02   K
      LOW pressure limit: 
      A =  1.350E+24  beta = -2.570E+00  Ea/R =  7.176E+02   K
      TROE centering:
          a = 0.782E+00
       T*** = 0.271E+03 K
         T* = 0.276E+04 K
        T** = 0.657E+04 K
      Enhanced by:
      H2          2.00
      H2O         6.00
      CH4         2.00
      CO          1.50
      CO2         2.00
      C2H6        3.00
      AR          0.70

       (34) H + HCO = H2 + CO
             A =  7.340E+13  beta =  0.000E+00  Ea/R =  0.000E+00   K

       (35) H + CH2O + M = CH3O + M
             A =  5.400E+11  beta =  4.540E-01  Ea/R =  1.309E+03   K
      LOW pressure limit: 
      A =  2.200E+30  beta = -4.800E+00  Ea/R =  2.800E+03   K
      TROE centering:
          a = 0.758E+00
       T*** = 0.940E+02 K
         T* = 0.156E+04 K
        T** = 0.420E+04 K
      Enhanced by:
      H2          2.00
      H2O         6.00
      CH4         2.00
      CO          1.50
      CO2         2.00
      C2H6        3.00

       (36) H + CH2O = HCO + H2
             A =  2.300E+10  beta =  1.050E+00  Ea/R =  1.649E+03   K

       (37) H + CH3O = OH + CH3
             A =  3.200E+13  beta =  0.000E+00  Ea/R =  0.000E+00   K

       (38) H + C2H4 + M = C2H5 + M
             A =  1.080E+12  beta =  4.540E-01  Ea/R =  9.165E+02   K
      LOW pressure limit: 
      A =  1.200E+42  beta = -7.620E+00  Ea/R =  3.510E+03   K
      TROE centering:
          a = 0.975E+00
       T*** = 0.210E+03 K
         T* = 0.984E+03 K
        T** = 0.437E+04 K
      Enhanced by:
      H2          2.00
      H2O         6.00
      CH4         2.00
      CO          1.50
      CO2         2.00
      C2H6        3.00
      AR          0.70

       (39) H + C2H5 + M = C2H6 + M
             A =  5.210E+17  beta = -9.900E-01  Ea/R =  7.956E+02   K
      LOW pressure limit: 
      A =  1.990E+41  beta = -7.080E+00  Ea/R =  3.366E+03   K
      TROE centering:
          a = 0.842E+00
       T*** = 0.125E+03 K
         T* = 0.222E+04 K
        T** = 0.688E+04 K
      Enhanced by:
      H2          2.00
      H2O         6.00
      CH4         2.00
      CO          1.50
      CO2         2.00
      C2H6        3.00
      AR          0.70

       (40) H + C2H6 = C2H5 + H2
             A =  1.150E+08  beta =  1.900E+00  Ea/R =  3.792E+03   K

       (41) H2 + CO + M = CH2O + M
             A =  4.300E+07  beta =  1.500E+00  Ea/R =  4.008E+04   K
      LOW pressure limit: 
      A =  5.070E+27  beta = -3.420E+00  Ea/R =  4.248E+04   K
      TROE centering:
          a = 0.932E+00
       T*** = 0.197E+03 K
         T* = 0.154E+04 K
        T** = 0.103E+05 K
      Enhanced by:
      H2          2.00
      H2O         6.00
      CH4         2.00
      CO          1.50
      CO2         2.00
      C2H6        3.00
      AR          0.70

       (42) OH + H2 = H + H2O
             A =  2.160E+08  beta =  1.510E+00  Ea/R =  1.727E+03   K

       (43) OH + OH = O + H2O
             A =  3.570E+04  beta =  2.400E+00  Ea/R = -1.063E+03   K

       (44) OH + HO2 = O2 + H2O
             A =  2.900E+13  beta =  0.000E+00  Ea/R = -2.518E+02   K

       (45) OH + CH2 = H + CH2O
             A =  2.000E+13  beta =  0.000E+00  Ea/R =  0.000E+00   K

       (46) OH + CH2(S) = H + CH2O
             A =  3.000E+13  beta =  0.000E+00  Ea/R =  0.000E+00   K

       (47) OH + CH3 = CH2 + H2O
             A =  5.600E+07  beta =  1.600E+00  Ea/R =  2.729E+03   K

       (48) OH + CH3 = CH2(S) + H2O
             A =  2.501E+13  beta =  0.000E+00  Ea/R =  0.000E+00   K

       (49) OH + CH4 = CH3 + H2O
             A =  1.000E+08  beta =  1.600E+00  Ea/R =  1.571E+03   K

       (50) OH + CO = H + CO2
             A =  4.760E+07  beta =  1.228E+00  Ea/R =  3.525E+01   K

       (51) OH + HCO = H2O + CO
             A =  5.000E+13  beta =  0.000E+00  Ea/R =  0.000E+00   K

       (52) OH + CH2O = HCO + H2O
             A =  3.430E+09  beta =  1.180E+00  Ea/R = -2.251E+02   K

       (53) OH + C2H6 = C2H5 + H2O
             A =  3.540E+06  beta =  2.120E+00  Ea/R =  4.381E+02   K

       (54) HO2 + CH2 = OH + CH2O
             A =  2.000E+13  beta =  0.000E+00  Ea/R =  0.000E+00   K

       (55) HO2 + CH3 = O2 + CH4
             A =  1.000E+12  beta =  0.000E+00  Ea/R =  0.000E+00   K

       (56) HO2 + CH3 = OH + CH3O
             A =  2.000E+13  beta =  0.000E+00  Ea/R =  0.000E+00   K

       (57) HO2 + CO = OH + CO2
             A =  1.500E+14  beta =  0.000E+00  Ea/R =  1.188E+04   K

       (58) CH2 + O2 = OH + HCO
             A =  1.320E+13  beta =  0.000E+00  Ea/R =  7.553E+02   K

       (59) CH2 + H2 = H + CH3
             A =  5.000E+05  beta =  2.000E+00  Ea/R =  3.641E+03   K

       (60) CH2 + CH3 = H + C2H4
             A =  4.000E+13  beta =  0.000E+00  Ea/R =  0.000E+00   K

       (61) CH2 + CH4 = CH3 + CH3
             A =  2.460E+06  beta =  2.000E+00  Ea/R =  4.164E+03   K

       (62) CH2(S) + N2 = CH2 + N2
             A =  1.500E+13  beta =  0.000E+00  Ea/R =  3.021E+02   K

       (63) CH2(S) + AR = CH2 + AR
             A =  9.000E+12  beta =  0.000E+00  Ea/R =  3.021E+02   K

       (64) CH2(S) + O2 = H + OH + CO
             A =  2.800E+13  beta =  0.000E+00  Ea/R =  0.000E+00   K

       (65) CH2(S) + O2 = CO + H2O
             A =  1.200E+13  beta =  0.000E+00  Ea/R =  0.000E+00   K

       (66) CH2(S) + H2 = CH3 + H
             A =  7.000E+13  beta =  0.000E+00  Ea/R =  0.000E+00   K

       (67) CH2(S) + H2O = CH2 + H2O
             A =  3.000E+13  beta =  0.000E+00  Ea/R =  0.000E+00   K

       (68) CH2(S) + CH3 = H + C2H4
             A =  1.200E+13  beta =  0.000E+00  Ea/R = -2.870E+02   K

       (69) CH2(S) + CH4 = CH3 + CH3
             A =  1.600E+13  beta =  0.000E+00  Ea/R = -2.870E+02   K

       (70) CH2(S) + CO = CH2 + CO
             A =  9.000E+12  beta =  0.000E+00  Ea/R =  0.000E+00   K

       (71) CH2(S) + CO2 = CH2 + CO2
             A =  7.000E+12  beta =  0.000E+00  Ea/R =  0.000E+00   K

       (72) CH2(S) + CO2 = CO + CH2O
             A =  1.400E+13  beta =  0.000E+00  Ea/R =  0.000E+00   K

       (73) CH3 + O2 = O + CH3O
             A =  2.675E+13  beta =  0.000E+00  Ea/R =  1.450E+04   K

       (74) CH3 + O2 = OH + CH2O
             A =  3.600E+10  beta =  0.000E+00  Ea/R =  4.502E+03   K

       (75) CH3 + CH3 + M = C2H6 + M
             A =  2.120E+16  beta = -9.700E-01  Ea/R =  3.122E+02   K
      LOW pressure limit: 
      A =  1.770E+50  beta = -9.670E+00  Ea/R =  3.132E+03   K
      TROE centering:
          a = 0.532E+00
       T*** = 0.151E+03 K
         T* = 0.104E+04 K
        T** = 0.497E+04 K
      Enhanced by:
      H2          2.00
      H2O         6.00
      CH4         2.00
      CO          1.50
      CO2         2.00
      C2H6        3.00
      AR          0.70

       (76) CH3 + CH3 = H + C2H5
             A =  4.990E+12  beta =  1.000E-01  Ea/R =  5.338E+03   K

       (77) CH3 + HCO = CH4 + CO
             A =  2.648E+13  beta =  0.000E+00  Ea/R =  0.000E+00   K

       (78) CH3 + CH2O = HCO + CH4
             A =  3.320E+03  beta =  2.810E+00  Ea/R =  2.951E+03   K

       (79) CH3 + C2H6 = C2H5 + CH4
             A =  6.140E+06  beta =  1.740E+00  Ea/R =  5.262E+03   K

       (80) HCO + H2O = H + CO + H2O
             A =  2.244E+18  beta = -1.000E+00  Ea/R =  8.561E+03   K

       (81) HCO + M = H + CO + M
             A =  1.870E+17  beta = -1.000E+00  Ea/R =  8.561E+03   K
      Enhanced by:
      H2          2.00
      H2O         0.00
      CH4         2.00
      CO          1.50
      CO2         2.00
      C2H6        3.00

       (82) HCO + O2 = HO2 + CO
             A =  7.600E+12  beta =  0.000E+00  Ea/R =  2.014E+02   K

       (83) CH3O + O2 = HO2 + CH2O
             A =  4.280E-13  beta =  7.600E+00  Ea/R = -1.778E+03   K

       (84) C2H5 + O2 = HO2 + C2H4
             A =  8.400E+11  beta =  0.000E+00  Ea/R =  1.951E+03   K

       (85) N + NO = N2 + O
             A =  2.700E+13  beta =  0.000E+00  Ea/R =  1.788E+02   K

       (86) N + O2 = NO + O
             A =  9.000E+09  beta =  1.000E+00  Ea/R =  3.273E+03   K

       (87) N + OH = NO + H
             A =  3.360E+13  beta =  0.000E+00  Ea/R =  1.939E+02   K

    => Defaultsfile           [OK]
    => Settingsfile           [OK]
    => Commandline options    [OK]
    => Start reading .chm file
        [MSG] Transport parameters    [OK]
        [MSG] Conductivity parameters [OK]
        [MSG] Viscosity parameters    [OK]
        [MSG] Difusivity parameters   [OK]
        [MSG] Thermal parameters      [OK]
    => Reading .chm file      [OK]
    => CHEM1D datafile        [OK]
    => Setting grid weights :
        DENSITY            1.00000
        TEMP               1.00000
        CH4                1.00000
        HEATREL            1.00000
 
 
------------------------------------------------------------------------
 
Simulation settings:
    => Counterflow flame
    => Stationary solution
    => Detailed chemistry model
    => Mixture averaged diffusion model
    => No radiation model
    => No model for heat exchanger
 
------------------------------------------------------------------------
 
Variables:
       Name              BC_Left      BC_Right     Unit
  1) * H2                0.00000E+00  0.00000E+00  Mass frac.
  2) * H                 0.00000E+00  0.00000E+00  Mass frac.
  3) * O                 0.00000E+00  0.00000E+00  Mass frac.
  4) * O2                0.00000E+00  2.34588E-01  Mass frac.
  5) * OH                0.00000E+00  0.00000E+00  Mass frac.
  6) * H2O               0.00000E+00  0.00000E+00  Mass frac.
  7) * HO2               0.00000E+00  0.00000E+00  Mass frac.
  8) * CH2               0.00000E+00  0.00000E+00  Mass frac.
  9) * CH2(S)            0.00000E+00  0.00000E+00  Mass frac.
 10) * CH3               0.00000E+00  0.00000E+00  Mass frac.
 11) * CH4               1.00000E+00  0.00000E+00  Mass frac.
 12) * CO                0.00000E+00  0.00000E+00  Mass frac.
 13) * CO2               0.00000E+00  0.00000E+00  Mass frac.
 14) * HCO               0.00000E+00  0.00000E+00  Mass frac.
 15) * CH2O              0.00000E+00  0.00000E+00  Mass frac.
 16) * CH3O              0.00000E+00  0.00000E+00  Mass frac.
 17) * C2H4              0.00000E+00  0.00000E+00  Mass frac.
 18) * C2H5              0.00000E+00  0.00000E+00  Mass frac.
 19) * C2H6              0.00000E+00  0.00000E+00  Mass frac.
 20) * N                 0.00000E+00  0.00000E+00  Mass frac.
 21) * NO                0.00000E+00  0.00000E+00  Mass frac.
 22) * N2                0.00000E+00  7.65412E-01  Mass frac.
 23) * AR                0.00000E+00  0.00000E+00  Mass frac.
 24) * Temp              3.00000E+02  3.00000E+02  K
 25) * Massflow          7.71815E-03  1.38825E-02  gr/(cm2 s)
 26) * Enthalpy         -4.64584E+03  1.90717E+00  J/gr
 27) * MixFrac           1.00000E+00  1.00000E+00  -
 28) * Stretch           1.34115E+03  1.00000E+03  1/s
 29)   Press             1.00000E+05  1.00000E+05  Pa
 30)   Density           6.43179E-04  1.15688E-03  gr/cm3
 31)   MeanMass          1.60431E+01  2.88565E+01  gr/mol
 32)   Surface           0.00000E+00  0.00000E+00  cm2
 33)   Porosity          0.00000E+00  0.00000E+00  -
 34)   Tsolid            0.00000E+00  0.00000E+00  K
 35)   HeatRel           0.00000E+00  0.00000E+00  J/(cm3 s)
 36)   Dissipation       0.00000E+00  0.00000E+00  -
 
------------------------------------------------------------------------
 
       0 --- --------- --------- Start solver
       1 --- --------- --------- Regridding
       1 --- --------- --------- Jacobian 00001
       1   6 6.155E-05 3.125E-02 Steady OK
       2   3 6.436E-05 1.563E-02 Steady OK
       3   2 7.049E-05 1.563E-02 Steady OK
       4   3 7.418E-05 7.813E-03 Steady OK
       5   1 8.151E-05 1.563E-02 Steady OK
       6   2 8.857E-05 1.563E-02 Steady OK
       7   2 9.533E-05 1.563E-02 Steady OK
       8   3 9.863E-05 7.813E-03 Steady OK
       9   2 1.019E-04 3.906E-03 Steady Fail
      10 --- --------- --------- Regridding
      10 --- --------- --------- Jacobian 00002
      10   8 1.855E-03 3.906E-03 Steady Fail
      11 --- --------- --------- Regridding
      11 --- --------- --------- Jacobian 00003
      11 --- --------- --------- Timestep 1.000E-06
      11   3 2.065E-05 1.000E-06 Time OK
      12   3 7.421E-06 2.000E-06 Time OK
      13   7 5.996E-07 3.000E-06 Time OK
      14   8 2.341E-07 4.000E-06 Time OK
      15  12 8.891E-08 5.000E-06 Time OK
      16  26 5.469E-08 6.000E-06 Time OK
      17  50 5.452E-08 7.000E-06 Time Fail
      18 --- --------- --------- Regridding
      18 --- --------- --------- Jacobian 00004
      18 --- --------- --------- Timestep 5.000E-07
      18   1 1.568E-07 6.500E-06 Time OK
      19   1 1.535E-07 7.000E-06 Time OK
      20  50 4.915E-08 7.500E-06 Time Fail
      21 --- --------- --------- Regridding
      21 --- --------- --------- Jacobian 00005
      21 --- --------- --------- Timestep 2.500E-07
      21   4 1.052E-07 7.250E-06 Time OK
      22   1 9.242E-08 7.500E-06 Time OK
      23  50 2.515E-08 7.750E-06 Time Fail
      24 --- --------- --------- Regridding
      24 --- --------- --------- Jacobian 00006
      24 --- --------- --------- Timestep 1.250E-07
      24  40 1.728E-08 7.625E-06 Time OK
      25  11 2.063E-08 7.750E-06 Time OK
      26  30 6.406E-09 7.875E-06 Time OK
      27   3 9.075E-09 8.000E-06 Time OK
      28   1 9.197E-09 8.125E-06 Time OK
      29  15 4.194E-09 8.250E-06 Time OK
      30   2 4.475E-09 8.375E-06 Time OK
      31   2 3.875E-09 8.500E-06 Time OK
      32   2 3.040E-09 8.625E-06 Time OK
      33   2 2.413E-09 8.750E-06 Time OK
      34   2 1.936E-09 8.875E-06 Time OK
      35   2 1.549E-09 9.000E-06 Time OK
      36   2 1.165E-09 9.125E-06 Time OK
      37   2 1.212E-09 9.250E-06 Time OK
      38   2 1.273E-09 9.375E-06 Time OK
      39   2 1.091E-09 9.500E-06 Time OK
      40   2 1.101E-09 9.625E-06 Time OK
      41   2 1.061E-09 9.750E-06 Time OK
      42   2 1.047E-09 9.875E-06 Time OK
      43   2 1.032E-09 1.000E-05 Time OK
      44   2 1.020E-09 1.012E-05 Time OK
      45   2 1.012E-09 1.025E-05 Time OK
      46 --- --------- --------- Regridding
      46 --- --------- --------- Jacobian 00007
      46   8 3.971E-05 7.813E-03 Steady OK
      47   2 7.863E-05 3.906E-03 Steady Fail
      48 --- --------- --------- Regridding
      48 --- --------- --------- Jacobian 00008
      48   8 4.446E-05 3.906E-03 Steady Fail
      49 --- --------- --------- Regridding
      49 --- --------- --------- Jacobian 00009
      49 --- --------- --------- Timestep 2.500E-07
      49   2 3.996E-08 1.050E-05 Time OK
      50   2 1.086E-08 1.075E-05 Time OK
      51   2 2.636E-09 1.100E-05 Time OK
      52   2 5.444E-08 1.125E-05 Time OK
      53   3 3.717E-08 1.150E-05 Time OK
      54   4 1.237E-08 1.175E-05 Time OK
      55   4 5.665E-09 1.200E-05 Time OK
      56   3 5.442E-09 1.225E-05 Time OK
      57   3 2.455E-09 1.250E-05 Time OK
      58   2 2.185E-09 1.275E-05 Time OK
      59   2 9.295E-10 1.300E-05 Time OK
      60   2 4.215E-10 1.325E-05 Time OK
      61   2 2.462E-10 1.350E-05 Time OK
      62   2 2.304E-10 1.375E-05 Time OK
      63   2 2.586E-10 1.400E-05 Time OK
      64   2 2.942E-10 1.425E-05 Time OK
      65   2 3.324E-10 1.450E-05 Time OK
      66   2 3.731E-10 1.475E-05 Time OK
      67   2 4.162E-10 1.500E-05 Time OK
      68   2 4.611E-10 1.525E-05 Time OK
      69   2 5.077E-10 1.550E-05 Time OK
      70   2 5.555E-10 1.575E-05 Time OK
      71 --- --------- --------- Regridding
      71 --- --------- --------- Jacobian 00010
      71   8 3.440E-05 7.813E-03 Steady OK
      72   2 6.958E-05 3.906E-03 Steady Fail
      73 --- --------- --------- Regridding
      73 --- --------- --------- Jacobian 00011
      73   8 3.884E-05 3.906E-03 Steady Fail
      74 --- --------- --------- Regridding
      74 --- --------- --------- Jacobian 00012
      74 --- --------- --------- Timestep 5.000E-07
      74   2 3.731E-08 1.625E-05 Time OK
      75   2 7.802E-09 1.675E-05 Time OK
      76   2 2.438E-09 1.725E-05 Time OK
      77   2 1.895E-09 1.775E-05 Time OK
      78   2 1.229E-09 1.825E-05 Time OK
      79   2 6.404E-10 1.875E-05 Time OK
      80   2 3.997E-10 1.925E-05 Time OK
      81   2 5.750E-10 1.975E-05 Time OK
      82   2 8.429E-10 2.025E-05 Time OK
      83   2 1.115E-09 2.075E-05 Time OK
      84   2 1.390E-09 2.125E-05 Time OK
      85   2 1.669E-09 2.175E-05 Time OK
      86   2 1.954E-09 2.225E-05 Time OK
      87   2 2.243E-09 2.275E-05 Time OK
      88   2 2.536E-09 2.325E-05 Time OK
      89   2 2.832E-09 2.375E-05 Time OK
      90   2 3.130E-09 2.425E-05 Time OK
      91   2 3.429E-09 2.475E-05 Time OK
      92   2 3.729E-09 2.525E-05 Time OK
      93   2 4.029E-09 2.575E-05 Time OK
      94   2 4.331E-09 2.625E-05 Time OK
      95   2 4.633E-09 2.675E-05 Time OK
      96 --- --------- --------- Regridding
      96 --- --------- --------- Jacobian 00013
      96   8 2.861E-05 7.813E-03 Steady OK
      97   2 6.134E-05 3.906E-03 Steady Fail
      98 --- --------- --------- Regridding
      98 --- --------- --------- Jacobian 00014
      98   8 3.292E-05 3.906E-03 Steady Fail
      99 --- --------- --------- Regridding
      99 --- --------- --------- Jacobian 00015
      99 --- --------- --------- Timestep 1.000E-06
      99   2 3.060E-08 2.775E-05 Time OK
     100   2 1.235E-08 2.875E-05 Time OK
     101   2 1.575E-08 2.975E-05 Time OK
     102   2 1.200E-08 3.075E-05 Time OK
     103   2 1.337E-08 3.175E-05 Time OK
     104   2 2.692E-09 3.275E-05 Time OK
     105   2 2.883E-09 3.375E-05 Time OK
     106   2 5.375E-09 3.475E-05 Time OK
     107   2 8.931E-09 3.575E-05 Time OK
     108   2 1.020E-08 3.675E-05 Time OK
     109   2 1.270E-08 3.775E-05 Time OK
     110   2 1.547E-08 3.875E-05 Time OK
     111   2 1.850E-08 3.975E-05 Time OK
     112   2 2.181E-08 4.075E-05 Time OK
     113   3 1.199E-09 4.175E-05 Time OK
     114   3 1.433E-09 4.275E-05 Time OK
     115   3 1.701E-09 4.375E-05 Time OK
     116   3 2.001E-09 4.475E-05 Time OK
     117   3 2.338E-09 4.575E-05 Time OK
     118   3 2.713E-09 4.675E-05 Time OK
     119   3 3.132E-09 4.775E-05 Time OK
     120   3 3.597E-09 4.875E-05 Time OK
     121 --- --------- --------- Regridding
     121 --- --------- --------- Jacobian 00016
     121   8 2.607E-05 3.906E-03 Steady Fail
     122 --- --------- --------- Regridding
     122 --- --------- --------- Jacobian 00017
     122 --- --------- --------- Timestep 2.000E-06
     122   2 7.212E-09 5.075E-05 Time OK
     123   2 2.188E-08 5.275E-05 Time OK
     124   2 4.638E-08 5.475E-05 Time OK
     125   2 8.135E-08 5.675E-05 Time OK
     126   3 4.875E-09 5.875E-05 Time OK
     127   3 8.605E-09 6.075E-05 Time OK
     128   3 1.369E-08 6.275E-05 Time OK
     129   3 2.042E-08 6.475E-05 Time OK
     130   3 2.907E-08 6.675E-05 Time OK
     131   3 3.992E-08 6.875E-05 Time OK
     132   3 5.325E-08 7.075E-05 Time OK
     133   3 6.937E-08 7.275E-05 Time OK
     134   3 8.859E-08 7.475E-05 Time OK
     135   4 1.582E-08 7.675E-05 Time OK
     136   4 2.014E-08 7.875E-05 Time OK
     137   4 2.511E-08 8.075E-05 Time OK
     138   4 3.100E-08 8.275E-05 Time OK
     139   4 3.805E-08 8.475E-05 Time OK
     140   9 5.889E-08 8.675E-05 Time OK
     141   9 5.987E-08 8.875E-05 Time OK
     142   9 6.000E-08 9.075E-05 Time OK
     143   9 5.939E-08 9.275E-05 Time OK
     144 --- --------- --------- Regridding
     144 --- --------- --------- Jacobian 00018
     144   8 1.703E-03 3.906E-03 Steady Fail
     145 --- --------- --------- Regridding
     145 --- --------- --------- Jacobian 00019
     145 --- --------- --------- Timestep 2.000E-06
     145   2 2.478E-08 9.475E-05 Time OK
     146   2 1.011E-07 9.675E-05 Time OK
     147   2 2.286E-07 9.875E-05 Time OK
     148   3 1.658E-08 1.007E-04 Time OK
     149   3 3.155E-08 1.027E-04 Time OK
     150   3 5.309E-08 1.047E-04 Time OK
     151   3 8.179E-08 1.067E-04 Time OK
     152   3 1.180E-07 1.087E-04 Time OK
     153   3 1.617E-07 1.107E-04 Time OK
     154   3 2.128E-07 1.127E-04 Time OK
     155   4 2.948E-08 1.147E-04 Time OK
     156   4 4.011E-08 1.167E-04 Time OK
     157   7 9.292E-08 1.187E-04 Time OK
     158   7 8.507E-08 1.207E-04 Time OK
     159   7 7.769E-08 1.227E-04 Time OK
     160   7 7.054E-08 1.247E-04 Time OK
     161   7 6.389E-08 1.267E-04 Time OK
     162   7 5.788E-08 1.287E-04 Time OK
     163   7 5.258E-08 1.307E-04 Time OK
     164   7 4.804E-08 1.327E-04 Time OK
     165   7 4.424E-08 1.347E-04 Time OK
     166   7 4.113E-08 1.367E-04 Time OK
     167 --- --------- --------- Regridding
     167 --- --------- --------- Jacobian 00020
     167   8 4.083E-05 3.906E-03 Steady Fail
     168 --- --------- --------- Regridding
     168 --- --------- --------- Jacobian 00021
     168 --- --------- --------- Timestep 2.000E-06
     168   2 6.523E-08 1.387E-04 Time OK
     169   2 2.343E-07 1.407E-04 Time OK
     170   2 4.822E-07 1.427E-04 Time OK
     171   3 3.193E-08 1.447E-04 Time OK
     172   3 5.681E-08 1.467E-04 Time OK
     173   3 8.980E-08 1.487E-04 Time OK
     174   3 1.306E-07 1.507E-04 Time OK
     175   3 1.787E-07 1.527E-04 Time OK
     176   3 2.334E-07 1.547E-04 Time OK
     177   4 2.761E-08 1.567E-04 Time OK
     178   4 3.725E-08 1.587E-04 Time OK
     179   7 9.995E-08 1.607E-04 Time OK
     180   7 8.547E-08 1.627E-04 Time OK
     181   7 7.205E-08 1.647E-04 Time OK
     182   7 5.935E-08 1.667E-04 Time OK
     183   7 4.763E-08 1.687E-04 Time OK
     184   7 3.699E-08 1.707E-04 Time OK
     185   6 1.035E-07 1.727E-04 Time OK
     186   6 8.337E-08 1.747E-04 Time OK
     187   6 6.577E-08 1.767E-04 Time OK
     188   6 5.001E-08 1.787E-04 Time OK
     189   6 3.647E-08 1.807E-04 Time OK
     190 --- --------- --------- Regridding
     190 --- --------- --------- Jacobian 00022
     190   7 1.223E-05 1.563E-02 Steady OK
     191   3 1.264E-05 7.813E-03 Steady OK
     192   2 1.508E-05 3.906E-03 Steady Fail
     193 --- --------- --------- Regridding
     193 --- --------- --------- Jacobian 00023
     193   7 1.409E-05 1.563E-02 Steady OK
     194   3 1.616E-05 3.906E-03 Steady Fail
     195 --- --------- --------- Regridding
     195 --- --------- --------- Jacobian 00024
     195   8 1.489E-05 7.813E-03 Steady OK
     196   2 1.607E-05 7.813E-03 Steady OK
     197   2 1.852E-05 3.906E-03 Steady Fail
     198 --- --------- --------- Regridding
     198 --- --------- --------- Jacobian 00025
     198   8 1.730E-05 7.813E-03 Steady OK
     199   2 1.870E-05 7.813E-03 Steady OK
     200   2 2.140E-05 3.906E-03 Steady Fail
     201 --- --------- --------- Regridding
     201 --- --------- --------- Jacobian 00026
     201   7 2.186E-05 1.563E-02 Steady OK
     202   3 2.472E-05 3.906E-03 Steady Fail
     203 --- --------- --------- Regridding
     203 --- --------- --------- Jacobian 00027
     203   7 2.549E-05 1.563E-02 Steady OK
     204   3 2.844E-05 3.906E-03 Steady Fail
     205 --- --------- --------- Regridding
     205 --- --------- --------- Jacobian 00028
     205   7 2.953E-05 1.563E-02 Steady OK
     206   3 3.252E-05 3.906E-03 Steady Fail
     207 --- --------- --------- Regridding
     207 --- --------- --------- Jacobian 00029
     207   7 3.395E-05 1.563E-02 Steady OK
     208   3 3.696E-05 7.813E-03 Steady OK
     209   2 4.139E-05 3.906E-03 Steady Fail
     210 --- --------- --------- Regridding
     210 --- --------- --------- Jacobian 00030
     210   7 4.376E-05 1.563E-02 Steady OK
     211   3 4.676E-05 7.813E-03 Steady OK
     212   2 5.118E-05 7.813E-03 Steady OK
     213   2 5.708E-05 3.906E-03 Steady Fail
     214 --- --------- --------- Regridding
     214 --- --------- --------- Jacobian 00031
     214   7 6.214E-05 1.563E-02 Steady OK
     215   3 6.508E-05 7.813E-03 Steady OK
     216   2 6.944E-05 7.813E-03 Steady OK
     217   2 7.527E-05 7.813E-03 Steady OK
     218   2 8.260E-05 7.813E-03 Steady OK
     219   2 9.145E-05 3.906E-03 Steady Fail
     220 --- --------- --------- Regridding
     220 --- --------- --------- Jacobian 00032
     220   8 1.064E-04 3.906E-03 Steady Fail
     221 --- --------- --------- Regridding
     221 --- --------- --------- Jacobian 00033
     221 --- --------- --------- Timestep 2.000E-06
     221   1 2.095E-07 1.827E-04 Time OK
     222   2 1.233E-08 1.847E-04 Time OK
     223   2 5.028E-09 1.867E-04 Time OK
     224   2 3.627E-09 1.887E-04 Time OK
     225   2 7.914E-09 1.907E-04 Time OK
     226   2 1.185E-08 1.927E-04 Time OK
     227   3 8.412E-10 1.947E-04 Time OK
     228   3 1.196E-09 1.967E-04 Time OK
     229   3 1.612E-09 1.987E-04 Time OK
     230   3 2.082E-09 2.007E-04 Time OK
     231   3 2.604E-09 2.027E-04 Time OK
     232   3 3.177E-09 2.047E-04 Time OK
     233   3 3.796E-09 2.067E-04 Time OK
     234   3 4.459E-09 2.087E-04 Time OK
     235   3 5.162E-09 2.107E-04 Time OK
     236   3 5.904E-09 2.127E-04 Time OK
     237   3 6.681E-09 2.147E-04 Time OK
     238   4 1.028E-09 2.167E-04 Time OK
     239   4 1.216E-09 2.187E-04 Time OK
     240   4 1.417E-09 2.207E-04 Time OK
     241   4 1.638E-09 2.227E-04 Time OK
     242   4 1.879E-09 2.247E-04 Time OK
     243 --- --------- --------- Regridding
     243 --- --------- --------- Jacobian 00034
     243   7 9.773E-06 1.563E-02 Steady OK
     244   3 1.098E-05 3.906E-03 Steady Fail
     245 --- --------- --------- Regridding
     245 --- --------- --------- Jacobian 00035
     245   7 1.063E-05 1.563E-02 Steady OK
     246   3 1.287E-05 3.906E-03 Steady Fail
     247 --- --------- --------- Regridding
     247 --- --------- --------- Jacobian 00036
     247   8 1.115E-05 7.813E-03 Steady OK
     248   2 1.249E-05 3.906E-03 Steady Fail
     249 --- --------- --------- Regridding
     249 --- --------- --------- Jacobian 00037
     249   8 1.166E-05 7.813E-03 Steady OK
     250   2 1.313E-05 3.906E-03 Steady Fail
     251 --- --------- --------- Regridding
     251 --- --------- --------- Jacobian 00038
     251   8 1.225E-05 7.813E-03 Steady OK
     252   2 1.384E-05 3.906E-03 Steady Fail
     253 --- --------- --------- Regridding
     253 --- --------- --------- Jacobian 00039
     253   8 1.292E-05 7.813E-03 Steady OK
     254   2 1.462E-05 3.906E-03 Steady Fail
     255 --- --------- --------- Regridding
     255 --- --------- --------- Jacobian 00040
     255   8 1.367E-05 7.813E-03 Steady OK
     256   2 1.547E-05 3.906E-03 Steady Fail
     257 --- --------- --------- Regridding
     257 --- --------- --------- Jacobian 00041
     257   8 1.450E-05 7.813E-03 Steady OK
     258   2 1.638E-05 3.906E-03 Steady Fail
     259 --- --------- --------- Regridding
     259 --- --------- --------- Jacobian 00042
     259   8 1.540E-05 7.813E-03 Steady OK
     260   2 1.735E-05 3.906E-03 Steady Fail
     261 --- --------- --------- Regridding
     261 --- --------- --------- Jacobian 00043
     261   8 1.637E-05 7.813E-03 Steady OK
     262   2 1.838E-05 3.906E-03 Steady Fail
     263 --- --------- --------- Regridding
     263 --- --------- --------- Jacobian 00044
     263   8 1.741E-05 7.813E-03 Steady OK
     264   2 1.947E-05 3.906E-03 Steady Fail
     265 --- --------- --------- Regridding
     265 --- --------- --------- Jacobian 00045
     265   8 1.850E-05 7.813E-03 Steady OK
     266   2 2.060E-05 3.906E-03 Steady Fail
     267 --- --------- --------- Regridding
     267 --- --------- --------- Jacobian 00046
     267   8 1.967E-05 7.813E-03 Steady OK
     268   2 2.180E-05 3.906E-03 Steady Fail
     269 --- --------- --------- Regridding
     269 --- --------- --------- Jacobian 00047
     269   8 2.090E-05 7.813E-03 Steady OK
     270   2 2.306E-05 3.906E-03 Steady Fail
     271 --- --------- --------- Regridding
     271 --- --------- --------- Jacobian 00048
     271   8 2.220E-05 7.813E-03 Steady OK
     272   2 2.439E-05 7.813E-03 Steady OK
     273   2 2.824E-05 3.906E-03 Steady Fail
     274 --- --------- --------- Regridding
     274 --- --------- --------- Jacobian 00049
     274   8 2.668E-05 7.813E-03 Steady OK
     275   2 2.892E-05 7.813E-03 Steady OK
     276   2 3.285E-05 3.906E-03 Steady Fail
     277 --- --------- --------- Regridding
     277 --- --------- --------- Jacobian 00050
     277   7 3.388E-05 1.563E-02 Steady OK
     278   3 3.786E-05 3.906E-03 Steady Fail
     279 --- --------- --------- Regridding
     279 --- --------- --------- Jacobian 00051
     279   7 3.922E-05 1.563E-02 Steady OK
     280   3 4.321E-05 3.906E-03 Steady Fail
     281 --- --------- --------- Regridding
     281 --- --------- --------- Jacobian 00052
     281   7 4.493E-05 1.563E-02 Steady OK
     282   3 4.891E-05 7.813E-03 Steady OK
     283   2 5.462E-05 3.906E-03 Steady Fail
     284 --- --------- --------- Regridding
     284 --- --------- --------- Jacobian 00053
     284   7 5.709E-05 1.563E-02 Steady OK
     285   3 6.101E-05 7.813E-03 Steady OK
     286   2 6.667E-05 7.813E-03 Steady OK
     287   2 7.404E-05 3.906E-03 Steady Fail
     288 --- --------- --------- Regridding
     288 --- --------- --------- Jacobian 00054
     288   7 7.917E-05 1.563E-02 Steady OK
     289   3 8.292E-05 7.813E-03 Steady OK
     290   2 8.839E-05 7.813E-03 Steady OK
     291   2 9.558E-05 7.813E-03 Steady OK
     292   2 1.045E-04 3.906E-03 Steady Fail
     293 --- --------- --------- Regridding
     293 --- --------- --------- Jacobian 00055
     293   8 1.137E-04 3.906E-03 Steady Fail
     294 --- --------- --------- Regridding
     294 --- --------- --------- Jacobian 00056
     294 --- --------- --------- Timestep 4.000E-06
     294   1 7.250E-07 2.287E-04 Time OK
     295   2 5.392E-08 2.327E-04 Time OK
     296   2 9.997E-09 2.367E-04 Time OK
     297   2 3.261E-08 2.407E-04 Time OK
     298   3 3.496E-09 2.447E-04 Time OK
     299   3 6.162E-09 2.487E-04 Time OK
     300   3 9.550E-09 2.527E-04 Time OK
     301   3 1.356E-08 2.567E-04 Time OK
     302   3 1.815E-08 2.607E-04 Time OK
     303   3 2.323E-08 2.647E-04 Time OK
     304   4 3.749E-09 2.687E-04 Time OK
     305   4 4.975E-09 2.727E-04 Time OK
     306   4 6.389E-09 2.767E-04 Time OK
     307   4 8.035E-09 2.807E-04 Time OK
     308   4 9.921E-09 2.847E-04 Time OK
     309   4 1.206E-08 2.887E-04 Time OK
     310   4 1.446E-08 2.927E-04 Time OK
     311   5 3.710E-09 2.967E-04 Time OK
     312   5 4.577E-09 3.007E-04 Time OK
     313   6 9.678E-09 3.047E-04 Time OK
     314   6 8.807E-09 3.087E-04 Time OK
     315   6 8.055E-09 3.127E-04 Time OK
     316 --- --------- --------- Regridding
     316 --- --------- --------- Jacobian 00057
     316   5 6.469E-06 6.250E-02 Steady OK
     317   4 6.895E-06 1.563E-02 Steady OK
     318   3 7.266E-06 7.813E-03 Steady OK
     319   2 7.758E-06 7.813E-03 Steady OK
     320   2 8.375E-06 7.813E-03 Steady OK
     321   2 9.119E-06 7.813E-03 Steady OK
     322   2 9.989E-06 7.813E-03 Steady OK
     323   2 1.098E-05 7.813E-03 Steady OK
     324   2 1.209E-05 3.906E-03 Steady Fail
     325 --- --------- --------- Regridding
     325 --- --------- --------- Jacobian 00058
     325   2 1.563E-05 5.000E-01 Steady OK
     326   2 1.504E-05 5.000E-01 Steady OK
     327   1 1.033E-05 1.000E+00 Steady OK
     328   1 8.417E-06 1.000E+00 Steady OK
     329   1 8.862E-06 1.000E+00 Steady OK
     330   1 9.079E-06 1.000E+00 Steady OK
     331   2 7.749E-06 5.000E-01 Steady OK
     332   1 7.418E-06 1.000E+00 Steady OK
     333   1 7.597E-06 1.000E+00 Steady OK
     334   1 7.553E-06 1.000E+00 Steady OK
     335   1 8.014E-06 1.000E+00 Steady OK
     336   1 8.554E-06 1.000E+00 Steady OK
     337   2 6.715E-06 5.000E-01 Steady OK
     338   1 6.440E-06 1.000E+00 Steady OK
     339   1 6.352E-06 1.000E+00 Steady OK
     340   1 6.179E-06 1.000E+00 Steady OK
     341   1 6.245E-06 1.000E+00 Steady OK
     342   1 6.238E-06 1.000E+00 Steady OK
     343   1 6.712E-06 1.000E+00 Steady OK
     344   1 7.296E-06 1.000E+00 Steady OK
     345   2 5.313E-06 5.000E-01 Steady OK
     346   1 5.067E-06 1.000E+00 Steady OK
     347 --- --------- --------- Regridding
     347 --- --------- --------- Jacobian 00059
     347   1 1.676E-07 1.000E+00 Steady OK
     348   1 3.723E-08 1.000E+00 Steady OK
     349   1 1.551E-08 1.000E+00 Steady OK
     350   1 1.148E-08 1.000E+00 Steady OK
     351   1 9.289E-09 1.000E+00 Steady OK
     352   1 7.580E-09 1.000E+00 Steady OK
     353   1 6.222E-09 1.000E+00 Steady OK
     354   1 5.136E-09 1.000E+00 Steady OK
     355   1 4.255E-09 1.000E+00 Steady OK
     356   1 3.534E-09 1.000E+00 Steady OK
     357   1 2.938E-09 1.000E+00 Steady OK
     358   1 2.442E-09 1.000E+00 Steady OK
     359   1 2.030E-09 1.000E+00 Steady OK
     360   1 1.686E-09 1.000E+00 Steady OK
     361   1 1.400E-09 1.000E+00 Steady OK
     362   1 1.161E-09 1.000E+00 Steady OK
     363   1 9.621E-10 1.000E+00 Steady OK
     364   1 7.967E-10 1.000E+00 Steady OK
     365   1 6.593E-10 1.000E+00 Steady OK
     366   1 5.454E-10 1.000E+00 Steady OK
     367   1 4.510E-10 1.000E+00 Steady OK
     368   1 3.730E-10 1.000E+00 Steady OK
     369 --- --------- --------- Regridding
     369 --- --------- --------- Jacobian 00060
     369   1 1.098E-11 1.000E+00 Steady OK
 
------------------------------------------------------------------------
 
Simulation stopped:
  => Converged!
 
------------------------------------------------------------------------
 
Postprocessing output:
  => Position reaction layer      :  1.9415262E+00 cm
  => Temperature reaction layer   :  3.0000000E+02 K
  => Mass burning rate            :  7.0453739E+11 gr/(cm2s)
  => Burning velocity (unburnt)   :  1.0953987E+15 cm/s
  => Maximum temperature          :  3.0076505E+02 K
  => Minimum temperature          :  2.9895118E+02 K
  => Flame thickness (max grad T) :  1.7085361E-02 cm
  => Stoichiometric mixture frac. :  0.0000000E+00 -
  => Position stoich mixture      : -1.3506714E-02 cm
  => Temperature at stoich mixture:  3.0072537E+02 K
  => Scalar dissipation at stoich :  2.4917503E-17 1/s
 
========================================================================
 
==> LogClose : Closing logfile
