==> LogWrite : Opening logfile
 
========================================================================
 
 
OOOOOOOOOOOOOOOOOOOOOOOOOOOOOOOOOOOOOOOOOOOOOO
O                                            O
O     @@@@  @  @  @@@@  @   @    @  @@@b     O
O     @     @  @  @     @@ @@   @@  @  @     O
O     @     @@@@  @@@@  @ @ @    @  @  @     O
O     @     @  @  @     @   @    @  @  @     O
O     @@@@  @  @  @@@@  @   @    @  @@@P     O
O                                            O
O     A ONE DIMENSIONAL FLAME CODE           O
O                                            O
O     Version:                               O
O     Release: 2012-06-01 08:38:57 +0200     O
O                                            O
OOOOOOOOOOOOOOOOOOOOOOOOOOOOOOOOOOOOOOOOOOOOOO
 
 
 
* Developed at the Eindhoven University of Technology
 
* http://www.combustion.tue.nl
 
========================================================================
 
Reading CHEM1D input files
    => Start reading chemistry 
    ==> CheckTroeData : Started
    ==> CheckTroeData : Finished
    => Finished reading chemistry
    => Thermodynamical Data   [OK]
    ElementName        Mass
    1  O                 1.5999400E+01
    2  H                 1.0079700E+00
    3  C                 1.2011200E+01
    4  N                 1.4006700E+01
    5  AR                3.9948000E+01

    SpeciesName        Mass
    1  H2                2.0159400E+00
    2  H                 1.0079700E+00
    3  O                 1.5999400E+01
    4  O2                3.1998800E+01
    5  OH                1.7007370E+01
    6  H2O               1.8015340E+01
    7  HO2               3.3006770E+01
    8  CH2               1.4027140E+01
    9  CH2(S)            1.4027140E+01
   10  CH3               1.5035110E+01
   11  CH4               1.6043080E+01
   12  CO                2.8010600E+01
   13  CO2               4.4010000E+01
   14  HCO               2.9018570E+01
   15  CH2O              3.0026540E+01
   16  CH3O              3.1034510E+01
   17  C2H4              2.8054280E+01
   18  C2H5              2.9062250E+01
   19  C2H6              3.0070220E+01
   20  N                 1.4006700E+01
   21  NO                3.0006100E+01
   22  N2                2.8013400E+01
   23  AR                3.9948000E+01

    => Reactions + rate coefficients 

       (1) O + H + M = OH + M
             A =  5.000E+17  beta = -1.000E+00  Ea/R =  0.000E+00   K
      Enhanced by:
      H2          2.00
      H2O         6.00
      CH4         2.00
      CO          1.50
      CO2         2.00
      C2H6        3.00
      AR          0.70

       (2) O + H2 = H + OH
             A =  5.000E+04  beta =  2.670E+00  Ea/R =  3.167E+03   K

       (3) O + HO2 = OH + O2
             A =  2.000E+13  beta =  0.000E+00  Ea/R =  0.000E+00   K

       (4) O + CH2 = H + HCO
             A =  8.000E+13  beta =  0.000E+00  Ea/R =  0.000E+00   K

       (5) O + CH2(S) = H + HCO
             A =  1.500E+13  beta =  0.000E+00  Ea/R =  0.000E+00   K

       (6) O + CH3 = H + CH2O
             A =  8.430E+13  beta =  0.000E+00  Ea/R =  0.000E+00   K

       (7) O + CH4 = OH + CH3
             A =  1.020E+09  beta =  1.500E+00  Ea/R =  4.331E+03   K

       (8) O + CO + M = CO2 + M
             A =  6.020E+14  beta =  0.000E+00  Ea/R =  1.511E+03   K
      Enhanced by:
      H2          2.00
      O2          6.00
      H2O         6.00
      CH4         2.00
      CO          1.50
      CO2         3.50
      C2H6        3.00
      AR          0.50

       (9) O + HCO = OH + CO
             A =  3.000E+13  beta =  0.000E+00  Ea/R =  0.000E+00   K

       (10) O + HCO = H + CO2
             A =  3.000E+13  beta =  0.000E+00  Ea/R =  0.000E+00   K

       (11) O + CH2O = OH + HCO
             A =  3.900E+13  beta =  0.000E+00  Ea/R =  1.783E+03   K

       (12) O + C2H4 = CH3 + HCO
             A =  1.920E+07  beta =  1.830E+00  Ea/R =  1.108E+02   K

       (13) O + C2H5 = CH3 + CH2O
             A =  1.320E+14  beta =  0.000E+00  Ea/R =  0.000E+00   K

       (14) O + C2H6 = OH + C2H5
             A =  8.980E+07  beta =  1.920E+00  Ea/R =  2.865E+03   K

       (15) O2 + CO = O + CO2
             A =  2.500E+12  beta =  0.000E+00  Ea/R =  2.407E+04   K

       (16) O2 + CH2O = HO2 + HCO
             A =  1.000E+14  beta =  0.000E+00  Ea/R =  2.014E+04   K

       (17) H + O2 + M = HO2 + M
             A =  2.800E+18  beta = -8.600E-01  Ea/R =  0.000E+00   K
      Enhanced by:
      O2          0.00
      H2O         0.00
      CO          0.75
      CO2         1.50
      C2H6        1.50
      N2          0.00
      AR          0.00

       (18) H + O2 + O2 = HO2 + O2
             A =  3.000E+20  beta = -1.720E+00  Ea/R =  0.000E+00   K

       (19) H + O2 + H2O = HO2 + H2O
             A =  9.380E+18  beta = -7.600E-01  Ea/R =  0.000E+00   K

       (20) H + O2 + N2 = HO2 + N2
             A =  3.750E+20  beta = -1.720E+00  Ea/R =  0.000E+00   K

       (21) H + O2 + AR = HO2 + AR
             A =  7.000E+17  beta = -8.000E-01  Ea/R =  0.000E+00   K

       (22) H + O2 = O + OH
             A =  8.300E+13  beta =  0.000E+00  Ea/R =  7.258E+03   K

       (23) H + H + M = H2 + M
             A =  1.000E+18  beta = -1.000E+00  Ea/R =  0.000E+00   K
      Enhanced by:
      H2          0.00
      H2O         0.00
      CH4         2.00
      CO2         0.00
      C2H6        3.00
      AR          0.63

       (24) H + H + H2 = H2 + H2
             A =  9.000E+16  beta = -6.000E-01  Ea/R =  0.000E+00   K

       (25) H + H + H2O = H2 + H2O
             A =  6.000E+19  beta = -1.250E+00  Ea/R =  0.000E+00   K

       (26) H + H + CO2 = H2 + CO2
             A =  5.500E+20  beta = -2.000E+00  Ea/R =  0.000E+00   K

       (27) H + OH + M = H2O + M
             A =  2.200E+22  beta = -2.000E+00  Ea/R =  0.000E+00   K
      Enhanced by:
      H2          0.73
      H2O         3.65
      CH4         2.00
      C2H6        3.00
      AR          0.38

       (28) H + HO2 = O2 + H2
             A =  2.800E+13  beta =  0.000E+00  Ea/R =  5.378E+02   K

       (29) H + HO2 = OH + OH
             A =  1.340E+14  beta =  0.000E+00  Ea/R =  3.198E+02   K

       (30) H + CH2 + M = CH3 + M
             A =  2.500E+16  beta = -8.000E-01  Ea/R =  0.000E+00   K
      LOW pressure limit: 
      A =  3.200E+27  beta = -3.140E+00  Ea/R =  6.194E+02   K
      TROE centering:
          a = 0.680E+00
       T*** = 0.780E+02 K
         T* = 0.200E+04 K
        T** = 0.559E+04 K
      Enhanced by:
      H2          2.00
      H2O         6.00
      CH4         2.00
      CO          1.50
      CO2         2.00
      C2H6        3.00
      AR          0.70

       (31) H + CH3 + M = CH4 + M
             A =  1.270E+16  beta = -6.300E-01  Ea/R =  1.929E+02   K
      LOW pressure limit: 
      A =  2.477E+33  beta = -4.760E+00  Ea/R =  1.229E+03   K
      TROE centering:
          a = 0.783E+00
       T*** = 0.740E+02 K
         T* = 0.294E+04 K
        T** = 0.696E+04 K
      Enhanced by:
      H2          2.00
      H2O         6.00
      CH4         2.00
      CO          1.50
      CO2         2.00
      C2H6        3.00
      AR          0.70

       (32) H + CH4 = CH3 + H2
             A =  6.600E+08  beta =  1.620E+00  Ea/R =  5.459E+03   K

       (33) H + HCO + M = CH2O + M
             A =  1.090E+12  beta =  4.800E-01  Ea/R = -1.309E+02   K
      LOW pressure limit: 
      A =  1.350E+24  beta = -2.570E+00  Ea/R =  7.176E+02   K
      TROE centering:
          a = 0.782E+00
       T*** = 0.271E+03 K
         T* = 0.276E+04 K
        T** = 0.657E+04 K
      Enhanced by:
      H2          2.00
      H2O         6.00
      CH4         2.00
      CO          1.50
      CO2         2.00
      C2H6        3.00
      AR          0.70

       (34) H + HCO = H2 + CO
             A =  7.340E+13  beta =  0.000E+00  Ea/R =  0.000E+00   K

       (35) H + CH2O + M = CH3O + M
             A =  5.400E+11  beta =  4.540E-01  Ea/R =  1.309E+03   K
      LOW pressure limit: 
      A =  2.200E+30  beta = -4.800E+00  Ea/R =  2.800E+03   K
      TROE centering:
          a = 0.758E+00
       T*** = 0.940E+02 K
         T* = 0.156E+04 K
        T** = 0.420E+04 K
      Enhanced by:
      H2          2.00
      H2O         6.00
      CH4         2.00
      CO          1.50
      CO2         2.00
      C2H6        3.00

       (36) H + CH2O = HCO + H2
             A =  2.300E+10  beta =  1.050E+00  Ea/R =  1.649E+03   K

       (37) H + CH3O = OH + CH3
             A =  3.200E+13  beta =  0.000E+00  Ea/R =  0.000E+00   K

       (38) H + C2H4 + M = C2H5 + M
             A =  1.080E+12  beta =  4.540E-01  Ea/R =  9.165E+02   K
      LOW pressure limit: 
      A =  1.200E+42  beta = -7.620E+00  Ea/R =  3.510E+03   K
      TROE centering:
          a = 0.975E+00
       T*** = 0.210E+03 K
         T* = 0.984E+03 K
        T** = 0.437E+04 K
      Enhanced by:
      H2          2.00
      H2O         6.00
      CH4         2.00
      CO          1.50
      CO2         2.00
      C2H6        3.00
      AR          0.70

       (39) H + C2H5 + M = C2H6 + M
             A =  5.210E+17  beta = -9.900E-01  Ea/R =  7.956E+02   K
      LOW pressure limit: 
      A =  1.990E+41  beta = -7.080E+00  Ea/R =  3.366E+03   K
      TROE centering:
          a = 0.842E+00
       T*** = 0.125E+03 K
         T* = 0.222E+04 K
        T** = 0.688E+04 K
      Enhanced by:
      H2          2.00
      H2O         6.00
      CH4         2.00
      CO          1.50
      CO2         2.00
      C2H6        3.00
      AR          0.70

       (40) H + C2H6 = C2H5 + H2
             A =  1.150E+08  beta =  1.900E+00  Ea/R =  3.792E+03   K

       (41) H2 + CO + M = CH2O + M
             A =  4.300E+07  beta =  1.500E+00  Ea/R =  4.008E+04   K
      LOW pressure limit: 
      A =  5.070E+27  beta = -3.420E+00  Ea/R =  4.248E+04   K
      TROE centering:
          a = 0.932E+00
       T*** = 0.197E+03 K
         T* = 0.154E+04 K
        T** = 0.103E+05 K
      Enhanced by:
      H2          2.00
      H2O         6.00
      CH4         2.00
      CO          1.50
      CO2         2.00
      C2H6        3.00
      AR          0.70

       (42) OH + H2 = H + H2O
             A =  2.160E+08  beta =  1.510E+00  Ea/R =  1.727E+03   K

       (43) OH + OH = O + H2O
             A =  3.570E+04  beta =  2.400E+00  Ea/R = -1.063E+03   K

       (44) OH + HO2 = O2 + H2O
             A =  2.900E+13  beta =  0.000E+00  Ea/R = -2.518E+02   K

       (45) OH + CH2 = H + CH2O
             A =  2.000E+13  beta =  0.000E+00  Ea/R =  0.000E+00   K

       (46) OH + CH2(S) = H + CH2O
             A =  3.000E+13  beta =  0.000E+00  Ea/R =  0.000E+00   K

       (47) OH + CH3 = CH2 + H2O
             A =  5.600E+07  beta =  1.600E+00  Ea/R =  2.729E+03   K

       (48) OH + CH3 = CH2(S) + H2O
             A =  2.501E+13  beta =  0.000E+00  Ea/R =  0.000E+00   K

       (49) OH + CH4 = CH3 + H2O
             A =  1.000E+08  beta =  1.600E+00  Ea/R =  1.571E+03   K

       (50) OH + CO = H + CO2
             A =  4.760E+07  beta =  1.228E+00  Ea/R =  3.525E+01   K

       (51) OH + HCO = H2O + CO
             A =  5.000E+13  beta =  0.000E+00  Ea/R =  0.000E+00   K

       (52) OH + CH2O = HCO + H2O
             A =  3.430E+09  beta =  1.180E+00  Ea/R = -2.251E+02   K

       (53) OH + C2H6 = C2H5 + H2O
             A =  3.540E+06  beta =  2.120E+00  Ea/R =  4.381E+02   K

       (54) HO2 + CH2 = OH + CH2O
             A =  2.000E+13  beta =  0.000E+00  Ea/R =  0.000E+00   K

       (55) HO2 + CH3 = O2 + CH4
             A =  1.000E+12  beta =  0.000E+00  Ea/R =  0.000E+00   K

       (56) HO2 + CH3 = OH + CH3O
             A =  2.000E+13  beta =  0.000E+00  Ea/R =  0.000E+00   K

       (57) HO2 + CO = OH + CO2
             A =  1.500E+14  beta =  0.000E+00  Ea/R =  1.188E+04   K

       (58) CH2 + O2 = OH + HCO
             A =  1.320E+13  beta =  0.000E+00  Ea/R =  7.553E+02   K

       (59) CH2 + H2 = H + CH3
             A =  5.000E+05  beta =  2.000E+00  Ea/R =  3.641E+03   K

       (60) CH2 + CH3 = H + C2H4
             A =  4.000E+13  beta =  0.000E+00  Ea/R =  0.000E+00   K

       (61) CH2 + CH4 = CH3 + CH3
             A =  2.460E+06  beta =  2.000E+00  Ea/R =  4.164E+03   K

       (62) CH2(S) + N2 = CH2 + N2
             A =  1.500E+13  beta =  0.000E+00  Ea/R =  3.021E+02   K

       (63) CH2(S) + AR = CH2 + AR
             A =  9.000E+12  beta =  0.000E+00  Ea/R =  3.021E+02   K

       (64) CH2(S) + O2 = H + OH + CO
             A =  2.800E+13  beta =  0.000E+00  Ea/R =  0.000E+00   K

       (65) CH2(S) + O2 = CO + H2O
             A =  1.200E+13  beta =  0.000E+00  Ea/R =  0.000E+00   K

       (66) CH2(S) + H2 = CH3 + H
             A =  7.000E+13  beta =  0.000E+00  Ea/R =  0.000E+00   K

       (67) CH2(S) + H2O = CH2 + H2O
             A =  3.000E+13  beta =  0.000E+00  Ea/R =  0.000E+00   K

       (68) CH2(S) + CH3 = H + C2H4
             A =  1.200E+13  beta =  0.000E+00  Ea/R = -2.870E+02   K

       (69) CH2(S) + CH4 = CH3 + CH3
             A =  1.600E+13  beta =  0.000E+00  Ea/R = -2.870E+02   K

       (70) CH2(S) + CO = CH2 + CO
             A =  9.000E+12  beta =  0.000E+00  Ea/R =  0.000E+00   K

       (71) CH2(S) + CO2 = CH2 + CO2
             A =  7.000E+12  beta =  0.000E+00  Ea/R =  0.000E+00   K

       (72) CH2(S) + CO2 = CO + CH2O
             A =  1.400E+13  beta =  0.000E+00  Ea/R =  0.000E+00   K

       (73) CH3 + O2 = O + CH3O
             A =  2.675E+13  beta =  0.000E+00  Ea/R =  1.450E+04   K

       (74) CH3 + O2 = OH + CH2O
             A =  3.600E+10  beta =  0.000E+00  Ea/R =  4.502E+03   K

       (75) CH3 + CH3 + M = C2H6 + M
             A =  2.120E+16  beta = -9.700E-01  Ea/R =  3.122E+02   K
      LOW pressure limit: 
      A =  1.770E+50  beta = -9.670E+00  Ea/R =  3.132E+03   K
      TROE centering:
          a = 0.532E+00
       T*** = 0.151E+03 K
         T* = 0.104E+04 K
        T** = 0.497E+04 K
      Enhanced by:
      H2          2.00
      H2O         6.00
      CH4         2.00
      CO          1.50
      CO2         2.00
      C2H6        3.00
      AR          0.70

       (76) CH3 + CH3 = H + C2H5
             A =  4.990E+12  beta =  1.000E-01  Ea/R =  5.338E+03   K

       (77) CH3 + HCO = CH4 + CO
             A =  2.648E+13  beta =  0.000E+00  Ea/R =  0.000E+00   K

       (78) CH3 + CH2O = HCO + CH4
             A =  3.320E+03  beta =  2.810E+00  Ea/R =  2.951E+03   K

       (79) CH3 + C2H6 = C2H5 + CH4
             A =  6.140E+06  beta =  1.740E+00  Ea/R =  5.262E+03   K

       (80) HCO + H2O = H + CO + H2O
             A =  2.244E+18  beta = -1.000E+00  Ea/R =  8.561E+03   K

       (81) HCO + M = H + CO + M
             A =  1.870E+17  beta = -1.000E+00  Ea/R =  8.561E+03   K
      Enhanced by:
      H2          2.00
      H2O         0.00
      CH4         2.00
      CO          1.50
      CO2         2.00
      C2H6        3.00

       (82) HCO + O2 = HO2 + CO
             A =  7.600E+12  beta =  0.000E+00  Ea/R =  2.014E+02   K

       (83) CH3O + O2 = HO2 + CH2O
             A =  4.280E-13  beta =  7.600E+00  Ea/R = -1.778E+03   K

       (84) C2H5 + O2 = HO2 + C2H4
             A =  8.400E+11  beta =  0.000E+00  Ea/R =  1.951E+03   K

       (85) N + NO = N2 + O
             A =  2.700E+13  beta =  0.000E+00  Ea/R =  1.788E+02   K

       (86) N + O2 = NO + O
             A =  9.000E+09  beta =  1.000E+00  Ea/R =  3.273E+03   K

       (87) N + OH = NO + H
             A =  3.360E+13  beta =  0.000E+00  Ea/R =  1.939E+02   K

    => Defaultsfile           [OK]
    => Settingsfile           [OK]
    => Commandline options    [OK]
    => Start reading .chm file
        [MSG] Transport parameters    [OK]
        [MSG] Conductivity parameters [OK]
        [MSG] Viscosity parameters    [OK]
        [MSG] Difusivity parameters   [OK]
        [MSG] Thermal parameters      [OK]
    => Reading .chm file      [OK]
    => CHEM1D datafile        [OK]
    => Setting grid weights :
        DENSITY            1.00000
        TEMP               1.00000
        CH4                1.00000
        HEATREL            1.00000
 
 
------------------------------------------------------------------------
 
Simulation settings:
    => Counterflow flame
    => Stationary solution
    => Detailed chemistry model
    => Mixture averaged diffusion model
    => No radiation model
    => No model for heat exchanger
 
------------------------------------------------------------------------
 
Variables:
       Name              BC_Left      BC_Right     Unit
  1) * H2                0.00000E+00  0.00000E+00  Mass frac.
  2) * H                 0.00000E+00  0.00000E+00  Mass frac.
  3) * O                 0.00000E+00  0.00000E+00  Mass frac.
  4) * O2                2.26592E-01  9.06365E-02  Mass frac.
  5) * OH                0.00000E+00  0.00000E+00  Mass frac.
  6) * H2O               0.00000E+00  7.65426E-02  Mass frac.
  7) * HO2               0.00000E+00  0.00000E+00  Mass frac.
  8) * CH2               0.00000E+00  0.00000E+00  Mass frac.
  9) * CH2(S)            0.00000E+00  0.00000E+00  Mass frac.
 10) * CH3               0.00000E+00  0.00000E+00  Mass frac.
 11) * CH4               3.40818E-02  0.00000E+00  Mass frac.
 12) * CO                0.00000E+00  0.00000E+00  Mass frac.
 13) * CO2               0.00000E+00  9.34944E-02  Mass frac.
 14) * HCO               0.00000E+00  0.00000E+00  Mass frac.
 15) * CH2O              0.00000E+00  0.00000E+00  Mass frac.
 16) * CH3O              0.00000E+00  0.00000E+00  Mass frac.
 17) * C2H4              0.00000E+00  0.00000E+00  Mass frac.
 18) * C2H5              0.00000E+00  0.00000E+00  Mass frac.
 19) * C2H6              0.00000E+00  0.00000E+00  Mass frac.
 20) * N                 0.00000E+00  0.00000E+00  Mass frac.
 21) * NO                0.00000E+00  0.00000E+00  Mass frac.
 22) * N2                7.39326E-01  7.39326E-01  Mass frac.
 23) * AR                0.00000E+00  0.00000E+00  Mass frac.
 24) * Temp              3.00000E+02  1.66600E+03  K
 25) * Massflow          1.35147E-02  2.43361E-03  gr/(cm2 s)
 26) * Enthalpy         -1.56496E+02 -1.73365E+02  J/gr
 27) * MixFrac           1.00000E+00  1.00000E+00  -
 28) * Stretch           2.11750E+02  4.99000E+02  1/s
 29)   Press             1.00000E+05  1.00000E+05  Pa
 30)   Density           1.12622E-03  2.02801E-04  gr/cm3
 31)   MeanMass          2.80918E+01  2.80918E+01  gr/mol
 32)   Surface           0.00000E+00  0.00000E+00  cm2
 33)   Porosity          0.00000E+00  0.00000E+00  -
 34)   Tsolid            0.00000E+00  0.00000E+00  K
 35)   HeatRel           0.00000E+00  0.00000E+00  J/(cm3 s)
 36)   Dissipation       0.00000E+00  0.00000E+00  -
 
------------------------------------------------------------------------
 
       0 --- --------- --------- Start solver
       1 --- --------- --------- Regridding
       1 --- --------- --------- Jacobian 00001
       1   8 2.223E-04 3.906E-03 Steady Fail
       2 --- --------- --------- Regridding
       2 --- --------- --------- Jacobian 00002
       2 --- --------- --------- Timestep 1.000E-06
       2   1 2.198E-07 1.000E-06 Time OK
       3   1 1.590E-06 2.000E-06 Time OK
       4   6 3.439E-08 3.000E-06 Time OK
       5   7 2.020E-08 4.000E-06 Time OK
       6   7 2.091E-08 5.000E-06 Time OK
       7   7 2.100E-08 6.000E-06 Time OK
       8   7 2.089E-08 7.000E-06 Time OK
       9   7 2.072E-08 8.000E-06 Time OK
      10   7 2.052E-08 9.000E-06 Time OK
      11   7 2.033E-08 1.000E-05 Time OK
      12   7 2.013E-08 1.100E-05 Time OK
      13   7 1.993E-08 1.200E-05 Time OK
      14   7 1.974E-08 1.300E-05 Time OK
      15   7 1.955E-08 1.400E-05 Time OK
      16   7 1.936E-08 1.500E-05 Time OK
      17   7 1.917E-08 1.600E-05 Time OK
      18   7 1.899E-08 1.700E-05 Time OK
      19   7 1.881E-08 1.800E-05 Time OK
      20   7 1.863E-08 1.900E-05 Time OK
      21   7 1.845E-08 2.000E-05 Time OK
      22   7 1.828E-08 2.100E-05 Time OK
      23   7 1.810E-08 2.200E-05 Time OK
      24 --- --------- --------- Regridding
      24 --- --------- --------- Jacobian 00003
      24   8 2.090E-02 3.906E-03 Steady Fail
      25 --- --------- --------- Regridding
      25 --- --------- --------- Jacobian 00004
      25 --- --------- --------- Timestep 1.000E-06
      25   1 5.292E-09 2.300E-05 Time OK
      26   1 9.797E-09 2.400E-05 Time OK
      27   1 1.778E-09 2.500E-05 Time OK
      28   1 1.530E-09 2.600E-05 Time OK
      29   1 3.234E-09 2.700E-05 Time OK
      30   1 4.225E-09 2.800E-05 Time OK
      31   1 4.555E-09 2.900E-05 Time OK
      32   1 4.522E-09 3.000E-05 Time OK
      33   1 4.341E-09 3.100E-05 Time OK
      34   1 4.126E-09 3.200E-05 Time OK
      35   1 3.926E-09 3.300E-05 Time OK
      36   1 3.762E-09 3.400E-05 Time OK
      37   1 3.643E-09 3.500E-05 Time OK
      38   1 3.572E-09 3.600E-05 Time OK
      39   1 3.550E-09 3.700E-05 Time OK
      40   1 3.576E-09 3.800E-05 Time OK
      41   1 3.646E-09 3.900E-05 Time OK
      42   1 3.754E-09 4.000E-05 Time OK
      43   1 3.896E-09 4.100E-05 Time OK
      44   1 4.065E-09 4.200E-05 Time OK
      45   1 4.258E-09 4.300E-05 Time OK
      46   1 4.471E-09 4.400E-05 Time OK
      47 --- --------- --------- Regridding
      47 --- --------- --------- Jacobian 00005
      47   8 1.770E-02 3.906E-03 Steady Fail
      48 --- --------- --------- Regridding
      48 --- --------- --------- Jacobian 00006
      48 --- --------- --------- Timestep 2.000E-06
      48   1 7.473E-09 4.600E-05 Time OK
      49   1 4.353E-09 4.800E-05 Time OK
      50   1 4.305E-09 5.000E-05 Time OK
      51   1 8.073E-09 5.200E-05 Time OK
      52   1 1.074E-08 5.400E-05 Time OK
      53   2 4.367E-11 5.600E-05 Time OK
      54   2 5.520E-11 5.800E-05 Time OK
      55   2 6.896E-11 6.000E-05 Time OK
      56   2 8.533E-11 6.200E-05 Time OK
      57   2 1.045E-10 6.400E-05 Time OK
      58   2 1.267E-10 6.600E-05 Time OK
      59   2 1.521E-10 6.800E-05 Time OK
      60   2 1.807E-10 7.000E-05 Time OK
      61   2 2.127E-10 7.200E-05 Time OK
      62   2 2.484E-10 7.400E-05 Time OK
      63   2 2.878E-10 7.600E-05 Time OK
      64   2 3.312E-10 7.800E-05 Time OK
      65   2 3.787E-10 8.000E-05 Time OK
      66   2 4.307E-10 8.200E-05 Time OK
      67   2 4.872E-10 8.400E-05 Time OK
      68   2 5.485E-10 8.600E-05 Time OK
      69   2 6.148E-10 8.800E-05 Time OK
      70 --- --------- --------- Regridding
      70 --- --------- --------- Jacobian 00007
      70   8 1.256E-02 3.906E-03 Steady Fail
      71 --- --------- --------- Regridding
      71 --- --------- --------- Jacobian 00008
      71 --- --------- --------- Timestep 4.000E-06
      71   1 5.144E-08 9.200E-05 Time OK
      72   1 3.060E-08 9.600E-05 Time OK
      73   2 6.861E-10 1.000E-04 Time OK
      74   2 1.063E-09 1.040E-04 Time OK
      75   2 1.543E-09 1.080E-04 Time OK
      76   2 2.162E-09 1.120E-04 Time OK
      77   2 2.933E-09 1.160E-04 Time OK
      78   2 3.860E-09 1.200E-04 Time OK
      79   2 4.944E-09 1.240E-04 Time OK
      80   2 6.196E-09 1.280E-04 Time OK
      81   2 7.625E-09 1.320E-04 Time OK
      82   2 9.243E-09 1.360E-04 Time OK
      83   2 1.106E-08 1.400E-04 Time OK
      84   2 1.309E-08 1.440E-04 Time OK
      85   2 1.535E-08 1.480E-04 Time OK
      86   2 1.785E-08 1.520E-04 Time OK
      87   2 2.059E-08 1.560E-04 Time OK
      88   3 2.297E-10 1.600E-04 Time OK
      89   3 2.797E-10 1.640E-04 Time OK
      90   3 3.380E-10 1.680E-04 Time OK
      91   3 4.054E-10 1.720E-04 Time OK
      92   3 4.830E-10 1.760E-04 Time OK
      93 --- --------- --------- Regridding
      93 --- --------- --------- Jacobian 00009
      93   8 7.178E-03 3.906E-03 Steady Fail
      94 --- --------- --------- Regridding
      94 --- --------- --------- Jacobian 00010
      94 --- --------- --------- Timestep 8.000E-06
      94   1 4.851E-07 1.840E-04 Time OK
      95   1 5.685E-07 1.920E-04 Time OK
      96   2 2.905E-08 2.000E-04 Time OK
      97   2 4.746E-08 2.080E-04 Time OK
      98   2 7.299E-08 2.160E-04 Time OK
      99   2 1.067E-07 2.240E-04 Time OK
     100   3 1.927E-09 2.320E-04 Time OK
     101   3 3.075E-09 2.400E-04 Time OK
     102   3 4.664E-09 2.480E-04 Time OK
     103   3 6.792E-09 2.560E-04 Time OK
     104   3 9.573E-09 2.640E-04 Time OK
     105   3 1.313E-08 2.720E-04 Time OK
     106   3 1.761E-08 2.800E-04 Time OK
     107   3 2.315E-08 2.880E-04 Time OK
     108   3 2.993E-08 2.960E-04 Time OK
     109   3 3.813E-08 3.040E-04 Time OK
     110   3 4.795E-08 3.120E-04 Time OK
     111   3 5.960E-08 3.200E-04 Time OK
     112   3 7.333E-08 3.280E-04 Time OK
     113   3 8.939E-08 3.360E-04 Time OK
     114   3 1.081E-07 3.440E-04 Time OK
     115   3 1.296E-07 3.520E-04 Time OK
     116 --- --------- --------- Regridding
     116 --- --------- --------- Jacobian 00011
     116   8 3.190E-03 3.906E-03 Steady Fail
     117 --- --------- --------- Regridding
     117 --- --------- --------- Jacobian 00012
     117 --- --------- --------- Timestep 1.600E-05
     117   2 1.569E-07 3.680E-04 Time OK
     118   2 5.597E-07 3.840E-04 Time OK
     119   3 2.491E-08 4.000E-04 Time OK
     120   3 6.814E-08 4.160E-04 Time OK
     121   3 1.487E-07 4.320E-04 Time OK
     122   3 2.797E-07 4.480E-04 Time OK
     123   3 4.770E-07 4.640E-04 Time OK
     124   3 7.592E-07 4.800E-04 Time OK
     125   3 1.147E-06 4.960E-04 Time OK
     126   4 1.187E-07 5.120E-04 Time OK
     127   4 1.814E-07 5.280E-04 Time OK
     128   4 2.682E-07 5.440E-04 Time OK
     129   4 3.844E-07 5.600E-04 Time OK
     130   4 5.366E-07 5.760E-04 Time OK
     131   4 7.324E-07 5.920E-04 Time OK
     132   4 9.802E-07 6.080E-04 Time OK
     133   4 1.290E-06 6.240E-04 Time OK
     134   4 1.672E-06 6.400E-04 Time OK
     135   4 2.139E-06 6.560E-04 Time OK
     136   5 1.089E-06 6.720E-04 Time OK
     137   5 1.393E-06 6.880E-04 Time OK
     138   5 1.769E-06 7.040E-04 Time OK
     139 --- --------- --------- Regridding
     139 --- --------- --------- Jacobian 00013
     139   8 1.153E-03 3.906E-03 Steady Fail
     140 --- --------- --------- Regridding
     140 --- --------- --------- Jacobian 00014
     140 --- --------- --------- Timestep 1.600E-05
     140   2 3.489E-07 7.200E-04 Time OK
     141   2 1.367E-06 7.360E-04 Time OK
     142   3 1.175E-07 7.520E-04 Time OK
     143   3 2.992E-07 7.680E-04 Time OK
     144   3 6.192E-07 7.840E-04 Time OK
     145   3 1.111E-06 8.000E-04 Time OK
     146   3 1.814E-06 8.160E-04 Time OK
     147   4 2.519E-07 8.320E-04 Time OK
     148   4 4.035E-07 8.480E-04 Time OK
     149   4 6.188E-07 8.640E-04 Time OK
     150   4 9.089E-07 8.800E-04 Time OK
     151   4 1.290E-06 8.960E-04 Time OK
     152   4 1.780E-06 9.120E-04 Time OK
     153   4 2.400E-06 9.280E-04 Time OK
     154   4 3.173E-06 9.440E-04 Time OK
     155   5 1.566E-06 9.600E-04 Time OK
     156   5 2.036E-06 9.760E-04 Time OK
     157   5 2.628E-06 9.920E-04 Time OK
     158   5 3.333E-06 1.008E-03 Time OK
     159   8 4.382E-05 3.906E-03 Steady Fail
     160 --- --------- --------- Regridding
     160 --- --------- --------- Jacobian 00015
     160   8 6.656E-04 3.906E-03 Steady Fail
     161 --- --------- --------- Regridding
     161 --- --------- --------- Jacobian 00016
     161 --- --------- --------- Timestep 1.600E-05
     161   2 5.091E-07 1.024E-03 Time OK
     162   2 2.052E-06 1.040E-03 Time OK
     163   3 2.296E-07 1.056E-03 Time OK
     164   3 5.627E-07 1.072E-03 Time OK
     165   3 1.133E-06 1.088E-03 Time OK
     166   3 1.988E-06 1.104E-03 Time OK
     167   4 3.232E-07 1.120E-03 Time OK
     168   4 5.411E-07 1.136E-03 Time OK
     169   4 8.565E-07 1.152E-03 Time OK
     170   4 1.288E-06 1.168E-03 Time OK
     171   4 1.859E-06 1.184E-03 Time OK
     172   4 2.598E-06 1.200E-03 Time OK
     173   4 3.535E-06 1.216E-03 Time OK
     174   5 1.641E-06 1.232E-03 Time OK
     175   5 2.183E-06 1.248E-03 Time OK
     176   5 2.872E-06 1.264E-03 Time OK
     177   5 3.705E-06 1.280E-03 Time OK
     178   6 2.107E-06 1.296E-03 Time OK
     179   6 2.788E-06 1.312E-03 Time OK
     180   6 3.659E-06 1.328E-03 Time OK
     181   6 4.739E-06 1.344E-03 Time OK
     182   7 2.519E-06 1.360E-03 Time OK
     183 --- --------- --------- Regridding
     183 --- --------- --------- Jacobian 00017
     183   8 4.008E-04 3.906E-03 Steady Fail
     184 --- --------- --------- Regridding
     184 --- --------- --------- Jacobian 00018
     184 --- --------- --------- Timestep 1.600E-05
     184   2 6.247E-07 1.376E-03 Time OK
     185   2 2.743E-06 1.392E-03 Time OK
     186   3 3.372E-07 1.408E-03 Time OK
     187   3 8.072E-07 1.424E-03 Time OK
     188   3 1.596E-06 1.440E-03 Time OK
     189   3 2.751E-06 1.456E-03 Time OK
     190   4 5.122E-07 1.472E-03 Time OK
     191   4 8.436E-07 1.488E-03 Time OK
     192   4 1.318E-06 1.504E-03 Time OK
     193   4 1.958E-06 1.520E-03 Time OK
     194   4 2.794E-06 1.536E-03 Time OK
     195   4 3.863E-06 1.552E-03 Time OK
     196   5 1.701E-06 1.568E-03 Time OK
     197   5 2.288E-06 1.584E-03 Time OK
     198   5 3.038E-06 1.600E-03 Time OK
     199   5 3.948E-06 1.616E-03 Time OK
     200   6 2.235E-06 1.632E-03 Time OK
     201   6 2.957E-06 1.648E-03 Time OK
     202   6 3.874E-06 1.664E-03 Time OK
     203   7 2.116E-06 1.680E-03 Time OK
     204   7 2.822E-06 1.696E-03 Time OK
     205   7 3.774E-06 1.712E-03 Time OK
     206 --- --------- --------- Regridding
     206 --- --------- --------- Jacobian 00019
     206   8 2.791E-04 3.906E-03 Steady Fail
     207 --- --------- --------- Regridding
     207 --- --------- --------- Jacobian 00020
     207 --- --------- --------- Timestep 1.600E-05
     207   2 6.188E-07 1.728E-03 Time OK
     208   2 2.938E-06 1.744E-03 Time OK
     209   3 3.744E-07 1.760E-03 Time OK
     210   3 8.760E-07 1.776E-03 Time OK
     211   3 1.707E-06 1.792E-03 Time OK
     212   3 2.913E-06 1.808E-03 Time OK
     213   4 5.774E-07 1.824E-03 Time OK
     214   8 1.641E-05 3.906E-03 Steady Fail
     215 --- --------- --------- Regridding
     215 --- --------- --------- Jacobian 00021
     215   8 3.402E-04 3.906E-03 Steady Fail
     216 --- --------- --------- Regridding
     216 --- --------- --------- Jacobian 00022
     216 --- --------- --------- Timestep 1.600E-05
     216   2 5.872E-07 1.840E-03 Time OK
     217   2 2.364E-06 1.856E-03 Time OK
     218   3 3.421E-07 1.872E-03 Time OK
     219   3 8.012E-07 1.888E-03 Time OK
     220   3 1.557E-06 1.904E-03 Time OK
     221   3 2.652E-06 1.920E-03 Time OK
     222   4 5.274E-07 1.936E-03 Time OK
     223   4 8.632E-07 1.952E-03 Time OK
     224   4 1.341E-06 1.968E-03 Time OK
     225   4 1.979E-06 1.984E-03 Time OK
     226   4 2.808E-06 2.000E-03 Time OK
     227   5 1.168E-06 2.016E-03 Time OK
     228   5 1.611E-06 2.032E-03 Time OK
     229   5 2.182E-06 2.048E-03 Time OK
     230   5 2.883E-06 2.064E-03 Time OK
     231   5 3.735E-06 2.080E-03 Time OK
     232   6 2.070E-06 2.096E-03 Time OK
     233   6 2.719E-06 2.112E-03 Time OK
     234   6 3.537E-06 2.128E-03 Time OK
     235   7 2.036E-06 2.144E-03 Time OK
     236   7 2.699E-06 2.160E-03 Time OK
     237   7 3.592E-06 2.176E-03 Time OK
     238 --- --------- --------- Regridding
     238 --- --------- --------- Jacobian 00023
     238   8 2.226E-04 3.906E-03 Steady Fail
     239 --- --------- --------- Regridding
     239 --- --------- --------- Jacobian 00024
     239 --- --------- --------- Timestep 1.600E-05
     239   2 5.569E-07 2.192E-03 Time OK
     240   2 2.543E-06 2.208E-03 Time OK
     241   3 3.260E-07 2.224E-03 Time OK
     242   3 7.593E-07 2.240E-03 Time OK
     243   3 1.472E-06 2.256E-03 Time OK
     244   3 2.499E-06 2.272E-03 Time OK
     245   4 5.033E-07 2.288E-03 Time OK
     246   4 8.194E-07 2.304E-03 Time OK
     247   4 1.266E-06 2.320E-03 Time OK
     248   4 1.861E-06 2.336E-03 Time OK
     249   4 2.628E-06 2.352E-03 Time OK
     250   4 3.595E-06 2.368E-03 Time OK
     251   5 1.462E-06 2.384E-03 Time OK
     252   5 1.947E-06 2.400E-03 Time OK
     253   5 2.565E-06 2.416E-03 Time OK
     254   5 3.308E-06 2.432E-03 Time OK
     255   6 1.790E-06 2.448E-03 Time OK
     256   6 2.330E-06 2.464E-03 Time OK
     257   6 3.004E-06 2.480E-03 Time OK
     258   6 3.823E-06 2.496E-03 Time OK
     259   7 2.256E-06 2.512E-03 Time OK
     260   7 2.929E-06 2.528E-03 Time OK
     261 --- --------- --------- Regridding
     261 --- --------- --------- Jacobian 00025
     261   8 1.847E-04 7.813E-03 Steady OK
     262   2 9.568E-04 3.906E-03 Steady Fail
     263 --- --------- --------- Regridding
     263 --- --------- --------- Jacobian 00026
     263   8 4.720E-04 3.906E-03 Steady Fail
     264 --- --------- --------- Regridding
     264 --- --------- --------- Jacobian 00027
     264 --- --------- --------- Timestep 1.600E-05
     264   3 4.425E-08 2.544E-03 Time OK
     265   3 1.507E-07 2.560E-03 Time OK
     266   3 2.882E-07 2.576E-03 Time OK
     267   3 4.860E-07 2.592E-03 Time OK
     268   3 8.480E-07 2.608E-03 Time OK
     269   3 1.410E-06 2.624E-03 Time OK
     270   3 2.203E-06 2.640E-03 Time OK
     271   8 9.586E-06 3.906E-03 Steady Fail
     272 --- --------- --------- Regridding
     272 --- --------- --------- Jacobian 00028
     272   8 2.436E-04 3.906E-03 Steady Fail
     273 --- --------- --------- Regridding
     273 --- --------- --------- Jacobian 00029
     273 --- --------- --------- Timestep 1.600E-05
     273   2 3.984E-07 2.656E-03 Time OK
     274   2 1.571E-06 2.672E-03 Time OK
     275   3 2.140E-07 2.688E-03 Time OK
     276   3 4.957E-07 2.704E-03 Time OK
     277   3 9.547E-07 2.720E-03 Time OK
     278   3 1.617E-06 2.736E-03 Time OK
     279   3 2.509E-06 2.752E-03 Time OK
     280   4 5.028E-07 2.768E-03 Time OK
     281   4 7.722E-07 2.784E-03 Time OK
     282   4 1.142E-06 2.800E-03 Time OK
     283   4 1.620E-06 2.816E-03 Time OK
     284   4 2.222E-06 2.832E-03 Time OK
     285   5 8.697E-07 2.848E-03 Time OK
     286   5 1.168E-06 2.864E-03 Time OK
     287   5 1.546E-06 2.880E-03 Time OK
     288   5 2.004E-06 2.896E-03 Time OK
     289   5 2.552E-06 2.912E-03 Time OK
     290   6 1.328E-06 2.928E-03 Time OK
     291   6 1.711E-06 2.944E-03 Time OK
     292   6 2.184E-06 2.960E-03 Time OK
     293   6 2.756E-06 2.976E-03 Time OK
     294   7 1.596E-06 2.992E-03 Time OK
     295 --- --------- --------- Regridding
     295 --- --------- --------- Jacobian 00030
     295   8 1.707E-04 3.906E-03 Steady Fail
     296 --- --------- --------- Regridding
     296 --- --------- --------- Jacobian 00031
     296 --- --------- --------- Timestep 1.600E-05
     296   2 3.475E-07 3.008E-03 Time OK
     297   2 1.539E-06 3.024E-03 Time OK
     298   3 1.777E-07 3.040E-03 Time OK
     299   3 4.163E-07 3.056E-03 Time OK
     300   3 8.085E-07 3.072E-03 Time OK
     301   3 1.370E-06 3.088E-03 Time OK
     302   3 2.122E-06 3.104E-03 Time OK
     303   4 4.227E-07 3.120E-03 Time OK
     304   4 6.462E-07 3.136E-03 Time OK
     305   4 9.509E-07 3.152E-03 Time OK
     306   4 1.342E-06 3.168E-03 Time OK
     307   4 1.834E-06 3.184E-03 Time OK
     308   4 2.439E-06 3.200E-03 Time OK
     309   5 9.296E-07 3.216E-03 Time OK
     310   5 1.214E-06 3.232E-03 Time OK
     311   5 1.570E-06 3.248E-03 Time OK
     312   5 1.994E-06 3.264E-03 Time OK
     313   5 2.493E-06 3.280E-03 Time OK
     314   6 1.283E-06 3.296E-03 Time OK
     315   6 1.620E-06 3.312E-03 Time OK
     316   6 2.031E-06 3.328E-03 Time OK
     317   6 2.519E-06 3.344E-03 Time OK
     318 --- --------- --------- Regridding
     318 --- --------- --------- Jacobian 00032
     318   8 1.487E-04 7.813E-03 Steady OK
     319   2 7.294E-04 3.906E-03 Steady Fail
     320 --- --------- --------- Regridding
     320 --- --------- --------- Jacobian 00033
     320   8 3.500E-04 3.906E-03 Steady Fail
     321 --- --------- --------- Regridding
     321 --- --------- --------- Jacobian 00034
     321 --- --------- --------- Timestep 1.600E-05
     321   3 3.083E-08 3.360E-03 Time OK
     322   3 8.958E-08 3.376E-03 Time OK
     323   3 1.659E-07 3.392E-03 Time OK
     324   3 2.690E-07 3.408E-03 Time OK
     325   3 4.587E-07 3.424E-03 Time OK
     326   3 7.545E-07 3.440E-03 Time OK
     327   3 1.172E-06 3.456E-03 Time OK
     328   8 7.851E-06 3.906E-03 Steady Fail
     329 --- --------- --------- Regridding
     329 --- --------- --------- Jacobian 00035
     329   8 1.799E-04 3.906E-03 Steady Fail
     330 --- --------- --------- Regridding
     330 --- --------- --------- Jacobian 00036
     330 --- --------- --------- Timestep 1.600E-05
     330   2 2.293E-07 3.472E-03 Time OK
     331   2 9.257E-07 3.488E-03 Time OK
     332   3 1.083E-07 3.504E-03 Time OK
     333   3 2.515E-07 3.520E-03 Time OK
     334   3 4.849E-07 3.536E-03 Time OK
     335   3 8.210E-07 3.552E-03 Time OK
     336   3 1.273E-06 3.568E-03 Time OK
     337   3 1.854E-06 3.584E-03 Time OK
     338   4 3.573E-07 3.600E-03 Time OK
     339   4 5.230E-07 3.616E-03 Time OK
     340   4 7.437E-07 3.632E-03 Time OK
     341   4 1.021E-06 3.648E-03 Time OK
     342   4 1.364E-06 3.664E-03 Time OK
     343   4 1.780E-06 3.680E-03 Time OK
     344   5 6.610E-07 3.696E-03 Time OK
     345   5 8.512E-07 3.712E-03 Time OK
     346   5 1.088E-06 3.728E-03 Time OK
     347   5 1.368E-06 3.744E-03 Time OK
     348   5 1.696E-06 3.760E-03 Time OK
     349   5 2.079E-06 3.776E-03 Time OK
     350   6 1.044E-06 3.792E-03 Time OK
     351   6 1.296E-06 3.808E-03 Time OK
     352 --- --------- --------- Regridding
     352 --- --------- --------- Jacobian 00037
     352   8 1.393E-04 3.906E-03 Steady Fail
     353 --- --------- --------- Regridding
     353 --- --------- --------- Jacobian 00038
     353 --- --------- --------- Timestep 1.600E-05
     353   2 1.993E-07 3.824E-03 Time OK
     354   2 8.658E-07 3.840E-03 Time OK
     355   2 1.607E-06 3.856E-03 Time OK
     356   3 2.042E-07 3.872E-03 Time OK
     357   3 3.941E-07 3.888E-03 Time OK
     358   3 6.703E-07 3.904E-03 Time OK
     359   3 1.040E-06 3.920E-03 Time OK
     360   3 1.513E-06 3.936E-03 Time OK
     361   4 2.853E-07 3.952E-03 Time OK
     362   4 4.165E-07 3.968E-03 Time OK
     363   4 5.903E-07 3.984E-03 Time OK
     364   4 8.079E-07 4.000E-03 Time OK
     365   4 1.075E-06 4.016E-03 Time OK
     366   4 1.399E-06 4.032E-03 Time OK
     367   4 1.785E-06 4.048E-03 Time OK
     368   5 6.451E-07 4.064E-03 Time OK
     369   5 8.139E-07 4.080E-03 Time OK
     370   5 1.022E-06 4.096E-03 Time OK
     371   5 1.264E-06 4.112E-03 Time OK
     372   5 1.544E-06 4.128E-03 Time OK
     373   5 1.866E-06 4.144E-03 Time OK
     374   6 9.201E-07 4.160E-03 Time OK
     375 --- --------- --------- Regridding
     375 --- --------- --------- Jacobian 00039
     375   8 1.189E-04 7.813E-03 Steady OK
     376   2 5.574E-04 3.906E-03 Steady Fail
     377 --- --------- --------- Regridding
     377 --- --------- --------- Jacobian 00040
     377   8 2.631E-04 3.906E-03 Steady Fail
     378 --- --------- --------- Regridding
     378 --- --------- --------- Jacobian 00041
     378 --- --------- --------- Timestep 1.600E-05
     378   3 2.071E-08 4.176E-03 Time OK
     379   3 4.901E-08 4.192E-03 Time OK
     380   3 8.622E-08 4.208E-03 Time OK
     381   3 1.341E-07 4.224E-03 Time OK
     382   3 2.234E-07 4.240E-03 Time OK
     383   3 3.635E-07 4.256E-03 Time OK
     384   8 5.607E-06 3.906E-03 Steady Fail
     385 --- --------- --------- Regridding
     385 --- --------- --------- Jacobian 00042
     385   8 1.371E-04 3.906E-03 Steady Fail
     386 --- --------- --------- Regridding
     386 --- --------- --------- Jacobian 00043
     386 --- --------- --------- Timestep 1.600E-05
     386   2 1.294E-07 4.272E-03 Time OK
     387   2 5.253E-07 4.288E-03 Time OK
     388   2 1.026E-06 4.304E-03 Time OK
     389   3 1.214E-07 4.320E-03 Time OK
     390   3 2.318E-07 4.336E-03 Time OK
     391   3 3.928E-07 4.352E-03 Time OK
     392   3 6.091E-07 4.368E-03 Time OK
     393   3 8.871E-07 4.384E-03 Time OK
     394   3 1.233E-06 4.400E-03 Time OK
     395   4 2.222E-07 4.416E-03 Time OK
     396   4 3.136E-07 4.432E-03 Time OK
     397   4 4.325E-07 4.448E-03 Time OK
     398   4 5.789E-07 4.464E-03 Time OK
     399   4 7.566E-07 4.480E-03 Time OK
     400   4 9.692E-07 4.496E-03 Time OK
     401   4 1.220E-06 4.512E-03 Time OK
     402   4 1.514E-06 4.528E-03 Time OK
     403   5 5.417E-07 4.544E-03 Time OK
     404   5 6.667E-07 4.560E-03 Time OK
     405   5 8.203E-07 4.576E-03 Time OK
     406   5 9.969E-07 4.592E-03 Time OK
     407   5 1.199E-06 4.608E-03 Time OK
     408 --- --------- --------- Regridding
     408 --- --------- --------- Jacobian 00044
     408   8 1.111E-04 3.906E-03 Steady Fail
     409 --- --------- --------- Regridding
     409 --- --------- --------- Jacobian 00045
     409 --- --------- --------- Timestep 1.600E-05
     409   2 1.077E-07 4.624E-03 Time OK
     410   2 4.733E-07 4.640E-03 Time OK
     411   2 8.625E-07 4.656E-03 Time OK
     412   3 9.314E-08 4.672E-03 Time OK
     413   3 1.813E-07 4.688E-03 Time OK
     414   3 3.093E-07 4.704E-03 Time OK
     415   3 4.805E-07 4.720E-03 Time OK
     416   3 7.003E-07 4.736E-03 Time OK
     417   3 9.735E-07 4.752E-03 Time OK
     418   3 1.304E-06 4.768E-03 Time OK
     419   4 2.423E-07 4.784E-03 Time OK
     420   4 3.296E-07 4.800E-03 Time OK
     421   4 4.412E-07 4.816E-03 Time OK
     422   4 5.756E-07 4.832E-03 Time OK
     423   4 7.356E-07 4.848E-03 Time OK
     424   4 9.241E-07 4.864E-03 Time OK
     425   4 1.144E-06 4.880E-03 Time OK
     426   4 1.397E-06 4.896E-03 Time OK
     427   5 4.861E-07 4.912E-03 Time OK
     428   5 5.899E-07 4.928E-03 Time OK
     429   5 7.166E-07 4.944E-03 Time OK
     430   5 8.606E-07 4.960E-03 Time OK
     431 --- --------- --------- Regridding
     431 --- --------- --------- Jacobian 00046
     431   8 9.594E-05 7.813E-03 Steady OK
     432   2 4.238E-04 3.906E-03 Steady Fail
     433 --- --------- --------- Regridding
     433 --- --------- --------- Jacobian 00047
     433   8 1.977E-04 3.906E-03 Steady Fail
     434 --- --------- --------- Regridding
     434 --- --------- --------- Jacobian 00048
     434 --- --------- --------- Timestep 1.600E-05
     434   3 1.362E-08 4.976E-03 Time OK
     435   3 2.638E-08 4.992E-03 Time OK
     436   3 4.256E-08 5.008E-03 Time OK
     437   3 6.265E-08 5.024E-03 Time OK
     438   3 1.024E-07 5.040E-03 Time OK
     439   3 1.655E-07 5.056E-03 Time OK
     440   8 4.423E-06 3.906E-03 Steady Fail
     441 --- --------- --------- Regridding
     441 --- --------- --------- Jacobian 00049
     441   8 1.022E-04 3.906E-03 Steady Fail
     442 --- --------- --------- Regridding
     442 --- --------- --------- Jacobian 00050
     442 --- --------- --------- Timestep 1.600E-05
     442   2 6.923E-08 5.072E-03 Time OK
     443   2 2.855E-07 5.088E-03 Time OK
     444   2 5.446E-07 5.104E-03 Time OK
     445   2 9.014E-07 5.120E-03 Time OK
     446   3 1.065E-07 5.136E-03 Time OK
     447   3 1.786E-07 5.152E-03 Time OK
     448   3 2.773E-07 5.168E-03 Time OK
     449   3 4.042E-07 5.184E-03 Time OK
     450   3 5.621E-07 5.200E-03 Time OK
     451   3 7.535E-07 5.216E-03 Time OK
     452   3 9.806E-07 5.232E-03 Time OK
     453   4 1.736E-07 5.248E-03 Time OK
     454   4 2.310E-07 5.264E-03 Time OK
     455   4 3.035E-07 5.280E-03 Time OK
     456   4 3.898E-07 5.296E-03 Time OK
     457   4 4.917E-07 5.312E-03 Time OK
     458   4 6.108E-07 5.328E-03 Time OK
     459   4 7.487E-07 5.344E-03 Time OK
     460   4 9.068E-07 5.360E-03 Time OK
     461   4 1.087E-06 5.376E-03 Time OK
     462   5 3.726E-07 5.392E-03 Time OK
     463   5 4.448E-07 5.408E-03 Time OK
     464 --- --------- --------- Regridding
     464 --- --------- --------- Jacobian 00051
     464   8 8.378E-05 7.813E-03 Steady OK
     465   2 3.698E-04 3.906E-03 Steady Fail
     466 --- --------- --------- Regridding
     466 --- --------- --------- Jacobian 00052
     466   8 1.724E-04 3.906E-03 Steady Fail
     467 --- --------- --------- Regridding
     467 --- --------- --------- Jacobian 00053
     467 --- --------- --------- Timestep 1.600E-05
     467   2 8.154E-07 5.424E-03 Time OK
     468   3 1.855E-08 5.440E-03 Time OK
     469   3 2.813E-08 5.456E-03 Time OK
     470   3 4.004E-08 5.472E-03 Time OK
     471   3 6.474E-08 5.488E-03 Time OK
     472   3 1.044E-07 5.504E-03 Time OK
     473   3 1.604E-07 5.520E-03 Time OK
     474   3 2.352E-07 5.536E-03 Time OK
     475   3 3.311E-07 5.552E-03 Time OK
     476   3 4.496E-07 5.568E-03 Time OK
     477   3 5.923E-07 5.584E-03 Time OK
     478   3 7.606E-07 5.600E-03 Time OK
     479   4 1.258E-07 5.616E-03 Time OK
     480   4 1.662E-07 5.632E-03 Time OK
     481   4 2.168E-07 5.648E-03 Time OK
     482   4 2.769E-07 5.664E-03 Time OK
     483   4 3.476E-07 5.680E-03 Time OK
     484   4 4.300E-07 5.696E-03 Time OK
     485   4 5.251E-07 5.712E-03 Time OK
     486   4 6.339E-07 5.728E-03 Time OK
     487   4 7.575E-07 5.744E-03 Time OK
     488   4 8.969E-07 5.760E-03 Time OK
     489 --- --------- --------- Regridding
     489 --- --------- --------- Jacobian 00054
     489   8 7.138E-05 7.813E-03 Steady OK
     490   2 3.202E-04 3.906E-03 Steady Fail
     491 --- --------- --------- Regridding
     491 --- --------- --------- Jacobian 00055
     491   8 1.433E-04 3.906E-03 Steady Fail
     492 --- --------- --------- Regridding
     492 --- --------- --------- Jacobian 00056
     492 --- --------- --------- Timestep 3.200E-05
     492   2 3.726E-06 5.792E-03 Time OK
     493   3 2.126E-07 5.824E-03 Time OK
     494   3 4.186E-07 5.856E-03 Time OK
     495   8 5.427E-06 3.906E-03 Steady Fail
     496 --- --------- --------- Regridding
     496 --- --------- --------- Jacobian 00057
     496   8 7.489E-05 3.906E-03 Steady Fail
     497 --- --------- --------- Regridding
     497 --- --------- --------- Jacobian 00058
     497 --- --------- --------- Timestep 3.200E-05
     497   2 4.007E-07 5.888E-03 Time OK
     498   2 1.875E-06 5.920E-03 Time OK
     499   3 3.850E-07 5.952E-03 Time OK
     500   3 8.514E-07 5.984E-03 Time OK
     501   3 1.577E-06 6.016E-03 Time OK
     502   3 2.584E-06 6.048E-03 Time OK
     503   4 5.627E-07 6.080E-03 Time OK
     504   4 9.136E-07 6.112E-03 Time OK
     505   4 1.411E-06 6.144E-03 Time OK
     506   4 2.068E-06 6.176E-03 Time OK
     507   4 2.914E-06 6.208E-03 Time OK
     508   5 1.074E-06 6.240E-03 Time OK
     509   5 1.475E-06 6.272E-03 Time OK
     510   5 2.010E-06 6.304E-03 Time OK
     511   5 2.678E-06 6.336E-03 Time OK
     512   6 1.368E-06 6.368E-03 Time OK
     513   6 1.844E-06 6.400E-03 Time OK
     514   6 2.462E-06 6.432E-03 Time OK
     515   6 3.256E-06 6.464E-03 Time OK
     516   7 2.188E-06 6.496E-03 Time OK
     517   7 2.937E-06 6.528E-03 Time OK
     518   8 1.924E-06 6.560E-03 Time OK
     519 --- --------- --------- Regridding
     519 --- --------- --------- Jacobian 00059
     519   8 1.263E-04 7.813E-03 Steady OK
     520   2 1.965E-04 3.906E-03 Steady Fail
     521 --- --------- --------- Regridding
     521 --- --------- --------- Jacobian 00060
     521   8 1.306E-04 7.813E-03 Steady OK
     522   2 2.691E-04 3.906E-03 Steady Fail
     523 --- --------- --------- Regridding
     523 --- --------- --------- Jacobian 00061
     523   8 1.495E-04 3.906E-03 Steady Fail
     524 --- --------- --------- Regridding
     524 --- --------- --------- Jacobian 00062
     524 --- --------- --------- Timestep 3.200E-05
     524   3 6.448E-08 6.592E-03 Time OK
     525   3 1.287E-07 6.624E-03 Time OK
     526   3 2.259E-07 6.656E-03 Time OK
     527   3 3.856E-07 6.688E-03 Time OK
     528   3 6.441E-07 6.720E-03 Time OK
     529   3 1.022E-06 6.752E-03 Time OK
     530   3 1.541E-06 6.784E-03 Time OK
     531   4 2.766E-07 6.816E-03 Time OK
     532   4 4.398E-07 6.848E-03 Time OK
     533   4 6.673E-07 6.880E-03 Time OK
     534   4 9.651E-07 6.912E-03 Time OK
     535   4 1.346E-06 6.944E-03 Time OK
     536   4 1.821E-06 6.976E-03 Time OK
     537   5 6.307E-07 7.008E-03 Time OK
     538   5 8.395E-07 7.040E-03 Time OK
     539   5 1.110E-06 7.072E-03 Time OK
     540   5 1.441E-06 7.104E-03 Time OK
     541   5 1.843E-06 7.136E-03 Time OK
     542   6 8.858E-07 7.168E-03 Time OK
     543   6 1.151E-06 7.200E-03 Time OK
     544   6 1.481E-06 7.232E-03 Time OK
     545   6 1.892E-06 7.264E-03 Time OK
     546 --- --------- --------- Regridding
     546 --- --------- --------- Jacobian 00063
     546   8 1.016E-04 7.813E-03 Steady OK
     547   2 1.478E-04 3.906E-03 Steady Fail
     548 --- --------- --------- Regridding
     548 --- --------- --------- Jacobian 00064
     548   8 1.063E-04 7.813E-03 Steady OK
     549   2 1.962E-04 3.906E-03 Steady Fail
     550 --- --------- --------- Regridding
     550 --- --------- --------- Jacobian 00065
     550   8 1.249E-04 3.906E-03 Steady Fail
     551 --- --------- --------- Regridding
     551 --- --------- --------- Jacobian 00066
     551 --- --------- --------- Timestep 3.200E-05
     551   3 4.479E-08 7.296E-03 Time OK
     552   3 7.365E-08 7.328E-03 Time OK
     553   3 1.157E-07 7.360E-03 Time OK
     554   3 1.925E-07 7.392E-03 Time OK
     555   3 3.178E-07 7.424E-03 Time OK
     556   3 4.986E-07 7.456E-03 Time OK
     557   3 7.464E-07 7.488E-03 Time OK
     558   8 5.424E-06 3.906E-03 Steady Fail
     559 --- --------- --------- Regridding
     559 --- --------- --------- Jacobian 00067
     559   8 3.692E-05 7.813E-03 Steady OK
     560   2 1.550E-04 3.906E-03 Steady Fail
     561 --- --------- --------- Regridding
     561 --- --------- --------- Jacobian 00068
     561   8 6.777E-05 3.906E-03 Steady Fail
     562 --- --------- --------- Regridding
     562 --- --------- --------- Jacobian 00069
     562 --- --------- --------- Timestep 3.200E-05
     562   3 3.862E-08 7.520E-03 Time OK
     563   3 6.235E-08 7.552E-03 Time OK
     564   3 9.478E-08 7.584E-03 Time OK
     565   3 1.468E-07 7.616E-03 Time OK
     566   3 2.402E-07 7.648E-03 Time OK
     567   3 3.812E-07 7.680E-03 Time OK
     568   3 5.749E-07 7.712E-03 Time OK
     569   3 8.266E-07 7.744E-03 Time OK
     570   3 1.140E-06 7.776E-03 Time OK
     571   4 2.101E-07 7.808E-03 Time OK
     572   4 3.018E-07 7.840E-03 Time OK
     573   4 4.224E-07 7.872E-03 Time OK
     574   4 5.716E-07 7.904E-03 Time OK
     575   4 7.540E-07 7.936E-03 Time OK
     576   4 9.736E-07 7.968E-03 Time OK
     577   4 1.234E-06 8.000E-03 Time OK
     578   5 3.965E-07 8.032E-03 Time OK
     579   5 5.002E-07 8.064E-03 Time OK
     580   5 6.314E-07 8.096E-03 Time OK
     581   5 7.857E-07 8.128E-03 Time OK
     582   5 9.674E-07 8.160E-03 Time OK
     583   5 1.181E-06 8.192E-03 Time OK
     584 --- --------- --------- Regridding
     584 --- --------- --------- Jacobian 00070
     584   7 9.982E-05 1.563E-02 Steady OK
     585   3 2.361E-04 3.906E-03 Steady Fail
     586 --- --------- --------- Regridding
     586 --- --------- --------- Jacobian 00071
     586   8 1.224E-04 3.906E-03 Steady Fail
     587 --- --------- --------- Regridding
     587 --- --------- --------- Jacobian 00072
     587 --- --------- --------- Timestep 3.200E-05
     587   3 2.699E-08 8.224E-03 Time OK
     588   3 3.729E-08 8.256E-03 Time OK
     589   3 4.697E-08 8.288E-03 Time OK
     590   3 7.004E-08 8.320E-03 Time OK
     591   3 1.162E-07 8.352E-03 Time OK
     592   3 1.832E-07 8.384E-03 Time OK
     593   3 2.732E-07 8.416E-03 Time OK
     594   3 3.891E-07 8.448E-03 Time OK
     595   3 5.328E-07 8.480E-03 Time OK
     596   3 7.061E-07 8.512E-03 Time OK
     597   3 9.104E-07 8.544E-03 Time OK
     598   4 1.679E-07 8.576E-03 Time OK
     599   4 2.266E-07 8.608E-03 Time OK
     600   4 3.014E-07 8.640E-03 Time OK
     601   4 3.905E-07 8.672E-03 Time OK
     602   4 4.964E-07 8.704E-03 Time OK
     603   4 6.208E-07 8.736E-03 Time OK
     604   4 7.653E-07 8.768E-03 Time OK
     605   4 9.317E-07 8.800E-03 Time OK
     606   5 2.862E-07 8.832E-03 Time OK
     607   5 3.486E-07 8.864E-03 Time OK
     608   5 4.267E-07 8.896E-03 Time OK
     609 --- --------- --------- Regridding
     609 --- --------- --------- Jacobian 00073
     609   7 7.747E-05 1.563E-02 Steady OK
     610   3 1.676E-04 3.906E-03 Steady Fail
     611 --- --------- --------- Regridding
     611 --- --------- --------- Jacobian 00074
     611   8 9.031E-05 3.906E-03 Steady Fail
     612 --- --------- --------- Regridding
     612 --- --------- --------- Jacobian 00075
     612 --- --------- --------- Timestep 3.200E-05
     612   3 1.909E-08 8.928E-03 Time OK
     613   3 2.333E-08 8.960E-03 Time OK
     614   3 2.470E-08 8.992E-03 Time OK
     615   3 3.453E-08 9.024E-03 Time OK
     616   3 5.662E-08 9.056E-03 Time OK
     617   3 8.817E-08 9.088E-03 Time OK
     618   8 2.517E-06 3.906E-03 Steady Fail
     619 --- --------- --------- Regridding
     619 --- --------- --------- Jacobian 00076
     619   8 2.474E-05 7.813E-03 Steady OK
     620   2 6.681E-05 3.906E-03 Steady Fail
     621 --- --------- --------- Regridding
     621 --- --------- --------- Jacobian 00077
     621   8 3.106E-05 7.813E-03 Steady OK
     622   2 7.902E-05 3.906E-03 Steady Fail
     623 --- --------- --------- Regridding
     623 --- --------- --------- Jacobian 00078
     623   8 4.237E-05 7.813E-03 Steady OK
     624   2 8.911E-05 3.906E-03 Steady Fail
     625 --- --------- --------- Regridding
     625 --- --------- --------- Jacobian 00079
     625   8 6.079E-05 7.813E-03 Steady OK
     626   2 1.034E-04 3.906E-03 Steady Fail
     627 --- --------- --------- Regridding
     627 --- --------- --------- Jacobian 00080
     627   8 7.268E-05 7.813E-03 Steady OK
     628   2 1.131E-04 3.906E-03 Steady Fail
     629 --- --------- --------- Regridding
     629 --- --------- --------- Jacobian 00081
     629   8 8.558E-05 7.813E-03 Steady OK
     630   2 1.246E-04 3.906E-03 Steady Fail
     631 --- --------- --------- Regridding
     631 --- --------- --------- Jacobian 00082
     631   8 9.838E-05 7.813E-03 Steady OK
     632   2 1.359E-04 3.906E-03 Steady Fail
     633 --- --------- --------- Regridding
     633 --- --------- --------- Jacobian 00083
     633   8 1.096E-04 3.906E-03 Steady Fail
     634 --- --------- --------- Regridding
     634 --- --------- --------- Jacobian 00084
     634 --- --------- --------- Timestep 3.200E-05
     634   2 5.316E-07 9.120E-03 Time OK
     635   2 7.114E-07 9.152E-03 Time OK
     636   3 1.023E-08 9.184E-03 Time OK
     637   3 2.034E-08 9.216E-03 Time OK
     638   3 3.449E-08 9.248E-03 Time OK
     639   3 5.090E-08 9.280E-03 Time OK
     640   3 7.156E-08 9.312E-03 Time OK
     641   3 9.789E-08 9.344E-03 Time OK
     642   3 1.306E-07 9.376E-03 Time OK
     643   3 1.702E-07 9.408E-03 Time OK
     644   3 2.173E-07 9.440E-03 Time OK
     645   3 2.723E-07 9.472E-03 Time OK
     646   3 3.358E-07 9.504E-03 Time OK
     647   3 4.080E-07 9.536E-03 Time OK
     648   3 4.895E-07 9.568E-03 Time OK
     649   4 7.933E-08 9.600E-03 Time OK
     650   4 1.011E-07 9.632E-03 Time OK
     651   4 1.278E-07 9.664E-03 Time OK
     652   4 1.585E-07 9.696E-03 Time OK
     653   4 1.942E-07 9.728E-03 Time OK
     654   4 2.352E-07 9.760E-03 Time OK
     655   4 2.818E-07 9.792E-03 Time OK
     656 --- --------- --------- Regridding
     656 --- --------- --------- Jacobian 00085
     656   7 4.832E-05 1.563E-02 Steady OK
     657   3 9.897E-05 3.906E-03 Steady Fail
     658 --- --------- --------- Regridding
     658 --- --------- --------- Jacobian 00086
     658   8 5.331E-05 7.813E-03 Steady OK
     659   2 8.109E-05 3.906E-03 Steady Fail
     660 --- --------- --------- Regridding
     660 --- --------- --------- Jacobian 00087
     660   8 6.372E-05 7.813E-03 Steady OK
     661   2 8.755E-05 3.906E-03 Steady Fail
     662 --- --------- --------- Regridding
     662 --- --------- --------- Jacobian 00088
     662   8 7.323E-05 7.813E-03 Steady OK
     663   2 9.274E-05 3.906E-03 Steady Fail
     664 --- --------- --------- Regridding
     664 --- --------- --------- Jacobian 00089
     664   8 8.251E-05 7.813E-03 Steady OK
     665   2 9.965E-05 3.906E-03 Steady Fail
     666 --- --------- --------- Regridding
     666 --- --------- --------- Jacobian 00090
     666   8 9.013E-05 7.813E-03 Steady OK
     667   2 1.044E-04 3.906E-03 Steady Fail
     668 --- --------- --------- Regridding
     668 --- --------- --------- Jacobian 00091
     668   8 1.039E-04 3.906E-03 Steady Fail
     669 --- --------- --------- Regridding
     669 --- --------- --------- Jacobian 00092
     669 --- --------- --------- Timestep 6.400E-05
     669   3 8.511E-08 9.856E-03 Time OK
     670   3 6.667E-08 9.920E-03 Time OK
     671   3 1.260E-07 9.984E-03 Time OK
     672   3 2.687E-07 1.005E-02 Time OK
     673   3 4.341E-07 1.011E-02 Time OK
     674   3 6.326E-07 1.018E-02 Time OK
     675   3 8.790E-07 1.024E-02 Time OK
     676   3 1.186E-06 1.030E-02 Time OK
     677   4 2.071E-07 1.037E-02 Time OK
     678   4 3.143E-07 1.043E-02 Time OK
     679   4 4.590E-07 1.050E-02 Time OK
     680   4 6.431E-07 1.056E-02 Time OK
     681   4 8.746E-07 1.062E-02 Time OK
     682   4 1.159E-06 1.069E-02 Time OK
     683   8 1.116E-05 3.906E-03 Steady Fail
     684 --- --------- --------- Regridding
     684 --- --------- --------- Jacobian 00093
     684   7 4.290E-05 1.563E-02 Steady OK
     685   3 5.831E-05 3.906E-03 Steady Fail
     686 --- --------- --------- Regridding
     686 --- --------- --------- Jacobian 00094
     686   7 5.390E-05 1.563E-02 Steady OK
     687   3 7.764E-05 3.906E-03 Steady Fail
     688 --- --------- --------- Regridding
     688 --- --------- --------- Jacobian 00095
     688   8 6.564E-05 7.813E-03 Steady OK
     689   2 7.310E-05 3.906E-03 Steady Fail
     690 --- --------- --------- Regridding
     690 --- --------- --------- Jacobian 00096
     690   7 7.600E-05 1.563E-02 Steady OK
     691   3 9.722E-05 3.906E-03 Steady Fail
     692 --- --------- --------- Regridding
     692 --- --------- --------- Jacobian 00097
     692   8 8.970E-05 7.813E-03 Steady OK
     693   2 9.753E-05 7.813E-03 Steady OK
     694   2 1.199E-04 3.906E-03 Steady Fail
     695 --- --------- --------- Regridding
     695 --- --------- --------- Jacobian 00098
     695   8 1.084E-04 3.906E-03 Steady Fail
     696 --- --------- --------- Regridding
     696 --- --------- --------- Jacobian 00099
     696 --- --------- --------- Timestep 6.400E-05
     696   3 4.367E-08 1.075E-02 Time OK
     697   3 4.293E-08 1.082E-02 Time OK
     698   3 4.166E-08 1.088E-02 Time OK
     699   3 8.428E-08 1.094E-02 Time OK
     700   3 1.357E-07 1.101E-02 Time OK
     701   3 1.929E-07 1.107E-02 Time OK
     702   3 2.614E-07 1.114E-02 Time OK
     703   3 3.465E-07 1.120E-02 Time OK
     704   3 4.523E-07 1.126E-02 Time OK
     705   3 5.815E-07 1.133E-02 Time OK
     706   3 7.356E-07 1.139E-02 Time OK
     707   4 1.410E-07 1.146E-02 Time OK
     708   4 1.938E-07 1.152E-02 Time OK
     709   4 2.596E-07 1.158E-02 Time OK
     710   4 3.385E-07 1.165E-02 Time OK
     711   4 4.328E-07 1.171E-02 Time OK
     712   4 5.438E-07 1.178E-02 Time OK
     713   4 6.729E-07 1.184E-02 Time OK
     714   5 2.061E-07 1.190E-02 Time OK
     715   5 2.579E-07 1.197E-02 Time OK
     716   5 3.227E-07 1.203E-02 Time OK
     717   5 3.980E-07 1.210E-02 Time OK
     718 --- --------- --------- Regridding
     718 --- --------- --------- Jacobian 00100
     718   6 5.393E-05 3.125E-02 Steady OK
     719   4 6.863E-05 3.906E-03 Steady Fail
     720 --- --------- --------- Regridding
     720 --- --------- --------- Jacobian 00101
     720   7 5.726E-05 1.563E-02 Steady OK
     721   3 6.404E-05 3.906E-03 Steady Fail
     722 --- --------- --------- Regridding
     722 --- --------- --------- Jacobian 00102
     722   7 6.593E-05 1.563E-02 Steady OK
     723   3 7.085E-05 7.813E-03 Steady OK
     724   2 8.228E-05 3.906E-03 Steady Fail
     725 --- --------- --------- Regridding
     725 --- --------- --------- Jacobian 00103
     725   7 8.291E-05 1.563E-02 Steady OK
     726   3 8.883E-05 7.813E-03 Steady OK
     727   2 1.005E-04 3.906E-03 Steady Fail
     728 --- --------- --------- Regridding
     728 --- --------- --------- Jacobian 00104
     728   8 9.792E-05 7.813E-03 Steady OK
     729   2 1.005E-04 3.906E-03 Steady Fail
     730 --- --------- --------- Regridding
     730 --- --------- --------- Jacobian 00105
     730   8 1.003E-04 3.906E-03 Steady Fail
     731 --- --------- --------- Regridding
     731 --- --------- --------- Jacobian 00106
     731 --- --------- --------- Timestep 6.400E-05
     731   2 6.319E-07 1.216E-02 Time OK
     732   2 6.441E-07 1.222E-02 Time OK
     733   3 7.368E-09 1.229E-02 Time OK
     734   3 1.737E-08 1.235E-02 Time OK
     735   3 2.844E-08 1.242E-02 Time OK
     736   3 3.812E-08 1.248E-02 Time OK
     737   3 4.771E-08 1.254E-02 Time OK
     738   2 3.470E-07 1.261E-02 Time OK
     739   3 7.346E-08 1.267E-02 Time OK
     740   3 9.057E-08 1.274E-02 Time OK
     741   3 1.136E-07 1.280E-02 Time OK
     742   3 1.413E-07 1.286E-02 Time OK
     743   3 1.740E-07 1.293E-02 Time OK
     744   3 2.119E-07 1.299E-02 Time OK
     745   3 2.551E-07 1.306E-02 Time OK
     746   3 3.037E-07 1.312E-02 Time OK
     747   4 5.779E-08 1.318E-02 Time OK
     748   4 7.191E-08 1.325E-02 Time OK
     749   4 8.791E-08 1.331E-02 Time OK
     750   4 1.059E-07 1.338E-02 Time OK
     751   4 1.263E-07 1.344E-02 Time OK
     752   4 1.490E-07 1.350E-02 Time OK
     753 --- --------- --------- Regridding
     753 --- --------- --------- Jacobian 00107
     753   6 3.423E-05 3.125E-02 Steady OK
     754   4 3.453E-05 7.813E-03 Steady OK
     755   2 3.877E-05 3.906E-03 Steady Fail
     756 --- --------- --------- Regridding
     756 --- --------- --------- Jacobian 00108
     756   6 4.268E-05 3.125E-02 Steady OK
     757   4 4.639E-05 7.813E-03 Steady OK
     758   2 5.314E-05 3.906E-03 Steady Fail
     759 --- --------- --------- Regridding
     759 --- --------- --------- Jacobian 00109
     759   6 6.081E-05 3.125E-02 Steady OK
     760   4 6.493E-05 7.813E-03 Steady OK
     761   2 7.135E-05 7.813E-03 Steady OK
     762   2 8.031E-05 3.906E-03 Steady Fail
     763 --- --------- --------- Regridding
     763 --- --------- --------- Jacobian 00110
     763   6 8.287E-05 3.125E-02 Steady OK
     764   4 8.773E-05 7.813E-03 Steady OK
     765   2 9.445E-05 7.813E-03 Steady OK
     766   2 1.032E-04 3.906E-03 Steady Fail
     767 --- --------- --------- Regridding
     767 --- --------- --------- Jacobian 00111
     767   8 9.944E-05 7.813E-03 Steady OK
     768   2 1.002E-04 3.906E-03 Steady Fail
     769 --- --------- --------- Regridding
     769 --- --------- --------- Jacobian 00112
     769   7 9.677E-05 1.563E-02 Steady OK
     770   3 9.842E-05 7.813E-03 Steady OK
     771   2 1.013E-04 3.906E-03 Steady Fail
     772 --- --------- --------- Regridding
     772 --- --------- --------- Jacobian 00113
     772   7 9.943E-05 1.563E-02 Steady OK
     773   3 1.005E-04 3.906E-03 Steady Fail
     774 --- --------- --------- Regridding
     774 --- --------- --------- Jacobian 00114
     774   8 1.009E-04 3.906E-03 Steady Fail
     775 --- --------- --------- Regridding
     775 --- --------- --------- Jacobian 00115
     775 --- --------- --------- Timestep 1.280E-04
     775   2 7.412E-07 1.363E-02 Time OK
     776   2 5.757E-07 1.376E-02 Time OK
     777   3 3.444E-08 1.389E-02 Time OK
     778   3 6.572E-08 1.402E-02 Time OK
     779   8 6.838E-07 3.906E-03 Steady Fail
     780 --- --------- --------- Regridding
     780 --- --------- --------- Jacobian 00116
     780   6 1.873E-05 3.125E-02 Steady OK
     781   4 1.885E-05 7.813E-03 Steady OK
     782   2 2.114E-05 3.906E-03 Steady Fail
     783 --- --------- --------- Regridding
     783 --- --------- --------- Jacobian 00117
     783   6 2.551E-05 3.125E-02 Steady OK
     784   3 2.742E-05 1.563E-02 Steady OK
     785   3 3.111E-05 3.906E-03 Steady Fail
     786 --- --------- --------- Regridding
     786 --- --------- --------- Jacobian 00118
     786   6 3.649E-05 3.125E-02 Steady OK
     787   3 3.927E-05 1.563E-02 Steady OK
     788   3 4.256E-05 7.813E-03 Steady OK
     789   2 4.735E-05 3.906E-03 Steady Fail
     790 --- --------- --------- Regridding
     790 --- --------- --------- Jacobian 00119
     790   6 5.125E-05 3.125E-02 Steady OK
     791   3 5.500E-05 1.563E-02 Steady OK
     792   3 5.829E-05 7.813E-03 Steady OK
     793   2 6.270E-05 7.813E-03 Steady OK
     794   2 6.828E-05 7.813E-03 Steady OK
     795   2 7.505E-05 7.813E-03 Steady OK
     796   2 8.298E-05 3.906E-03 Steady Fail
     797 --- --------- --------- Regridding
     797 --- --------- --------- Jacobian 00120
     797   6 8.151E-05 3.125E-02 Steady OK
     798   3 8.665E-05 1.563E-02 Steady OK
     799   2 9.491E-05 1.563E-02 Steady OK
     800   3 1.003E-04 3.906E-03 Steady Fail
     801 --- --------- --------- Regridding
     801 --- --------- --------- Jacobian 00121
     801   6 9.743E-05 3.125E-02 Steady OK
     802   4 9.925E-05 7.813E-03 Steady OK
     803   2 1.017E-04 3.906E-03 Steady Fail
     804 --- --------- --------- Regridding
     804 --- --------- --------- Jacobian 00122
     804   6 9.765E-05 3.125E-02 Steady OK
     805   4 9.904E-05 7.813E-03 Steady OK
     806   2 1.010E-04 3.906E-03 Steady Fail
     807 --- --------- --------- Regridding
     807 --- --------- --------- Jacobian 00123
     807   6 9.830E-05 3.125E-02 Steady OK
     808   4 9.928E-05 7.813E-03 Steady OK
     809   2 1.007E-04 3.906E-03 Steady Fail
     810 --- --------- --------- Regridding
     810 --- --------- --------- Jacobian 00124
     810   6 9.916E-05 3.125E-02 Steady OK
     811   4 9.976E-05 7.813E-03 Steady OK
     812   2 1.008E-04 3.906E-03 Steady Fail
     813 --- --------- --------- Regridding
     813 --- --------- --------- Jacobian 00125
     813   6 1.003E-04 3.125E-02 Steady OK
     814   4 1.006E-04 3.906E-03 Steady Fail
     815 --- --------- --------- Regridding
     815 --- --------- --------- Jacobian 00126
     815   6 1.005E-04 3.125E-02 Steady OK
     816   4 1.005E-04 3.906E-03 Steady Fail
     817 --- --------- --------- Regridding
     817 --- --------- --------- Jacobian 00127
     817   5 1.016E-04 6.250E-02 Steady OK
     818   5 1.024E-04 3.906E-03 Steady Fail
     819 --- --------- --------- Regridding
     819 --- --------- --------- Jacobian 00128
     819   5 1.064E-04 6.250E-02 Steady OK
     820   5 1.070E-04 3.906E-03 Steady Fail
     821 --- --------- --------- Regridding
     821 --- --------- --------- Jacobian 00129
     821   5 1.097E-04 6.250E-02 Steady OK
     822   5 1.099E-04 3.906E-03 Steady Fail
     823 --- --------- --------- Regridding
     823 --- --------- --------- Jacobian 00130
     823   5 1.117E-04 6.250E-02 Steady OK
     824   5 1.117E-04 3.906E-03 Steady Fail
     825 --- --------- --------- Regridding
     825 --- --------- --------- Jacobian 00131
     825   5 1.129E-04 6.250E-02 Steady OK
     826   5 1.126E-04 3.906E-03 Steady Fail
     827 --- --------- --------- Regridding
     827 --- --------- --------- Jacobian 00132
     827   4 1.157E-04 1.250E-01 Steady OK
     828   6 1.170E-04 3.906E-03 Steady Fail
     829 --- --------- --------- Regridding
     829 --- --------- --------- Jacobian 00133
     829   4 1.242E-04 1.250E-01 Steady OK
     830   6 1.254E-04 3.906E-03 Steady Fail
     831 --- --------- --------- Regridding
     831 --- --------- --------- Jacobian 00134
     831   4 1.283E-04 1.250E-01 Steady OK
     832   6 1.290E-04 3.906E-03 Steady Fail
     833 --- --------- --------- Regridding
     833 --- --------- --------- Jacobian 00135
     833   4 1.264E-04 1.250E-01 Steady OK
     834   6 1.267E-04 3.906E-03 Steady Fail
     835 --- --------- --------- Regridding
     835 --- --------- --------- Jacobian 00136
     835   4 1.206E-04 1.250E-01 Steady OK
     836   6 1.206E-04 3.906E-03 Steady Fail
     837 --- --------- --------- Regridding
     837 --- --------- --------- Jacobian 00137
     837   3 1.188E-04 2.500E-01 Steady OK
     838   7 1.195E-04 3.906E-03 Steady Fail
     839 --- --------- --------- Regridding
     839 --- --------- --------- Jacobian 00138
     839   3 1.096E-04 2.500E-01 Steady OK
     840   7 1.097E-04 3.906E-03 Steady Fail
     841 --- --------- --------- Regridding
     841 --- --------- --------- Jacobian 00139
     841   2 1.033E-04 5.000E-01 Steady OK
     842   8 1.035E-04 3.906E-03 Steady Fail
     843 --- --------- --------- Regridding
     843 --- --------- --------- Jacobian 00140
     843   1 6.427E-05 1.000E+00 Steady OK
     844   1 1.546E-05 1.000E+00 Steady OK
     845   1 2.237E-06 1.000E+00 Steady OK
     846   1 2.667E-07 1.000E+00 Steady OK
     847   1 2.789E-07 1.000E+00 Steady OK
     848   1 1.221E-07 1.000E+00 Steady OK
     849   1 1.875E-08 1.000E+00 Steady OK
     850   1 2.035E-09 1.000E+00 Steady OK
     851   1 1.184E-09 1.000E+00 Steady OK
     852   1 5.727E-11 1.000E+00 Steady OK
 
------------------------------------------------------------------------
 
Simulation stopped:
  => Converged!
 
------------------------------------------------------------------------
 
Postprocessing output:
  => Position reaction layer      : -1.1888071E-01 cm
  => Temperature reaction layer   :  1.4549338E+03 K
  => Mass burning rate            :  1.0287330E-03 gr/(cm2s)
  => Burning velocity (unburnt)   :  9.1343679E-01 cm/s
  => Maximum temperature          :  1.6730931E+03 K
  => Minimum temperature          :  2.9999979E+02 K
  => Flame thickness (max grad T) :  7.7375097E-02 cm
  => Stoichiometric mixture frac. :  0.0000000E+00 -
  => Position stoich mixture      : -1.9159447E-01 cm
  => Temperature at stoich mixture:  4.0895363E+02 K
  => Scalar dissipation at stoich :  2.3971080E-33 1/s
 
========================================================================
 
==> LogClose : Closing logfile
