==> LogWrite : Opening logfile
 
========================================================================
 
 
OOOOOOOOOOOOOOOOOOOOOOOOOOOOOOOOOOOOOOOOOOOOOO
O                                            O
O     @@@@  @  @  @@@@  @   @    @  @@@b     O
O     @     @  @  @     @@ @@   @@  @  @     O
O     @     @@@@  @@@@  @ @ @    @  @  @     O
O     @     @  @  @     @   @    @  @  @     O
O     @@@@  @  @  @@@@  @   @    @  @@@P     O
O                                            O
O     A ONE DIMENSIONAL FLAME CODE           O
O                                            O
O     Version:                               O
O     Release: 2012-06-01 08:38:57 +0200     O
O                                            O
OOOOOOOOOOOOOOOOOOOOOOOOOOOOOOOOOOOOOOOOOOOOOO
 
 
 
* Developed at the Eindhoven University of Technology
 
* http://www.combustion.tue.nl
 
========================================================================
 
Reading CHEM1D input files
    => Start reading chemistry 
    ==> CheckTroeData : Started
    ==> CheckTroeData : Finished
    => Finished reading chemistry
    => Thermodynamical Data   [OK]
    ElementName        Mass
    1  O                 1.5999400E+01
    2  H                 1.0079700E+00
    3  C                 1.2011200E+01
    4  N                 1.4006700E+01
    5  AR                3.9948000E+01

    SpeciesName        Mass
    1  H2                2.0159400E+00
    2  H                 1.0079700E+00
    3  O                 1.5999400E+01
    4  O2                3.1998800E+01
    5  OH                1.7007370E+01
    6  H2O               1.8015340E+01
    7  HO2               3.3006770E+01
    8  CH2               1.4027140E+01
    9  CH2(S)            1.4027140E+01
   10  CH3               1.5035110E+01
   11  CH4               1.6043080E+01
   12  CO                2.8010600E+01
   13  CO2               4.4010000E+01
   14  HCO               2.9018570E+01
   15  CH2O              3.0026540E+01
   16  CH3O              3.1034510E+01
   17  C2H4              2.8054280E+01
   18  C2H5              2.9062250E+01
   19  C2H6              3.0070220E+01
   20  N                 1.4006700E+01
   21  NO                3.0006100E+01
   22  N2                2.8013400E+01
   23  AR                3.9948000E+01

    => Reactions + rate coefficients 

       (1) O + H + M = OH + M
             A =  5.000E+17  beta = -1.000E+00  Ea/R =  0.000E+00   K
      Enhanced by:
      H2          2.00
      H2O         6.00
      CH4         2.00
      CO          1.50
      CO2         2.00
      C2H6        3.00
      AR          0.70

       (2) O + H2 = H + OH
             A =  5.000E+04  beta =  2.670E+00  Ea/R =  3.167E+03   K

       (3) O + HO2 = OH + O2
             A =  2.000E+13  beta =  0.000E+00  Ea/R =  0.000E+00   K

       (4) O + CH2 = H + HCO
             A =  8.000E+13  beta =  0.000E+00  Ea/R =  0.000E+00   K

       (5) O + CH2(S) = H + HCO
             A =  1.500E+13  beta =  0.000E+00  Ea/R =  0.000E+00   K

       (6) O + CH3 = H + CH2O
             A =  8.430E+13  beta =  0.000E+00  Ea/R =  0.000E+00   K

       (7) O + CH4 = OH + CH3
             A =  1.020E+09  beta =  1.500E+00  Ea/R =  4.331E+03   K

       (8) O + CO + M = CO2 + M
             A =  6.020E+14  beta =  0.000E+00  Ea/R =  1.511E+03   K
      Enhanced by:
      H2          2.00
      O2          6.00
      H2O         6.00
      CH4         2.00
      CO          1.50
      CO2         3.50
      C2H6        3.00
      AR          0.50

       (9) O + HCO = OH + CO
             A =  3.000E+13  beta =  0.000E+00  Ea/R =  0.000E+00   K

       (10) O + HCO = H + CO2
             A =  3.000E+13  beta =  0.000E+00  Ea/R =  0.000E+00   K

       (11) O + CH2O = OH + HCO
             A =  3.900E+13  beta =  0.000E+00  Ea/R =  1.783E+03   K

       (12) O + C2H4 = CH3 + HCO
             A =  1.920E+07  beta =  1.830E+00  Ea/R =  1.108E+02   K

       (13) O + C2H5 = CH3 + CH2O
             A =  1.320E+14  beta =  0.000E+00  Ea/R =  0.000E+00   K

       (14) O + C2H6 = OH + C2H5
             A =  8.980E+07  beta =  1.920E+00  Ea/R =  2.865E+03   K

       (15) O2 + CO = O + CO2
             A =  2.500E+12  beta =  0.000E+00  Ea/R =  2.407E+04   K

       (16) O2 + CH2O = HO2 + HCO
             A =  1.000E+14  beta =  0.000E+00  Ea/R =  2.014E+04   K

       (17) H + O2 + M = HO2 + M
             A =  2.800E+18  beta = -8.600E-01  Ea/R =  0.000E+00   K
      Enhanced by:
      O2          0.00
      H2O         0.00
      CO          0.75
      CO2         1.50
      C2H6        1.50
      N2          0.00
      AR          0.00

       (18) H + O2 + O2 = HO2 + O2
             A =  3.000E+20  beta = -1.720E+00  Ea/R =  0.000E+00   K

       (19) H + O2 + H2O = HO2 + H2O
             A =  9.380E+18  beta = -7.600E-01  Ea/R =  0.000E+00   K

       (20) H + O2 + N2 = HO2 + N2
             A =  3.750E+20  beta = -1.720E+00  Ea/R =  0.000E+00   K

       (21) H + O2 + AR = HO2 + AR
             A =  7.000E+17  beta = -8.000E-01  Ea/R =  0.000E+00   K

       (22) H + O2 = O + OH
             A =  8.300E+13  beta =  0.000E+00  Ea/R =  7.258E+03   K

       (23) H + H + M = H2 + M
             A =  1.000E+18  beta = -1.000E+00  Ea/R =  0.000E+00   K
      Enhanced by:
      H2          0.00
      H2O         0.00
      CH4         2.00
      CO2         0.00
      C2H6        3.00
      AR          0.63

       (24) H + H + H2 = H2 + H2
             A =  9.000E+16  beta = -6.000E-01  Ea/R =  0.000E+00   K

       (25) H + H + H2O = H2 + H2O
             A =  6.000E+19  beta = -1.250E+00  Ea/R =  0.000E+00   K

       (26) H + H + CO2 = H2 + CO2
             A =  5.500E+20  beta = -2.000E+00  Ea/R =  0.000E+00   K

       (27) H + OH + M = H2O + M
             A =  2.200E+22  beta = -2.000E+00  Ea/R =  0.000E+00   K
      Enhanced by:
      H2          0.73
      H2O         3.65
      CH4         2.00
      C2H6        3.00
      AR          0.38

       (28) H + HO2 = O2 + H2
             A =  2.800E+13  beta =  0.000E+00  Ea/R =  5.378E+02   K

       (29) H + HO2 = OH + OH
             A =  1.340E+14  beta =  0.000E+00  Ea/R =  3.198E+02   K

       (30) H + CH2 + M = CH3 + M
             A =  2.500E+16  beta = -8.000E-01  Ea/R =  0.000E+00   K
      LOW pressure limit: 
      A =  3.200E+27  beta = -3.140E+00  Ea/R =  6.194E+02   K
      TROE centering:
          a = 0.680E+00
       T*** = 0.780E+02 K
         T* = 0.200E+04 K
        T** = 0.559E+04 K
      Enhanced by:
      H2          2.00
      H2O         6.00
      CH4         2.00
      CO          1.50
      CO2         2.00
      C2H6        3.00
      AR          0.70

       (31) H + CH3 + M = CH4 + M
             A =  1.270E+16  beta = -6.300E-01  Ea/R =  1.929E+02   K
      LOW pressure limit: 
      A =  2.477E+33  beta = -4.760E+00  Ea/R =  1.229E+03   K
      TROE centering:
          a = 0.783E+00
       T*** = 0.740E+02 K
         T* = 0.294E+04 K
        T** = 0.696E+04 K
      Enhanced by:
      H2          2.00
      H2O         6.00
      CH4         2.00
      CO          1.50
      CO2         2.00
      C2H6        3.00
      AR          0.70

       (32) H + CH4 = CH3 + H2
             A =  6.600E+08  beta =  1.620E+00  Ea/R =  5.459E+03   K

       (33) H + HCO + M = CH2O + M
             A =  1.090E+12  beta =  4.800E-01  Ea/R = -1.309E+02   K
      LOW pressure limit: 
      A =  1.350E+24  beta = -2.570E+00  Ea/R =  7.176E+02   K
      TROE centering:
          a = 0.782E+00
       T*** = 0.271E+03 K
         T* = 0.276E+04 K
        T** = 0.657E+04 K
      Enhanced by:
      H2          2.00
      H2O         6.00
      CH4         2.00
      CO          1.50
      CO2         2.00
      C2H6        3.00
      AR          0.70

       (34) H + HCO = H2 + CO
             A =  7.340E+13  beta =  0.000E+00  Ea/R =  0.000E+00   K

       (35) H + CH2O + M = CH3O + M
             A =  5.400E+11  beta =  4.540E-01  Ea/R =  1.309E+03   K
      LOW pressure limit: 
      A =  2.200E+30  beta = -4.800E+00  Ea/R =  2.800E+03   K
      TROE centering:
          a = 0.758E+00
       T*** = 0.940E+02 K
         T* = 0.156E+04 K
        T** = 0.420E+04 K
      Enhanced by:
      H2          2.00
      H2O         6.00
      CH4         2.00
      CO          1.50
      CO2         2.00
      C2H6        3.00

       (36) H + CH2O = HCO + H2
             A =  2.300E+10  beta =  1.050E+00  Ea/R =  1.649E+03   K

       (37) H + CH3O = OH + CH3
             A =  3.200E+13  beta =  0.000E+00  Ea/R =  0.000E+00   K

       (38) H + C2H4 + M = C2H5 + M
             A =  1.080E+12  beta =  4.540E-01  Ea/R =  9.165E+02   K
      LOW pressure limit: 
      A =  1.200E+42  beta = -7.620E+00  Ea/R =  3.510E+03   K
      TROE centering:
          a = 0.975E+00
       T*** = 0.210E+03 K
         T* = 0.984E+03 K
        T** = 0.437E+04 K
      Enhanced by:
      H2          2.00
      H2O         6.00
      CH4         2.00
      CO          1.50
      CO2         2.00
      C2H6        3.00
      AR          0.70

       (39) H + C2H5 + M = C2H6 + M
             A =  5.210E+17  beta = -9.900E-01  Ea/R =  7.956E+02   K
      LOW pressure limit: 
      A =  1.990E+41  beta = -7.080E+00  Ea/R =  3.366E+03   K
      TROE centering:
          a = 0.842E+00
       T*** = 0.125E+03 K
         T* = 0.222E+04 K
        T** = 0.688E+04 K
      Enhanced by:
      H2          2.00
      H2O         6.00
      CH4         2.00
      CO          1.50
      CO2         2.00
      C2H6        3.00
      AR          0.70

       (40) H + C2H6 = C2H5 + H2
             A =  1.150E+08  beta =  1.900E+00  Ea/R =  3.792E+03   K

       (41) H2 + CO + M = CH2O + M
             A =  4.300E+07  beta =  1.500E+00  Ea/R =  4.008E+04   K
      LOW pressure limit: 
      A =  5.070E+27  beta = -3.420E+00  Ea/R =  4.248E+04   K
      TROE centering:
          a = 0.932E+00
       T*** = 0.197E+03 K
         T* = 0.154E+04 K
        T** = 0.103E+05 K
      Enhanced by:
      H2          2.00
      H2O         6.00
      CH4         2.00
      CO          1.50
      CO2         2.00
      C2H6        3.00
      AR          0.70

       (42) OH + H2 = H + H2O
             A =  2.160E+08  beta =  1.510E+00  Ea/R =  1.727E+03   K

       (43) OH + OH = O + H2O
             A =  3.570E+04  beta =  2.400E+00  Ea/R = -1.063E+03   K

       (44) OH + HO2 = O2 + H2O
             A =  2.900E+13  beta =  0.000E+00  Ea/R = -2.518E+02   K

       (45) OH + CH2 = H + CH2O
             A =  2.000E+13  beta =  0.000E+00  Ea/R =  0.000E+00   K

       (46) OH + CH2(S) = H + CH2O
             A =  3.000E+13  beta =  0.000E+00  Ea/R =  0.000E+00   K

       (47) OH + CH3 = CH2 + H2O
             A =  5.600E+07  beta =  1.600E+00  Ea/R =  2.729E+03   K

       (48) OH + CH3 = CH2(S) + H2O
             A =  2.501E+13  beta =  0.000E+00  Ea/R =  0.000E+00   K

       (49) OH + CH4 = CH3 + H2O
             A =  1.000E+08  beta =  1.600E+00  Ea/R =  1.571E+03   K

       (50) OH + CO = H + CO2
             A =  4.760E+07  beta =  1.228E+00  Ea/R =  3.525E+01   K

       (51) OH + HCO = H2O + CO
             A =  5.000E+13  beta =  0.000E+00  Ea/R =  0.000E+00   K

       (52) OH + CH2O = HCO + H2O
             A =  3.430E+09  beta =  1.180E+00  Ea/R = -2.251E+02   K

       (53) OH + C2H6 = C2H5 + H2O
             A =  3.540E+06  beta =  2.120E+00  Ea/R =  4.381E+02   K

       (54) HO2 + CH2 = OH + CH2O
             A =  2.000E+13  beta =  0.000E+00  Ea/R =  0.000E+00   K

       (55) HO2 + CH3 = O2 + CH4
             A =  1.000E+12  beta =  0.000E+00  Ea/R =  0.000E+00   K

       (56) HO2 + CH3 = OH + CH3O
             A =  2.000E+13  beta =  0.000E+00  Ea/R =  0.000E+00   K

       (57) HO2 + CO = OH + CO2
             A =  1.500E+14  beta =  0.000E+00  Ea/R =  1.188E+04   K

       (58) CH2 + O2 = OH + HCO
             A =  1.320E+13  beta =  0.000E+00  Ea/R =  7.553E+02   K

       (59) CH2 + H2 = H + CH3
             A =  5.000E+05  beta =  2.000E+00  Ea/R =  3.641E+03   K

       (60) CH2 + CH3 = H + C2H4
             A =  4.000E+13  beta =  0.000E+00  Ea/R =  0.000E+00   K

       (61) CH2 + CH4 = CH3 + CH3
             A =  2.460E+06  beta =  2.000E+00  Ea/R =  4.164E+03   K

       (62) CH2(S) + N2 = CH2 + N2
             A =  1.500E+13  beta =  0.000E+00  Ea/R =  3.021E+02   K

       (63) CH2(S) + AR = CH2 + AR
             A =  9.000E+12  beta =  0.000E+00  Ea/R =  3.021E+02   K

       (64) CH2(S) + O2 = H + OH + CO
             A =  2.800E+13  beta =  0.000E+00  Ea/R =  0.000E+00   K

       (65) CH2(S) + O2 = CO + H2O
             A =  1.200E+13  beta =  0.000E+00  Ea/R =  0.000E+00   K

       (66) CH2(S) + H2 = CH3 + H
             A =  7.000E+13  beta =  0.000E+00  Ea/R =  0.000E+00   K

       (67) CH2(S) + H2O = CH2 + H2O
             A =  3.000E+13  beta =  0.000E+00  Ea/R =  0.000E+00   K

       (68) CH2(S) + CH3 = H + C2H4
             A =  1.200E+13  beta =  0.000E+00  Ea/R = -2.870E+02   K

       (69) CH2(S) + CH4 = CH3 + CH3
             A =  1.600E+13  beta =  0.000E+00  Ea/R = -2.870E+02   K

       (70) CH2(S) + CO = CH2 + CO
             A =  9.000E+12  beta =  0.000E+00  Ea/R =  0.000E+00   K

       (71) CH2(S) + CO2 = CH2 + CO2
             A =  7.000E+12  beta =  0.000E+00  Ea/R =  0.000E+00   K

       (72) CH2(S) + CO2 = CO + CH2O
             A =  1.400E+13  beta =  0.000E+00  Ea/R =  0.000E+00   K

       (73) CH3 + O2 = O + CH3O
             A =  2.675E+13  beta =  0.000E+00  Ea/R =  1.450E+04   K

       (74) CH3 + O2 = OH + CH2O
             A =  3.600E+10  beta =  0.000E+00  Ea/R =  4.502E+03   K

       (75) CH3 + CH3 + M = C2H6 + M
             A =  2.120E+16  beta = -9.700E-01  Ea/R =  3.122E+02   K
      LOW pressure limit: 
      A =  1.770E+50  beta = -9.670E+00  Ea/R =  3.132E+03   K
      TROE centering:
          a = 0.532E+00
       T*** = 0.151E+03 K
         T* = 0.104E+04 K
        T** = 0.497E+04 K
      Enhanced by:
      H2          2.00
      H2O         6.00
      CH4         2.00
      CO          1.50
      CO2         2.00
      C2H6        3.00
      AR          0.70

       (76) CH3 + CH3 = H + C2H5
             A =  4.990E+12  beta =  1.000E-01  Ea/R =  5.338E+03   K

       (77) CH3 + HCO = CH4 + CO
             A =  2.648E+13  beta =  0.000E+00  Ea/R =  0.000E+00   K

       (78) CH3 + CH2O = HCO + CH4
             A =  3.320E+03  beta =  2.810E+00  Ea/R =  2.951E+03   K

       (79) CH3 + C2H6 = C2H5 + CH4
             A =  6.140E+06  beta =  1.740E+00  Ea/R =  5.262E+03   K

       (80) HCO + H2O = H + CO + H2O
             A =  2.244E+18  beta = -1.000E+00  Ea/R =  8.561E+03   K

       (81) HCO + M = H + CO + M
             A =  1.870E+17  beta = -1.000E+00  Ea/R =  8.561E+03   K
      Enhanced by:
      H2          2.00
      H2O         0.00
      CH4         2.00
      CO          1.50
      CO2         2.00
      C2H6        3.00

       (82) HCO + O2 = HO2 + CO
             A =  7.600E+12  beta =  0.000E+00  Ea/R =  2.014E+02   K

       (83) CH3O + O2 = HO2 + CH2O
             A =  4.280E-13  beta =  7.600E+00  Ea/R = -1.778E+03   K

       (84) C2H5 + O2 = HO2 + C2H4
             A =  8.400E+11  beta =  0.000E+00  Ea/R =  1.951E+03   K

       (85) N + NO = N2 + O
             A =  2.700E+13  beta =  0.000E+00  Ea/R =  1.788E+02   K

       (86) N + O2 = NO + O
             A =  9.000E+09  beta =  1.000E+00  Ea/R =  3.273E+03   K

       (87) N + OH = NO + H
             A =  3.360E+13  beta =  0.000E+00  Ea/R =  1.939E+02   K

    => Defaultsfile           [OK]
    => Settingsfile           [OK]
    => Commandline options    [OK]
    => Start reading .chm file
        [MSG] Transport parameters    [OK]
        [MSG] Conductivity parameters [OK]
        [MSG] Viscosity parameters    [OK]
        [MSG] Difusivity parameters   [OK]
        [MSG] Thermal parameters      [OK]
    => Reading .chm file      [OK]
    => CHEM1D datafile        [OK]
    => Setting grid weights :
        DENSITY            1.00000
        TEMP               1.00000
        CH4                1.00000
        HEATREL            1.00000
 
 
------------------------------------------------------------------------
 
Simulation settings:
    => Counterflow flame
    => Stationary solution
    => Detailed chemistry model
    => Mixture averaged diffusion model
    => No radiation model
    => No model for heat exchanger
 
------------------------------------------------------------------------
 
Variables:
       Name              BC_Left      BC_Right     Unit
  1) * H2                0.00000E+00  0.00000E+00  Mass frac.
  2) * H                 0.00000E+00  0.00000E+00  Mass frac.
  3) * O                 0.00000E+00  0.00000E+00  Mass frac.
  4) * O2                2.26592E-01  9.06365E-02  Mass frac.
  5) * OH                0.00000E+00  0.00000E+00  Mass frac.
  6) * H2O               0.00000E+00  7.65426E-02  Mass frac.
  7) * HO2               0.00000E+00  0.00000E+00  Mass frac.
  8) * CH2               0.00000E+00  0.00000E+00  Mass frac.
  9) * CH2(S)            0.00000E+00  0.00000E+00  Mass frac.
 10) * CH3               0.00000E+00  0.00000E+00  Mass frac.
 11) * CH4               3.40818E-02  0.00000E+00  Mass frac.
 12) * CO                0.00000E+00  0.00000E+00  Mass frac.
 13) * CO2               0.00000E+00  9.34944E-02  Mass frac.
 14) * HCO               0.00000E+00  0.00000E+00  Mass frac.
 15) * CH2O              0.00000E+00  0.00000E+00  Mass frac.
 16) * CH3O              0.00000E+00  0.00000E+00  Mass frac.
 17) * C2H4              0.00000E+00  0.00000E+00  Mass frac.
 18) * C2H5              0.00000E+00  0.00000E+00  Mass frac.
 19) * C2H6              0.00000E+00  0.00000E+00  Mass frac.
 20) * N                 0.00000E+00  0.00000E+00  Mass frac.
 21) * NO                0.00000E+00  0.00000E+00  Mass frac.
 22) * N2                7.39326E-01  7.39326E-01  Mass frac.
 23) * AR                0.00000E+00  0.00000E+00  Mass frac.
 24) * Temp              3.00000E+02  1.66600E+03  K
 25) * Massflow          1.35147E-02  2.43361E-03  gr/(cm2 s)
 26) * Enthalpy         -1.56496E+02 -1.73365E+02  J/gr
 27) * MixFrac           1.00000E+00  1.00000E+00  -
 28) * Stretch           8.52942E+01  2.01000E+02  1/s
 29)   Press             1.00000E+05  1.00000E+05  Pa
 30)   Density           1.12622E-03  2.02801E-04  gr/cm3
 31)   MeanMass          2.80918E+01  2.80918E+01  gr/mol
 32)   Surface           0.00000E+00  0.00000E+00  cm2
 33)   Porosity          0.00000E+00  0.00000E+00  -
 34)   Tsolid            0.00000E+00  0.00000E+00  K
 35)   HeatRel           0.00000E+00  0.00000E+00  J/(cm3 s)
 36)   Dissipation       0.00000E+00  0.00000E+00  -
 
------------------------------------------------------------------------
 
       0 --- --------- --------- Start solver
       1 --- --------- --------- Regridding
       1 --- --------- --------- Jacobian 00001
       1   3 2.465E-06 2.500E-01 Steady OK
       2   6 2.604E-06 1.563E-02 Steady OK
       3   2 2.762E-06 1.563E-02 Steady OK
       4   2 2.937E-06 1.563E-02 Steady OK
       5   2 3.129E-06 1.563E-02 Steady OK
       6   2 3.337E-06 1.563E-02 Steady OK
       7   2 3.559E-06 1.563E-02 Steady OK
       8   2 3.796E-06 1.563E-02 Steady OK
       9   2 4.047E-06 1.563E-02 Steady OK
      10   2 4.310E-06 1.563E-02 Steady OK
      11   2 4.586E-06 1.563E-02 Steady OK
      12   2 4.873E-06 1.563E-02 Steady OK
      13   2 5.172E-06 1.563E-02 Steady OK
      14   2 5.481E-06 1.563E-02 Steady OK
      15   2 5.801E-06 1.563E-02 Steady OK
      16   2 6.130E-06 1.563E-02 Steady OK
      17   2 6.469E-06 1.563E-02 Steady OK
      18   2 6.817E-06 1.563E-02 Steady OK
      19   2 7.174E-06 1.563E-02 Steady OK
      20   2 7.540E-06 1.563E-02 Steady OK
      21   2 7.914E-06 1.563E-02 Steady OK
      22   1 8.693E-06 3.125E-02 Steady OK
      23 --- --------- --------- Regridding
      23 --- --------- --------- Jacobian 00002
      23   3 1.805E-03 2.500E-01 Steady OK
      24   7 1.817E-03 3.906E-03 Steady Fail
      25 --- --------- --------- Regridding
      25 --- --------- --------- Jacobian 00003
      25   3 1.725E-03 2.500E-01 Steady OK
      26   7 1.737E-03 3.906E-03 Steady Fail
      27 --- --------- --------- Regridding
      27 --- --------- --------- Jacobian 00004
      27   3 1.654E-03 2.500E-01 Steady OK
      28   7 1.666E-03 3.906E-03 Steady Fail
      29 --- --------- --------- Regridding
      29 --- --------- --------- Jacobian 00005
      29   3 1.588E-03 2.500E-01 Steady OK
      30   7 1.600E-03 3.906E-03 Steady Fail
      31 --- --------- --------- Regridding
      31 --- --------- --------- Jacobian 00006
      31   3 1.531E-03 2.500E-01 Steady OK
      32   7 1.543E-03 3.906E-03 Steady Fail
      33 --- --------- --------- Regridding
      33 --- --------- --------- Jacobian 00007
      33   3 1.477E-03 2.500E-01 Steady OK
      34   7 1.488E-03 3.906E-03 Steady Fail
      35 --- --------- --------- Regridding
      35 --- --------- --------- Jacobian 00008
      35   3 1.421E-03 2.500E-01 Steady OK
      36   7 1.432E-03 3.906E-03 Steady Fail
      37 --- --------- --------- Regridding
      37 --- --------- --------- Jacobian 00009
      37   3 1.363E-03 2.500E-01 Steady OK
      38   7 1.373E-03 3.906E-03 Steady Fail
      39 --- --------- --------- Regridding
      39 --- --------- --------- Jacobian 00010
      39   3 1.304E-03 2.500E-01 Steady OK
      40   7 1.314E-03 3.906E-03 Steady Fail
      41 --- --------- --------- Regridding
      41 --- --------- --------- Jacobian 00011
      41   3 1.244E-03 2.500E-01 Steady OK
      42   7 1.254E-03 3.906E-03 Steady Fail
      43 --- --------- --------- Regridding
      43 --- --------- --------- Jacobian 00012
      43   3 1.183E-03 2.500E-01 Steady OK
      44   7 1.192E-03 3.906E-03 Steady Fail
      45 --- --------- --------- Regridding
      45 --- --------- --------- Jacobian 00013
      45   3 1.122E-03 2.500E-01 Steady OK
      46   7 1.130E-03 3.906E-03 Steady Fail
      47 --- --------- --------- Regridding
      47 --- --------- --------- Jacobian 00014
      47   3 1.061E-03 2.500E-01 Steady OK
      48   7 1.069E-03 3.906E-03 Steady Fail
      49 --- --------- --------- Regridding
      49 --- --------- --------- Jacobian 00015
      49   3 1.001E-03 2.500E-01 Steady OK
      50   7 1.008E-03 3.906E-03 Steady Fail
      51 --- --------- --------- Regridding
      51 --- --------- --------- Jacobian 00016
      51   3 9.428E-04 2.500E-01 Steady OK
      52   7 9.494E-04 3.906E-03 Steady Fail
      53 --- --------- --------- Regridding
      53 --- --------- --------- Jacobian 00017
      53   3 8.860E-04 2.500E-01 Steady OK
      54   7 8.921E-04 3.906E-03 Steady Fail
      55 --- --------- --------- Regridding
      55 --- --------- --------- Jacobian 00018
      55   3 8.309E-04 2.500E-01 Steady OK
      56   7 8.364E-04 3.906E-03 Steady Fail
      57 --- --------- --------- Regridding
      57 --- --------- --------- Jacobian 00019
      57   3 7.778E-04 2.500E-01 Steady OK
      58   7 7.830E-04 3.906E-03 Steady Fail
      59 --- --------- --------- Regridding
      59 --- --------- --------- Jacobian 00020
      59   3 7.271E-04 2.500E-01 Steady OK
      60   7 7.319E-04 3.906E-03 Steady Fail
      61 --- --------- --------- Regridding
      61 --- --------- --------- Jacobian 00021
      61   3 6.785E-04 2.500E-01 Steady OK
      62   7 6.828E-04 3.906E-03 Steady Fail
      63 --- --------- --------- Regridding
      63 --- --------- --------- Jacobian 00022
      63   3 6.320E-04 2.500E-01 Steady OK
      64   7 6.359E-04 3.906E-03 Steady Fail
      65 --- --------- --------- Regridding
      65 --- --------- --------- Jacobian 00023
      65   3 5.877E-04 2.500E-01 Steady OK
      66   7 5.913E-04 3.906E-03 Steady Fail
      67 --- --------- --------- Regridding
      67 --- --------- --------- Jacobian 00024
      67   3 5.455E-04 2.500E-01 Steady OK
      68   7 5.487E-04 3.906E-03 Steady Fail
      69 --- --------- --------- Regridding
      69 --- --------- --------- Jacobian 00025
      69   3 5.053E-04 2.500E-01 Steady OK
      70   7 5.082E-04 3.906E-03 Steady Fail
      71 --- --------- --------- Regridding
      71 --- --------- --------- Jacobian 00026
      71   3 4.670E-04 2.500E-01 Steady OK
      72   7 4.696E-04 3.906E-03 Steady Fail
      73 --- --------- --------- Regridding
      73 --- --------- --------- Jacobian 00027
      73   3 4.303E-04 2.500E-01 Steady OK
      74   7 4.326E-04 3.906E-03 Steady Fail
      75 --- --------- --------- Regridding
      75 --- --------- --------- Jacobian 00028
      75   3 3.949E-04 2.500E-01 Steady OK
      76   7 3.970E-04 3.906E-03 Steady Fail
      77 --- --------- --------- Regridding
      77 --- --------- --------- Jacobian 00029
      77   3 3.605E-04 2.500E-01 Steady OK
      78   7 3.623E-04 3.906E-03 Steady Fail
      79 --- --------- --------- Regridding
      79 --- --------- --------- Jacobian 00030
      79   3 3.265E-04 2.500E-01 Steady OK
      80   7 3.281E-04 3.906E-03 Steady Fail
      81 --- --------- --------- Regridding
      81 --- --------- --------- Jacobian 00031
      81   3 2.937E-04 2.500E-01 Steady OK
      82   7 2.952E-04 3.906E-03 Steady Fail
      83 --- --------- --------- Regridding
      83 --- --------- --------- Jacobian 00032
      83   3 2.627E-04 2.500E-01 Steady OK
      84   7 2.640E-04 3.906E-03 Steady Fail
      85 --- --------- --------- Regridding
      85 --- --------- --------- Jacobian 00033
      85   3 2.334E-04 2.500E-01 Steady OK
      86   7 2.345E-04 3.906E-03 Steady Fail
      87 --- --------- --------- Regridding
      87 --- --------- --------- Jacobian 00034
      87   3 2.063E-04 2.500E-01 Steady OK
      88   7 2.073E-04 3.906E-03 Steady Fail
      89 --- --------- --------- Regridding
      89 --- --------- --------- Jacobian 00035
      89   3 1.815E-04 2.500E-01 Steady OK
      90   7 1.824E-04 3.906E-03 Steady Fail
      91 --- --------- --------- Regridding
      91 --- --------- --------- Jacobian 00036
      91   3 1.591E-04 2.500E-01 Steady OK
      92   7 1.598E-04 3.906E-03 Steady Fail
      93 --- --------- --------- Regridding
      93 --- --------- --------- Jacobian 00037
      93   3 1.391E-04 2.500E-01 Steady OK
      94   7 1.397E-04 3.906E-03 Steady Fail
      95 --- --------- --------- Regridding
      95 --- --------- --------- Jacobian 00038
      95   3 1.214E-04 2.500E-01 Steady OK
      96   7 1.219E-04 3.906E-03 Steady Fail
      97 --- --------- --------- Regridding
      97 --- --------- --------- Jacobian 00039
      97   3 1.061E-04 2.500E-01 Steady OK
      98   7 1.065E-04 3.906E-03 Steady Fail
      99 --- --------- --------- Regridding
      99 --- --------- --------- Jacobian 00040
      99   3 9.321E-05 2.500E-01 Steady OK
     100   4 9.604E-05 6.250E-02 Steady OK
     101   3 9.880E-05 3.125E-02 Steady OK
     102   4 9.962E-05 7.813E-03 Steady OK
     103   2 1.005E-04 3.906E-03 Steady Fail
     104 --- --------- --------- Regridding
     104 --- --------- --------- Jacobian 00041
     104   3 9.042E-05 2.500E-01 Steady OK
     105   3 9.802E-05 1.250E-01 Steady OK
     106   5 9.978E-05 1.563E-02 Steady OK
     107   3 1.007E-04 3.906E-03 Steady Fail
     108 --- --------- --------- Regridding
     108 --- --------- --------- Jacobian 00042
     108   3 8.790E-05 2.500E-01 Steady OK
     109   3 9.336E-05 1.250E-01 Steady OK
     110   3 9.987E-05 6.250E-02 Steady OK
     111   5 1.008E-04 3.906E-03 Steady Fail
     112 --- --------- --------- Regridding
     112 --- --------- --------- Jacobian 00043
     112   3 8.526E-05 2.500E-01 Steady OK
     113   3 8.855E-05 1.250E-01 Steady OK
     114   3 9.324E-05 6.250E-02 Steady OK
     115   2 9.993E-05 6.250E-02 Steady OK
     116   5 1.009E-04 3.906E-03 Steady Fail
     117 --- --------- --------- Regridding
     117 --- --------- --------- Jacobian 00044
     117   2 9.264E-05 5.000E-01 Steady OK
     118   5 9.951E-05 6.250E-02 Steady OK
     119   5 1.004E-04 3.906E-03 Steady Fail
     120 --- --------- --------- Regridding
     120 --- --------- --------- Jacobian 00045
     120   2 8.240E-05 5.000E-01 Steady OK
     121   5 8.720E-05 6.250E-02 Steady OK
     122   2 9.294E-05 6.250E-02 Steady OK
     123   2 9.951E-05 6.250E-02 Steady OK
     124   5 1.004E-04 3.906E-03 Steady Fail
     125 --- --------- --------- Regridding
     125 --- --------- --------- Jacobian 00046
     125   2 7.330E-05 5.000E-01 Steady OK
     126   4 7.979E-05 1.250E-01 Steady OK
     127   3 8.390E-05 6.250E-02 Steady OK
     128   2 8.859E-05 6.250E-02 Steady OK
     129   2 9.377E-05 6.250E-02 Steady OK
     130   2 9.938E-05 6.250E-02 Steady OK
     131   5 1.001E-04 3.906E-03 Steady Fail
     132 --- --------- --------- Regridding
     132 --- --------- --------- Jacobian 00047
     132   1 9.372E-05 1.000E+00 Steady OK
     133   5 9.769E-05 6.250E-02 Steady OK
     134   3 9.966E-05 3.125E-02 Steady OK
     135   4 1.001E-04 3.906E-03 Steady Fail
     136 --- --------- --------- Regridding
     136 --- --------- --------- Jacobian 00048
     136   1 5.712E-05 1.000E+00 Steady OK
     137   4 6.212E-05 1.250E-01 Steady OK
     138   2 6.729E-05 1.250E-01 Steady OK
     139   2 7.253E-05 1.250E-01 Steady OK
     140   2 7.776E-05 1.250E-01 Steady OK
     141   2 8.289E-05 1.250E-01 Steady OK
     142   2 8.788E-05 1.250E-01 Steady OK
     143   2 9.267E-05 1.250E-01 Steady OK
     144   2 9.723E-05 1.250E-01 Steady OK
     145   3 9.929E-05 6.250E-02 Steady OK
     146   4 9.977E-05 1.563E-02 Steady OK
     147   3 1.000E-04 3.906E-03 Steady Fail
     148 --- --------- --------- Regridding
     148 --- --------- --------- Jacobian 00049
     148   1 2.252E-05 1.000E+00 Steady OK
     149   4 2.448E-05 1.250E-01 Steady OK
     150   2 2.650E-05 1.250E-01 Steady OK
     151   2 2.855E-05 1.250E-01 Steady OK
     152   2 3.059E-05 1.250E-01 Steady OK
     153   2 3.259E-05 1.250E-01 Steady OK
     154   2 3.453E-05 1.250E-01 Steady OK
     155   2 3.639E-05 1.250E-01 Steady OK
     156   2 3.817E-05 1.250E-01 Steady OK
     157   1 4.180E-05 2.500E-01 Steady OK
     158   2 4.486E-05 2.500E-01 Steady OK
     159   2 4.735E-05 2.500E-01 Steady OK
     160   1 5.206E-05 5.000E-01 Steady OK
     161   2 5.393E-05 5.000E-01 Steady OK
     162   1 5.578E-05 1.000E+00 Steady OK
     163   1 4.839E-05 1.000E+00 Steady OK
     164   1 4.049E-05 1.000E+00 Steady OK
     165   1 3.303E-05 1.000E+00 Steady OK
     166   1 2.647E-05 1.000E+00 Steady OK
     167   1 2.095E-05 1.000E+00 Steady OK
     168   1 1.643E-05 1.000E+00 Steady OK
     169   1 1.280E-05 1.000E+00 Steady OK
     170 --- --------- --------- Regridding
     170 --- --------- --------- Jacobian 00050
     170   1 3.013E-07 1.000E+00 Steady OK
     171   4 3.237E-07 1.250E-01 Steady OK
     172   2 3.476E-07 1.250E-01 Steady OK
     173   2 3.721E-07 1.250E-01 Steady OK
     174   2 3.966E-07 1.250E-01 Steady OK
     175   2 4.207E-07 1.250E-01 Steady OK
     176   2 4.439E-07 1.250E-01 Steady OK
     177   2 4.662E-07 1.250E-01 Steady OK
     178   1 5.121E-07 2.500E-01 Steady OK
     179   2 5.508E-07 2.500E-01 Steady OK
     180   2 5.823E-07 2.500E-01 Steady OK
     181   2 6.069E-07 2.500E-01 Steady OK
     182   1 6.528E-07 5.000E-01 Steady OK
     183   1 7.096E-07 1.000E+00 Steady OK
     184   1 6.265E-07 1.000E+00 Steady OK
     185   1 5.325E-07 1.000E+00 Steady OK
     186   1 4.406E-07 1.000E+00 Steady OK
     187   1 3.580E-07 1.000E+00 Steady OK
     188   1 2.871E-07 1.000E+00 Steady OK
     189   1 2.281E-07 1.000E+00 Steady OK
     190   1 1.801E-07 1.000E+00 Steady OK
     191   1 1.414E-07 1.000E+00 Steady OK
     192 --- --------- --------- Regridding
     192 --- --------- --------- Jacobian 00051
     192   1 1.649E-08 1.000E+00 Steady OK
     193   1 1.189E-08 1.000E+00 Steady OK
     194   8 1.188E-08 3.906E-03 Steady Fail
     195 --- --------- --------- Regridding
     195 --- --------- --------- Jacobian 00052
     195   1 5.744E-08 1.000E+00 Steady OK
     196   1 1.155E-09 1.000E+00 Steady OK
     197   1 3.077E-10 1.000E+00 Steady OK
     198   1 1.953E-10 1.000E+00 Steady OK
     199   1 1.438E-10 1.000E+00 Steady OK
     200   1 1.114E-10 1.000E+00 Steady OK
     201   1 8.621E-11 1.000E+00 Steady OK
 
------------------------------------------------------------------------
 
Simulation stopped:
  => Converged!
 
------------------------------------------------------------------------
 
Postprocessing output:
  => Position reaction layer      : -3.8217679E-01 cm
  => Temperature reaction layer   :  1.4511860E+03 K
  => Mass burning rate            :  9.2026716E-03 gr/(cm2s)
  => Burning velocity (unburnt)   :  8.1712739E+00 cm/s
  => Maximum temperature          :  1.6905272E+03 K
  => Minimum temperature          :  3.0000000E+02 K
  => Flame thickness (max grad T) :  8.1282505E-02 cm
  => Stoichiometric mixture frac. :  0.0000000E+00 -
  => Position stoich mixture      : -3.9863129E-01 cm
  => Temperature at stoich mixture:  1.2141580E+03 K
  => Scalar dissipation at stoich :  0.0000000E+00 1/s
 
========================================================================
 
==> LogClose : Closing logfile
