==> LogWrite : Opening logfile
 
========================================================================
 
 
OOOOOOOOOOOOOOOOOOOOOOOOOOOOOOOOOOOOOOOOOOOOOO
O                                            O
O     @@@@  @  @  @@@@  @   @    @  @@@b     O
O     @     @  @  @     @@ @@   @@  @  @     O
O     @     @@@@  @@@@  @ @ @    @  @  @     O
O     @     @  @  @     @   @    @  @  @     O
O     @@@@  @  @  @@@@  @   @    @  @@@P     O
O                                            O
O     A ONE DIMENSIONAL FLAME CODE           O
O                                            O
O     Version:                               O
O     Release: 2012-06-01 08:38:57 +0200     O
O                                            O
OOOOOOOOOOOOOOOOOOOOOOOOOOOOOOOOOOOOOOOOOOOOOO
 
 
 
* Developed at the Eindhoven University of Technology
 
* http://www.combustion.tue.nl
 
========================================================================
 
Reading CHEM1D input files
    => Start reading chemistry 
    ==> CheckTroeData : Started
    ==> CheckTroeData : Finished
    => Finished reading chemistry
    => Thermodynamical Data   [OK]
    ElementName        Mass
    1  O                 1.5999400E+01
    2  H                 1.0079700E+00
    3  C                 1.2011200E+01
    4  N                 1.4006700E+01
    5  AR                3.9948000E+01

    SpeciesName        Mass
    1  H2                2.0159400E+00
    2  H                 1.0079700E+00
    3  O                 1.5999400E+01
    4  O2                3.1998800E+01
    5  OH                1.7007370E+01
    6  H2O               1.8015340E+01
    7  HO2               3.3006770E+01
    8  CH2               1.4027140E+01
    9  CH2(S)            1.4027140E+01
   10  CH3               1.5035110E+01
   11  CH4               1.6043080E+01
   12  CO                2.8010600E+01
   13  CO2               4.4010000E+01
   14  HCO               2.9018570E+01
   15  CH2O              3.0026540E+01
   16  CH3O              3.1034510E+01
   17  C2H4              2.8054280E+01
   18  C2H5              2.9062250E+01
   19  C2H6              3.0070220E+01
   20  N                 1.4006700E+01
   21  NO                3.0006100E+01
   22  N2                2.8013400E+01
   23  AR                3.9948000E+01

    => Reactions + rate coefficients 

       (1) O + H + M = OH + M
             A =  5.000E+17  beta = -1.000E+00  Ea/R =  0.000E+00   K
      Enhanced by:
      H2          2.00
      H2O         6.00
      CH4         2.00
      CO          1.50
      CO2         2.00
      C2H6        3.00
      AR          0.70

       (2) O + H2 = H + OH
             A =  5.000E+04  beta =  2.670E+00  Ea/R =  3.167E+03   K

       (3) O + HO2 = OH + O2
             A =  2.000E+13  beta =  0.000E+00  Ea/R =  0.000E+00   K

       (4) O + CH2 = H + HCO
             A =  8.000E+13  beta =  0.000E+00  Ea/R =  0.000E+00   K

       (5) O + CH2(S) = H + HCO
             A =  1.500E+13  beta =  0.000E+00  Ea/R =  0.000E+00   K

       (6) O + CH3 = H + CH2O
             A =  8.430E+13  beta =  0.000E+00  Ea/R =  0.000E+00   K

       (7) O + CH4 = OH + CH3
             A =  1.020E+09  beta =  1.500E+00  Ea/R =  4.331E+03   K

       (8) O + CO + M = CO2 + M
             A =  6.020E+14  beta =  0.000E+00  Ea/R =  1.511E+03   K
      Enhanced by:
      H2          2.00
      O2          6.00
      H2O         6.00
      CH4         2.00
      CO          1.50
      CO2         3.50
      C2H6        3.00
      AR          0.50

       (9) O + HCO = OH + CO
             A =  3.000E+13  beta =  0.000E+00  Ea/R =  0.000E+00   K

       (10) O + HCO = H + CO2
             A =  3.000E+13  beta =  0.000E+00  Ea/R =  0.000E+00   K

       (11) O + CH2O = OH + HCO
             A =  3.900E+13  beta =  0.000E+00  Ea/R =  1.783E+03   K

       (12) O + C2H4 = CH3 + HCO
             A =  1.920E+07  beta =  1.830E+00  Ea/R =  1.108E+02   K

       (13) O + C2H5 = CH3 + CH2O
             A =  1.320E+14  beta =  0.000E+00  Ea/R =  0.000E+00   K

       (14) O + C2H6 = OH + C2H5
             A =  8.980E+07  beta =  1.920E+00  Ea/R =  2.865E+03   K

       (15) O2 + CO = O + CO2
             A =  2.500E+12  beta =  0.000E+00  Ea/R =  2.407E+04   K

       (16) O2 + CH2O = HO2 + HCO
             A =  1.000E+14  beta =  0.000E+00  Ea/R =  2.014E+04   K

       (17) H + O2 + M = HO2 + M
             A =  2.800E+18  beta = -8.600E-01  Ea/R =  0.000E+00   K
      Enhanced by:
      O2          0.00
      H2O         0.00
      CO          0.75
      CO2         1.50
      C2H6        1.50
      N2          0.00
      AR          0.00

       (18) H + O2 + O2 = HO2 + O2
             A =  3.000E+20  beta = -1.720E+00  Ea/R =  0.000E+00   K

       (19) H + O2 + H2O = HO2 + H2O
             A =  9.380E+18  beta = -7.600E-01  Ea/R =  0.000E+00   K

       (20) H + O2 + N2 = HO2 + N2
             A =  3.750E+20  beta = -1.720E+00  Ea/R =  0.000E+00   K

       (21) H + O2 + AR = HO2 + AR
             A =  7.000E+17  beta = -8.000E-01  Ea/R =  0.000E+00   K

       (22) H + O2 = O + OH
             A =  8.300E+13  beta =  0.000E+00  Ea/R =  7.258E+03   K

       (23) H + H + M = H2 + M
             A =  1.000E+18  beta = -1.000E+00  Ea/R =  0.000E+00   K
      Enhanced by:
      H2          0.00
      H2O         0.00
      CH4         2.00
      CO2         0.00
      C2H6        3.00
      AR          0.63

       (24) H + H + H2 = H2 + H2
             A =  9.000E+16  beta = -6.000E-01  Ea/R =  0.000E+00   K

       (25) H + H + H2O = H2 + H2O
             A =  6.000E+19  beta = -1.250E+00  Ea/R =  0.000E+00   K

       (26) H + H + CO2 = H2 + CO2
             A =  5.500E+20  beta = -2.000E+00  Ea/R =  0.000E+00   K

       (27) H + OH + M = H2O + M
             A =  2.200E+22  beta = -2.000E+00  Ea/R =  0.000E+00   K
      Enhanced by:
      H2          0.73
      H2O         3.65
      CH4         2.00
      C2H6        3.00
      AR          0.38

       (28) H + HO2 = O2 + H2
             A =  2.800E+13  beta =  0.000E+00  Ea/R =  5.378E+02   K

       (29) H + HO2 = OH + OH
             A =  1.340E+14  beta =  0.000E+00  Ea/R =  3.198E+02   K

       (30) H + CH2 + M = CH3 + M
             A =  2.500E+16  beta = -8.000E-01  Ea/R =  0.000E+00   K
      LOW pressure limit: 
      A =  3.200E+27  beta = -3.140E+00  Ea/R =  6.194E+02   K
      TROE centering:
          a = 0.680E+00
       T*** = 0.780E+02 K
         T* = 0.200E+04 K
        T** = 0.559E+04 K
      Enhanced by:
      H2          2.00
      H2O         6.00
      CH4         2.00
      CO          1.50
      CO2         2.00
      C2H6        3.00
      AR          0.70

       (31) H + CH3 + M = CH4 + M
             A =  1.270E+16  beta = -6.300E-01  Ea/R =  1.929E+02   K
      LOW pressure limit: 
      A =  2.477E+33  beta = -4.760E+00  Ea/R =  1.229E+03   K
      TROE centering:
          a = 0.783E+00
       T*** = 0.740E+02 K
         T* = 0.294E+04 K
        T** = 0.696E+04 K
      Enhanced by:
      H2          2.00
      H2O         6.00
      CH4         2.00
      CO          1.50
      CO2         2.00
      C2H6        3.00
      AR          0.70

       (32) H + CH4 = CH3 + H2
             A =  6.600E+08  beta =  1.620E+00  Ea/R =  5.459E+03   K

       (33) H + HCO + M = CH2O + M
             A =  1.090E+12  beta =  4.800E-01  Ea/R = -1.309E+02   K
      LOW pressure limit: 
      A =  1.350E+24  beta = -2.570E+00  Ea/R =  7.176E+02   K
      TROE centering:
          a = 0.782E+00
       T*** = 0.271E+03 K
         T* = 0.276E+04 K
        T** = 0.657E+04 K
      Enhanced by:
      H2          2.00
      H2O         6.00
      CH4         2.00
      CO          1.50
      CO2         2.00
      C2H6        3.00
      AR          0.70

       (34) H + HCO = H2 + CO
             A =  7.340E+13  beta =  0.000E+00  Ea/R =  0.000E+00   K

       (35) H + CH2O + M = CH3O + M
             A =  5.400E+11  beta =  4.540E-01  Ea/R =  1.309E+03   K
      LOW pressure limit: 
      A =  2.200E+30  beta = -4.800E+00  Ea/R =  2.800E+03   K
      TROE centering:
          a = 0.758E+00
       T*** = 0.940E+02 K
         T* = 0.156E+04 K
        T** = 0.420E+04 K
      Enhanced by:
      H2          2.00
      H2O         6.00
      CH4         2.00
      CO          1.50
      CO2         2.00
      C2H6        3.00

       (36) H + CH2O = HCO + H2
             A =  2.300E+10  beta =  1.050E+00  Ea/R =  1.649E+03   K

       (37) H + CH3O = OH + CH3
             A =  3.200E+13  beta =  0.000E+00  Ea/R =  0.000E+00   K

       (38) H + C2H4 + M = C2H5 + M
             A =  1.080E+12  beta =  4.540E-01  Ea/R =  9.165E+02   K
      LOW pressure limit: 
      A =  1.200E+42  beta = -7.620E+00  Ea/R =  3.510E+03   K
      TROE centering:
          a = 0.975E+00
       T*** = 0.210E+03 K
         T* = 0.984E+03 K
        T** = 0.437E+04 K
      Enhanced by:
      H2          2.00
      H2O         6.00
      CH4         2.00
      CO          1.50
      CO2         2.00
      C2H6        3.00
      AR          0.70

       (39) H + C2H5 + M = C2H6 + M
             A =  5.210E+17  beta = -9.900E-01  Ea/R =  7.956E+02   K
      LOW pressure limit: 
      A =  1.990E+41  beta = -7.080E+00  Ea/R =  3.366E+03   K
      TROE centering:
          a = 0.842E+00
       T*** = 0.125E+03 K
         T* = 0.222E+04 K
        T** = 0.688E+04 K
      Enhanced by:
      H2          2.00
      H2O         6.00
      CH4         2.00
      CO          1.50
      CO2         2.00
      C2H6        3.00
      AR          0.70

       (40) H + C2H6 = C2H5 + H2
             A =  1.150E+08  beta =  1.900E+00  Ea/R =  3.792E+03   K

       (41) H2 + CO + M = CH2O + M
             A =  4.300E+07  beta =  1.500E+00  Ea/R =  4.008E+04   K
      LOW pressure limit: 
      A =  5.070E+27  beta = -3.420E+00  Ea/R =  4.248E+04   K
      TROE centering:
          a = 0.932E+00
       T*** = 0.197E+03 K
         T* = 0.154E+04 K
        T** = 0.103E+05 K
      Enhanced by:
      H2          2.00
      H2O         6.00
      CH4         2.00
      CO          1.50
      CO2         2.00
      C2H6        3.00
      AR          0.70

       (42) OH + H2 = H + H2O
             A =  2.160E+08  beta =  1.510E+00  Ea/R =  1.727E+03   K

       (43) OH + OH = O + H2O
             A =  3.570E+04  beta =  2.400E+00  Ea/R = -1.063E+03   K

       (44) OH + HO2 = O2 + H2O
             A =  2.900E+13  beta =  0.000E+00  Ea/R = -2.518E+02   K

       (45) OH + CH2 = H + CH2O
             A =  2.000E+13  beta =  0.000E+00  Ea/R =  0.000E+00   K

       (46) OH + CH2(S) = H + CH2O
             A =  3.000E+13  beta =  0.000E+00  Ea/R =  0.000E+00   K

       (47) OH + CH3 = CH2 + H2O
             A =  5.600E+07  beta =  1.600E+00  Ea/R =  2.729E+03   K

       (48) OH + CH3 = CH2(S) + H2O
             A =  2.501E+13  beta =  0.000E+00  Ea/R =  0.000E+00   K

       (49) OH + CH4 = CH3 + H2O
             A =  1.000E+08  beta =  1.600E+00  Ea/R =  1.571E+03   K

       (50) OH + CO = H + CO2
             A =  4.760E+07  beta =  1.228E+00  Ea/R =  3.525E+01   K

       (51) OH + HCO = H2O + CO
             A =  5.000E+13  beta =  0.000E+00  Ea/R =  0.000E+00   K

       (52) OH + CH2O = HCO + H2O
             A =  3.430E+09  beta =  1.180E+00  Ea/R = -2.251E+02   K

       (53) OH + C2H6 = C2H5 + H2O
             A =  3.540E+06  beta =  2.120E+00  Ea/R =  4.381E+02   K

       (54) HO2 + CH2 = OH + CH2O
             A =  2.000E+13  beta =  0.000E+00  Ea/R =  0.000E+00   K

       (55) HO2 + CH3 = O2 + CH4
             A =  1.000E+12  beta =  0.000E+00  Ea/R =  0.000E+00   K

       (56) HO2 + CH3 = OH + CH3O
             A =  2.000E+13  beta =  0.000E+00  Ea/R =  0.000E+00   K

       (57) HO2 + CO = OH + CO2
             A =  1.500E+14  beta =  0.000E+00  Ea/R =  1.188E+04   K

       (58) CH2 + O2 = OH + HCO
             A =  1.320E+13  beta =  0.000E+00  Ea/R =  7.553E+02   K

       (59) CH2 + H2 = H + CH3
             A =  5.000E+05  beta =  2.000E+00  Ea/R =  3.641E+03   K

       (60) CH2 + CH3 = H + C2H4
             A =  4.000E+13  beta =  0.000E+00  Ea/R =  0.000E+00   K

       (61) CH2 + CH4 = CH3 + CH3
             A =  2.460E+06  beta =  2.000E+00  Ea/R =  4.164E+03   K

       (62) CH2(S) + N2 = CH2 + N2
             A =  1.500E+13  beta =  0.000E+00  Ea/R =  3.021E+02   K

       (63) CH2(S) + AR = CH2 + AR
             A =  9.000E+12  beta =  0.000E+00  Ea/R =  3.021E+02   K

       (64) CH2(S) + O2 = H + OH + CO
             A =  2.800E+13  beta =  0.000E+00  Ea/R =  0.000E+00   K

       (65) CH2(S) + O2 = CO + H2O
             A =  1.200E+13  beta =  0.000E+00  Ea/R =  0.000E+00   K

       (66) CH2(S) + H2 = CH3 + H
             A =  7.000E+13  beta =  0.000E+00  Ea/R =  0.000E+00   K

       (67) CH2(S) + H2O = CH2 + H2O
             A =  3.000E+13  beta =  0.000E+00  Ea/R =  0.000E+00   K

       (68) CH2(S) + CH3 = H + C2H4
             A =  1.200E+13  beta =  0.000E+00  Ea/R = -2.870E+02   K

       (69) CH2(S) + CH4 = CH3 + CH3
             A =  1.600E+13  beta =  0.000E+00  Ea/R = -2.870E+02   K

       (70) CH2(S) + CO = CH2 + CO
             A =  9.000E+12  beta =  0.000E+00  Ea/R =  0.000E+00   K

       (71) CH2(S) + CO2 = CH2 + CO2
             A =  7.000E+12  beta =  0.000E+00  Ea/R =  0.000E+00   K

       (72) CH2(S) + CO2 = CO + CH2O
             A =  1.400E+13  beta =  0.000E+00  Ea/R =  0.000E+00   K

       (73) CH3 + O2 = O + CH3O
             A =  2.675E+13  beta =  0.000E+00  Ea/R =  1.450E+04   K

       (74) CH3 + O2 = OH + CH2O
             A =  3.600E+10  beta =  0.000E+00  Ea/R =  4.502E+03   K

       (75) CH3 + CH3 + M = C2H6 + M
             A =  2.120E+16  beta = -9.700E-01  Ea/R =  3.122E+02   K
      LOW pressure limit: 
      A =  1.770E+50  beta = -9.670E+00  Ea/R =  3.132E+03   K
      TROE centering:
          a = 0.532E+00
       T*** = 0.151E+03 K
         T* = 0.104E+04 K
        T** = 0.497E+04 K
      Enhanced by:
      H2          2.00
      H2O         6.00
      CH4         2.00
      CO          1.50
      CO2         2.00
      C2H6        3.00
      AR          0.70

       (76) CH3 + CH3 = H + C2H5
             A =  4.990E+12  beta =  1.000E-01  Ea/R =  5.338E+03   K

       (77) CH3 + HCO = CH4 + CO
             A =  2.648E+13  beta =  0.000E+00  Ea/R =  0.000E+00   K

       (78) CH3 + CH2O = HCO + CH4
             A =  3.320E+03  beta =  2.810E+00  Ea/R =  2.951E+03   K

       (79) CH3 + C2H6 = C2H5 + CH4
             A =  6.140E+06  beta =  1.740E+00  Ea/R =  5.262E+03   K

       (80) HCO + H2O = H + CO + H2O
             A =  2.244E+18  beta = -1.000E+00  Ea/R =  8.561E+03   K

       (81) HCO + M = H + CO + M
             A =  1.870E+17  beta = -1.000E+00  Ea/R =  8.561E+03   K
      Enhanced by:
      H2          2.00
      H2O         0.00
      CH4         2.00
      CO          1.50
      CO2         2.00
      C2H6        3.00

       (82) HCO + O2 = HO2 + CO
             A =  7.600E+12  beta =  0.000E+00  Ea/R =  2.014E+02   K

       (83) CH3O + O2 = HO2 + CH2O
             A =  4.280E-13  beta =  7.600E+00  Ea/R = -1.778E+03   K

       (84) C2H5 + O2 = HO2 + C2H4
             A =  8.400E+11  beta =  0.000E+00  Ea/R =  1.951E+03   K

       (85) N + NO = N2 + O
             A =  2.700E+13  beta =  0.000E+00  Ea/R =  1.788E+02   K

       (86) N + O2 = NO + O
             A =  9.000E+09  beta =  1.000E+00  Ea/R =  3.273E+03   K

       (87) N + OH = NO + H
             A =  3.360E+13  beta =  0.000E+00  Ea/R =  1.939E+02   K

    => Defaultsfile           [OK]
    => Settingsfile           [OK]
    => Commandline options    [OK]
    => Start reading .chm file
        [MSG] Transport parameters    [OK]
        [MSG] Conductivity parameters [OK]
        [MSG] Viscosity parameters    [OK]
        [MSG] Difusivity parameters   [OK]
        [MSG] Thermal parameters      [OK]
    => Reading .chm file      [OK]
    => CHEM1D datafile        [OK]
    => Setting grid weights :
        DENSITY            1.00000
        TEMP               1.00000
        CH4                1.00000
        HEATREL            1.00000
 
 
------------------------------------------------------------------------
 
Simulation settings:
    => Counterflow flame
    => Stationary solution
    => Detailed chemistry model
    => Mixture averaged diffusion model
    => No radiation model
    => No model for heat exchanger
 
------------------------------------------------------------------------
 
Variables:
       Name              BC_Left      BC_Right     Unit
  1) * H2                0.00000E+00  0.00000E+00  Mass frac.
  2) * H                 0.00000E+00  0.00000E+00  Mass frac.
  3) * O                 0.00000E+00  0.00000E+00  Mass frac.
  4) * O2                2.26592E-01  9.06365E-02  Mass frac.
  5) * OH                0.00000E+00  0.00000E+00  Mass frac.
  6) * H2O               0.00000E+00  7.65426E-02  Mass frac.
  7) * HO2               0.00000E+00  0.00000E+00  Mass frac.
  8) * CH2               0.00000E+00  0.00000E+00  Mass frac.
  9) * CH2(S)            0.00000E+00  0.00000E+00  Mass frac.
 10) * CH3               0.00000E+00  0.00000E+00  Mass frac.
 11) * CH4               3.40818E-02  0.00000E+00  Mass frac.
 12) * CO                0.00000E+00  0.00000E+00  Mass frac.
 13) * CO2               0.00000E+00  9.34944E-02  Mass frac.
 14) * HCO               0.00000E+00  0.00000E+00  Mass frac.
 15) * CH2O              0.00000E+00  0.00000E+00  Mass frac.
 16) * CH3O              0.00000E+00  0.00000E+00  Mass frac.
 17) * C2H4              0.00000E+00  0.00000E+00  Mass frac.
 18) * C2H5              0.00000E+00  0.00000E+00  Mass frac.
 19) * C2H6              0.00000E+00  0.00000E+00  Mass frac.
 20) * N                 0.00000E+00  0.00000E+00  Mass frac.
 21) * NO                0.00000E+00  0.00000E+00  Mass frac.
 22) * N2                7.39326E-01  7.39326E-01  Mass frac.
 23) * AR                0.00000E+00  0.00000E+00  Mass frac.
 24) * Temp              3.00000E+02  1.66600E+03  K
 25) * Massflow          1.35147E-02  2.43361E-03  gr/(cm2 s)
 26) * Enthalpy         -1.56496E+02 -1.73365E+02  J/gr
 27) * MixFrac           1.00000E+00  1.00000E+00  -
 28) * Stretch           4.23925E+02  9.99000E+02  1/s
 29)   Press             1.00000E+05  1.00000E+05  Pa
 30)   Density           1.12622E-03  2.02801E-04  gr/cm3
 31)   MeanMass          2.80918E+01  2.80918E+01  gr/mol
 32)   Surface           0.00000E+00  0.00000E+00  cm2
 33)   Porosity          0.00000E+00  0.00000E+00  -
 34)   Tsolid            0.00000E+00  0.00000E+00  K
 35)   HeatRel           0.00000E+00  0.00000E+00  J/(cm3 s)
 36)   Dissipation       0.00000E+00  0.00000E+00  -
 
------------------------------------------------------------------------
 
       0 --- --------- --------- Start solver
       1 --- --------- --------- Regridding
       1 --- --------- --------- Jacobian 00001
       1   8 1.290E-04 3.906E-03 Steady Fail
       2 --- --------- --------- Regridding
       2 --- --------- --------- Jacobian 00002
       2 --- --------- --------- Timestep 1.000E-06
       2   1 2.280E-07 1.000E-06 Time OK
       3   1 1.248E-06 2.000E-06 Time OK
       4   7 2.356E-08 3.000E-06 Time OK
       5   7 2.843E-08 4.000E-06 Time OK
       6   7 2.954E-08 5.000E-06 Time OK
       7   7 2.940E-08 6.000E-06 Time OK
       8   7 2.886E-08 7.000E-06 Time OK
       9   7 2.821E-08 8.000E-06 Time OK
      10   7 2.753E-08 9.000E-06 Time OK
      11   7 2.686E-08 1.000E-05 Time OK
      12   7 2.621E-08 1.100E-05 Time OK
      13   7 2.557E-08 1.200E-05 Time OK
      14   7 2.496E-08 1.300E-05 Time OK
      15   7 2.437E-08 1.400E-05 Time OK
      16   7 2.379E-08 1.500E-05 Time OK
      17   7 2.324E-08 1.600E-05 Time OK
      18   7 2.270E-08 1.700E-05 Time OK
      19   7 2.219E-08 1.800E-05 Time OK
      20   7 2.168E-08 1.900E-05 Time OK
      21   7 2.120E-08 2.000E-05 Time OK
      22   7 2.073E-08 2.100E-05 Time OK
      23   7 2.027E-08 2.200E-05 Time OK
      24 --- --------- --------- Regridding
      24 --- --------- --------- Jacobian 00003
      24   8 7.202E-04 3.906E-03 Steady Fail
      25 --- --------- --------- Regridding
      25 --- --------- --------- Jacobian 00004
      25 --- --------- --------- Timestep 1.000E-06
      25   1 5.991E-09 2.300E-05 Time OK
      26   1 1.251E-08 2.400E-05 Time OK
      27   1 5.501E-10 2.500E-05 Time OK
      28   1 5.657E-10 2.600E-05 Time OK
      29   1 7.882E-10 2.700E-05 Time OK
      30   1 9.591E-10 2.800E-05 Time OK
      31   1 1.040E-09 2.900E-05 Time OK
      32   1 1.073E-09 3.000E-05 Time OK
      33   1 1.097E-09 3.100E-05 Time OK
      34   1 1.133E-09 3.200E-05 Time OK
      35   1 1.186E-09 3.300E-05 Time OK
      36   1 1.255E-09 3.400E-05 Time OK
      37   1 1.339E-09 3.500E-05 Time OK
      38   1 1.434E-09 3.600E-05 Time OK
      39   1 1.538E-09 3.700E-05 Time OK
      40   1 1.647E-09 3.800E-05 Time OK
      41   1 1.762E-09 3.900E-05 Time OK
      42   1 1.881E-09 4.000E-05 Time OK
      43   1 2.004E-09 4.100E-05 Time OK
      44   1 2.129E-09 4.200E-05 Time OK
      45   1 2.257E-09 4.300E-05 Time OK
      46   1 2.388E-09 4.400E-05 Time OK
      47 --- --------- --------- Regridding
      47 --- --------- --------- Jacobian 00005
      47   8 6.299E-04 3.906E-03 Steady Fail
      48 --- --------- --------- Regridding
      48 --- --------- --------- Jacobian 00006
      48 --- --------- --------- Timestep 2.000E-06
      48   1 2.979E-09 4.600E-05 Time OK
      49   1 4.319E-09 4.800E-05 Time OK
      50   1 2.543E-09 5.000E-05 Time OK
      51   1 3.871E-09 5.200E-05 Time OK
      52   1 5.316E-09 5.400E-05 Time OK
      53   1 6.781E-09 5.600E-05 Time OK
      54   1 8.212E-09 5.800E-05 Time OK
      55   1 9.612E-09 6.000E-05 Time OK
      56   1 1.100E-08 6.200E-05 Time OK
      57   2 6.111E-11 6.400E-05 Time OK
      58   2 7.428E-11 6.600E-05 Time OK
      59   2 8.903E-11 6.800E-05 Time OK
      60   2 1.056E-10 7.000E-05 Time OK
      61   2 1.240E-10 7.200E-05 Time OK
      62   2 1.444E-10 7.400E-05 Time OK
      63   2 1.669E-10 7.600E-05 Time OK
      64   2 1.915E-10 7.800E-05 Time OK
      65   2 2.185E-10 8.000E-05 Time OK
      66   2 2.478E-10 8.200E-05 Time OK
      67   2 2.797E-10 8.400E-05 Time OK
      68   2 3.141E-10 8.600E-05 Time OK
      69   2 3.513E-10 8.800E-05 Time OK
      70 --- --------- --------- Regridding
      70 --- --------- --------- Jacobian 00007
      70   8 4.668E-04 3.906E-03 Steady Fail
      71 --- --------- --------- Regridding
      71 --- --------- --------- Jacobian 00008
      71 --- --------- --------- Timestep 4.000E-06
      71   1 2.654E-08 9.200E-05 Time OK
      72   1 1.453E-08 9.600E-05 Time OK
      73   2 3.716E-10 1.000E-04 Time OK
      74   2 5.728E-10 1.040E-04 Time OK
      75   2 8.274E-10 1.080E-04 Time OK
      76   2 1.156E-09 1.120E-04 Time OK
      77   2 1.567E-09 1.160E-04 Time OK
      78   2 2.060E-09 1.200E-04 Time OK
      79   2 2.635E-09 1.240E-04 Time OK
      80   2 3.294E-09 1.280E-04 Time OK
      81   2 4.041E-09 1.320E-04 Time OK
      82   2 4.880E-09 1.360E-04 Time OK
      83   2 5.817E-09 1.400E-04 Time OK
      84   2 6.856E-09 1.440E-04 Time OK
      85   2 8.002E-09 1.480E-04 Time OK
      86   2 9.260E-09 1.520E-04 Time OK
      87   2 1.063E-08 1.560E-04 Time OK
      88   2 1.213E-08 1.600E-04 Time OK
      89   2 1.375E-08 1.640E-04 Time OK
      90   3 1.982E-10 1.680E-04 Time OK
      91   3 2.357E-10 1.720E-04 Time OK
      92   3 2.786E-10 1.760E-04 Time OK
      93 --- --------- --------- Regridding
      93 --- --------- --------- Jacobian 00009
      93   8 2.933E-04 3.906E-03 Steady Fail
      94 --- --------- --------- Regridding
      94 --- --------- --------- Jacobian 00010
      94 --- --------- --------- Timestep 8.000E-06
      94   2 2.170E-09 1.840E-04 Time OK
      95   1 2.347E-07 1.920E-04 Time OK
      96   2 1.347E-08 2.000E-04 Time OK
      97   2 2.176E-08 2.080E-04 Time OK
      98   2 3.311E-08 2.160E-04 Time OK
      99   2 4.796E-08 2.240E-04 Time OK
     100   3 9.336E-10 2.320E-04 Time OK
     101   3 1.460E-09 2.400E-04 Time OK
     102   3 2.172E-09 2.480E-04 Time OK
     103   3 3.107E-09 2.560E-04 Time OK
     104   3 4.303E-09 2.640E-04 Time OK
     105   3 5.805E-09 2.720E-04 Time OK
     106   3 7.655E-09 2.800E-04 Time OK
     107   3 9.903E-09 2.880E-04 Time OK
     108   3 1.260E-08 2.960E-04 Time OK
     109   3 1.579E-08 3.040E-04 Time OK
     110   3 1.954E-08 3.120E-04 Time OK
     111   3 2.391E-08 3.200E-04 Time OK
     112   3 2.895E-08 3.280E-04 Time OK
     113   3 3.473E-08 3.360E-04 Time OK
     114   3 4.131E-08 3.440E-04 Time OK
     115   3 4.877E-08 3.520E-04 Time OK
     116 --- --------- --------- Regridding
     116 --- --------- --------- Jacobian 00011
     116   8 1.497E-04 3.906E-03 Steady Fail
     117 --- --------- --------- Regridding
     117 --- --------- --------- Jacobian 00012
     117 --- --------- --------- Timestep 1.600E-05
     117   2 5.310E-08 3.680E-04 Time OK
     118   2 1.836E-07 3.840E-04 Time OK
     119   2 3.636E-07 4.000E-04 Time OK
     120   3 1.998E-08 4.160E-04 Time OK
     121   3 4.241E-08 4.320E-04 Time OK
     122   3 7.771E-08 4.480E-04 Time OK
     123   3 1.287E-07 4.640E-04 Time OK
     124   3 1.985E-07 4.800E-04 Time OK
     125   3 2.907E-07 4.960E-04 Time OK
     126   3 4.085E-07 5.120E-04 Time OK
     127   4 4.460E-08 5.280E-04 Time OK
     128   4 6.348E-08 5.440E-04 Time OK
     129   4 8.825E-08 5.600E-04 Time OK
     130   4 1.195E-07 5.760E-04 Time OK
     131   4 1.584E-07 5.920E-04 Time OK
     132   4 2.059E-07 6.080E-04 Time OK
     133   4 2.635E-07 6.240E-04 Time OK
     134   4 3.326E-07 6.400E-04 Time OK
     135   4 4.149E-07 6.560E-04 Time OK
     136   4 5.121E-07 6.720E-04 Time OK
     137   4 6.265E-07 6.880E-04 Time OK
     138   4 7.604E-07 7.040E-04 Time OK
     139 --- --------- --------- Regridding
     139 --- --------- --------- Jacobian 00013
     139   8 6.373E-05 3.906E-03 Steady Fail
     140 --- --------- --------- Regridding
     140 --- --------- --------- Jacobian 00014
     140 --- --------- --------- Timestep 3.200E-05
     140   2 8.962E-07 7.360E-04 Time OK
     141   3 1.911E-07 7.680E-04 Time OK
     142   3 6.285E-07 8.000E-04 Time OK
     143   3 1.497E-06 8.320E-04 Time OK
     144   4 3.085E-07 8.640E-04 Time OK
     145   4 6.264E-07 8.960E-04 Time OK
     146   4 1.145E-06 9.280E-04 Time OK
     147   4 1.924E-06 9.600E-04 Time OK
     148   5 9.073E-07 9.920E-04 Time OK
     149   5 1.430E-06 1.024E-03 Time OK
     150   8 1.780E-05 3.906E-03 Steady Fail
     151 --- --------- --------- Regridding
     151 --- --------- --------- Jacobian 00015
     151   8 4.373E-05 7.813E-03 Steady OK
     152   2 1.919E-04 3.906E-03 Steady Fail
     153 --- --------- --------- Regridding
     153 --- --------- --------- Jacobian 00016
     153   8 9.023E-05 3.906E-03 Steady Fail
     154 --- --------- --------- Regridding
     154 --- --------- --------- Jacobian 00017
     154 --- --------- --------- Timestep 3.200E-05
     154   7 3.841E-07 1.056E-03 Time OK
     155   3 2.900E-07 1.088E-03 Time OK
     156   3 5.417E-07 1.120E-03 Time OK
     157   3 9.603E-07 1.152E-03 Time OK
     158   3 1.699E-06 1.184E-03 Time OK
     159   4 3.300E-07 1.216E-03 Time OK
     160   4 6.266E-07 1.248E-03 Time OK
     161   4 1.089E-06 1.280E-03 Time OK
     162   4 1.754E-06 1.312E-03 Time OK
     163   5 7.741E-07 1.344E-03 Time OK
     164   5 1.192E-06 1.376E-03 Time OK
     165   5 1.796E-06 1.408E-03 Time OK
     166   6 1.009E-06 1.440E-03 Time OK
     167   6 1.563E-06 1.472E-03 Time OK
     168   6 2.358E-06 1.504E-03 Time OK
     169   7 1.767E-06 1.536E-03 Time OK
     170   8 1.331E-06 1.568E-03 Time OK
     171   8 2.280E-06 1.600E-03 Time OK
     172   9 2.257E-06 1.632E-03 Time OK
     173  10 2.290E-06 1.664E-03 Time OK
     174  12 1.826E-06 1.696E-03 Time OK
     175  13 2.432E-06 1.728E-03 Time OK
     176 --- --------- --------- Regridding
     176 --- --------- --------- Jacobian 00018
     176   7 8.463E-05 1.563E-02 Steady OK
     177   3 1.976E-04 3.906E-03 Steady Fail
     178 --- --------- --------- Regridding
     178 --- --------- --------- Jacobian 00019
     178   8 1.034E-04 3.906E-03 Steady Fail
     179 --- --------- --------- Regridding
     179 --- --------- --------- Jacobian 00020
     179 --- --------- --------- Timestep 1.600E-05
     179   2 2.604E-07 1.744E-03 Time OK
     180   2 5.912E-07 1.760E-03 Time OK
     181   3 1.007E-08 1.776E-03 Time OK
     182   3 1.099E-08 1.792E-03 Time OK
     183   3 1.589E-08 1.808E-03 Time OK
     184   3 2.529E-08 1.824E-03 Time OK
     185   3 3.886E-08 1.840E-03 Time OK
     186   3 5.715E-08 1.856E-03 Time OK
     187   3 8.074E-08 1.872E-03 Time OK
     188   3 1.100E-07 1.888E-03 Time OK
     189   3 1.453E-07 1.904E-03 Time OK
     190   3 1.868E-07 1.920E-03 Time OK
     191   3 2.348E-07 1.936E-03 Time OK
     192   3 2.894E-07 1.952E-03 Time OK
     193   4 4.872E-08 1.968E-03 Time OK
     194   4 6.254E-08 1.984E-03 Time OK
     195   4 7.933E-08 2.000E-03 Time OK
     196   4 9.894E-08 2.016E-03 Time OK
     197   4 1.217E-07 2.032E-03 Time OK
     198   4 1.479E-07 2.048E-03 Time OK
     199   4 1.778E-07 2.064E-03 Time OK
     200   4 2.117E-07 2.080E-03 Time OK
     201 --- --------- --------- Regridding
     201 --- --------- --------- Jacobian 00021
     201   8 2.466E-05 7.813E-03 Steady OK
     202   2 6.681E-05 3.906E-03 Steady Fail
     203 --- --------- --------- Regridding
     203 --- --------- --------- Jacobian 00022
     203   8 3.047E-05 7.813E-03 Steady OK
     204   2 8.549E-05 3.906E-03 Steady Fail
     205 --- --------- --------- Regridding
     205 --- --------- --------- Jacobian 00023
     205   8 4.494E-05 3.906E-03 Steady Fail
     206 --- --------- --------- Regridding
     206 --- --------- --------- Jacobian 00024
     206 --- --------- --------- Timestep 3.200E-05
     206   3 3.713E-08 2.112E-03 Time OK
     207   3 4.112E-08 2.144E-03 Time OK
     208   3 7.802E-08 2.176E-03 Time OK
     209   3 1.779E-07 2.208E-03 Time OK
     210   3 3.187E-07 2.240E-03 Time OK
     211   3 5.055E-07 2.272E-03 Time OK
     212   3 7.475E-07 2.304E-03 Time OK
     213   4 1.429E-07 2.336E-03 Time OK
     214   4 2.240E-07 2.368E-03 Time OK
     215   4 3.350E-07 2.400E-03 Time OK
     216   4 4.793E-07 2.432E-03 Time OK
     217   4 6.628E-07 2.464E-03 Time OK
     218   4 8.913E-07 2.496E-03 Time OK
     219   5 3.233E-07 2.528E-03 Time OK
     220   5 4.336E-07 2.560E-03 Time OK
     221   5 5.802E-07 2.592E-03 Time OK
     222   5 7.611E-07 2.624E-03 Time OK
     223   6 3.503E-07 2.656E-03 Time OK
     224   8 1.099E-05 3.906E-03 Steady Fail
     225 --- --------- --------- Regridding
     225 --- --------- --------- Jacobian 00025
     225   7 4.227E-05 1.563E-02 Steady OK
     226   3 9.537E-05 3.906E-03 Steady Fail
     227 --- --------- --------- Regridding
     227 --- --------- --------- Jacobian 00026
     227   8 5.043E-05 3.906E-03 Steady Fail
     228 --- --------- --------- Regridding
     228 --- --------- --------- Jacobian 00027
     228 --- --------- --------- Timestep 3.200E-05
     228   3 2.465E-08 2.688E-03 Time OK
     229   3 3.431E-08 2.720E-03 Time OK
     230   3 3.995E-08 2.752E-03 Time OK
     231   3 5.622E-08 2.784E-03 Time OK
     232   3 9.403E-08 2.816E-03 Time OK
     233   3 1.506E-07 2.848E-03 Time OK
     234   3 2.263E-07 2.880E-03 Time OK
     235   3 3.222E-07 2.912E-03 Time OK
     236   3 4.389E-07 2.944E-03 Time OK
     237   3 5.771E-07 2.976E-03 Time OK
     238   4 1.220E-07 3.008E-03 Time OK
     239   4 1.694E-07 3.040E-03 Time OK
     240   4 2.292E-07 3.072E-03 Time OK
     241   4 3.016E-07 3.104E-03 Time OK
     242   4 3.886E-07 3.136E-03 Time OK
     243   4 4.916E-07 3.168E-03 Time OK
     244   5 1.556E-07 3.200E-03 Time OK
     245   5 1.983E-07 3.232E-03 Time OK
     246   5 2.528E-07 3.264E-03 Time OK
     247   5 3.171E-07 3.296E-03 Time OK
     248   5 3.934E-07 3.328E-03 Time OK
     249   5 4.828E-07 3.360E-03 Time OK
     250 --- --------- --------- Regridding
     250 --- --------- --------- Jacobian 00028
     250   7 2.906E-05 1.563E-02 Steady OK
     251   3 4.643E-05 3.906E-03 Steady Fail
     252 --- --------- --------- Regridding
     252 --- --------- --------- Jacobian 00029
     252   8 3.406E-05 7.813E-03 Steady OK
     253   2 4.149E-05 3.906E-03 Steady Fail
     254 --- --------- --------- Regridding
     254 --- --------- --------- Jacobian 00030
     254   8 4.128E-05 7.813E-03 Steady OK
     255   2 4.695E-05 3.906E-03 Steady Fail
     256 --- --------- --------- Regridding
     256 --- --------- --------- Jacobian 00031
     256   7 5.144E-05 1.563E-02 Steady OK
     257   3 7.281E-05 3.906E-03 Steady Fail
     258 --- --------- --------- Regridding
     258 --- --------- --------- Jacobian 00032
     258   8 5.782E-05 7.813E-03 Steady OK
     259   2 6.754E-05 3.906E-03 Steady Fail
     260 --- --------- --------- Regridding
     260 --- --------- --------- Jacobian 00033
     260   8 6.280E-05 7.813E-03 Steady OK
     261   2 7.129E-05 3.906E-03 Steady Fail
     262 --- --------- --------- Regridding
     262 --- --------- --------- Jacobian 00034
     262   8 6.712E-05 7.813E-03 Steady OK
     263   2 7.480E-05 3.906E-03 Steady Fail
     264 --- --------- --------- Regridding
     264 --- --------- --------- Jacobian 00035
     264   8 7.009E-05 7.813E-03 Steady OK
     265   2 7.691E-05 7.813E-03 Steady OK
     266   2 9.663E-05 3.906E-03 Steady Fail
     267 --- --------- --------- Regridding
     267 --- --------- --------- Jacobian 00036
     267   8 8.252E-05 7.813E-03 Steady OK
     268   2 9.208E-05 3.906E-03 Steady Fail
     269 --- --------- --------- Regridding
     269 --- --------- --------- Jacobian 00037
     269   8 8.488E-05 7.813E-03 Steady OK
     270   2 9.364E-05 3.906E-03 Steady Fail
     271 --- --------- --------- Regridding
     271 --- --------- --------- Jacobian 00038
     271   8 8.733E-05 7.813E-03 Steady OK
     272   2 9.531E-05 7.813E-03 Steady OK
     273   2 1.150E-04 3.906E-03 Steady Fail
     274 --- --------- --------- Regridding
     274 --- --------- --------- Jacobian 00039
     274   8 1.002E-04 3.906E-03 Steady Fail
     275 --- --------- --------- Regridding
     275 --- --------- --------- Jacobian 00040
     275 --- --------- --------- Timestep 3.200E-05
     275   2 1.684E-07 3.392E-03 Time OK
     276   2 2.266E-07 3.424E-03 Time OK
     277   3 3.289E-09 3.456E-03 Time OK
     278   3 6.039E-09 3.488E-03 Time OK
     279   3 1.113E-08 3.520E-03 Time OK
     280   3 1.671E-08 3.552E-03 Time OK
     281   3 2.339E-08 3.584E-03 Time OK
     282   3 3.161E-08 3.616E-03 Time OK
     283   3 4.155E-08 3.648E-03 Time OK
     284   3 5.340E-08 3.680E-03 Time OK
     285   3 6.742E-08 3.712E-03 Time OK
     286   3 8.390E-08 3.744E-03 Time OK
     287   3 1.032E-07 3.776E-03 Time OK
     288   3 1.255E-07 3.808E-03 Time OK
     289   3 1.512E-07 3.840E-03 Time OK
     290   3 1.804E-07 3.872E-03 Time OK
     291   4 3.253E-08 3.904E-03 Time OK
     292   4 4.205E-08 3.936E-03 Time OK
     293   4 5.322E-08 3.968E-03 Time OK
     294   4 6.619E-08 4.000E-03 Time OK
     295   4 8.122E-08 4.032E-03 Time OK
     296   4 9.843E-08 4.064E-03 Time OK
     297 --- --------- --------- Regridding
     297 --- --------- --------- Jacobian 00041
     297   7 1.655E-05 1.563E-02 Steady OK
     298   3 2.223E-05 3.906E-03 Steady Fail
     299 --- --------- --------- Regridding
     299 --- --------- --------- Jacobian 00042
     299   7 2.233E-05 1.563E-02 Steady OK
     300   3 2.964E-05 3.906E-03 Steady Fail
     301 --- --------- --------- Regridding
     301 --- --------- --------- Jacobian 00043
     301   7 3.050E-05 1.563E-02 Steady OK
     302   3 3.785E-05 3.906E-03 Steady Fail
     303 --- --------- --------- Regridding
     303 --- --------- --------- Jacobian 00044
     303   7 3.869E-05 1.563E-02 Steady OK
     304   3 4.586E-05 3.906E-03 Steady Fail
     305 --- --------- --------- Regridding
     305 --- --------- --------- Jacobian 00045
     305   7 4.373E-05 1.563E-02 Steady OK
     306   3 5.090E-05 3.906E-03 Steady Fail
     307 --- --------- --------- Regridding
     307 --- --------- --------- Jacobian 00046
     307   7 5.055E-05 1.563E-02 Steady OK
     308   3 5.738E-05 3.906E-03 Steady Fail
     309 --- --------- --------- Regridding
     309 --- --------- --------- Jacobian 00047
     309   7 5.720E-05 1.563E-02 Steady OK
     310   3 6.380E-05 3.906E-03 Steady Fail
     311 --- --------- --------- Regridding
     311 --- --------- --------- Jacobian 00048
     311   7 6.257E-05 1.563E-02 Steady OK
     312   3 6.884E-05 3.906E-03 Steady Fail
     313 --- --------- --------- Regridding
     313 --- --------- --------- Jacobian 00049
     313   7 6.674E-05 1.563E-02 Steady OK
     314   3 7.273E-05 7.813E-03 Steady OK
     315   2 8.374E-05 3.906E-03 Steady Fail
     316 --- --------- --------- Regridding
     316 --- --------- --------- Jacobian 00050
     316   7 7.976E-05 1.563E-02 Steady OK
     317   3 8.662E-05 7.813E-03 Steady OK
     318   2 9.809E-05 3.906E-03 Steady Fail
     319 --- --------- --------- Regridding
     319 --- --------- --------- Jacobian 00051
     319   7 9.296E-05 1.563E-02 Steady OK
     320   3 1.001E-04 3.906E-03 Steady Fail
     321 --- --------- --------- Regridding
     321 --- --------- --------- Jacobian 00052
     321   7 9.606E-05 1.563E-02 Steady OK
     322   3 1.027E-04 3.906E-03 Steady Fail
     323 --- --------- --------- Regridding
     323 --- --------- --------- Jacobian 00053
     323   8 9.713E-05 7.813E-03 Steady OK
     324   2 1.001E-04 3.906E-03 Steady Fail
     325 --- --------- --------- Regridding
     325 --- --------- --------- Jacobian 00054
     325   7 9.927E-05 1.563E-02 Steady OK
     326   3 1.049E-04 3.906E-03 Steady Fail
     327 --- --------- --------- Regridding
     327 --- --------- --------- Jacobian 00055
     327   8 1.001E-04 3.906E-03 Steady Fail
     328 --- --------- --------- Regridding
     328 --- --------- --------- Jacobian 00056
     328 --- --------- --------- Timestep 6.400E-05
     328   2 9.981E-08 4.128E-03 Time OK
     329   2 6.714E-08 4.192E-03 Time OK
     330   3 9.712E-09 4.256E-03 Time OK
     331   3 1.993E-08 4.320E-03 Time OK
     332   8 5.295E-07 3.906E-03 Steady Fail
     333 --- --------- --------- Regridding
     333 --- --------- --------- Jacobian 00057
     333   7 8.233E-06 1.563E-02 Steady OK
     334   3 1.174E-05 3.906E-03 Steady Fail
     335 --- --------- --------- Regridding
     335 --- --------- --------- Jacobian 00058
     335   7 1.097E-05 1.563E-02 Steady OK
     336   3 1.340E-05 3.906E-03 Steady Fail
     337 --- --------- --------- Regridding
     337 --- --------- --------- Jacobian 00059
     337   7 1.456E-05 1.563E-02 Steady OK
     338   3 1.592E-05 7.813E-03 Steady OK
     339   2 2.250E-05 3.906E-03 Steady Fail
     340 --- --------- --------- Regridding
     340 --- --------- --------- Jacobian 00060
     340   7 1.993E-05 1.563E-02 Steady OK
     341   3 2.289E-05 3.906E-03 Steady Fail
     342 --- --------- --------- Regridding
     342 --- --------- --------- Jacobian 00061
     342   7 2.446E-05 1.563E-02 Steady OK
     343   3 2.640E-05 7.813E-03 Steady OK
     344   2 3.178E-05 3.906E-03 Steady Fail
     345 --- --------- --------- Regridding
     345 --- --------- --------- Jacobian 00062
     345   7 2.992E-05 1.563E-02 Steady OK
     346   3 3.251E-05 7.813E-03 Steady OK
     347   2 3.801E-05 3.906E-03 Steady Fail
     348 --- --------- --------- Regridding
     348 --- --------- --------- Jacobian 00063
     348   7 3.590E-05 1.563E-02 Steady OK
     349   3 3.869E-05 7.813E-03 Steady OK
     350   2 4.405E-05 3.906E-03 Steady Fail
     351 --- --------- --------- Regridding
     351 --- --------- --------- Jacobian 00064
     351   7 4.170E-05 1.563E-02 Steady OK
     352   3 4.450E-05 7.813E-03 Steady OK
     353   2 4.960E-05 3.906E-03 Steady Fail
     354 --- --------- --------- Regridding
     354 --- --------- --------- Jacobian 00065
     354   7 4.718E-05 1.563E-02 Steady OK
     355   3 4.987E-05 7.813E-03 Steady OK
     356   2 5.464E-05 7.813E-03 Steady OK
     357   2 6.193E-05 3.906E-03 Steady Fail
     358 --- --------- --------- Regridding
     358 --- --------- --------- Jacobian 00066
     358   7 5.849E-05 1.563E-02 Steady OK
     359   3 6.151E-05 7.813E-03 Steady OK
     360   2 6.643E-05 7.813E-03 Steady OK
     361   2 7.355E-05 3.906E-03 Steady Fail
     362 --- --------- --------- Regridding
     362 --- --------- --------- Jacobian 00067
     362   7 6.928E-05 1.563E-02 Steady OK
     363   3 7.229E-05 7.813E-03 Steady OK
     364   2 7.705E-05 7.813E-03 Steady OK
     365   2 8.378E-05 7.813E-03 Steady OK
     366   2 9.264E-05 3.906E-03 Steady Fail
     367 --- --------- --------- Regridding
     367 --- --------- --------- Jacobian 00068
     367   7 8.564E-05 1.563E-02 Steady OK
     368   2 9.342E-05 1.563E-02 Steady OK
     369   3 9.987E-05 7.813E-03 Steady OK
     370   2 1.082E-04 3.906E-03 Steady Fail
     371 --- --------- --------- Regridding
     371 --- --------- --------- Jacobian 00069
     371   8 9.937E-05 7.813E-03 Steady OK
     372   2 1.007E-04 3.906E-03 Steady Fail
     373 --- --------- --------- Regridding
     373 --- --------- --------- Jacobian 00070
     373   7 9.838E-05 1.563E-02 Steady OK
     374   3 1.010E-04 3.906E-03 Steady Fail
     375 --- --------- --------- Regridding
     375 --- --------- --------- Jacobian 00071
     375   7 9.681E-05 1.563E-02 Steady OK
     376   3 9.920E-05 7.813E-03 Steady OK
     377   2 1.030E-04 3.906E-03 Steady Fail
     378 --- --------- --------- Regridding
     378 --- --------- --------- Jacobian 00072
     378   7 9.812E-05 1.563E-02 Steady OK
     379   3 1.002E-04 3.906E-03 Steady Fail
     380 --- --------- --------- Regridding
     380 --- --------- --------- Jacobian 00073
     380   7 9.662E-05 1.563E-02 Steady OK
     381   3 9.845E-05 7.813E-03 Steady OK
     382   2 1.014E-04 3.906E-03 Steady Fail
     383 --- --------- --------- Regridding
     383 --- --------- --------- Jacobian 00074
     383   7 9.758E-05 1.563E-02 Steady OK
     384   3 9.913E-05 7.813E-03 Steady OK
     385   2 1.017E-04 3.906E-03 Steady Fail
     386 --- --------- --------- Regridding
     386 --- --------- --------- Jacobian 00075
     386   7 9.816E-05 1.563E-02 Steady OK
     387   3 9.945E-05 7.813E-03 Steady OK
     388   2 1.017E-04 3.906E-03 Steady Fail
     389 --- --------- --------- Regridding
     389 --- --------- --------- Jacobian 00076
     389   7 9.849E-05 1.563E-02 Steady OK
     390   3 9.954E-05 7.813E-03 Steady OK
     391   2 1.015E-04 3.906E-03 Steady Fail
     392 --- --------- --------- Regridding
     392 --- --------- --------- Jacobian 00077
     392   7 9.868E-05 1.563E-02 Steady OK
     393   3 9.951E-05 7.813E-03 Steady OK
     394   2 1.011E-04 3.906E-03 Steady Fail
     395 --- --------- --------- Regridding
     395 --- --------- --------- Jacobian 00078
     395   7 9.869E-05 1.563E-02 Steady OK
     396   3 9.931E-05 7.813E-03 Steady OK
     397   2 1.006E-04 3.906E-03 Steady Fail
     398 --- --------- --------- Regridding
     398 --- --------- --------- Jacobian 00079
     398   7 9.861E-05 1.563E-02 Steady OK
     399   3 9.904E-05 7.813E-03 Steady OK
     400   2 1.000E-04 3.906E-03 Steady Fail
     401 --- --------- --------- Regridding
     401 --- --------- --------- Jacobian 00080
     401   6 9.947E-05 3.125E-02 Steady OK
     402   4 1.009E-04 3.906E-03 Steady Fail
     403 --- --------- --------- Regridding
     403 --- --------- --------- Jacobian 00081
     403   7 9.970E-05 1.563E-02 Steady OK
     404   3 9.981E-05 7.813E-03 Steady OK
     405   2 1.004E-04 3.906E-03 Steady Fail
     406 --- --------- --------- Regridding
     406 --- --------- --------- Jacobian 00082
     406   6 9.955E-05 3.125E-02 Steady OK
     407   4 1.004E-04 3.906E-03 Steady Fail
     408 --- --------- --------- Regridding
     408 --- --------- --------- Jacobian 00083
     408   6 9.984E-05 3.125E-02 Steady OK
     409   4 1.004E-04 3.906E-03 Steady Fail
     410 --- --------- --------- Regridding
     410 --- --------- --------- Jacobian 00084
     410   6 9.974E-05 3.125E-02 Steady OK
     411   4 1.001E-04 3.906E-03 Steady Fail
     412 --- --------- --------- Regridding
     412 --- --------- --------- Jacobian 00085
     412   6 9.941E-05 3.125E-02 Steady OK
     413   4 9.957E-05 7.813E-03 Steady OK
     414   2 1.001E-04 3.906E-03 Steady Fail
     415 --- --------- --------- Regridding
     415 --- --------- --------- Jacobian 00086
     415   6 9.972E-05 3.125E-02 Steady OK
     416   4 9.975E-05 7.813E-03 Steady OK
     417   2 1.001E-04 3.906E-03 Steady Fail
     418 --- --------- --------- Regridding
     418 --- --------- --------- Jacobian 00087
     418   6 9.953E-05 3.125E-02 Steady OK
     419   3 9.959E-05 1.563E-02 Steady OK
     420   3 1.000E-04 3.906E-03 Steady Fail
     421 --- --------- --------- Regridding
     421 --- --------- --------- Jacobian 00088
     421   5 1.008E-04 6.250E-02 Steady OK
     422   5 1.018E-04 3.906E-03 Steady Fail
     423 --- --------- --------- Regridding
     423 --- --------- --------- Jacobian 00089
     423   5 1.027E-04 6.250E-02 Steady OK
     424   5 1.035E-04 3.906E-03 Steady Fail
     425 --- --------- --------- Regridding
     425 --- --------- --------- Jacobian 00090
     425   5 1.023E-04 6.250E-02 Steady OK
     426   5 1.029E-04 3.906E-03 Steady Fail
     427 --- --------- --------- Regridding
     427 --- --------- --------- Jacobian 00091
     427   5 1.016E-04 6.250E-02 Steady OK
     428   5 1.019E-04 3.906E-03 Steady Fail
     429 --- --------- --------- Regridding
     429 --- --------- --------- Jacobian 00092
     429   5 9.946E-05 6.250E-02 Steady OK
     430   4 9.993E-05 1.563E-02 Steady OK
     431   3 1.004E-04 3.906E-03 Steady Fail
     432 --- --------- --------- Regridding
     432 --- --------- --------- Jacobian 00093
     432   5 9.785E-05 6.250E-02 Steady OK
     433   3 9.855E-05 3.125E-02 Steady OK
     434   3 9.964E-05 1.563E-02 Steady OK
     435   3 1.004E-04 3.906E-03 Steady Fail
     436 --- --------- --------- Regridding
     436 --- --------- --------- Jacobian 00094
     436   4 9.974E-05 1.250E-01 Steady OK
     437   6 1.004E-04 3.906E-03 Steady Fail
     438 --- --------- --------- Regridding
     438 --- --------- --------- Jacobian 00095
     438   4 9.643E-05 1.250E-01 Steady OK
     439   4 9.784E-05 3.125E-02 Steady OK
     440   3 9.888E-05 1.563E-02 Steady OK
     441   3 9.948E-05 7.813E-03 Steady OK
     442   2 1.001E-04 3.906E-03 Steady Fail
     443 --- --------- --------- Regridding
     443 --- --------- --------- Jacobian 00096
     443   3 9.867E-05 2.500E-01 Steady OK
     444   6 9.962E-05 1.563E-02 Steady OK
     445   3 1.001E-04 3.906E-03 Steady Fail
     446 --- --------- --------- Regridding
     446 --- --------- --------- Jacobian 00097
     446   2 9.672E-05 5.000E-01 Steady OK
     447   3 9.596E-05 2.500E-01 Steady OK
     448   1 8.564E-05 5.000E-01 Steady OK
     449   1 1.915E-05 1.000E+00 Steady OK
     450   2 8.240E-06 5.000E-01 Steady OK
     451   4 8.888E-06 1.250E-01 Steady OK
     452   1 9.690E-06 2.500E-01 Steady OK
     453   1 9.324E-06 5.000E-01 Steady OK
     454   1 3.914E-06 1.000E+00 Steady OK
     455   1 9.180E-07 1.000E+00 Steady OK
     456   1 3.089E-07 1.000E+00 Steady OK
     457   1 3.399E-08 1.000E+00 Steady OK
     458   1 1.983E-08 1.000E+00 Steady OK
     459   1 9.962E-10 1.000E+00 Steady OK
     460   2 8.868E-10 5.000E-01 Steady OK
     461   1 6.179E-10 1.000E+00 Steady OK
     462   1 2.964E-11 1.000E+00 Steady OK
 
------------------------------------------------------------------------
 
Simulation stopped:
  => Converged!
 
------------------------------------------------------------------------
 
Postprocessing output:
  => Position reaction layer      : -3.3695013E-02 cm
  => Temperature reaction layer   :  1.4646088E+03 K
  => Mass burning rate            :  1.9777177E-02 gr/(cm2s)
  => Burning velocity (unburnt)   :  1.7560633E+01 cm/s
  => Maximum temperature          :  1.6660000E+03 K
  => Minimum temperature          :  2.9999968E+02 K
  => Flame thickness (max grad T) :  7.2006181E-02 cm
  => Stoichiometric mixture frac. :  0.0000000E+00 -
  => Position stoich mixture      : -6.7095840E-02 cm
  => Temperature at stoich mixture:  8.9991303E+02 K
  => Scalar dissipation at stoich :  0.0000000E+00 1/s
 
========================================================================
 
==> LogClose : Closing logfile
