==> LogWrite : Opening logfile
 
========================================================================
 
 
OOOOOOOOOOOOOOOOOOOOOOOOOOOOOOOOOOOOOOOOOOOOOO
O                                            O
O     @@@@  @  @  @@@@  @   @    @  @@@b     O
O     @     @  @  @     @@ @@   @@  @  @     O
O     @     @@@@  @@@@  @ @ @    @  @  @     O
O     @     @  @  @     @   @    @  @  @     O
O     @@@@  @  @  @@@@  @   @    @  @@@P     O
O                                            O
O     A ONE DIMENSIONAL FLAME CODE           O
O                                            O
O     Version:                               O
O     Release: 2012-06-01 08:38:57 +0200     O
O                                            O
OOOOOOOOOOOOOOOOOOOOOOOOOOOOOOOOOOOOOOOOOOOOOO
 
 
 
* Developed at the Eindhoven University of Technology
 
* http://www.combustion.tue.nl
 
========================================================================
 
Reading CHEM1D input files
    => Start reading chemistry 
    ==> CheckTroeData : Started
    ==> CheckTroeData : Finished
    => Finished reading chemistry
    => Thermodynamical Data   [OK]
    ElementName        Mass
    1  O                 1.5999400E+01
    2  H                 1.0079700E+00
    3  C                 1.2011200E+01
    4  N                 1.4006700E+01
    5  AR                3.9948000E+01

    SpeciesName        Mass
    1  H2                2.0159400E+00
    2  H                 1.0079700E+00
    3  O                 1.5999400E+01
    4  O2                3.1998800E+01
    5  OH                1.7007370E+01
    6  H2O               1.8015340E+01
    7  HO2               3.3006770E+01
    8  CH2               1.4027140E+01
    9  CH2(S)            1.4027140E+01
   10  CH3               1.5035110E+01
   11  CH4               1.6043080E+01
   12  CO                2.8010600E+01
   13  CO2               4.4010000E+01
   14  HCO               2.9018570E+01
   15  CH2O              3.0026540E+01
   16  CH3O              3.1034510E+01
   17  C2H4              2.8054280E+01
   18  C2H5              2.9062250E+01
   19  C2H6              3.0070220E+01
   20  N                 1.4006700E+01
   21  NO                3.0006100E+01
   22  N2                2.8013400E+01
   23  AR                3.9948000E+01

    => Reactions + rate coefficients 

       (1) O + H + M = OH + M
             A =  5.000E+17  beta = -1.000E+00  Ea/R =  0.000E+00   K
      Enhanced by:
      H2          2.00
      H2O         6.00
      CH4         2.00
      CO          1.50
      CO2         2.00
      C2H6        3.00
      AR          0.70

       (2) O + H2 = H + OH
             A =  5.000E+04  beta =  2.670E+00  Ea/R =  3.167E+03   K

       (3) O + HO2 = OH + O2
             A =  2.000E+13  beta =  0.000E+00  Ea/R =  0.000E+00   K

       (4) O + CH2 = H + HCO
             A =  8.000E+13  beta =  0.000E+00  Ea/R =  0.000E+00   K

       (5) O + CH2(S) = H + HCO
             A =  1.500E+13  beta =  0.000E+00  Ea/R =  0.000E+00   K

       (6) O + CH3 = H + CH2O
             A =  8.430E+13  beta =  0.000E+00  Ea/R =  0.000E+00   K

       (7) O + CH4 = OH + CH3
             A =  1.020E+09  beta =  1.500E+00  Ea/R =  4.331E+03   K

       (8) O + CO + M = CO2 + M
             A =  6.020E+14  beta =  0.000E+00  Ea/R =  1.511E+03   K
      Enhanced by:
      H2          2.00
      O2          6.00
      H2O         6.00
      CH4         2.00
      CO          1.50
      CO2         3.50
      C2H6        3.00
      AR          0.50

       (9) O + HCO = OH + CO
             A =  3.000E+13  beta =  0.000E+00  Ea/R =  0.000E+00   K

       (10) O + HCO = H + CO2
             A =  3.000E+13  beta =  0.000E+00  Ea/R =  0.000E+00   K

       (11) O + CH2O = OH + HCO
             A =  3.900E+13  beta =  0.000E+00  Ea/R =  1.783E+03   K

       (12) O + C2H4 = CH3 + HCO
             A =  1.920E+07  beta =  1.830E+00  Ea/R =  1.108E+02   K

       (13) O + C2H5 = CH3 + CH2O
             A =  1.320E+14  beta =  0.000E+00  Ea/R =  0.000E+00   K

       (14) O + C2H6 = OH + C2H5
             A =  8.980E+07  beta =  1.920E+00  Ea/R =  2.865E+03   K

       (15) O2 + CO = O + CO2
             A =  2.500E+12  beta =  0.000E+00  Ea/R =  2.407E+04   K

       (16) O2 + CH2O = HO2 + HCO
             A =  1.000E+14  beta =  0.000E+00  Ea/R =  2.014E+04   K

       (17) H + O2 + M = HO2 + M
             A =  2.800E+18  beta = -8.600E-01  Ea/R =  0.000E+00   K
      Enhanced by:
      O2          0.00
      H2O         0.00
      CO          0.75
      CO2         1.50
      C2H6        1.50
      N2          0.00
      AR          0.00

       (18) H + O2 + O2 = HO2 + O2
             A =  3.000E+20  beta = -1.720E+00  Ea/R =  0.000E+00   K

       (19) H + O2 + H2O = HO2 + H2O
             A =  9.380E+18  beta = -7.600E-01  Ea/R =  0.000E+00   K

       (20) H + O2 + N2 = HO2 + N2
             A =  3.750E+20  beta = -1.720E+00  Ea/R =  0.000E+00   K

       (21) H + O2 + AR = HO2 + AR
             A =  7.000E+17  beta = -8.000E-01  Ea/R =  0.000E+00   K

       (22) H + O2 = O + OH
             A =  8.300E+13  beta =  0.000E+00  Ea/R =  7.258E+03   K

       (23) H + H + M = H2 + M
             A =  1.000E+18  beta = -1.000E+00  Ea/R =  0.000E+00   K
      Enhanced by:
      H2          0.00
      H2O         0.00
      CH4         2.00
      CO2         0.00
      C2H6        3.00
      AR          0.63

       (24) H + H + H2 = H2 + H2
             A =  9.000E+16  beta = -6.000E-01  Ea/R =  0.000E+00   K

       (25) H + H + H2O = H2 + H2O
             A =  6.000E+19  beta = -1.250E+00  Ea/R =  0.000E+00   K

       (26) H + H + CO2 = H2 + CO2
             A =  5.500E+20  beta = -2.000E+00  Ea/R =  0.000E+00   K

       (27) H + OH + M = H2O + M
             A =  2.200E+22  beta = -2.000E+00  Ea/R =  0.000E+00   K
      Enhanced by:
      H2          0.73
      H2O         3.65
      CH4         2.00
      C2H6        3.00
      AR          0.38

       (28) H + HO2 = O2 + H2
             A =  2.800E+13  beta =  0.000E+00  Ea/R =  5.378E+02   K

       (29) H + HO2 = OH + OH
             A =  1.340E+14  beta =  0.000E+00  Ea/R =  3.198E+02   K

       (30) H + CH2 + M = CH3 + M
             A =  2.500E+16  beta = -8.000E-01  Ea/R =  0.000E+00   K
      LOW pressure limit: 
      A =  3.200E+27  beta = -3.140E+00  Ea/R =  6.194E+02   K
      TROE centering:
          a = 0.680E+00
       T*** = 0.780E+02 K
         T* = 0.200E+04 K
        T** = 0.559E+04 K
      Enhanced by:
      H2          2.00
      H2O         6.00
      CH4         2.00
      CO          1.50
      CO2         2.00
      C2H6        3.00
      AR          0.70

       (31) H + CH3 + M = CH4 + M
             A =  1.270E+16  beta = -6.300E-01  Ea/R =  1.929E+02   K
      LOW pressure limit: 
      A =  2.477E+33  beta = -4.760E+00  Ea/R =  1.229E+03   K
      TROE centering:
          a = 0.783E+00
       T*** = 0.740E+02 K
         T* = 0.294E+04 K
        T** = 0.696E+04 K
      Enhanced by:
      H2          2.00
      H2O         6.00
      CH4         2.00
      CO          1.50
      CO2         2.00
      C2H6        3.00
      AR          0.70

       (32) H + CH4 = CH3 + H2
             A =  6.600E+08  beta =  1.620E+00  Ea/R =  5.459E+03   K

       (33) H + HCO + M = CH2O + M
             A =  1.090E+12  beta =  4.800E-01  Ea/R = -1.309E+02   K
      LOW pressure limit: 
      A =  1.350E+24  beta = -2.570E+00  Ea/R =  7.176E+02   K
      TROE centering:
          a = 0.782E+00
       T*** = 0.271E+03 K
         T* = 0.276E+04 K
        T** = 0.657E+04 K
      Enhanced by:
      H2          2.00
      H2O         6.00
      CH4         2.00
      CO          1.50
      CO2         2.00
      C2H6        3.00
      AR          0.70

       (34) H + HCO = H2 + CO
             A =  7.340E+13  beta =  0.000E+00  Ea/R =  0.000E+00   K

       (35) H + CH2O + M = CH3O + M
             A =  5.400E+11  beta =  4.540E-01  Ea/R =  1.309E+03   K
      LOW pressure limit: 
      A =  2.200E+30  beta = -4.800E+00  Ea/R =  2.800E+03   K
      TROE centering:
          a = 0.758E+00
       T*** = 0.940E+02 K
         T* = 0.156E+04 K
        T** = 0.420E+04 K
      Enhanced by:
      H2          2.00
      H2O         6.00
      CH4         2.00
      CO          1.50
      CO2         2.00
      C2H6        3.00

       (36) H + CH2O = HCO + H2
             A =  2.300E+10  beta =  1.050E+00  Ea/R =  1.649E+03   K

       (37) H + CH3O = OH + CH3
             A =  3.200E+13  beta =  0.000E+00  Ea/R =  0.000E+00   K

       (38) H + C2H4 + M = C2H5 + M
             A =  1.080E+12  beta =  4.540E-01  Ea/R =  9.165E+02   K
      LOW pressure limit: 
      A =  1.200E+42  beta = -7.620E+00  Ea/R =  3.510E+03   K
      TROE centering:
          a = 0.975E+00
       T*** = 0.210E+03 K
         T* = 0.984E+03 K
        T** = 0.437E+04 K
      Enhanced by:
      H2          2.00
      H2O         6.00
      CH4         2.00
      CO          1.50
      CO2         2.00
      C2H6        3.00
      AR          0.70

       (39) H + C2H5 + M = C2H6 + M
             A =  5.210E+17  beta = -9.900E-01  Ea/R =  7.956E+02   K
      LOW pressure limit: 
      A =  1.990E+41  beta = -7.080E+00  Ea/R =  3.366E+03   K
      TROE centering:
          a = 0.842E+00
       T*** = 0.125E+03 K
         T* = 0.222E+04 K
        T** = 0.688E+04 K
      Enhanced by:
      H2          2.00
      H2O         6.00
      CH4         2.00
      CO          1.50
      CO2         2.00
      C2H6        3.00
      AR          0.70

       (40) H + C2H6 = C2H5 + H2
             A =  1.150E+08  beta =  1.900E+00  Ea/R =  3.792E+03   K

       (41) H2 + CO + M = CH2O + M
             A =  4.300E+07  beta =  1.500E+00  Ea/R =  4.008E+04   K
      LOW pressure limit: 
      A =  5.070E+27  beta = -3.420E+00  Ea/R =  4.248E+04   K
      TROE centering:
          a = 0.932E+00
       T*** = 0.197E+03 K
         T* = 0.154E+04 K
        T** = 0.103E+05 K
      Enhanced by:
      H2          2.00
      H2O         6.00
      CH4         2.00
      CO          1.50
      CO2         2.00
      C2H6        3.00
      AR          0.70

       (42) OH + H2 = H + H2O
             A =  2.160E+08  beta =  1.510E+00  Ea/R =  1.727E+03   K

       (43) OH + OH = O + H2O
             A =  3.570E+04  beta =  2.400E+00  Ea/R = -1.063E+03   K

       (44) OH + HO2 = O2 + H2O
             A =  2.900E+13  beta =  0.000E+00  Ea/R = -2.518E+02   K

       (45) OH + CH2 = H + CH2O
             A =  2.000E+13  beta =  0.000E+00  Ea/R =  0.000E+00   K

       (46) OH + CH2(S) = H + CH2O
             A =  3.000E+13  beta =  0.000E+00  Ea/R =  0.000E+00   K

       (47) OH + CH3 = CH2 + H2O
             A =  5.600E+07  beta =  1.600E+00  Ea/R =  2.729E+03   K

       (48) OH + CH3 = CH2(S) + H2O
             A =  2.501E+13  beta =  0.000E+00  Ea/R =  0.000E+00   K

       (49) OH + CH4 = CH3 + H2O
             A =  1.000E+08  beta =  1.600E+00  Ea/R =  1.571E+03   K

       (50) OH + CO = H + CO2
             A =  4.760E+07  beta =  1.228E+00  Ea/R =  3.525E+01   K

       (51) OH + HCO = H2O + CO
             A =  5.000E+13  beta =  0.000E+00  Ea/R =  0.000E+00   K

       (52) OH + CH2O = HCO + H2O
             A =  3.430E+09  beta =  1.180E+00  Ea/R = -2.251E+02   K

       (53) OH + C2H6 = C2H5 + H2O
             A =  3.540E+06  beta =  2.120E+00  Ea/R =  4.381E+02   K

       (54) HO2 + CH2 = OH + CH2O
             A =  2.000E+13  beta =  0.000E+00  Ea/R =  0.000E+00   K

       (55) HO2 + CH3 = O2 + CH4
             A =  1.000E+12  beta =  0.000E+00  Ea/R =  0.000E+00   K

       (56) HO2 + CH3 = OH + CH3O
             A =  2.000E+13  beta =  0.000E+00  Ea/R =  0.000E+00   K

       (57) HO2 + CO = OH + CO2
             A =  1.500E+14  beta =  0.000E+00  Ea/R =  1.188E+04   K

       (58) CH2 + O2 = OH + HCO
             A =  1.320E+13  beta =  0.000E+00  Ea/R =  7.553E+02   K

       (59) CH2 + H2 = H + CH3
             A =  5.000E+05  beta =  2.000E+00  Ea/R =  3.641E+03   K

       (60) CH2 + CH3 = H + C2H4
             A =  4.000E+13  beta =  0.000E+00  Ea/R =  0.000E+00   K

       (61) CH2 + CH4 = CH3 + CH3
             A =  2.460E+06  beta =  2.000E+00  Ea/R =  4.164E+03   K

       (62) CH2(S) + N2 = CH2 + N2
             A =  1.500E+13  beta =  0.000E+00  Ea/R =  3.021E+02   K

       (63) CH2(S) + AR = CH2 + AR
             A =  9.000E+12  beta =  0.000E+00  Ea/R =  3.021E+02   K

       (64) CH2(S) + O2 = H + OH + CO
             A =  2.800E+13  beta =  0.000E+00  Ea/R =  0.000E+00   K

       (65) CH2(S) + O2 = CO + H2O
             A =  1.200E+13  beta =  0.000E+00  Ea/R =  0.000E+00   K

       (66) CH2(S) + H2 = CH3 + H
             A =  7.000E+13  beta =  0.000E+00  Ea/R =  0.000E+00   K

       (67) CH2(S) + H2O = CH2 + H2O
             A =  3.000E+13  beta =  0.000E+00  Ea/R =  0.000E+00   K

       (68) CH2(S) + CH3 = H + C2H4
             A =  1.200E+13  beta =  0.000E+00  Ea/R = -2.870E+02   K

       (69) CH2(S) + CH4 = CH3 + CH3
             A =  1.600E+13  beta =  0.000E+00  Ea/R = -2.870E+02   K

       (70) CH2(S) + CO = CH2 + CO
             A =  9.000E+12  beta =  0.000E+00  Ea/R =  0.000E+00   K

       (71) CH2(S) + CO2 = CH2 + CO2
             A =  7.000E+12  beta =  0.000E+00  Ea/R =  0.000E+00   K

       (72) CH2(S) + CO2 = CO + CH2O
             A =  1.400E+13  beta =  0.000E+00  Ea/R =  0.000E+00   K

       (73) CH3 + O2 = O + CH3O
             A =  2.675E+13  beta =  0.000E+00  Ea/R =  1.450E+04   K

       (74) CH3 + O2 = OH + CH2O
             A =  3.600E+10  beta =  0.000E+00  Ea/R =  4.502E+03   K

       (75) CH3 + CH3 + M = C2H6 + M
             A =  2.120E+16  beta = -9.700E-01  Ea/R =  3.122E+02   K
      LOW pressure limit: 
      A =  1.770E+50  beta = -9.670E+00  Ea/R =  3.132E+03   K
      TROE centering:
          a = 0.532E+00
       T*** = 0.151E+03 K
         T* = 0.104E+04 K
        T** = 0.497E+04 K
      Enhanced by:
      H2          2.00
      H2O         6.00
      CH4         2.00
      CO          1.50
      CO2         2.00
      C2H6        3.00
      AR          0.70

       (76) CH3 + CH3 = H + C2H5
             A =  4.990E+12  beta =  1.000E-01  Ea/R =  5.338E+03   K

       (77) CH3 + HCO = CH4 + CO
             A =  2.648E+13  beta =  0.000E+00  Ea/R =  0.000E+00   K

       (78) CH3 + CH2O = HCO + CH4
             A =  3.320E+03  beta =  2.810E+00  Ea/R =  2.951E+03   K

       (79) CH3 + C2H6 = C2H5 + CH4
             A =  6.140E+06  beta =  1.740E+00  Ea/R =  5.262E+03   K

       (80) HCO + H2O = H + CO + H2O
             A =  2.244E+18  beta = -1.000E+00  Ea/R =  8.561E+03   K

       (81) HCO + M = H + CO + M
             A =  1.870E+17  beta = -1.000E+00  Ea/R =  8.561E+03   K
      Enhanced by:
      H2          2.00
      H2O         0.00
      CH4         2.00
      CO          1.50
      CO2         2.00
      C2H6        3.00

       (82) HCO + O2 = HO2 + CO
             A =  7.600E+12  beta =  0.000E+00  Ea/R =  2.014E+02   K

       (83) CH3O + O2 = HO2 + CH2O
             A =  4.280E-13  beta =  7.600E+00  Ea/R = -1.778E+03   K

       (84) C2H5 + O2 = HO2 + C2H4
             A =  8.400E+11  beta =  0.000E+00  Ea/R =  1.951E+03   K

       (85) N + NO = N2 + O
             A =  2.700E+13  beta =  0.000E+00  Ea/R =  1.788E+02   K

       (86) N + O2 = NO + O
             A =  9.000E+09  beta =  1.000E+00  Ea/R =  3.273E+03   K

       (87) N + OH = NO + H
             A =  3.360E+13  beta =  0.000E+00  Ea/R =  1.939E+02   K

    => Defaultsfile           [OK]
    => Settingsfile           [OK]
    => Commandline options    [OK]
    => Start reading .chm file
        [MSG] Transport parameters    [OK]
        [MSG] Conductivity parameters [OK]
        [MSG] Viscosity parameters    [OK]
        [MSG] Difusivity parameters   [OK]
        [MSG] Thermal parameters      [OK]
    => Reading .chm file      [OK]
    => CHEM1D datafile        [OK]
    => Setting grid weights :
        DENSITY            1.00000
        TEMP               1.00000
        CH4                1.00000
        HEATREL            1.00000
 
 
------------------------------------------------------------------------
 
Simulation settings:
    => Counterflow flame
    => Stationary solution
    => Detailed chemistry model
    => Mixture averaged diffusion model
    => No radiation model
    => No model for heat exchanger
 
------------------------------------------------------------------------
 
Variables:
       Name              BC_Left      BC_Right     Unit
  1) * H2                0.00000E+00  0.00000E+00  Mass frac.
  2) * H                 0.00000E+00  0.00000E+00  Mass frac.
  3) * O                 0.00000E+00  0.00000E+00  Mass frac.
  4) * O2                2.26592E-01  9.06365E-02  Mass frac.
  5) * OH                0.00000E+00  0.00000E+00  Mass frac.
  6) * H2O               0.00000E+00  7.65426E-02  Mass frac.
  7) * HO2               0.00000E+00  0.00000E+00  Mass frac.
  8) * CH2               0.00000E+00  0.00000E+00  Mass frac.
  9) * CH2(S)            0.00000E+00  0.00000E+00  Mass frac.
 10) * CH3               0.00000E+00  0.00000E+00  Mass frac.
 11) * CH4               3.40818E-02  0.00000E+00  Mass frac.
 12) * CO                0.00000E+00  0.00000E+00  Mass frac.
 13) * CO2               0.00000E+00  9.34944E-02  Mass frac.
 14) * HCO               0.00000E+00  0.00000E+00  Mass frac.
 15) * CH2O              0.00000E+00  0.00000E+00  Mass frac.
 16) * CH3O              0.00000E+00  0.00000E+00  Mass frac.
 17) * C2H4              0.00000E+00  0.00000E+00  Mass frac.
 18) * C2H5              0.00000E+00  0.00000E+00  Mass frac.
 19) * C2H6              0.00000E+00  0.00000E+00  Mass frac.
 20) * N                 0.00000E+00  0.00000E+00  Mass frac.
 21) * NO                0.00000E+00  0.00000E+00  Mass frac.
 22) * N2                7.39326E-01  7.39326E-01  Mass frac.
 23) * AR                0.00000E+00  0.00000E+00  Mass frac.
 24) * Temp              3.00000E+02  1.66600E+03  K
 25) * Massflow          1.35147E-02  2.43361E-03  gr/(cm2 s)
 26) * Enthalpy         -1.56496E+02 -1.73365E+02  J/gr
 27) * MixFrac           1.00000E+00  1.00000E+00  -
 28) * Stretch           4.24307E+03  9.99900E+03  1/s
 29)   Press             1.00000E+05  1.00000E+05  Pa
 30)   Density           1.12622E-03  2.02801E-04  gr/cm3
 31)   MeanMass          2.80918E+01  2.80918E+01  gr/mol
 32)   Surface           0.00000E+00  0.00000E+00  cm2
 33)   Porosity          0.00000E+00  0.00000E+00  -
 34)   Tsolid            0.00000E+00  0.00000E+00  K
 35)   HeatRel           0.00000E+00  0.00000E+00  J/(cm3 s)
 36)   Dissipation       0.00000E+00  0.00000E+00  -
 
------------------------------------------------------------------------
 
       0 --- --------- --------- Start solver
       1 --- --------- --------- Regridding
       1 --- --------- --------- Jacobian 00001
       1   8 2.116E-03 3.906E-03 Steady Fail
       2 --- --------- --------- Regridding
       2 --- --------- --------- Jacobian 00002
       2 --- --------- --------- Timestep 1.000E-06
       2   2 5.299E-07 1.000E-06 Time OK
       3   6 9.216E-06 2.000E-06 Time OK
       4   7 6.299E-07 3.000E-06 Time OK
       5   7 7.191E-07 4.000E-06 Time OK
       6   7 8.331E-07 5.000E-06 Time OK
       7   7 9.798E-07 6.000E-06 Time OK
       8   7 1.155E-06 7.000E-06 Time OK
       9   8 7.007E-07 8.000E-06 Time OK
      10   8 8.268E-07 9.000E-06 Time OK
      11   8 9.530E-07 1.000E-05 Time OK
      12   8 1.077E-06 1.100E-05 Time OK
      13   8 1.194E-06 1.200E-05 Time OK
      14   8 1.302E-06 1.300E-05 Time OK
      15   8 1.397E-06 1.400E-05 Time OK
      16   8 1.476E-06 1.500E-05 Time OK
      17   9 8.828E-07 1.600E-05 Time OK
      18   9 9.028E-07 1.700E-05 Time OK
      19   9 9.196E-07 1.800E-05 Time OK
      20   9 9.291E-07 1.900E-05 Time OK
      21   9 9.306E-07 2.000E-05 Time OK
      22   9 9.250E-07 2.100E-05 Time OK
      23   9 9.137E-07 2.200E-05 Time OK
      24 --- --------- --------- Regridding
      24 --- --------- --------- Jacobian 00003
      24   8 1.336E-03 3.906E-03 Steady Fail
      25 --- --------- --------- Regridding
      25 --- --------- --------- Jacobian 00004
      25 --- --------- --------- Timestep 1.000E-06
      25   1 3.100E-08 2.300E-05 Time OK
      26   2 3.329E-10 2.400E-05 Time OK
      27   2 5.746E-10 2.500E-05 Time OK
      28   2 1.021E-09 2.600E-05 Time OK
      29   2 1.512E-09 2.700E-05 Time OK
      30   2 2.113E-09 2.800E-05 Time OK
      31   2 2.874E-09 2.900E-05 Time OK
      32   2 3.810E-09 3.000E-05 Time OK
      33   2 4.920E-09 3.100E-05 Time OK
      34   2 6.207E-09 3.200E-05 Time OK
      35   2 7.677E-09 3.300E-05 Time OK
      36   2 9.340E-09 3.400E-05 Time OK
      37   2 1.120E-08 3.500E-05 Time OK
      38   2 1.328E-08 3.600E-05 Time OK
      39   2 1.557E-08 3.700E-05 Time OK
      40   2 1.810E-08 3.800E-05 Time OK
      41   2 2.086E-08 3.900E-05 Time OK
      42   2 2.386E-08 4.000E-05 Time OK
      43   2 2.713E-08 4.100E-05 Time OK
      44   2 3.066E-08 4.200E-05 Time OK
      45   3 1.440E-09 4.300E-05 Time OK
      46   3 1.677E-09 4.400E-05 Time OK
      47 --- --------- --------- Regridding
      47 --- --------- --------- Jacobian 00005
      47   8 1.659E-04 3.906E-03 Steady Fail
      48 --- --------- --------- Regridding
      48 --- --------- --------- Jacobian 00006
      48 --- --------- --------- Timestep 2.000E-06
      48   2 2.229E-09 4.600E-05 Time OK
      49   2 7.906E-09 4.800E-05 Time OK
      50   2 1.827E-08 5.000E-05 Time OK
      51   2 3.274E-08 5.200E-05 Time OK
      52   3 1.232E-09 5.400E-05 Time OK
      53   3 2.096E-09 5.600E-05 Time OK
      54   3 3.299E-09 5.800E-05 Time OK
      55   3 4.895E-09 6.000E-05 Time OK
      56   3 6.944E-09 6.200E-05 Time OK
      57   3 9.509E-09 6.400E-05 Time OK
      58   3 1.266E-08 6.600E-05 Time OK
      59   3 1.647E-08 6.800E-05 Time OK
      60   3 2.104E-08 7.000E-05 Time OK
      61   3 2.647E-08 7.200E-05 Time OK
      62   3 3.288E-08 7.400E-05 Time OK
      63   3 4.044E-08 7.600E-05 Time OK
      64   3 4.931E-08 7.800E-05 Time OK
      65   3 5.969E-08 8.000E-05 Time OK
      66   3 7.179E-08 8.200E-05 Time OK
      67   4 1.791E-08 8.400E-05 Time OK
      68   4 2.394E-08 8.600E-05 Time OK
      69   4 3.058E-08 8.800E-05 Time OK
      70 --- --------- --------- Regridding
      70 --- --------- --------- Jacobian 00007
      70   8 2.648E-05 3.906E-03 Steady Fail
      71 --- --------- --------- Regridding
      71 --- --------- --------- Jacobian 00008
      71 --- --------- --------- Timestep 4.000E-06
      71   2 5.623E-08 9.200E-05 Time OK
      72   2 1.863E-07 9.600E-05 Time OK
      73   3 1.437E-08 1.000E-04 Time OK
      74   3 3.530E-08 1.040E-04 Time OK
      75   3 7.193E-08 1.080E-04 Time OK
      76   3 1.290E-07 1.120E-04 Time OK
      77   3 2.111E-07 1.160E-04 Time OK
      78   4 7.018E-08 1.200E-04 Time OK
      79   4 1.195E-07 1.240E-04 Time OK
      80   4 1.879E-07 1.280E-04 Time OK
      81   5 9.917E-08 1.320E-04 Time OK
      82   5 1.546E-07 1.360E-04 Time OK
      83   5 2.416E-07 1.400E-04 Time OK
      84   6 1.678E-07 1.440E-04 Time OK
      85   7 1.486E-07 1.480E-04 Time OK
      86   7 2.278E-07 1.520E-04 Time OK
      87   8 2.290E-07 1.560E-04 Time OK
      88  10 2.014E-07 1.600E-04 Time OK
      89  12 2.246E-07 1.640E-04 Time OK
      90  16 2.773E-07 1.680E-04 Time OK
      91  50 3.233E-07 1.720E-04 Time Fail
      92 --- --------- --------- Regridding
      92 --- --------- --------- Jacobian 00009
      92 --- --------- --------- Timestep 4.000E-06
      92   2 2.724E-08 1.720E-04 Time OK
      93   2 8.036E-08 1.760E-04 Time OK
      94   3 9.203E-09 1.800E-04 Time OK
      95   3 2.127E-08 1.840E-04 Time OK
      96   3 4.068E-08 1.880E-04 Time OK
      97   3 6.848E-08 1.920E-04 Time OK
      98   3 1.055E-07 1.960E-04 Time OK
      99   4 3.048E-08 2.000E-04 Time OK
     100   4 4.805E-08 2.040E-04 Time OK
     101   4 7.064E-08 2.080E-04 Time OK
     102   4 1.003E-07 2.120E-04 Time OK
     103   5 4.427E-08 2.160E-04 Time OK
     104   5 6.247E-08 2.200E-04 Time OK
     105   5 8.890E-08 2.240E-04 Time OK
     106   5 1.218E-07 2.280E-04 Time OK
     107   6 7.439E-08 2.320E-04 Time OK
     108   6 1.129E-07 2.360E-04 Time OK
     109   7 8.500E-08 2.400E-04 Time OK
     110   7 1.081E-07 2.440E-04 Time OK
     111   8 1.053E-07 2.480E-04 Time OK
     112  10 1.104E-07 2.520E-04 Time OK
     113  39 1.105E-07 2.560E-04 Time OK
     114 --- --------- --------- Regridding
     114 --- --------- --------- Jacobian 00010
     114   8 4.480E-06 7.813E-03 Steady OK
     115   2 1.008E-05 3.906E-03 Steady Fail
     116 --- --------- --------- Regridding
     116 --- --------- --------- Jacobian 00011
     116   8 5.953E-06 3.906E-03 Steady Fail
     117 --- --------- --------- Regridding
     117 --- --------- --------- Jacobian 00012
     117 --- --------- --------- Timestep 2.000E-06
     117   1 5.398E-08 2.580E-04 Time OK
     118   2 1.158E-08 2.600E-04 Time OK
     119   2 1.204E-08 2.620E-04 Time OK
     120   2 8.103E-09 2.640E-04 Time OK
     121   2 5.772E-09 2.660E-04 Time OK
     122   2 6.787E-09 2.680E-04 Time OK
     123   2 9.309E-09 2.700E-04 Time OK
     124   2 1.225E-08 2.720E-04 Time OK
     125   2 1.545E-08 2.740E-04 Time OK
     126   3 1.288E-09 2.760E-04 Time OK
     127   3 1.686E-09 2.780E-04 Time OK
     128   3 2.170E-09 2.800E-04 Time OK
     129   3 2.720E-09 2.820E-04 Time OK
     130   3 3.343E-09 2.840E-04 Time OK
     131   3 4.039E-09 2.860E-04 Time OK
     132   3 4.810E-09 2.880E-04 Time OK
     133   3 5.657E-09 2.900E-04 Time OK
     134   3 6.579E-09 2.920E-04 Time OK
     135   3 7.577E-09 2.940E-04 Time OK
     136   3 8.651E-09 2.960E-04 Time OK
     137   3 9.801E-09 2.980E-04 Time OK
     138   3 1.103E-08 3.000E-04 Time OK
     139 --- --------- --------- Regridding
     139 --- --------- --------- Jacobian 00013
     139   8 3.579E-06 7.813E-03 Steady OK
     140   2 7.873E-06 3.906E-03 Steady Fail
     141 --- --------- --------- Regridding
     141 --- --------- --------- Jacobian 00014
     141   8 4.895E-06 3.906E-03 Steady Fail
     142 --- --------- --------- Regridding
     142 --- --------- --------- Jacobian 00015
     142 --- --------- --------- Timestep 4.000E-06
     142   2 4.037E-08 3.040E-04 Time OK
     143   2 6.512E-08 3.080E-04 Time OK
     144   2 3.961E-08 3.120E-04 Time OK
     145   2 4.243E-08 3.160E-04 Time OK
     146   3 3.679E-09 3.200E-04 Time OK
     147   3 5.573E-09 3.240E-04 Time OK
     148   3 8.150E-09 3.280E-04 Time OK
     149   3 1.137E-08 3.320E-04 Time OK
     150   3 1.522E-08 3.360E-04 Time OK
     151   3 1.969E-08 3.400E-04 Time OK
     152   3 2.477E-08 3.440E-04 Time OK
     153   3 3.045E-08 3.480E-04 Time OK
     154   3 3.672E-08 3.520E-04 Time OK
     155   4 7.952E-09 3.560E-04 Time OK
     156   4 1.015E-08 3.600E-04 Time OK
     157   4 1.242E-08 3.640E-04 Time OK
     158   4 1.507E-08 3.680E-04 Time OK
     159   4 1.808E-08 3.720E-04 Time OK
     160   4 2.147E-08 3.760E-04 Time OK
     161   4 2.525E-08 3.800E-04 Time OK
     162   4 2.947E-08 3.840E-04 Time OK
     163   4 3.416E-08 3.880E-04 Time OK
     164 --- --------- --------- Regridding
     164 --- --------- --------- Jacobian 00016
     164   7 1.220E-05 1.563E-02 Steady OK
     165   3 1.553E-05 3.906E-03 Steady Fail
     166 --- --------- --------- Regridding
     166 --- --------- --------- Jacobian 00017
     166   7 2.017E-05 1.563E-02 Steady OK
     167   3 2.348E-05 3.906E-03 Steady Fail
     168 --- --------- --------- Regridding
     168 --- --------- --------- Jacobian 00018
     168   7 3.165E-05 1.563E-02 Steady OK
     169   3 3.446E-05 7.813E-03 Steady OK
     170   2 3.936E-05 3.906E-03 Steady Fail
     171 --- --------- --------- Regridding
     171 --- --------- --------- Jacobian 00019
     171   7 4.207E-05 1.563E-02 Steady OK
     172   3 4.524E-05 7.813E-03 Steady OK
     173   2 5.027E-05 3.906E-03 Steady Fail
     174 --- --------- --------- Regridding
     174 --- --------- --------- Jacobian 00020
     174   7 5.355E-05 1.563E-02 Steady OK
     175   3 5.668E-05 7.813E-03 Steady OK
     176   2 6.151E-05 7.813E-03 Steady OK
     177   2 6.820E-05 3.906E-03 Steady Fail
     178 --- --------- --------- Regridding
     178 --- --------- --------- Jacobian 00021
     178   7 6.682E-05 1.563E-02 Steady OK
     179   3 7.012E-05 7.813E-03 Steady OK
     180   2 7.504E-05 7.813E-03 Steady OK
     181   2 8.164E-05 7.813E-03 Steady OK
     182   2 8.996E-05 3.906E-03 Steady Fail
     183 --- --------- --------- Regridding
     183 --- --------- --------- Jacobian 00022
     183   7 8.900E-05 1.563E-02 Steady OK
     184   2 9.680E-05 1.563E-02 Steady OK
     185   3 1.029E-04 3.906E-03 Steady Fail
     186 --- --------- --------- Regridding
     186 --- --------- --------- Jacobian 00023
     186   8 1.027E-04 3.906E-03 Steady Fail
     187 --- --------- --------- Regridding
     187 --- --------- --------- Jacobian 00024
     187 --- --------- --------- Timestep 8.000E-06
     187   2 1.627E-08 3.960E-04 Time OK
     188   6 6.883E-07 4.040E-04 Time OK
     189   3 4.421E-08 4.120E-04 Time OK
     190   3 2.698E-08 4.200E-04 Time OK
     191   3 1.730E-08 4.280E-04 Time OK
     192   3 1.436E-08 4.360E-04 Time OK
     193   3 1.739E-08 4.440E-04 Time OK
     194   3 2.341E-08 4.520E-04 Time OK
     195   3 3.056E-08 4.600E-04 Time OK
     196   4 5.295E-09 4.680E-04 Time OK
     197   4 6.664E-09 4.760E-04 Time OK
     198   4 8.302E-09 4.840E-04 Time OK
     199  10 1.784E-08 4.920E-04 Time OK
     200  10 1.926E-08 5.000E-04 Time OK
     201  10 2.025E-08 5.080E-04 Time OK
     202  10 2.074E-08 5.160E-04 Time OK
     203  10 2.065E-08 5.240E-04 Time OK
     204  10 1.996E-08 5.320E-04 Time OK
     205  10 1.875E-08 5.400E-04 Time OK
     206  10 1.703E-08 5.480E-04 Time OK
     207  10 1.522E-08 5.560E-04 Time OK
     208  10 1.408E-08 5.640E-04 Time OK
     209 --- --------- --------- Regridding
     209 --- --------- --------- Jacobian 00025
     209   1 2.942E-05 1.000E+00 Steady OK
     210   3 2.133E-05 2.500E-01 Steady OK
     211   2 1.719E-05 2.500E-01 Steady OK
     212   2 1.633E-05 2.500E-01 Steady OK
     213   2 1.777E-05 2.500E-01 Steady OK
     214   3 1.856E-05 1.250E-01 Steady OK
     215   2 1.952E-05 1.250E-01 Steady OK
     216   2 2.061E-05 1.250E-01 Steady OK
     217   2 2.179E-05 1.250E-01 Steady OK
     218   2 2.306E-05 1.250E-01 Steady OK
     219   2 2.442E-05 1.250E-01 Steady OK
     220   2 2.585E-05 1.250E-01 Steady OK
     221   2 2.733E-05 1.250E-01 Steady OK
     222   2 2.885E-05 1.250E-01 Steady OK
     223   2 3.038E-05 1.250E-01 Steady OK
     224   2 3.190E-05 1.250E-01 Steady OK
     225   1 3.497E-05 2.500E-01 Steady OK
     226   2 3.768E-05 2.500E-01 Steady OK
     227   2 3.990E-05 2.500E-01 Steady OK
     228   1 4.334E-05 5.000E-01 Steady OK
     229   1 4.537E-05 1.000E+00 Steady OK
     230   1 4.003E-05 1.000E+00 Steady OK
     231 --- --------- --------- Regridding
     231 --- --------- --------- Jacobian 00026
     231   1 3.228E-06 1.000E+00 Steady OK
     232   1 1.842E-07 1.000E+00 Steady OK
     233   1 3.626E-08 1.000E+00 Steady OK
     234   1 8.152E-09 1.000E+00 Steady OK
     235   1 2.026E-09 1.000E+00 Steady OK
     236   1 5.320E-10 1.000E+00 Steady OK
     237   1 1.437E-10 1.000E+00 Steady OK
     238   1 3.933E-11 1.000E+00 Steady OK
 
------------------------------------------------------------------------
 
Simulation stopped:
  => Converged!
 
------------------------------------------------------------------------
 
Postprocessing output:
  => Position reaction layer      :  2.1382849E-02 cm
  => Temperature reaction layer   :  1.5295844E+03 K
  => Mass burning rate            :  3.1974162E-01 gr/(cm2s)
  => Burning velocity (unburnt)   :  2.8390629E+02 cm/s
  => Maximum temperature          :  1.6660000E+03 K
  => Minimum temperature          :  2.9999997E+02 K
  => Flame thickness (max grad T) :  3.5858385E-02 cm
  => Stoichiometric mixture frac. :  0.0000000E+00 -
  => Position stoich mixture      : -3.2756760E-03 cm
  => Temperature at stoich mixture:  9.3210035E+02 K
  => Scalar dissipation at stoich :  1.5269722E-31 1/s
 
========================================================================
 
==> LogClose : Closing logfile
