==> LogWrite : Opening logfile
 
========================================================================
 
 
OOOOOOOOOOOOOOOOOOOOOOOOOOOOOOOOOOOOOOOOOOOOOO
O                                            O
O     @@@@  @  @  @@@@  @   @    @  @@@b     O
O     @     @  @  @     @@ @@   @@  @  @     O
O     @     @@@@  @@@@  @ @ @    @  @  @     O
O     @     @  @  @     @   @    @  @  @     O
O     @@@@  @  @  @@@@  @   @    @  @@@P     O
O                                            O
O     A ONE DIMENSIONAL FLAME CODE           O
O                                            O
O     Version:                               O
O     Release: 2012-06-01 08:38:57 +0200     O
O                                            O
OOOOOOOOOOOOOOOOOOOOOOOOOOOOOOOOOOOOOOOOOOOOOO
 
 
 
* Developed at the Eindhoven University of Technology
 
* http://www.combustion.tue.nl
 
========================================================================
 
Reading CHEM1D input files
    => Start reading chemistry 
    ==> CheckTroeData : Started
    ==> CheckTroeData : Finished
    => Finished reading chemistry
    => Thermodynamical Data   [OK]
    ElementName        Mass
    1  O                 1.5999400E+01
    2  H                 1.0079700E+00
    3  C                 1.2011200E+01
    4  N                 1.4006700E+01
    5  AR                3.9948000E+01

    SpeciesName        Mass
    1  H2                2.0159400E+00
    2  H                 1.0079700E+00
    3  O                 1.5999400E+01
    4  O2                3.1998800E+01
    5  OH                1.7007370E+01
    6  H2O               1.8015340E+01
    7  HO2               3.3006770E+01
    8  CH2               1.4027140E+01
    9  CH2(S)            1.4027140E+01
   10  CH3               1.5035110E+01
   11  CH4               1.6043080E+01
   12  CO                2.8010600E+01
   13  CO2               4.4010000E+01
   14  HCO               2.9018570E+01
   15  CH2O              3.0026540E+01
   16  CH3O              3.1034510E+01
   17  C2H4              2.8054280E+01
   18  C2H5              2.9062250E+01
   19  C2H6              3.0070220E+01
   20  N                 1.4006700E+01
   21  NO                3.0006100E+01
   22  N2                2.8013400E+01
   23  AR                3.9948000E+01

    => Reactions + rate coefficients 

       (1) O + H + M = OH + M
             A =  5.000E+17  beta = -1.000E+00  Ea/R =  0.000E+00   K
      Enhanced by:
      H2          2.00
      H2O         6.00
      CH4         2.00
      CO          1.50
      CO2         2.00
      C2H6        3.00
      AR          0.70

       (2) O + H2 = H + OH
             A =  5.000E+04  beta =  2.670E+00  Ea/R =  3.167E+03   K

       (3) O + HO2 = OH + O2
             A =  2.000E+13  beta =  0.000E+00  Ea/R =  0.000E+00   K

       (4) O + CH2 = H + HCO
             A =  8.000E+13  beta =  0.000E+00  Ea/R =  0.000E+00   K

       (5) O + CH2(S) = H + HCO
             A =  1.500E+13  beta =  0.000E+00  Ea/R =  0.000E+00   K

       (6) O + CH3 = H + CH2O
             A =  8.430E+13  beta =  0.000E+00  Ea/R =  0.000E+00   K

       (7) O + CH4 = OH + CH3
             A =  1.020E+09  beta =  1.500E+00  Ea/R =  4.331E+03   K

       (8) O + CO + M = CO2 + M
             A =  6.020E+14  beta =  0.000E+00  Ea/R =  1.511E+03   K
      Enhanced by:
      H2          2.00
      O2          6.00
      H2O         6.00
      CH4         2.00
      CO          1.50
      CO2         3.50
      C2H6        3.00
      AR          0.50

       (9) O + HCO = OH + CO
             A =  3.000E+13  beta =  0.000E+00  Ea/R =  0.000E+00   K

       (10) O + HCO = H + CO2
             A =  3.000E+13  beta =  0.000E+00  Ea/R =  0.000E+00   K

       (11) O + CH2O = OH + HCO
             A =  3.900E+13  beta =  0.000E+00  Ea/R =  1.783E+03   K

       (12) O + C2H4 = CH3 + HCO
             A =  1.920E+07  beta =  1.830E+00  Ea/R =  1.108E+02   K

       (13) O + C2H5 = CH3 + CH2O
             A =  1.320E+14  beta =  0.000E+00  Ea/R =  0.000E+00   K

       (14) O + C2H6 = OH + C2H5
             A =  8.980E+07  beta =  1.920E+00  Ea/R =  2.865E+03   K

       (15) O2 + CO = O + CO2
             A =  2.500E+12  beta =  0.000E+00  Ea/R =  2.407E+04   K

       (16) O2 + CH2O = HO2 + HCO
             A =  1.000E+14  beta =  0.000E+00  Ea/R =  2.014E+04   K

       (17) H + O2 + M = HO2 + M
             A =  2.800E+18  beta = -8.600E-01  Ea/R =  0.000E+00   K
      Enhanced by:
      O2          0.00
      H2O         0.00
      CO          0.75
      CO2         1.50
      C2H6        1.50
      N2          0.00
      AR          0.00

       (18) H + O2 + O2 = HO2 + O2
             A =  3.000E+20  beta = -1.720E+00  Ea/R =  0.000E+00   K

       (19) H + O2 + H2O = HO2 + H2O
             A =  9.380E+18  beta = -7.600E-01  Ea/R =  0.000E+00   K

       (20) H + O2 + N2 = HO2 + N2
             A =  3.750E+20  beta = -1.720E+00  Ea/R =  0.000E+00   K

       (21) H + O2 + AR = HO2 + AR
             A =  7.000E+17  beta = -8.000E-01  Ea/R =  0.000E+00   K

       (22) H + O2 = O + OH
             A =  8.300E+13  beta =  0.000E+00  Ea/R =  7.258E+03   K

       (23) H + H + M = H2 + M
             A =  1.000E+18  beta = -1.000E+00  Ea/R =  0.000E+00   K
      Enhanced by:
      H2          0.00
      H2O         0.00
      CH4         2.00
      CO2         0.00
      C2H6        3.00
      AR          0.63

       (24) H + H + H2 = H2 + H2
             A =  9.000E+16  beta = -6.000E-01  Ea/R =  0.000E+00   K

       (25) H + H + H2O = H2 + H2O
             A =  6.000E+19  beta = -1.250E+00  Ea/R =  0.000E+00   K

       (26) H + H + CO2 = H2 + CO2
             A =  5.500E+20  beta = -2.000E+00  Ea/R =  0.000E+00   K

       (27) H + OH + M = H2O + M
             A =  2.200E+22  beta = -2.000E+00  Ea/R =  0.000E+00   K
      Enhanced by:
      H2          0.73
      H2O         3.65
      CH4         2.00
      C2H6        3.00
      AR          0.38

       (28) H + HO2 = O2 + H2
             A =  2.800E+13  beta =  0.000E+00  Ea/R =  5.378E+02   K

       (29) H + HO2 = OH + OH
             A =  1.340E+14  beta =  0.000E+00  Ea/R =  3.198E+02   K

       (30) H + CH2 + M = CH3 + M
             A =  2.500E+16  beta = -8.000E-01  Ea/R =  0.000E+00   K
      LOW pressure limit: 
      A =  3.200E+27  beta = -3.140E+00  Ea/R =  6.194E+02   K
      TROE centering:
          a = 0.680E+00
       T*** = 0.780E+02 K
         T* = 0.200E+04 K
        T** = 0.559E+04 K
      Enhanced by:
      H2          2.00
      H2O         6.00
      CH4         2.00
      CO          1.50
      CO2         2.00
      C2H6        3.00
      AR          0.70

       (31) H + CH3 + M = CH4 + M
             A =  1.270E+16  beta = -6.300E-01  Ea/R =  1.929E+02   K
      LOW pressure limit: 
      A =  2.477E+33  beta = -4.760E+00  Ea/R =  1.229E+03   K
      TROE centering:
          a = 0.783E+00
       T*** = 0.740E+02 K
         T* = 0.294E+04 K
        T** = 0.696E+04 K
      Enhanced by:
      H2          2.00
      H2O         6.00
      CH4         2.00
      CO          1.50
      CO2         2.00
      C2H6        3.00
      AR          0.70

       (32) H + CH4 = CH3 + H2
             A =  6.600E+08  beta =  1.620E+00  Ea/R =  5.459E+03   K

       (33) H + HCO + M = CH2O + M
             A =  1.090E+12  beta =  4.800E-01  Ea/R = -1.309E+02   K
      LOW pressure limit: 
      A =  1.350E+24  beta = -2.570E+00  Ea/R =  7.176E+02   K
      TROE centering:
          a = 0.782E+00
       T*** = 0.271E+03 K
         T* = 0.276E+04 K
        T** = 0.657E+04 K
      Enhanced by:
      H2          2.00
      H2O         6.00
      CH4         2.00
      CO          1.50
      CO2         2.00
      C2H6        3.00
      AR          0.70

       (34) H + HCO = H2 + CO
             A =  7.340E+13  beta =  0.000E+00  Ea/R =  0.000E+00   K

       (35) H + CH2O + M = CH3O + M
             A =  5.400E+11  beta =  4.540E-01  Ea/R =  1.309E+03   K
      LOW pressure limit: 
      A =  2.200E+30  beta = -4.800E+00  Ea/R =  2.800E+03   K
      TROE centering:
          a = 0.758E+00
       T*** = 0.940E+02 K
         T* = 0.156E+04 K
        T** = 0.420E+04 K
      Enhanced by:
      H2          2.00
      H2O         6.00
      CH4         2.00
      CO          1.50
      CO2         2.00
      C2H6        3.00

       (36) H + CH2O = HCO + H2
             A =  2.300E+10  beta =  1.050E+00  Ea/R =  1.649E+03   K

       (37) H + CH3O = OH + CH3
             A =  3.200E+13  beta =  0.000E+00  Ea/R =  0.000E+00   K

       (38) H + C2H4 + M = C2H5 + M
             A =  1.080E+12  beta =  4.540E-01  Ea/R =  9.165E+02   K
      LOW pressure limit: 
      A =  1.200E+42  beta = -7.620E+00  Ea/R =  3.510E+03   K
      TROE centering:
          a = 0.975E+00
       T*** = 0.210E+03 K
         T* = 0.984E+03 K
        T** = 0.437E+04 K
      Enhanced by:
      H2          2.00
      H2O         6.00
      CH4         2.00
      CO          1.50
      CO2         2.00
      C2H6        3.00
      AR          0.70

       (39) H + C2H5 + M = C2H6 + M
             A =  5.210E+17  beta = -9.900E-01  Ea/R =  7.956E+02   K
      LOW pressure limit: 
      A =  1.990E+41  beta = -7.080E+00  Ea/R =  3.366E+03   K
      TROE centering:
          a = 0.842E+00
       T*** = 0.125E+03 K
         T* = 0.222E+04 K
        T** = 0.688E+04 K
      Enhanced by:
      H2          2.00
      H2O         6.00
      CH4         2.00
      CO          1.50
      CO2         2.00
      C2H6        3.00
      AR          0.70

       (40) H + C2H6 = C2H5 + H2
             A =  1.150E+08  beta =  1.900E+00  Ea/R =  3.792E+03   K

       (41) H2 + CO + M = CH2O + M
             A =  4.300E+07  beta =  1.500E+00  Ea/R =  4.008E+04   K
      LOW pressure limit: 
      A =  5.070E+27  beta = -3.420E+00  Ea/R =  4.248E+04   K
      TROE centering:
          a = 0.932E+00
       T*** = 0.197E+03 K
         T* = 0.154E+04 K
        T** = 0.103E+05 K
      Enhanced by:
      H2          2.00
      H2O         6.00
      CH4         2.00
      CO          1.50
      CO2         2.00
      C2H6        3.00
      AR          0.70

       (42) OH + H2 = H + H2O
             A =  2.160E+08  beta =  1.510E+00  Ea/R =  1.727E+03   K

       (43) OH + OH = O + H2O
             A =  3.570E+04  beta =  2.400E+00  Ea/R = -1.063E+03   K

       (44) OH + HO2 = O2 + H2O
             A =  2.900E+13  beta =  0.000E+00  Ea/R = -2.518E+02   K

       (45) OH + CH2 = H + CH2O
             A =  2.000E+13  beta =  0.000E+00  Ea/R =  0.000E+00   K

       (46) OH + CH2(S) = H + CH2O
             A =  3.000E+13  beta =  0.000E+00  Ea/R =  0.000E+00   K

       (47) OH + CH3 = CH2 + H2O
             A =  5.600E+07  beta =  1.600E+00  Ea/R =  2.729E+03   K

       (48) OH + CH3 = CH2(S) + H2O
             A =  2.501E+13  beta =  0.000E+00  Ea/R =  0.000E+00   K

       (49) OH + CH4 = CH3 + H2O
             A =  1.000E+08  beta =  1.600E+00  Ea/R =  1.571E+03   K

       (50) OH + CO = H + CO2
             A =  4.760E+07  beta =  1.228E+00  Ea/R =  3.525E+01   K

       (51) OH + HCO = H2O + CO
             A =  5.000E+13  beta =  0.000E+00  Ea/R =  0.000E+00   K

       (52) OH + CH2O = HCO + H2O
             A =  3.430E+09  beta =  1.180E+00  Ea/R = -2.251E+02   K

       (53) OH + C2H6 = C2H5 + H2O
             A =  3.540E+06  beta =  2.120E+00  Ea/R =  4.381E+02   K

       (54) HO2 + CH2 = OH + CH2O
             A =  2.000E+13  beta =  0.000E+00  Ea/R =  0.000E+00   K

       (55) HO2 + CH3 = O2 + CH4
             A =  1.000E+12  beta =  0.000E+00  Ea/R =  0.000E+00   K

       (56) HO2 + CH3 = OH + CH3O
             A =  2.000E+13  beta =  0.000E+00  Ea/R =  0.000E+00   K

       (57) HO2 + CO = OH + CO2
             A =  1.500E+14  beta =  0.000E+00  Ea/R =  1.188E+04   K

       (58) CH2 + O2 = OH + HCO
             A =  1.320E+13  beta =  0.000E+00  Ea/R =  7.553E+02   K

       (59) CH2 + H2 = H + CH3
             A =  5.000E+05  beta =  2.000E+00  Ea/R =  3.641E+03   K

       (60) CH2 + CH3 = H + C2H4
             A =  4.000E+13  beta =  0.000E+00  Ea/R =  0.000E+00   K

       (61) CH2 + CH4 = CH3 + CH3
             A =  2.460E+06  beta =  2.000E+00  Ea/R =  4.164E+03   K

       (62) CH2(S) + N2 = CH2 + N2
             A =  1.500E+13  beta =  0.000E+00  Ea/R =  3.021E+02   K

       (63) CH2(S) + AR = CH2 + AR
             A =  9.000E+12  beta =  0.000E+00  Ea/R =  3.021E+02   K

       (64) CH2(S) + O2 = H + OH + CO
             A =  2.800E+13  beta =  0.000E+00  Ea/R =  0.000E+00   K

       (65) CH2(S) + O2 = CO + H2O
             A =  1.200E+13  beta =  0.000E+00  Ea/R =  0.000E+00   K

       (66) CH2(S) + H2 = CH3 + H
             A =  7.000E+13  beta =  0.000E+00  Ea/R =  0.000E+00   K

       (67) CH2(S) + H2O = CH2 + H2O
             A =  3.000E+13  beta =  0.000E+00  Ea/R =  0.000E+00   K

       (68) CH2(S) + CH3 = H + C2H4
             A =  1.200E+13  beta =  0.000E+00  Ea/R = -2.870E+02   K

       (69) CH2(S) + CH4 = CH3 + CH3
             A =  1.600E+13  beta =  0.000E+00  Ea/R = -2.870E+02   K

       (70) CH2(S) + CO = CH2 + CO
             A =  9.000E+12  beta =  0.000E+00  Ea/R =  0.000E+00   K

       (71) CH2(S) + CO2 = CH2 + CO2
             A =  7.000E+12  beta =  0.000E+00  Ea/R =  0.000E+00   K

       (72) CH2(S) + CO2 = CO + CH2O
             A =  1.400E+13  beta =  0.000E+00  Ea/R =  0.000E+00   K

       (73) CH3 + O2 = O + CH3O
             A =  2.675E+13  beta =  0.000E+00  Ea/R =  1.450E+04   K

       (74) CH3 + O2 = OH + CH2O
             A =  3.600E+10  beta =  0.000E+00  Ea/R =  4.502E+03   K

       (75) CH3 + CH3 + M = C2H6 + M
             A =  2.120E+16  beta = -9.700E-01  Ea/R =  3.122E+02   K
      LOW pressure limit: 
      A =  1.770E+50  beta = -9.670E+00  Ea/R =  3.132E+03   K
      TROE centering:
          a = 0.532E+00
       T*** = 0.151E+03 K
         T* = 0.104E+04 K
        T** = 0.497E+04 K
      Enhanced by:
      H2          2.00
      H2O         6.00
      CH4         2.00
      CO          1.50
      CO2         2.00
      C2H6        3.00
      AR          0.70

       (76) CH3 + CH3 = H + C2H5
             A =  4.990E+12  beta =  1.000E-01  Ea/R =  5.338E+03   K

       (77) CH3 + HCO = CH4 + CO
             A =  2.648E+13  beta =  0.000E+00  Ea/R =  0.000E+00   K

       (78) CH3 + CH2O = HCO + CH4
             A =  3.320E+03  beta =  2.810E+00  Ea/R =  2.951E+03   K

       (79) CH3 + C2H6 = C2H5 + CH4
             A =  6.140E+06  beta =  1.740E+00  Ea/R =  5.262E+03   K

       (80) HCO + H2O = H + CO + H2O
             A =  2.244E+18  beta = -1.000E+00  Ea/R =  8.561E+03   K

       (81) HCO + M = H + CO + M
             A =  1.870E+17  beta = -1.000E+00  Ea/R =  8.561E+03   K
      Enhanced by:
      H2          2.00
      H2O         0.00
      CH4         2.00
      CO          1.50
      CO2         2.00
      C2H6        3.00

       (82) HCO + O2 = HO2 + CO
             A =  7.600E+12  beta =  0.000E+00  Ea/R =  2.014E+02   K

       (83) CH3O + O2 = HO2 + CH2O
             A =  4.280E-13  beta =  7.600E+00  Ea/R = -1.778E+03   K

       (84) C2H5 + O2 = HO2 + C2H4
             A =  8.400E+11  beta =  0.000E+00  Ea/R =  1.951E+03   K

       (85) N + NO = N2 + O
             A =  2.700E+13  beta =  0.000E+00  Ea/R =  1.788E+02   K

       (86) N + O2 = NO + O
             A =  9.000E+09  beta =  1.000E+00  Ea/R =  3.273E+03   K

       (87) N + OH = NO + H
             A =  3.360E+13  beta =  0.000E+00  Ea/R =  1.939E+02   K

    => Defaultsfile           [OK]
    => Settingsfile           [OK]
    => Commandline options    [OK]
    => Start reading .chm file
        [MSG] Transport parameters    [OK]
        [MSG] Conductivity parameters [OK]
        [MSG] Viscosity parameters    [OK]
        [MSG] Difusivity parameters   [OK]
        [MSG] Thermal parameters      [OK]
    => Reading .chm file      [OK]
    => CHEM1D datafile        [OK]
    => Setting grid weights :
        DENSITY            1.00000
        TEMP               1.00000
        CH4                1.00000
        HEATREL            1.00000
 
 
------------------------------------------------------------------------
 
Simulation settings:
    => Counterflow flame
    => Stationary solution
    => Detailed chemistry model
    => Mixture averaged diffusion model
    => No radiation model
    => No model for heat exchanger
 
------------------------------------------------------------------------
 
Variables:
       Name              BC_Left      BC_Right     Unit
  1) * H2                0.00000E+00  0.00000E+00  Mass frac.
  2) * H                 0.00000E+00  0.00000E+00  Mass frac.
  3) * O                 0.00000E+00  0.00000E+00  Mass frac.
  4) * O2                2.26592E-01  9.81491E-02  Mass frac.
  5) * OH                0.00000E+00  0.00000E+00  Mass frac.
  6) * H2O               0.00000E+00  0.00000E+00  Mass frac.
  7) * HO2               0.00000E+00  0.00000E+00  Mass frac.
  8) * CH2               0.00000E+00  0.00000E+00  Mass frac.
  9) * CH2(S)            0.00000E+00  0.00000E+00  Mass frac.
 10) * CH3               0.00000E+00  0.00000E+00  Mass frac.
 11) * CH4               3.40818E-02  0.00000E+00  Mass frac.
 12) * CO                0.00000E+00  0.00000E+00  Mass frac.
 13) * CO2               0.00000E+00  1.01244E-01  Mass frac.
 14) * HCO               0.00000E+00  0.00000E+00  Mass frac.
 15) * CH2O              0.00000E+00  0.00000E+00  Mass frac.
 16) * CH3O              0.00000E+00  0.00000E+00  Mass frac.
 17) * C2H4              0.00000E+00  0.00000E+00  Mass frac.
 18) * C2H5              0.00000E+00  0.00000E+00  Mass frac.
 19) * C2H6              0.00000E+00  0.00000E+00  Mass frac.
 20) * N                 0.00000E+00  0.00000E+00  Mass frac.
 21) * NO                0.00000E+00  0.00000E+00  Mass frac.
 22) * N2                7.39326E-01  8.00607E-01  Mass frac.
 23) * AR                0.00000E+00  0.00000E+00  Mass frac.
 24) * Temp              3.00000E+02  1.66600E+03  K
 25) * Massflow          1.35147E-02  2.55192E-03  gr/(cm2 s)
 26) * Enthalpy         -1.56496E+02  6.66297E+02  J/gr
 27) * MixFrac           1.00000E+00  1.00000E+00  -
 28) * Stretch           4.34541E+01  1.00000E+02  1/s
 29)   Press             1.00000E+05  1.00000E+05  Pa
 30)   Density           1.12622E-03  2.12660E-04  gr/cm3
 31)   MeanMass          2.80918E+01  2.94575E+01  gr/mol
 32)   Surface           0.00000E+00  0.00000E+00  cm2
 33)   Porosity          0.00000E+00  0.00000E+00  -
 34)   Tsolid            0.00000E+00  0.00000E+00  K
 35)   HeatRel           0.00000E+00  0.00000E+00  J/(cm3 s)
 36)   Dissipation       0.00000E+00  0.00000E+00  -
 
------------------------------------------------------------------------
 
       0 --- --------- --------- Start solver
       1 --- --------- --------- Regridding
       1 --- --------- --------- Jacobian 00001
       1   6 6.471E-05 3.125E-02 Steady OK
       2   4 7.144E-05 3.906E-03 Steady Fail
       3 --- --------- --------- Regridding
       3 --- --------- --------- Jacobian 00002
       3   8 6.633E-03 3.906E-03 Steady Fail
       4 --- --------- --------- Regridding
       4 --- --------- --------- Jacobian 00003
       4 --- --------- --------- Timestep 1.000E-06
       4   1 1.146E-05 1.000E-06 Time OK
       5   1 3.628E-05 2.000E-06 Time OK
       6   4 4.740E-07 3.000E-06 Time OK
       7   5 2.294E-07 4.000E-06 Time OK
       8   6 4.226E-08 5.000E-06 Time OK
       9   6 2.672E-08 6.000E-06 Time OK
      10   6 1.670E-08 7.000E-06 Time OK
      11   6 1.059E-08 8.000E-06 Time OK
      12   6 6.913E-09 9.000E-06 Time OK
      13   6 4.665E-09 1.000E-05 Time OK
      14   5 1.137E-08 1.100E-05 Time OK
      15   7 8.675E-09 1.200E-05 Time OK
      16   7 8.021E-09 1.300E-05 Time OK
      17   7 7.622E-09 1.400E-05 Time OK
      18   7 7.365E-09 1.500E-05 Time OK
      19   7 7.179E-09 1.600E-05 Time OK
      20   7 7.028E-09 1.700E-05 Time OK
      21   7 6.894E-09 1.800E-05 Time OK
      22   7 6.768E-09 1.900E-05 Time OK
      23   7 6.647E-09 2.000E-05 Time OK
      24   7 6.530E-09 2.100E-05 Time OK
      25   7 6.416E-09 2.200E-05 Time OK
      26 --- --------- --------- Regridding
      26 --- --------- --------- Jacobian 00004
      26   8 2.706E-04 3.906E-03 Steady Fail
      27 --- --------- --------- Regridding
      27 --- --------- --------- Jacobian 00005
      27 --- --------- --------- Timestep 1.000E-06
      27   1 8.770E-09 2.300E-05 Time OK
      28   1 1.666E-08 2.400E-05 Time OK
      29   1 1.662E-08 2.500E-05 Time OK
      30   2 5.688E-12 2.600E-05 Time OK
      31   2 6.736E-12 2.700E-05 Time OK
      32   2 8.329E-12 2.800E-05 Time OK
      33   2 1.018E-11 2.900E-05 Time OK
      34   2 1.203E-11 3.000E-05 Time OK
      35   2 1.380E-11 3.100E-05 Time OK
      36   2 1.546E-11 3.200E-05 Time OK
      37   2 1.703E-11 3.300E-05 Time OK
      38   2 1.852E-11 3.400E-05 Time OK
      39   2 1.996E-11 3.500E-05 Time OK
      40   2 2.135E-11 3.600E-05 Time OK
      41   2 2.269E-11 3.700E-05 Time OK
      42   2 2.398E-11 3.800E-05 Time OK
      43   2 2.524E-11 3.900E-05 Time OK
      44   2 2.645E-11 4.000E-05 Time OK
      45   2 2.761E-11 4.100E-05 Time OK
      46   2 2.873E-11 4.200E-05 Time OK
      47   2 2.980E-11 4.300E-05 Time OK
      48   2 3.083E-11 4.400E-05 Time OK
      49 --- --------- --------- Regridding
      49 --- --------- --------- Jacobian 00006
      49   8 3.404E-04 3.906E-03 Steady Fail
      50 --- --------- --------- Regridding
      50 --- --------- --------- Jacobian 00007
      50 --- --------- --------- Timestep 2.000E-06
      50   1 8.091E-09 4.600E-05 Time OK
      51   1 1.693E-08 4.800E-05 Time OK
      52   1 1.861E-08 5.000E-05 Time OK
      53   2 1.020E-11 5.200E-05 Time OK
      54   2 1.522E-11 5.400E-05 Time OK
      55   2 2.122E-11 5.600E-05 Time OK
      56   2 2.731E-11 5.800E-05 Time OK
      57   2 3.305E-11 6.000E-05 Time OK
      58   2 3.826E-11 6.200E-05 Time OK
      59   2 4.290E-11 6.400E-05 Time OK
      60   2 4.702E-11 6.600E-05 Time OK
      61   2 5.068E-11 6.800E-05 Time OK
      62   2 5.394E-11 7.000E-05 Time OK
      63   2 5.686E-11 7.200E-05 Time OK
      64   2 5.949E-11 7.400E-05 Time OK
      65   2 6.185E-11 7.600E-05 Time OK
      66   2 6.398E-11 7.800E-05 Time OK
      67   2 6.589E-11 8.000E-05 Time OK
      68   2 6.761E-11 8.200E-05 Time OK
      69   2 6.914E-11 8.400E-05 Time OK
      70   2 7.050E-11 8.600E-05 Time OK
      71   2 7.171E-11 8.800E-05 Time OK
      72 --- --------- --------- Regridding
      72 --- --------- --------- Jacobian 00008
      72   8 4.013E-04 3.906E-03 Steady Fail
      73 --- --------- --------- Regridding
      73 --- --------- --------- Jacobian 00009
      73 --- --------- --------- Timestep 4.000E-06
      73   1 5.034E-09 9.200E-05 Time OK
      74   1 1.355E-08 9.600E-05 Time OK
      75   2 2.495E-11 1.000E-04 Time OK
      76   2 3.209E-11 1.040E-04 Time OK
      77   2 3.984E-11 1.080E-04 Time OK
      78   2 4.646E-11 1.120E-04 Time OK
      79   2 5.146E-11 1.160E-04 Time OK
      80   2 5.494E-11 1.200E-04 Time OK
      81   2 5.714E-11 1.240E-04 Time OK
      82   2 5.828E-11 1.280E-04 Time OK
      83   2 5.854E-11 1.320E-04 Time OK
      84   2 5.805E-11 1.360E-04 Time OK
      85   2 5.693E-11 1.400E-04 Time OK
      86   2 5.527E-11 1.440E-04 Time OK
      87   2 5.314E-11 1.480E-04 Time OK
      88   2 5.062E-11 1.520E-04 Time OK
      89   2 4.777E-11 1.560E-04 Time OK
      90   2 4.466E-11 1.600E-04 Time OK
      91   2 4.135E-11 1.640E-04 Time OK
      92   2 3.791E-11 1.680E-04 Time OK
      93   2 3.440E-11 1.720E-04 Time OK
      94   1 7.305E-09 1.760E-04 Time OK
      95 --- --------- --------- Regridding
      95 --- --------- --------- Jacobian 00010
      95   8 4.686E-04 3.906E-03 Steady Fail
      96 --- --------- --------- Regridding
      96 --- --------- --------- Jacobian 00011
      96 --- --------- --------- Timestep 8.000E-06
      96   1 9.034E-09 1.840E-04 Time OK
      97   1 2.140E-08 1.920E-04 Time OK
      98   2 1.521E-10 2.000E-04 Time OK
      99   2 2.141E-10 2.080E-04 Time OK
     100   2 2.815E-10 2.160E-04 Time OK
     101   2 3.525E-10 2.240E-04 Time OK
     102   2 4.255E-10 2.320E-04 Time OK
     103   2 5.021E-10 2.400E-04 Time OK
     104   2 5.863E-10 2.480E-04 Time OK
     105   2 6.829E-10 2.560E-04 Time OK
     106   2 7.958E-10 2.640E-04 Time OK
     107   2 9.285E-10 2.720E-04 Time OK
     108   2 1.084E-09 2.800E-04 Time OK
     109   2 1.265E-09 2.880E-04 Time OK
     110   2 1.473E-09 2.960E-04 Time OK
     111   2 1.711E-09 3.040E-04 Time OK
     112   2 1.981E-09 3.120E-04 Time OK
     113   2 2.285E-09 3.200E-04 Time OK
     114   2 2.623E-09 3.280E-04 Time OK
     115   2 2.997E-09 3.360E-04 Time OK
     116   2 3.409E-09 3.440E-04 Time OK
     117   2 3.859E-09 3.520E-04 Time OK
     118 --- --------- --------- Regridding
     118 --- --------- --------- Jacobian 00012
     118   8 5.810E-04 3.906E-03 Steady Fail
     119 --- --------- --------- Regridding
     119 --- --------- --------- Jacobian 00013
     119 --- --------- --------- Timestep 1.600E-05
     119   1 1.258E-07 3.680E-04 Time OK
     120   1 4.533E-07 3.840E-04 Time OK
     121   2 5.514E-09 4.000E-04 Time OK
     122   2 7.787E-09 4.160E-04 Time OK
     123   2 1.066E-08 4.320E-04 Time OK
     124   2 1.408E-08 4.480E-04 Time OK
     125   2 1.832E-08 4.640E-04 Time OK
     126   2 2.356E-08 4.800E-04 Time OK
     127   2 2.986E-08 4.960E-04 Time OK
     128   2 3.722E-08 5.120E-04 Time OK
     129   2 4.564E-08 5.280E-04 Time OK
     130   3 1.569E-09 5.440E-04 Time OK
     131   3 1.982E-09 5.600E-04 Time OK
     132   3 2.468E-09 5.760E-04 Time OK
     133   3 3.029E-09 5.920E-04 Time OK
     134   3 3.673E-09 6.080E-04 Time OK
     135   3 4.403E-09 6.240E-04 Time OK
     136   3 5.225E-09 6.400E-04 Time OK
     137   3 6.143E-09 6.560E-04 Time OK
     138   3 7.163E-09 6.720E-04 Time OK
     139   3 8.287E-09 6.880E-04 Time OK
     140   3 9.521E-09 7.040E-04 Time OK
     141 --- --------- --------- Regridding
     141 --- --------- --------- Jacobian 00014
     141   8 8.372E-04 3.906E-03 Steady Fail
     142 --- --------- --------- Regridding
     142 --- --------- --------- Jacobian 00015
     142 --- --------- --------- Timestep 3.200E-05
     142   2 3.111E-08 7.360E-04 Time OK
     143   2 8.204E-08 7.680E-04 Time OK
     144   2 1.318E-07 8.000E-04 Time OK
     145   2 2.029E-07 8.320E-04 Time OK
     146   2 2.954E-07 8.640E-04 Time OK
     147   2 4.112E-07 8.960E-04 Time OK
     148   3 2.790E-08 9.280E-04 Time OK
     149   3 3.895E-08 9.600E-04 Time OK
     150   3 5.261E-08 9.920E-04 Time OK
     151   3 6.875E-08 1.024E-03 Time OK
     152   7 1.885E-05 1.563E-02 Steady OK
     153   3 1.985E-05 7.813E-03 Steady OK
     154   2 2.114E-05 7.813E-03 Steady OK
     155   2 2.268E-05 7.813E-03 Steady OK
     156   2 2.440E-05 7.813E-03 Steady OK
     157   2 2.627E-05 7.813E-03 Steady OK
     158   2 2.825E-05 7.813E-03 Steady OK
     159   2 3.032E-05 7.813E-03 Steady OK
     160   2 3.245E-05 7.813E-03 Steady OK
     161   2 3.463E-05 7.813E-03 Steady OK
     162   2 3.685E-05 7.813E-03 Steady OK
     163   2 3.910E-05 7.813E-03 Steady OK
     164 --- --------- --------- Regridding
     164 --- --------- --------- Jacobian 00016
     164   8 1.122E-03 3.906E-03 Steady Fail
     165 --- --------- --------- Regridding
     165 --- --------- --------- Jacobian 00017
     165 --- --------- --------- Timestep 3.200E-05
     165   3 1.232E-08 1.056E-03 Time OK
     166   2 6.805E-07 1.088E-03 Time OK
     167   3 1.929E-08 1.120E-03 Time OK
     168   2 4.655E-07 1.152E-03 Time OK
     169   2 4.396E-07 1.184E-03 Time OK
     170   2 5.047E-07 1.216E-03 Time OK
     171   2 6.376E-07 1.248E-03 Time OK
     172   3 3.655E-08 1.280E-03 Time OK
     173   3 5.244E-08 1.312E-03 Time OK
     174   3 7.483E-08 1.344E-03 Time OK
     175   3 1.052E-07 1.376E-03 Time OK
     176   3 1.459E-07 1.408E-03 Time OK
     177   3 1.997E-07 1.440E-03 Time OK
     178   3 2.698E-07 1.472E-03 Time OK
     179   3 3.598E-07 1.504E-03 Time OK
     180   3 4.738E-07 1.536E-03 Time OK
     181   3 6.163E-07 1.568E-03 Time OK
     182   3 7.921E-07 1.600E-03 Time OK
     183   3 1.007E-06 1.632E-03 Time OK
     184   4 2.668E-07 1.664E-03 Time OK
     185   4 3.633E-07 1.696E-03 Time OK
     186   4 4.729E-07 1.728E-03 Time OK
     187 --- --------- --------- Regridding
     187 --- --------- --------- Jacobian 00018
     187   8 1.776E-03 3.906E-03 Steady Fail
     188 --- --------- --------- Regridding
     188 --- --------- --------- Jacobian 00019
     188 --- --------- --------- Timestep 6.400E-05
     188   2 8.187E-07 1.792E-03 Time OK
     189   2 2.795E-06 1.856E-03 Time OK
     190   3 3.402E-07 1.920E-03 Time OK
     191   3 9.476E-07 1.984E-03 Time OK
     192   3 2.109E-06 2.048E-03 Time OK
     193   3 4.058E-06 2.112E-03 Time OK
     194   4 1.412E-06 2.176E-03 Time OK
     195   4 2.759E-06 2.240E-03 Time OK
     196   4 4.932E-06 2.304E-03 Time OK
     197   5 2.838E-06 2.368E-03 Time OK
     198   5 4.914E-06 2.432E-03 Time OK
     199   6 4.334E-06 2.496E-03 Time OK
     200   9 7.574E-07 2.560E-03 Time OK
     201  11 6.884E-06 2.624E-03 Time OK
     202   9 3.724E-06 2.688E-03 Time OK
     203   8 3.678E-05 3.906E-03 Steady Fail
     204 --- --------- --------- Regridding
     204 --- --------- --------- Jacobian 00020
     204   8 3.313E-03 3.906E-03 Steady Fail
     205 --- --------- --------- Regridding
     205 --- --------- --------- Jacobian 00021
     205 --- --------- --------- Timestep 6.400E-05
     205   2 1.622E-06 2.752E-03 Time OK
     206   2 6.523E-06 2.816E-03 Time OK
     207   3 1.486E-06 2.880E-03 Time OK
     208   3 3.806E-06 2.944E-03 Time OK
     209   3 7.935E-06 3.008E-03 Time OK
     210   4 2.899E-06 3.072E-03 Time OK
     211   4 5.870E-06 3.136E-03 Time OK
     212   5 3.316E-06 3.200E-03 Time OK
     213   5 6.341E-06 3.264E-03 Time OK
     214   6 5.434E-06 3.328E-03 Time OK
     215   9 1.059E-06 3.392E-03 Time OK
     216  13 9.342E-07 3.456E-03 Time OK
     217   8 8.955E-06 3.520E-03 Time OK
     218   8 4.614E-06 3.584E-03 Time OK
     219  10 3.955E-06 3.648E-03 Time OK
     220  10 5.666E-06 3.712E-03 Time OK
     221  13 7.539E-06 3.776E-03 Time OK
     222  15 8.406E-06 3.840E-03 Time OK
     223  17 8.841E-06 3.904E-03 Time OK
     224  43 1.110E-05 3.968E-03 Time OK
     225  16 1.045E-05 4.032E-03 Time OK
     226  15 1.123E-05 4.096E-03 Time OK
     227 --- --------- --------- Regridding
     227 --- --------- --------- Jacobian 00022
     227   8 6.351E-03 3.906E-03 Steady Fail
     228 --- --------- --------- Regridding
     228 --- --------- --------- Jacobian 00023
     228 --- --------- --------- Timestep 3.200E-05
     228   2 1.543E-07 4.128E-03 Time OK
     229   2 8.204E-07 4.160E-03 Time OK
     230   2 1.706E-06 4.192E-03 Time OK
     231   2 3.376E-06 4.224E-03 Time OK
     232   3 5.288E-07 4.256E-03 Time OK
     233   3 9.077E-07 4.288E-03 Time OK
     234   3 1.449E-06 4.320E-03 Time OK
     235   3 2.163E-06 4.352E-03 Time OK
     236   3 3.083E-06 4.384E-03 Time OK
     237   4 7.374E-07 4.416E-03 Time OK
     238   4 1.118E-06 4.448E-03 Time OK
     239   4 1.609E-06 4.480E-03 Time OK
     240   4 2.266E-06 4.512E-03 Time OK
     241   4 3.124E-06 4.544E-03 Time OK
     242   5 1.393E-06 4.576E-03 Time OK
     243   5 1.905E-06 4.608E-03 Time OK
     244   5 2.756E-06 4.640E-03 Time OK
     245   6 1.396E-06 4.672E-03 Time OK
     246   6 2.923E-06 4.704E-03 Time OK
     247   8 5.286E-07 4.736E-03 Time OK
     248   7 1.972E-06 4.768E-03 Time OK
     249   9 5.914E-07 4.800E-03 Time OK
     250 --- --------- --------- Regridding
     250 --- --------- --------- Jacobian 00024
     250   8 6.064E-03 3.906E-03 Steady Fail
     251 --- --------- --------- Regridding
     251 --- --------- --------- Jacobian 00025
     251 --- --------- --------- Timestep 3.200E-05
     251   2 1.922E-07 4.832E-03 Time OK
     252   2 1.007E-06 4.864E-03 Time OK
     253   2 2.174E-06 4.896E-03 Time OK
     254   3 3.212E-07 4.928E-03 Time OK
     255   3 6.352E-07 4.960E-03 Time OK
     256   3 1.114E-06 4.992E-03 Time OK
     257   3 1.783E-06 5.024E-03 Time OK
     258   3 2.680E-06 5.056E-03 Time OK
     259   4 6.226E-07 5.088E-03 Time OK
     260   4 9.814E-07 5.120E-03 Time OK
     261   4 1.464E-06 5.152E-03 Time OK
     262   4 2.123E-06 5.184E-03 Time OK
     263   4 2.999E-06 5.216E-03 Time OK
     264   5 1.324E-06 5.248E-03 Time OK
     265   5 1.864E-06 5.280E-03 Time OK
     266   5 2.732E-06 5.312E-03 Time OK
     267   6 1.415E-06 5.344E-03 Time OK
     268   6 3.107E-06 5.376E-03 Time OK
     269   8 4.973E-07 5.408E-03 Time OK
     270   7 1.969E-06 5.440E-03 Time OK
     271  10 5.226E-07 5.472E-03 Time OK
     272   8 3.096E-06 5.504E-03 Time OK
     273 --- --------- --------- Regridding
     273 --- --------- --------- Jacobian 00026
     273   8 4.115E-03 3.906E-03 Steady Fail
     274 --- --------- --------- Regridding
     274 --- --------- --------- Jacobian 00027
     274 --- --------- --------- Timestep 3.200E-05
     274   2 2.246E-07 5.536E-03 Time OK
     275   2 1.209E-06 5.568E-03 Time OK
     276   2 2.575E-06 5.600E-03 Time OK
     277   3 4.037E-07 5.632E-03 Time OK
     278   3 7.929E-07 5.664E-03 Time OK
     279   3 1.386E-06 5.696E-03 Time OK
     280   3 2.219E-06 5.728E-03 Time OK
     281   3 3.338E-06 5.760E-03 Time OK
     282   4 8.142E-07 5.792E-03 Time OK
     283   4 1.288E-06 5.824E-03 Time OK
     284   4 1.923E-06 5.856E-03 Time OK
     285   4 2.793E-06 5.888E-03 Time OK
     286   5 1.206E-06 5.920E-03 Time OK
     287   8 2.457E-05 3.906E-03 Steady Fail
     288 --- --------- --------- Regridding
     288 --- --------- --------- Jacobian 00028
     288   8 2.815E-03 3.906E-03 Steady Fail
     289 --- --------- --------- Regridding
     289 --- --------- --------- Jacobian 00029
     289 --- --------- --------- Timestep 3.200E-05
     289   2 2.594E-07 5.952E-03 Time OK
     290   2 1.255E-06 5.984E-03 Time OK
     291   2 2.765E-06 6.016E-03 Time OK
     292   3 4.389E-07 6.048E-03 Time OK
     293   3 8.648E-07 6.080E-03 Time OK
     294   3 1.519E-06 6.112E-03 Time OK
     295   3 2.438E-06 6.144E-03 Time OK
     296   3 3.676E-06 6.176E-03 Time OK
     297   4 9.221E-07 6.208E-03 Time OK
     298   4 1.463E-06 6.240E-03 Time OK
     299   4 2.187E-06 6.272E-03 Time OK
     300   4 3.180E-06 6.304E-03 Time OK
     301   5 1.405E-06 6.336E-03 Time OK
     302   5 2.056E-06 6.368E-03 Time OK
     303   5 3.058E-06 6.400E-03 Time OK
     304   6 1.673E-06 6.432E-03 Time OK
     305   6 3.332E-06 6.464E-03 Time OK
     306   9 2.604E-07 6.496E-03 Time OK
     307   7 3.030E-06 6.528E-03 Time OK
     308   8 1.992E-06 6.560E-03 Time OK
     309   8 3.588E-06 6.592E-03 Time OK
     310   8 1.884E-06 6.624E-03 Time OK
     311 --- --------- --------- Regridding
     311 --- --------- --------- Jacobian 00030
     311   8 1.223E-03 3.906E-03 Steady Fail
     312 --- --------- --------- Regridding
     312 --- --------- --------- Jacobian 00031
     312 --- --------- --------- Timestep 3.200E-05
     312   2 2.903E-07 6.656E-03 Time OK
     313   2 1.349E-06 6.688E-03 Time OK
     314   2 2.968E-06 6.720E-03 Time OK
     315   3 5.313E-07 6.752E-03 Time OK
     316   3 1.058E-06 6.784E-03 Time OK
     317   3 1.855E-06 6.816E-03 Time OK
     318   3 2.959E-06 6.848E-03 Time OK
     319   4 7.005E-07 6.880E-03 Time OK
     320   4 1.153E-06 6.912E-03 Time OK
     321   4 1.782E-06 6.944E-03 Time OK
     322   4 2.660E-06 6.976E-03 Time OK
     323   4 3.848E-06 7.008E-03 Time OK
     324   5 1.707E-06 7.040E-03 Time OK
     325   5 2.492E-06 7.072E-03 Time OK
     326   5 3.672E-06 7.104E-03 Time OK
     327   6 2.042E-06 7.136E-03 Time OK
     328   6 3.653E-06 7.168E-03 Time OK
     329  11 1.278E-07 7.200E-03 Time OK
     330   7 3.239E-06 7.232E-03 Time OK
     331   9 1.005E-06 7.264E-03 Time OK
     332  10 1.026E-06 7.296E-03 Time OK
     333  10 9.710E-07 7.328E-03 Time OK
     334 --- --------- --------- Regridding
     334 --- --------- --------- Jacobian 00032
     334   8 3.960E-04 3.906E-03 Steady Fail
     335 --- --------- --------- Regridding
     335 --- --------- --------- Jacobian 00033
     335 --- --------- --------- Timestep 3.200E-05
     335   2 2.563E-07 7.360E-03 Time OK
     336   2 1.203E-06 7.392E-03 Time OK
     337   2 2.713E-06 7.424E-03 Time OK
     338   3 5.069E-07 7.456E-03 Time OK
     339   3 9.991E-07 7.488E-03 Time OK
     340   3 1.731E-06 7.520E-03 Time OK
     341   3 2.727E-06 7.552E-03 Time OK
     342   8 1.708E-05 3.906E-03 Steady Fail
     343 --- --------- --------- Regridding
     343 --- --------- --------- Jacobian 00034
     343   8 2.521E-04 3.906E-03 Steady Fail
     344 --- --------- --------- Regridding
     344 --- --------- --------- Jacobian 00035
     344 --- --------- --------- Timestep 3.200E-05
     344   2 2.306E-07 7.584E-03 Time OK
     345   2 1.138E-06 7.616E-03 Time OK
     346   2 2.493E-06 7.648E-03 Time OK
     347   3 4.355E-07 7.680E-03 Time OK
     348   3 8.372E-07 7.712E-03 Time OK
     349   3 1.437E-06 7.744E-03 Time OK
     350   3 2.260E-06 7.776E-03 Time OK
     351   4 4.864E-07 7.808E-03 Time OK
     352   4 7.810E-07 7.840E-03 Time OK
     353   4 1.181E-06 7.872E-03 Time OK
     354   4 1.721E-06 7.904E-03 Time OK
     355   4 2.427E-06 7.936E-03 Time OK
     356   5 9.028E-07 7.968E-03 Time OK
     357   5 1.293E-06 8.000E-03 Time OK
     358   5 1.832E-06 8.032E-03 Time OK
     359   5 2.516E-06 8.064E-03 Time OK
     360   6 1.246E-06 8.096E-03 Time OK
     361   6 1.893E-06 8.128E-03 Time OK
     362   7 1.570E-06 8.160E-03 Time OK
     363   7 1.970E-06 8.192E-03 Time OK
     364   9 2.817E-07 8.224E-03 Time OK
     365  11 1.957E-07 8.256E-03 Time OK
     366 --- --------- --------- Regridding
     366 --- --------- --------- Jacobian 00036
     366   8 6.112E-05 3.906E-03 Steady Fail
     367 --- --------- --------- Regridding
     367 --- --------- --------- Jacobian 00037
     367 --- --------- --------- Timestep 1.600E-05
     367   2 9.113E-09 8.272E-03 Time OK
     368   2 2.911E-08 8.288E-03 Time OK
     369   2 5.641E-08 8.304E-03 Time OK
     370   2 1.234E-07 8.320E-03 Time OK
     371   2 2.324E-07 8.336E-03 Time OK
     372   2 3.650E-07 8.352E-03 Time OK
     373   2 5.101E-07 8.368E-03 Time OK
     374   3 4.456E-08 8.384E-03 Time OK
     375   3 6.097E-08 8.400E-03 Time OK
     376   3 8.096E-08 8.416E-03 Time OK
     377   3 1.042E-07 8.432E-03 Time OK
     378   3 1.308E-07 8.448E-03 Time OK
     379   3 1.611E-07 8.464E-03 Time OK
     380   3 1.951E-07 8.480E-03 Time OK
     381   3 2.331E-07 8.496E-03 Time OK
     382   3 2.750E-07 8.512E-03 Time OK
     383   3 3.211E-07 8.528E-03 Time OK
     384   3 3.713E-07 8.544E-03 Time OK
     385   3 4.256E-07 8.560E-03 Time OK
     386   4 6.083E-08 8.576E-03 Time OK
     387   4 7.253E-08 8.592E-03 Time OK
     388   4 8.506E-08 8.608E-03 Time OK
     389 --- --------- --------- Regridding
     389 --- --------- --------- Jacobian 00038
     389   8 3.398E-05 7.813E-03 Steady OK
     390   2 1.272E-04 3.906E-03 Steady Fail
     391 --- --------- --------- Regridding
     391 --- --------- --------- Jacobian 00039
     391   8 8.988E-05 7.813E-03 Steady OK
     392   2 1.312E-04 3.906E-03 Steady Fail
     393 --- --------- --------- Regridding
     393 --- --------- --------- Jacobian 00040
     393   8 1.408E-04 7.813E-03 Steady OK
     394   2 1.597E-04 3.906E-03 Steady Fail
     395 --- --------- --------- Regridding
     395 --- --------- --------- Jacobian 00041
     395   7 2.146E-04 1.563E-02 Steady OK
     396   3 2.964E-04 3.906E-03 Steady Fail
     397 --- --------- --------- Regridding
     397 --- --------- --------- Jacobian 00042
     397   8 2.797E-04 3.906E-03 Steady Fail
     398 --- --------- --------- Regridding
     398 --- --------- --------- Jacobian 00043
     398 --- --------- --------- Timestep 3.200E-05
     398   2 1.382E-06 8.640E-03 Time OK
     399   2 1.025E-06 8.672E-03 Time OK
     400   2 6.067E-07 8.704E-03 Time OK
     401   2 5.829E-07 8.736E-03 Time OK
     402   2 1.069E-06 8.768E-03 Time OK
     403   3 1.749E-07 8.800E-03 Time OK
     404   3 2.726E-07 8.832E-03 Time OK
     405   3 3.956E-07 8.864E-03 Time OK
     406   3 5.404E-07 8.896E-03 Time OK
     407   3 7.081E-07 8.928E-03 Time OK
     408   3 8.987E-07 8.960E-03 Time OK
     409   4 1.441E-07 8.992E-03 Time OK
     410   4 1.883E-07 9.024E-03 Time OK
     411   4 2.389E-07 9.056E-03 Time OK
     412   4 2.976E-07 9.088E-03 Time OK
     413   4 3.645E-07 9.120E-03 Time OK
     414   4 4.394E-07 9.152E-03 Time OK
     415   8 8.144E-06 3.906E-03 Steady Fail
     416 --- --------- --------- Regridding
     416 --- --------- --------- Jacobian 00044
     416   7 3.783E-05 1.563E-02 Steady OK
     417   3 8.461E-05 3.906E-03 Steady Fail
     418 --- --------- --------- Regridding
     418 --- --------- --------- Jacobian 00045
     418   7 7.374E-05 1.563E-02 Steady OK
     419   3 8.861E-05 3.906E-03 Steady Fail
     420 --- --------- --------- Regridding
     420 --- --------- --------- Jacobian 00046
     420   7 1.532E-04 1.563E-02 Steady OK
     421   3 1.483E-04 7.813E-03 Steady OK
     422   2 1.682E-04 3.906E-03 Steady Fail
     423 --- --------- --------- Regridding
     423 --- --------- --------- Jacobian 00047
     423   7 2.245E-04 1.563E-02 Steady OK
     424   3 2.254E-04 3.906E-03 Steady Fail
     425 --- --------- --------- Regridding
     425 --- --------- --------- Jacobian 00048
     425   6 2.755E-04 3.125E-02 Steady OK
     426   4 2.988E-04 3.906E-03 Steady Fail
     427 --- --------- --------- Regridding
     427 --- --------- --------- Jacobian 00049
     427   8 3.435E-04 3.906E-03 Steady Fail
     428 --- --------- --------- Regridding
     428 --- --------- --------- Jacobian 00050
     428 --- --------- --------- Timestep 3.200E-05
     428   2 6.274E-07 9.184E-03 Time OK
     429   2 4.848E-07 9.216E-03 Time OK
     430   3 8.505E-09 9.248E-03 Time OK
     431   2 1.966E-07 9.280E-03 Time OK
     432   2 8.220E-08 9.312E-03 Time OK
     433   2 8.355E-08 9.344E-03 Time OK
     434   2 2.021E-07 9.376E-03 Time OK
     435   2 3.210E-07 9.408E-03 Time OK
     436   3 3.821E-08 9.440E-03 Time OK
     437   3 5.125E-08 9.472E-03 Time OK
     438   3 6.615E-08 9.504E-03 Time OK
     439   3 8.270E-08 9.536E-03 Time OK
     440   3 1.011E-07 9.568E-03 Time OK
     441   3 1.213E-07 9.600E-03 Time OK
     442   3 1.434E-07 9.632E-03 Time OK
     443   3 1.673E-07 9.664E-03 Time OK
     444   3 1.927E-07 9.696E-03 Time OK
     445   4 2.379E-08 9.728E-03 Time OK
     446   4 2.804E-08 9.760E-03 Time OK
     447   4 3.257E-08 9.792E-03 Time OK
     448   4 3.745E-08 9.824E-03 Time OK
     449   4 4.261E-08 9.856E-03 Time OK
     450 --- --------- --------- Regridding
     450 --- --------- --------- Jacobian 00051
     450   6 4.356E-05 3.125E-02 Steady OK
     451   4 5.202E-05 3.906E-03 Steady Fail
     452 --- --------- --------- Regridding
     452 --- --------- --------- Jacobian 00052
     452   5 1.407E-04 6.250E-02 Steady OK
     453   5 1.640E-04 3.906E-03 Steady Fail
     454 --- --------- --------- Regridding
     454 --- --------- --------- Jacobian 00053
     454   8 2.053E-04 3.906E-03 Steady Fail
     455 --- --------- --------- Regridding
     455 --- --------- --------- Jacobian 00054
     455 --- --------- --------- Timestep 6.400E-05
     455   2 4.183E-06 9.920E-03 Time OK
     456   3 8.775E-08 9.984E-03 Time OK
     457   3 6.687E-08 1.005E-02 Time OK
     458   3 5.064E-08 1.011E-02 Time OK
     459   3 4.591E-08 1.018E-02 Time OK
     460   3 5.039E-08 1.024E-02 Time OK
     461   3 5.932E-08 1.030E-02 Time OK
     462   3 7.108E-08 1.037E-02 Time OK
     463   3 8.559E-08 1.043E-02 Time OK
     464   3 1.026E-07 1.050E-02 Time OK
     465   3 1.216E-07 1.056E-02 Time OK
     466   3 1.415E-07 1.062E-02 Time OK
     467   4 1.799E-08 1.069E-02 Time OK
     468   4 2.103E-08 1.075E-02 Time OK
     469   8 3.757E-06 7.813E-03 Steady OK
     470   2 4.431E-06 3.906E-03 Steady Fail
     471 --- --------- --------- Regridding
     471 --- --------- --------- Jacobian 00055
     471   5 5.606E-05 6.250E-02 Steady OK
     472   4 5.600E-05 1.563E-02 Steady OK
     473   3 5.974E-05 7.813E-03 Steady OK
     474   2 6.615E-05 3.906E-03 Steady Fail
     475 --- --------- --------- Regridding
     475 --- --------- --------- Jacobian 00056
     475   4 1.484E-04 1.250E-01 Steady OK
     476   6 1.554E-04 3.906E-03 Steady Fail
     477 --- --------- --------- Regridding
     477 --- --------- --------- Jacobian 00057
     477   4 1.813E-04 1.250E-01 Steady OK
     478   6 1.844E-04 3.906E-03 Steady Fail
     479 --- --------- --------- Regridding
     479 --- --------- --------- Jacobian 00058
     479   4 1.657E-04 1.250E-01 Steady OK
     480   6 1.674E-04 3.906E-03 Steady Fail
     481 --- --------- --------- Regridding
     481 --- --------- --------- Jacobian 00059
     481   4 1.494E-04 1.250E-01 Steady OK
     482   6 1.502E-04 3.906E-03 Steady Fail
     483 --- --------- --------- Regridding
     483 --- --------- --------- Jacobian 00060
     483   4 1.355E-04 1.250E-01 Steady OK
     484   6 1.356E-04 3.906E-03 Steady Fail
     485 --- --------- --------- Regridding
     485 --- --------- --------- Jacobian 00061
     485   3 1.478E-04 2.500E-01 Steady OK
     486   7 1.491E-04 3.906E-03 Steady Fail
     487 --- --------- --------- Regridding
     487 --- --------- --------- Jacobian 00062
     487   3 1.124E-04 2.500E-01 Steady OK
     488   7 1.125E-04 3.906E-03 Steady Fail
     489 --- --------- --------- Regridding
     489 --- --------- --------- Jacobian 00063
     489   2 1.149E-04 5.000E-01 Steady OK
     490   3 1.103E-04 2.500E-01 Steady OK
     491   1 1.017E-04 5.000E-01 Steady OK
     492   1 4.181E-05 1.000E+00 Steady OK
     493   1 1.909E-05 1.000E+00 Steady OK
     494   1 3.371E-06 1.000E+00 Steady OK
     495   1 2.667E-07 1.000E+00 Steady OK
     496   1 2.016E-07 1.000E+00 Steady OK
     497   1 3.055E-08 1.000E+00 Steady OK
     498   1 5.726E-09 1.000E+00 Steady OK
     499   1 2.542E-09 1.000E+00 Steady OK
     500   1 2.284E-10 1.000E+00 Steady OK
     501   1 1.030E-10 1.000E+00 Steady OK
     502   1 2.880E-11 1.000E+00 Steady OK
 
------------------------------------------------------------------------
 
Simulation stopped:
  => Converged!
 
------------------------------------------------------------------------
 
Postprocessing output:
  => Position reaction layer      : -4.6075478E-01 cm
  => Temperature reaction layer   :  1.5095890E+03 K
  => Mass burning rate            :  6.5985005E-03 gr/(cm2s)
  => Burning velocity (unburnt)   :  5.8589676E+00 cm/s
  => Maximum temperature          :  1.8074977E+03 K
  => Minimum temperature          :  3.0000000E+02 K
  => Flame thickness (max grad T) :  2.5361063E-02 cm
  => Stoichiometric mixture frac. :  0.0000000E+00 -
  => Position stoich mixture      : -3.6240313E-01 cm
  => Temperature at stoich mixture:  1.7728527E+03 K
  => Scalar dissipation at stoich :  1.0956964E-34 1/s
 
========================================================================
 
==> LogClose : Closing logfile
