==> LogWrite : Opening logfile
 
========================================================================
 
 
OOOOOOOOOOOOOOOOOOOOOOOOOOOOOOOOOOOOOOOOOOOOOO
O                                            O
O     @@@@  @  @  @@@@  @   @    @  @@@b     O
O     @     @  @  @     @@ @@   @@  @  @     O
O     @     @@@@  @@@@  @ @ @    @  @  @     O
O     @     @  @  @     @   @    @  @  @     O
O     @@@@  @  @  @@@@  @   @    @  @@@P     O
O                                            O
O     A ONE DIMENSIONAL FLAME CODE           O
O                                            O
O     Version:                               O
O     Release: 2012-06-01 08:38:57 +0200     O
O                                            O
OOOOOOOOOOOOOOOOOOOOOOOOOOOOOOOOOOOOOOOOOOOOOO
 
 
 
* Developed at the Eindhoven University of Technology
 
* http://www.combustion.tue.nl
 
========================================================================
 
Reading CHEM1D input files
    => Start reading chemistry 
    ==> CheckTroeData : Started
    ==> CheckTroeData : Finished
    => Finished reading chemistry
    => Thermodynamical Data   [OK]
    ElementName        Mass
    1  O                 1.5999400E+01
    2  H                 1.0079700E+00
    3  C                 1.2011200E+01
    4  N                 1.4006700E+01
    5  AR                3.9948000E+01

    SpeciesName        Mass
    1  H2                2.0159400E+00
    2  H                 1.0079700E+00
    3  O                 1.5999400E+01
    4  O2                3.1998800E+01
    5  OH                1.7007370E+01
    6  H2O               1.8015340E+01
    7  HO2               3.3006770E+01
    8  CH2               1.4027140E+01
    9  CH2(S)            1.4027140E+01
   10  CH3               1.5035110E+01
   11  CH4               1.6043080E+01
   12  CO                2.8010600E+01
   13  CO2               4.4010000E+01
   14  HCO               2.9018570E+01
   15  CH2O              3.0026540E+01
   16  CH3O              3.1034510E+01
   17  C2H4              2.8054280E+01
   18  C2H5              2.9062250E+01
   19  C2H6              3.0070220E+01
   20  N                 1.4006700E+01
   21  NO                3.0006100E+01
   22  N2                2.8013400E+01
   23  AR                3.9948000E+01

    => Reactions + rate coefficients 

       (1) O + H + M = OH + M
             A =  5.000E+17  beta = -1.000E+00  Ea/R =  0.000E+00   K
      Enhanced by:
      H2          2.00
      H2O         6.00
      CH4         2.00
      CO          1.50
      CO2         2.00
      C2H6        3.00
      AR          0.70

       (2) O + H2 = H + OH
             A =  5.000E+04  beta =  2.670E+00  Ea/R =  3.167E+03   K

       (3) O + HO2 = OH + O2
             A =  2.000E+13  beta =  0.000E+00  Ea/R =  0.000E+00   K

       (4) O + CH2 = H + HCO
             A =  8.000E+13  beta =  0.000E+00  Ea/R =  0.000E+00   K

       (5) O + CH2(S) = H + HCO
             A =  1.500E+13  beta =  0.000E+00  Ea/R =  0.000E+00   K

       (6) O + CH3 = H + CH2O
             A =  8.430E+13  beta =  0.000E+00  Ea/R =  0.000E+00   K

       (7) O + CH4 = OH + CH3
             A =  1.020E+09  beta =  1.500E+00  Ea/R =  4.331E+03   K

       (8) O + CO + M = CO2 + M
             A =  6.020E+14  beta =  0.000E+00  Ea/R =  1.511E+03   K
      Enhanced by:
      H2          2.00
      O2          6.00
      H2O         6.00
      CH4         2.00
      CO          1.50
      CO2         3.50
      C2H6        3.00
      AR          0.50

       (9) O + HCO = OH + CO
             A =  3.000E+13  beta =  0.000E+00  Ea/R =  0.000E+00   K

       (10) O + HCO = H + CO2
             A =  3.000E+13  beta =  0.000E+00  Ea/R =  0.000E+00   K

       (11) O + CH2O = OH + HCO
             A =  3.900E+13  beta =  0.000E+00  Ea/R =  1.783E+03   K

       (12) O + C2H4 = CH3 + HCO
             A =  1.920E+07  beta =  1.830E+00  Ea/R =  1.108E+02   K

       (13) O + C2H5 = CH3 + CH2O
             A =  1.320E+14  beta =  0.000E+00  Ea/R =  0.000E+00   K

       (14) O + C2H6 = OH + C2H5
             A =  8.980E+07  beta =  1.920E+00  Ea/R =  2.865E+03   K

       (15) O2 + CO = O + CO2
             A =  2.500E+12  beta =  0.000E+00  Ea/R =  2.407E+04   K

       (16) O2 + CH2O = HO2 + HCO
             A =  1.000E+14  beta =  0.000E+00  Ea/R =  2.014E+04   K

       (17) H + O2 + M = HO2 + M
             A =  2.800E+18  beta = -8.600E-01  Ea/R =  0.000E+00   K
      Enhanced by:
      O2          0.00
      H2O         0.00
      CO          0.75
      CO2         1.50
      C2H6        1.50
      N2          0.00
      AR          0.00

       (18) H + O2 + O2 = HO2 + O2
             A =  3.000E+20  beta = -1.720E+00  Ea/R =  0.000E+00   K

       (19) H + O2 + H2O = HO2 + H2O
             A =  9.380E+18  beta = -7.600E-01  Ea/R =  0.000E+00   K

       (20) H + O2 + N2 = HO2 + N2
             A =  3.750E+20  beta = -1.720E+00  Ea/R =  0.000E+00   K

       (21) H + O2 + AR = HO2 + AR
             A =  7.000E+17  beta = -8.000E-01  Ea/R =  0.000E+00   K

       (22) H + O2 = O + OH
             A =  8.300E+13  beta =  0.000E+00  Ea/R =  7.258E+03   K

       (23) H + H + M = H2 + M
             A =  1.000E+18  beta = -1.000E+00  Ea/R =  0.000E+00   K
      Enhanced by:
      H2          0.00
      H2O         0.00
      CH4         2.00
      CO2         0.00
      C2H6        3.00
      AR          0.63

       (24) H + H + H2 = H2 + H2
             A =  9.000E+16  beta = -6.000E-01  Ea/R =  0.000E+00   K

       (25) H + H + H2O = H2 + H2O
             A =  6.000E+19  beta = -1.250E+00  Ea/R =  0.000E+00   K

       (26) H + H + CO2 = H2 + CO2
             A =  5.500E+20  beta = -2.000E+00  Ea/R =  0.000E+00   K

       (27) H + OH + M = H2O + M
             A =  2.200E+22  beta = -2.000E+00  Ea/R =  0.000E+00   K
      Enhanced by:
      H2          0.73
      H2O         3.65
      CH4         2.00
      C2H6        3.00
      AR          0.38

       (28) H + HO2 = O2 + H2
             A =  2.800E+13  beta =  0.000E+00  Ea/R =  5.378E+02   K

       (29) H + HO2 = OH + OH
             A =  1.340E+14  beta =  0.000E+00  Ea/R =  3.198E+02   K

       (30) H + CH2 + M = CH3 + M
             A =  2.500E+16  beta = -8.000E-01  Ea/R =  0.000E+00   K
      LOW pressure limit: 
      A =  3.200E+27  beta = -3.140E+00  Ea/R =  6.194E+02   K
      TROE centering:
          a = 0.680E+00
       T*** = 0.780E+02 K
         T* = 0.200E+04 K
        T** = 0.559E+04 K
      Enhanced by:
      H2          2.00
      H2O         6.00
      CH4         2.00
      CO          1.50
      CO2         2.00
      C2H6        3.00
      AR          0.70

       (31) H + CH3 + M = CH4 + M
             A =  1.270E+16  beta = -6.300E-01  Ea/R =  1.929E+02   K
      LOW pressure limit: 
      A =  2.477E+33  beta = -4.760E+00  Ea/R =  1.229E+03   K
      TROE centering:
          a = 0.783E+00
       T*** = 0.740E+02 K
         T* = 0.294E+04 K
        T** = 0.696E+04 K
      Enhanced by:
      H2          2.00
      H2O         6.00
      CH4         2.00
      CO          1.50
      CO2         2.00
      C2H6        3.00
      AR          0.70

       (32) H + CH4 = CH3 + H2
             A =  6.600E+08  beta =  1.620E+00  Ea/R =  5.459E+03   K

       (33) H + HCO + M = CH2O + M
             A =  1.090E+12  beta =  4.800E-01  Ea/R = -1.309E+02   K
      LOW pressure limit: 
      A =  1.350E+24  beta = -2.570E+00  Ea/R =  7.176E+02   K
      TROE centering:
          a = 0.782E+00
       T*** = 0.271E+03 K
         T* = 0.276E+04 K
        T** = 0.657E+04 K
      Enhanced by:
      H2          2.00
      H2O         6.00
      CH4         2.00
      CO          1.50
      CO2         2.00
      C2H6        3.00
      AR          0.70

       (34) H + HCO = H2 + CO
             A =  7.340E+13  beta =  0.000E+00  Ea/R =  0.000E+00   K

       (35) H + CH2O + M = CH3O + M
             A =  5.400E+11  beta =  4.540E-01  Ea/R =  1.309E+03   K
      LOW pressure limit: 
      A =  2.200E+30  beta = -4.800E+00  Ea/R =  2.800E+03   K
      TROE centering:
          a = 0.758E+00
       T*** = 0.940E+02 K
         T* = 0.156E+04 K
        T** = 0.420E+04 K
      Enhanced by:
      H2          2.00
      H2O         6.00
      CH4         2.00
      CO          1.50
      CO2         2.00
      C2H6        3.00

       (36) H + CH2O = HCO + H2
             A =  2.300E+10  beta =  1.050E+00  Ea/R =  1.649E+03   K

       (37) H + CH3O = OH + CH3
             A =  3.200E+13  beta =  0.000E+00  Ea/R =  0.000E+00   K

       (38) H + C2H4 + M = C2H5 + M
             A =  1.080E+12  beta =  4.540E-01  Ea/R =  9.165E+02   K
      LOW pressure limit: 
      A =  1.200E+42  beta = -7.620E+00  Ea/R =  3.510E+03   K
      TROE centering:
          a = 0.975E+00
       T*** = 0.210E+03 K
         T* = 0.984E+03 K
        T** = 0.437E+04 K
      Enhanced by:
      H2          2.00
      H2O         6.00
      CH4         2.00
      CO          1.50
      CO2         2.00
      C2H6        3.00
      AR          0.70

       (39) H + C2H5 + M = C2H6 + M
             A =  5.210E+17  beta = -9.900E-01  Ea/R =  7.956E+02   K
      LOW pressure limit: 
      A =  1.990E+41  beta = -7.080E+00  Ea/R =  3.366E+03   K
      TROE centering:
          a = 0.842E+00
       T*** = 0.125E+03 K
         T* = 0.222E+04 K
        T** = 0.688E+04 K
      Enhanced by:
      H2          2.00
      H2O         6.00
      CH4         2.00
      CO          1.50
      CO2         2.00
      C2H6        3.00
      AR          0.70

       (40) H + C2H6 = C2H5 + H2
             A =  1.150E+08  beta =  1.900E+00  Ea/R =  3.792E+03   K

       (41) H2 + CO + M = CH2O + M
             A =  4.300E+07  beta =  1.500E+00  Ea/R =  4.008E+04   K
      LOW pressure limit: 
      A =  5.070E+27  beta = -3.420E+00  Ea/R =  4.248E+04   K
      TROE centering:
          a = 0.932E+00
       T*** = 0.197E+03 K
         T* = 0.154E+04 K
        T** = 0.103E+05 K
      Enhanced by:
      H2          2.00
      H2O         6.00
      CH4         2.00
      CO          1.50
      CO2         2.00
      C2H6        3.00
      AR          0.70

       (42) OH + H2 = H + H2O
             A =  2.160E+08  beta =  1.510E+00  Ea/R =  1.727E+03   K

       (43) OH + OH = O + H2O
             A =  3.570E+04  beta =  2.400E+00  Ea/R = -1.063E+03   K

       (44) OH + HO2 = O2 + H2O
             A =  2.900E+13  beta =  0.000E+00  Ea/R = -2.518E+02   K

       (45) OH + CH2 = H + CH2O
             A =  2.000E+13  beta =  0.000E+00  Ea/R =  0.000E+00   K

       (46) OH + CH2(S) = H + CH2O
             A =  3.000E+13  beta =  0.000E+00  Ea/R =  0.000E+00   K

       (47) OH + CH3 = CH2 + H2O
             A =  5.600E+07  beta =  1.600E+00  Ea/R =  2.729E+03   K

       (48) OH + CH3 = CH2(S) + H2O
             A =  2.501E+13  beta =  0.000E+00  Ea/R =  0.000E+00   K

       (49) OH + CH4 = CH3 + H2O
             A =  1.000E+08  beta =  1.600E+00  Ea/R =  1.571E+03   K

       (50) OH + CO = H + CO2
             A =  4.760E+07  beta =  1.228E+00  Ea/R =  3.525E+01   K

       (51) OH + HCO = H2O + CO
             A =  5.000E+13  beta =  0.000E+00  Ea/R =  0.000E+00   K

       (52) OH + CH2O = HCO + H2O
             A =  3.430E+09  beta =  1.180E+00  Ea/R = -2.251E+02   K

       (53) OH + C2H6 = C2H5 + H2O
             A =  3.540E+06  beta =  2.120E+00  Ea/R =  4.381E+02   K

       (54) HO2 + CH2 = OH + CH2O
             A =  2.000E+13  beta =  0.000E+00  Ea/R =  0.000E+00   K

       (55) HO2 + CH3 = O2 + CH4
             A =  1.000E+12  beta =  0.000E+00  Ea/R =  0.000E+00   K

       (56) HO2 + CH3 = OH + CH3O
             A =  2.000E+13  beta =  0.000E+00  Ea/R =  0.000E+00   K

       (57) HO2 + CO = OH + CO2
             A =  1.500E+14  beta =  0.000E+00  Ea/R =  1.188E+04   K

       (58) CH2 + O2 = OH + HCO
             A =  1.320E+13  beta =  0.000E+00  Ea/R =  7.553E+02   K

       (59) CH2 + H2 = H + CH3
             A =  5.000E+05  beta =  2.000E+00  Ea/R =  3.641E+03   K

       (60) CH2 + CH3 = H + C2H4
             A =  4.000E+13  beta =  0.000E+00  Ea/R =  0.000E+00   K

       (61) CH2 + CH4 = CH3 + CH3
             A =  2.460E+06  beta =  2.000E+00  Ea/R =  4.164E+03   K

       (62) CH2(S) + N2 = CH2 + N2
             A =  1.500E+13  beta =  0.000E+00  Ea/R =  3.021E+02   K

       (63) CH2(S) + AR = CH2 + AR
             A =  9.000E+12  beta =  0.000E+00  Ea/R =  3.021E+02   K

       (64) CH2(S) + O2 = H + OH + CO
             A =  2.800E+13  beta =  0.000E+00  Ea/R =  0.000E+00   K

       (65) CH2(S) + O2 = CO + H2O
             A =  1.200E+13  beta =  0.000E+00  Ea/R =  0.000E+00   K

       (66) CH2(S) + H2 = CH3 + H
             A =  7.000E+13  beta =  0.000E+00  Ea/R =  0.000E+00   K

       (67) CH2(S) + H2O = CH2 + H2O
             A =  3.000E+13  beta =  0.000E+00  Ea/R =  0.000E+00   K

       (68) CH2(S) + CH3 = H + C2H4
             A =  1.200E+13  beta =  0.000E+00  Ea/R = -2.870E+02   K

       (69) CH2(S) + CH4 = CH3 + CH3
             A =  1.600E+13  beta =  0.000E+00  Ea/R = -2.870E+02   K

       (70) CH2(S) + CO = CH2 + CO
             A =  9.000E+12  beta =  0.000E+00  Ea/R =  0.000E+00   K

       (71) CH2(S) + CO2 = CH2 + CO2
             A =  7.000E+12  beta =  0.000E+00  Ea/R =  0.000E+00   K

       (72) CH2(S) + CO2 = CO + CH2O
             A =  1.400E+13  beta =  0.000E+00  Ea/R =  0.000E+00   K

       (73) CH3 + O2 = O + CH3O
             A =  2.675E+13  beta =  0.000E+00  Ea/R =  1.450E+04   K

       (74) CH3 + O2 = OH + CH2O
             A =  3.600E+10  beta =  0.000E+00  Ea/R =  4.502E+03   K

       (75) CH3 + CH3 + M = C2H6 + M
             A =  2.120E+16  beta = -9.700E-01  Ea/R =  3.122E+02   K
      LOW pressure limit: 
      A =  1.770E+50  beta = -9.670E+00  Ea/R =  3.132E+03   K
      TROE centering:
          a = 0.532E+00
       T*** = 0.151E+03 K
         T* = 0.104E+04 K
        T** = 0.497E+04 K
      Enhanced by:
      H2          2.00
      H2O         6.00
      CH4         2.00
      CO          1.50
      CO2         2.00
      C2H6        3.00
      AR          0.70

       (76) CH3 + CH3 = H + C2H5
             A =  4.990E+12  beta =  1.000E-01  Ea/R =  5.338E+03   K

       (77) CH3 + HCO = CH4 + CO
             A =  2.648E+13  beta =  0.000E+00  Ea/R =  0.000E+00   K

       (78) CH3 + CH2O = HCO + CH4
             A =  3.320E+03  beta =  2.810E+00  Ea/R =  2.951E+03   K

       (79) CH3 + C2H6 = C2H5 + CH4
             A =  6.140E+06  beta =  1.740E+00  Ea/R =  5.262E+03   K

       (80) HCO + H2O = H + CO + H2O
             A =  2.244E+18  beta = -1.000E+00  Ea/R =  8.561E+03   K

       (81) HCO + M = H + CO + M
             A =  1.870E+17  beta = -1.000E+00  Ea/R =  8.561E+03   K
      Enhanced by:
      H2          2.00
      H2O         0.00
      CH4         2.00
      CO          1.50
      CO2         2.00
      C2H6        3.00

       (82) HCO + O2 = HO2 + CO
             A =  7.600E+12  beta =  0.000E+00  Ea/R =  2.014E+02   K

       (83) CH3O + O2 = HO2 + CH2O
             A =  4.280E-13  beta =  7.600E+00  Ea/R = -1.778E+03   K

       (84) C2H5 + O2 = HO2 + C2H4
             A =  8.400E+11  beta =  0.000E+00  Ea/R =  1.951E+03   K

       (85) N + NO = N2 + O
             A =  2.700E+13  beta =  0.000E+00  Ea/R =  1.788E+02   K

       (86) N + O2 = NO + O
             A =  9.000E+09  beta =  1.000E+00  Ea/R =  3.273E+03   K

       (87) N + OH = NO + H
             A =  3.360E+13  beta =  0.000E+00  Ea/R =  1.939E+02   K

    => Defaultsfile           [OK]
    => Settingsfile           [OK]
    => Commandline options    [OK]
    => Start reading .chm file
        [MSG] Transport parameters    [OK]
        [MSG] Conductivity parameters [OK]
        [MSG] Viscosity parameters    [OK]
        [MSG] Difusivity parameters   [OK]
        [MSG] Thermal parameters      [OK]
    => Reading .chm file      [OK]
    => CHEM1D datafile        [OK]
    => Setting grid weights :
        DENSITY            1.00000
        TEMP               1.00000
        CH4                1.00000
        HEATREL            1.00000
 
 
------------------------------------------------------------------------
 
Simulation settings:
    => Counterflow flame
    => Stationary solution
    => Detailed chemistry model
    => Mixture averaged diffusion model
    => No radiation model
    => No model for heat exchanger
 
------------------------------------------------------------------------
 
Variables:
       Name              BC_Left      BC_Right     Unit
  1) * H2                0.00000E+00  0.00000E+00  Mass frac.
  2) * H                 0.00000E+00  0.00000E+00  Mass frac.
  3) * O                 0.00000E+00  0.00000E+00  Mass frac.
  4) * O2                2.26592E-01  9.06365E-02  Mass frac.
  5) * OH                0.00000E+00  0.00000E+00  Mass frac.
  6) * H2O               0.00000E+00  7.65426E-02  Mass frac.
  7) * HO2               0.00000E+00  0.00000E+00  Mass frac.
  8) * CH2               0.00000E+00  0.00000E+00  Mass frac.
  9) * CH2(S)            0.00000E+00  0.00000E+00  Mass frac.
 10) * CH3               0.00000E+00  0.00000E+00  Mass frac.
 11) * CH4               3.40818E-02  0.00000E+00  Mass frac.
 12) * CO                0.00000E+00  0.00000E+00  Mass frac.
 13) * CO2               0.00000E+00  9.34944E-02  Mass frac.
 14) * HCO               0.00000E+00  0.00000E+00  Mass frac.
 15) * CH2O              0.00000E+00  0.00000E+00  Mass frac.
 16) * CH3O              0.00000E+00  0.00000E+00  Mass frac.
 17) * C2H4              0.00000E+00  0.00000E+00  Mass frac.
 18) * C2H5              0.00000E+00  0.00000E+00  Mass frac.
 19) * C2H6              0.00000E+00  0.00000E+00  Mass frac.
 20) * N                 0.00000E+00  0.00000E+00  Mass frac.
 21) * NO                0.00000E+00  0.00000E+00  Mass frac.
 22) * N2                7.39326E-01  7.39326E-01  Mass frac.
 23) * AR                0.00000E+00  0.00000E+00  Mass frac.
 24) * Temp              3.00000E+02  1.66600E+03  K
 25) * Massflow          1.35147E-02  2.43361E-03  gr/(cm2 s)
 26) * Enthalpy         -1.56496E+02 -1.73365E+02  J/gr
 27) * MixFrac           1.00000E+00  1.00000E+00  -
 28) * Stretch           8.48698E+01  2.00000E+02  1/s
 29)   Press             1.00000E+05  1.00000E+05  Pa
 30)   Density           1.12622E-03  2.02801E-04  gr/cm3
 31)   MeanMass          2.80918E+01  2.80918E+01  gr/mol
 32)   Surface           0.00000E+00  0.00000E+00  cm2
 33)   Porosity          0.00000E+00  0.00000E+00  -
 34)   Tsolid            0.00000E+00  0.00000E+00  K
 35)   HeatRel           0.00000E+00  0.00000E+00  J/(cm3 s)
 36)   Dissipation       0.00000E+00  0.00000E+00  -
 
------------------------------------------------------------------------
 
       0 --- --------- --------- Start solver
       1 --- --------- --------- Regridding
       1 --- --------- --------- Jacobian 00001
       1   5 1.214E-04 6.250E-02 Steady OK
       2   5 1.213E-04 3.906E-03 Steady Fail
       3 --- --------- --------- Regridding
       3 --- --------- --------- Jacobian 00002
       3   8 2.378E-03 3.906E-03 Steady Fail
       4 --- --------- --------- Regridding
       4 --- --------- --------- Jacobian 00003
       4 --- --------- --------- Timestep 1.000E-06
       4   1 1.582E-06 1.000E-06 Time OK
       5   1 1.299E-05 2.000E-06 Time OK
       6   3 2.160E-07 3.000E-06 Time OK
       7   5 4.024E-08 4.000E-06 Time OK
       8   6 1.903E-08 5.000E-06 Time OK
       9   6 1.923E-08 6.000E-06 Time OK
      10   7 9.249E-09 7.000E-06 Time OK
      11   7 9.009E-09 8.000E-06 Time OK
      12   7 8.858E-09 9.000E-06 Time OK
      13   7 8.745E-09 1.000E-05 Time OK
      14   7 8.652E-09 1.100E-05 Time OK
      15   7 8.569E-09 1.200E-05 Time OK
      16   7 8.491E-09 1.300E-05 Time OK
      17   7 8.417E-09 1.400E-05 Time OK
      18   7 8.346E-09 1.500E-05 Time OK
      19   7 8.277E-09 1.600E-05 Time OK
      20   7 8.209E-09 1.700E-05 Time OK
      21   7 8.142E-09 1.800E-05 Time OK
      22   7 8.077E-09 1.900E-05 Time OK
      23   7 8.013E-09 2.000E-05 Time OK
      24   7 7.949E-09 2.100E-05 Time OK
      25   7 7.887E-09 2.200E-05 Time OK
      26 --- --------- --------- Regridding
      26 --- --------- --------- Jacobian 00004
      26   8 7.044E-05 7.813E-03 Steady OK
      27   2 9.981E-05 3.906E-03 Steady Fail
      28 --- --------- --------- Regridding
      28 --- --------- --------- Jacobian 00005
      28   8 8.661E-05 7.813E-03 Steady OK
      29   2 1.197E-04 3.906E-03 Steady Fail
      30 --- --------- --------- Regridding
      30 --- --------- --------- Jacobian 00006
      30   7 1.163E-04 1.563E-02 Steady OK
      31   3 2.359E-04 3.906E-03 Steady Fail
      32 --- --------- --------- Regridding
      32 --- --------- --------- Jacobian 00007
      32   8 1.466E-04 3.906E-03 Steady Fail
      33 --- --------- --------- Regridding
      33 --- --------- --------- Jacobian 00008
      33 --- --------- --------- Timestep 1.000E-06
      33   1 1.045E-08 2.300E-05 Time OK
      34   1 1.577E-08 2.400E-05 Time OK
      35   1 9.958E-09 2.500E-05 Time OK
      36   1 6.042E-09 2.600E-05 Time OK
      37   1 5.193E-09 2.700E-05 Time OK
      38   1 5.944E-09 2.800E-05 Time OK
      39   1 6.431E-09 2.900E-05 Time OK
      40   1 6.529E-09 3.000E-05 Time OK
      41   2 6.233E-12 3.100E-05 Time OK
      42   2 6.624E-12 3.200E-05 Time OK
      43   2 6.968E-12 3.300E-05 Time OK
      44   2 7.276E-12 3.400E-05 Time OK
      45   2 7.580E-12 3.500E-05 Time OK
      46   2 7.908E-12 3.600E-05 Time OK
      47   2 8.283E-12 3.700E-05 Time OK
      48   2 8.715E-12 3.800E-05 Time OK
      49   2 9.208E-12 3.900E-05 Time OK
      50   2 9.761E-12 4.000E-05 Time OK
      51   2 1.037E-11 4.100E-05 Time OK
      52   2 1.103E-11 4.200E-05 Time OK
      53   2 1.173E-11 4.300E-05 Time OK
      54   2 1.247E-11 4.400E-05 Time OK
      55 --- --------- --------- Regridding
      55 --- --------- --------- Jacobian 00009
      55   8 4.491E-05 7.813E-03 Steady OK
      56   2 9.576E-05 3.906E-03 Steady Fail
      57 --- --------- --------- Regridding
      57 --- --------- --------- Jacobian 00010
      57   7 9.986E-05 1.563E-02 Steady OK
      58   3 2.092E-04 3.906E-03 Steady Fail
      59 --- --------- --------- Regridding
      59 --- --------- --------- Jacobian 00011
      59   8 1.524E-04 3.906E-03 Steady Fail
      60 --- --------- --------- Regridding
      60 --- --------- --------- Jacobian 00012
      60 --- --------- --------- Timestep 2.000E-06
      60   2 7.769E-07 4.600E-05 Time OK
      61   2 2.688E-07 4.800E-05 Time OK
      62   2 8.326E-08 5.000E-05 Time OK
      63   2 2.516E-08 5.200E-05 Time OK
      64   2 7.413E-09 5.400E-05 Time OK
      65   2 2.058E-09 5.600E-05 Time OK
      66   2 4.996E-10 5.800E-05 Time OK
      67   2 2.221E-10 6.000E-05 Time OK
      68   2 2.480E-10 6.200E-05 Time OK
      69   2 2.431E-10 6.400E-05 Time OK
      70   2 2.200E-10 6.600E-05 Time OK
      71   2 1.927E-10 6.800E-05 Time OK
      72   2 1.661E-10 7.000E-05 Time OK
      73   2 1.416E-10 7.200E-05 Time OK
      74   2 1.195E-10 7.400E-05 Time OK
      75   2 9.972E-11 7.600E-05 Time OK
      76   2 8.223E-11 7.800E-05 Time OK
      77   2 6.692E-11 8.000E-05 Time OK
      78   2 5.381E-11 8.200E-05 Time OK
      79   2 4.304E-11 8.400E-05 Time OK
      80   2 3.492E-11 8.600E-05 Time OK
      81   2 2.995E-11 8.800E-05 Time OK
      82 --- --------- --------- Regridding
      82 --- --------- --------- Jacobian 00013
      82   8 3.666E-05 7.813E-03 Steady OK
      83   2 7.125E-05 3.906E-03 Steady Fail
      84 --- --------- --------- Regridding
      84 --- --------- --------- Jacobian 00014
      84   7 7.198E-05 1.563E-02 Steady OK
      85   3 1.679E-04 3.906E-03 Steady Fail
      86 --- --------- --------- Regridding
      86 --- --------- --------- Jacobian 00015
      86   8 1.214E-04 7.813E-03 Steady OK
      87   2 1.438E-04 3.906E-03 Steady Fail
      88 --- --------- --------- Regridding
      88 --- --------- --------- Jacobian 00016
      88   8 1.516E-04 7.813E-03 Steady OK
      89   2 1.572E-04 3.906E-03 Steady Fail
      90 --- --------- --------- Regridding
      90 --- --------- --------- Jacobian 00017
      90   7 1.791E-04 1.563E-02 Steady OK
      91   3 2.264E-04 3.906E-03 Steady Fail
      92 --- --------- --------- Regridding
      92 --- --------- --------- Jacobian 00018
      92   8 2.350E-04 7.813E-03 Steady OK
      93   2 2.425E-04 3.906E-03 Steady Fail
      94 --- --------- --------- Regridding
      94 --- --------- --------- Jacobian 00019
      94   7 2.607E-04 1.563E-02 Steady OK
      95   3 2.985E-04 3.906E-03 Steady Fail
      96 --- --------- --------- Regridding
      96 --- --------- --------- Jacobian 00020
      96   8 3.076E-04 3.906E-03 Steady Fail
      97 --- --------- --------- Regridding
      97 --- --------- --------- Jacobian 00021
      97 --- --------- --------- Timestep 4.000E-06
      97   2 7.145E-07 9.200E-05 Time OK
      98   2 2.120E-07 9.600E-05 Time OK
      99   2 5.261E-08 1.000E-04 Time OK
     100   2 1.154E-08 1.040E-04 Time OK
     101   2 2.486E-09 1.080E-04 Time OK
     102   2 1.044E-09 1.120E-04 Time OK
     103   2 7.266E-10 1.160E-04 Time OK
     104   2 7.095E-10 1.200E-04 Time OK
     105   2 8.134E-10 1.240E-04 Time OK
     106   2 9.234E-10 1.280E-04 Time OK
     107   2 1.017E-09 1.320E-04 Time OK
     108   2 1.096E-09 1.360E-04 Time OK
     109   2 1.164E-09 1.400E-04 Time OK
     110   2 1.225E-09 1.440E-04 Time OK
     111   2 1.282E-09 1.480E-04 Time OK
     112   2 1.336E-09 1.520E-04 Time OK
     113   2 1.388E-09 1.560E-04 Time OK
     114   2 1.439E-09 1.600E-04 Time OK
     115   2 1.487E-09 1.640E-04 Time OK
     116   2 1.533E-09 1.680E-04 Time OK
     117   2 1.577E-09 1.720E-04 Time OK
     118   2 1.616E-09 1.760E-04 Time OK
     119 --- --------- --------- Regridding
     119 --- --------- --------- Jacobian 00022
     119   8 5.112E-05 7.813E-03 Steady OK
     120   2 6.674E-05 3.906E-03 Steady Fail
     121 --- --------- --------- Regridding
     121 --- --------- --------- Jacobian 00023
     121   7 6.378E-05 1.563E-02 Steady OK
     122   3 1.365E-04 3.906E-03 Steady Fail
     123 --- --------- --------- Regridding
     123 --- --------- --------- Jacobian 00024
     123   8 9.579E-05 7.813E-03 Steady OK
     124   2 1.131E-04 3.906E-03 Steady Fail
     125 --- --------- --------- Regridding
     125 --- --------- --------- Jacobian 00025
     125   8 1.125E-04 7.813E-03 Steady OK
     126   2 1.185E-04 3.906E-03 Steady Fail
     127 --- --------- --------- Regridding
     127 --- --------- --------- Jacobian 00026
     127   7 1.302E-04 1.563E-02 Steady OK
     128   3 1.724E-04 3.906E-03 Steady Fail
     129 --- --------- --------- Regridding
     129 --- --------- --------- Jacobian 00027
     129   8 1.669E-04 7.813E-03 Steady OK
     130   2 1.739E-04 3.906E-03 Steady Fail
     131 --- --------- --------- Regridding
     131 --- --------- --------- Jacobian 00028
     131   7 1.841E-04 1.563E-02 Steady OK
     132   3 2.187E-04 3.906E-03 Steady Fail
     133 --- --------- --------- Regridding
     133 --- --------- --------- Jacobian 00029
     133   8 2.192E-04 3.906E-03 Steady Fail
     134 --- --------- --------- Regridding
     134 --- --------- --------- Jacobian 00030
     134 --- --------- --------- Timestep 8.000E-06
     134   2 6.319E-07 1.840E-04 Time OK
     135   2 1.510E-07 1.920E-04 Time OK
     136   2 2.200E-08 2.000E-04 Time OK
     137   2 2.831E-09 2.080E-04 Time OK
     138   2 1.336E-09 2.160E-04 Time OK
     139   2 2.759E-09 2.240E-04 Time OK
     140   2 4.273E-09 2.320E-04 Time OK
     141   2 5.205E-09 2.400E-04 Time OK
     142   2 5.776E-09 2.480E-04 Time OK
     143   2 6.129E-09 2.560E-04 Time OK
     144   2 6.341E-09 2.640E-04 Time OK
     145   2 6.451E-09 2.720E-04 Time OK
     146   2 6.481E-09 2.800E-04 Time OK
     147   2 6.447E-09 2.880E-04 Time OK
     148   2 6.358E-09 2.960E-04 Time OK
     149   3 8.529E-11 3.040E-04 Time OK
     150   3 8.467E-11 3.120E-04 Time OK
     151   3 8.309E-11 3.200E-04 Time OK
     152   2 5.632E-09 3.280E-04 Time OK
     153   2 5.393E-09 3.360E-04 Time OK
     154   2 5.143E-09 3.440E-04 Time OK
     155   2 4.885E-09 3.520E-04 Time OK
     156 --- --------- --------- Regridding
     156 --- --------- --------- Jacobian 00031
     156   7 5.562E-05 1.563E-02 Steady OK
     157   3 1.133E-04 3.906E-03 Steady Fail
     158 --- --------- --------- Regridding
     158 --- --------- --------- Jacobian 00032
     158   8 7.394E-05 7.813E-03 Steady OK
     159   2 9.049E-05 3.906E-03 Steady Fail
     160 --- --------- --------- Regridding
     160 --- --------- --------- Jacobian 00033
     160   7 9.380E-05 1.563E-02 Steady OK
     161   3 1.410E-04 3.906E-03 Steady Fail
     162 --- --------- --------- Regridding
     162 --- --------- --------- Jacobian 00034
     162   8 1.198E-04 3.906E-03 Steady Fail
     163 --- --------- --------- Regridding
     163 --- --------- --------- Jacobian 00035
     163 --- --------- --------- Timestep 1.600E-05
     163   2 7.955E-07 3.680E-04 Time OK
     164   2 2.758E-07 3.840E-04 Time OK
     165   3 1.420E-09 4.000E-04 Time OK
     166   2 1.424E-08 4.160E-04 Time OK
     167   2 4.332E-09 4.320E-04 Time OK
     168   3 1.049E-10 4.480E-04 Time OK
     169   3 1.484E-10 4.640E-04 Time OK
     170   3 1.813E-10 4.800E-04 Time OK
     171   3 2.124E-10 4.960E-04 Time OK
     172   3 2.466E-10 5.120E-04 Time OK
     173   3 2.854E-10 5.280E-04 Time OK
     174   3 3.290E-10 5.440E-04 Time OK
     175   3 3.770E-10 5.600E-04 Time OK
     176   3 4.291E-10 5.760E-04 Time OK
     177   3 4.846E-10 5.920E-04 Time OK
     178   3 5.432E-10 6.080E-04 Time OK
     179   3 6.046E-10 6.240E-04 Time OK
     180   3 6.685E-10 6.400E-04 Time OK
     181   3 7.348E-10 6.560E-04 Time OK
     182   3 8.036E-10 6.720E-04 Time OK
     183   3 8.749E-10 6.880E-04 Time OK
     184   3 9.489E-10 7.040E-04 Time OK
     185 --- --------- --------- Regridding
     185 --- --------- --------- Jacobian 00036
     185   7 5.008E-05 1.563E-02 Steady OK
     186   3 9.274E-05 3.906E-03 Steady Fail
     187 --- --------- --------- Regridding
     187 --- --------- --------- Jacobian 00037
     187   8 6.350E-05 7.813E-03 Steady OK
     188   2 7.597E-05 3.906E-03 Steady Fail
     189 --- --------- --------- Regridding
     189 --- --------- --------- Jacobian 00038
     189   7 7.419E-05 1.563E-02 Steady OK
     190   3 1.141E-04 3.906E-03 Steady Fail
     191 --- --------- --------- Regridding
     191 --- --------- --------- Jacobian 00039
     191   8 9.639E-05 7.813E-03 Steady OK
     192   2 1.089E-04 3.906E-03 Steady Fail
     193 --- --------- --------- Regridding
     193 --- --------- --------- Jacobian 00040
     193   8 9.820E-05 7.813E-03 Steady OK
     194   2 1.071E-04 3.906E-03 Steady Fail
     195 --- --------- --------- Regridding
     195 --- --------- --------- Jacobian 00041
     195   8 1.031E-04 7.813E-03 Steady OK
     196   2 1.078E-04 3.906E-03 Steady Fail
     197 --- --------- --------- Regridding
     197 --- --------- --------- Jacobian 00042
     197   7 1.105E-04 1.563E-02 Steady OK
     198   3 1.345E-04 3.906E-03 Steady Fail
     199 --- --------- --------- Regridding
     199 --- --------- --------- Jacobian 00043
     199   8 1.251E-04 3.906E-03 Steady Fail
     200 --- --------- --------- Regridding
     200 --- --------- --------- Jacobian 00044
     200 --- --------- --------- Timestep 3.200E-05
     200   2 7.628E-07 7.360E-04 Time OK
     201   2 3.285E-07 7.680E-04 Time OK
     202   3 4.917E-09 8.000E-04 Time OK
     203   9 8.325E-09 8.320E-04 Time OK
     204   8 2.056E-08 8.640E-04 Time OK
     205   3 1.566E-09 8.960E-04 Time OK
     206   3 1.634E-09 9.280E-04 Time OK
     207   3 2.408E-09 9.600E-04 Time OK
     208   3 3.402E-09 9.920E-04 Time OK
     209   3 4.427E-09 1.024E-03 Time OK
     210   5 1.070E-05 6.250E-02 Steady OK
     211   2 1.175E-05 6.250E-02 Steady OK
     212   3 1.243E-05 3.125E-02 Steady OK
     213   2 1.318E-05 3.125E-02 Steady OK
     214   2 1.399E-05 3.125E-02 Steady OK
     215   2 1.483E-05 3.125E-02 Steady OK
     216   2 1.569E-05 3.125E-02 Steady OK
     217   2 1.656E-05 3.125E-02 Steady OK
     218   2 1.744E-05 3.125E-02 Steady OK
     219   2 1.832E-05 3.125E-02 Steady OK
     220   1 2.009E-05 6.250E-02 Steady OK
     221   2 2.181E-05 6.250E-02 Steady OK
     222 --- --------- --------- Regridding
     222 --- --------- --------- Jacobian 00045
     222   8 3.610E-05 7.813E-03 Steady OK
     223   2 4.862E-05 3.906E-03 Steady Fail
     224 --- --------- --------- Regridding
     224 --- --------- --------- Jacobian 00046
     224   8 4.250E-05 7.813E-03 Steady OK
     225   2 5.022E-05 3.906E-03 Steady Fail
     226 --- --------- --------- Regridding
     226 --- --------- --------- Jacobian 00047
     226   7 5.073E-05 1.563E-02 Steady OK
     227   3 8.272E-05 3.906E-03 Steady Fail
     228 --- --------- --------- Regridding
     228 --- --------- --------- Jacobian 00048
     228   8 5.950E-05 7.813E-03 Steady OK
     229   2 6.948E-05 3.906E-03 Steady Fail
     230 --- --------- --------- Regridding
     230 --- --------- --------- Jacobian 00049
     230   7 6.998E-05 1.563E-02 Steady OK
     231   3 1.002E-04 3.906E-03 Steady Fail
     232 --- --------- --------- Regridding
     232 --- --------- --------- Jacobian 00050
     232   8 7.563E-05 7.813E-03 Steady OK
     233   2 8.613E-05 3.906E-03 Steady Fail
     234 --- --------- --------- Regridding
     234 --- --------- --------- Jacobian 00051
     234   7 9.648E-05 1.563E-02 Steady OK
     235   3 1.198E-04 3.906E-03 Steady Fail
     236 --- --------- --------- Regridding
     236 --- --------- --------- Jacobian 00052
     236   8 1.051E-04 3.906E-03 Steady Fail
     237 --- --------- --------- Regridding
     237 --- --------- --------- Jacobian 00053
     237 --- --------- --------- Timestep 3.200E-05
     237   1 8.139E-07 1.056E-03 Time OK
     238   2 1.540E-08 1.088E-03 Time OK
     239   3 5.790E-10 1.120E-03 Time OK
     240   8 1.019E-08 1.152E-03 Time OK
     241   3 1.073E-09 1.184E-03 Time OK
     242   3 1.005E-09 1.216E-03 Time OK
     243   3 9.373E-10 1.248E-03 Time OK
     244   3 1.121E-09 1.280E-03 Time OK
     245   3 1.558E-09 1.312E-03 Time OK
     246   3 2.114E-09 1.344E-03 Time OK
     247   3 2.712E-09 1.376E-03 Time OK
     248   3 3.334E-09 1.408E-03 Time OK
     249   3 3.990E-09 1.440E-03 Time OK
     250   3 4.706E-09 1.472E-03 Time OK
     251   3 5.517E-09 1.504E-03 Time OK
     252   3 6.453E-09 1.536E-03 Time OK
     253   3 7.549E-09 1.568E-03 Time OK
     254   3 8.833E-09 1.600E-03 Time OK
     255   3 1.033E-08 1.632E-03 Time OK
     256   3 1.206E-08 1.664E-03 Time OK
     257   3 1.404E-08 1.696E-03 Time OK
     258   3 1.630E-08 1.728E-03 Time OK
     259 --- --------- --------- Regridding
     259 --- --------- --------- Jacobian 00054
     259   7 3.456E-05 1.563E-02 Steady OK
     260   3 5.710E-05 3.906E-03 Steady Fail
     261 --- --------- --------- Regridding
     261 --- --------- --------- Jacobian 00055
     261   7 6.026E-05 1.563E-02 Steady OK
     262   3 7.758E-05 3.906E-03 Steady Fail
     263 --- --------- --------- Regridding
     263 --- --------- --------- Jacobian 00056
     263   7 8.964E-05 1.563E-02 Steady OK
     264   3 1.058E-04 3.906E-03 Steady Fail
     265 --- --------- --------- Regridding
     265 --- --------- --------- Jacobian 00057
     265   8 1.146E-04 3.906E-03 Steady Fail
     266 --- --------- --------- Regridding
     266 --- --------- --------- Jacobian 00058
     266 --- --------- --------- Timestep 6.400E-05
     266   2 3.151E-07 1.792E-03 Time OK
     267   2 2.545E-07 1.856E-03 Time OK
     268   2 1.352E-07 1.920E-03 Time OK
     269   3 4.210E-08 1.984E-03 Time OK
     270   3 4.760E-08 2.048E-03 Time OK
     271   3 4.905E-08 2.112E-03 Time OK
     272   3 5.085E-08 2.176E-03 Time OK
     273   3 5.661E-08 2.240E-03 Time OK
     274   3 6.850E-08 2.304E-03 Time OK
     275   3 8.728E-08 2.368E-03 Time OK
     276   3 1.127E-07 2.432E-03 Time OK
     277   3 1.441E-07 2.496E-03 Time OK
     278   3 1.810E-07 2.560E-03 Time OK
     279   3 2.233E-07 2.624E-03 Time OK
     280   3 2.710E-07 2.688E-03 Time OK
     281   8 5.144E-06 3.906E-03 Steady Fail
     282 --- --------- --------- Regridding
     282 --- --------- --------- Jacobian 00059
     282   7 3.661E-05 1.563E-02 Steady OK
     283   3 4.671E-05 3.906E-03 Steady Fail
     284 --- --------- --------- Regridding
     284 --- --------- --------- Jacobian 00060
     284   7 6.302E-05 1.563E-02 Steady OK
     285   3 6.917E-05 7.813E-03 Steady OK
     286   2 9.454E-05 3.906E-03 Steady Fail
     287 --- --------- --------- Regridding
     287 --- --------- --------- Jacobian 00061
     287   7 9.107E-05 1.563E-02 Steady OK
     288   3 1.057E-04 3.906E-03 Steady Fail
     289 --- --------- --------- Regridding
     289 --- --------- --------- Jacobian 00062
     289   8 1.148E-04 3.906E-03 Steady Fail
     290 --- --------- --------- Regridding
     290 --- --------- --------- Jacobian 00063
     290 --- --------- --------- Timestep 6.400E-05
     290   2 7.628E-07 2.752E-03 Time OK
     291   2 6.792E-07 2.816E-03 Time OK
     292   3 9.251E-09 2.880E-03 Time OK
     293   3 2.198E-08 2.944E-03 Time OK
     294   3 2.934E-08 3.008E-03 Time OK
     295   3 3.241E-08 3.072E-03 Time OK
     296   3 3.437E-08 3.136E-03 Time OK
     297   2 3.667E-07 3.200E-03 Time OK
     298   2 3.558E-07 3.264E-03 Time OK
     299   2 3.664E-07 3.328E-03 Time OK
     300   3 7.467E-08 3.392E-03 Time OK
     301   3 9.442E-08 3.456E-03 Time OK
     302   3 1.187E-07 3.520E-03 Time OK
     303   3 1.459E-07 3.584E-03 Time OK
     304   3 1.764E-07 3.648E-03 Time OK
     305   3 2.103E-07 3.712E-03 Time OK
     306   3 2.476E-07 3.776E-03 Time OK
     307   3 2.884E-07 3.840E-03 Time OK
     308   3 3.329E-07 3.904E-03 Time OK
     309   4 5.194E-08 3.968E-03 Time OK
     310   4 6.289E-08 4.032E-03 Time OK
     311   4 7.527E-08 4.096E-03 Time OK
     312 --- --------- --------- Regridding
     312 --- --------- --------- Jacobian 00064
     312   7 4.532E-05 1.563E-02 Steady OK
     313   3 4.466E-05 7.813E-03 Steady OK
     314   2 5.974E-05 3.906E-03 Steady Fail
     315 --- --------- --------- Regridding
     315 --- --------- --------- Jacobian 00065
     315   7 6.392E-05 1.563E-02 Steady OK
     316   3 6.937E-05 7.813E-03 Steady OK
     317   2 8.678E-05 3.906E-03 Steady Fail
     318 --- --------- --------- Regridding
     318 --- --------- --------- Jacobian 00066
     318   7 9.776E-05 1.563E-02 Steady OK
     319   3 1.056E-04 3.906E-03 Steady Fail
     320 --- --------- --------- Regridding
     320 --- --------- --------- Jacobian 00067
     320   8 1.190E-04 3.906E-03 Steady Fail
     321 --- --------- --------- Regridding
     321 --- --------- --------- Jacobian 00068
     321 --- --------- --------- Timestep 1.280E-04
     321   3 1.452E-07 4.224E-03 Time OK
     322   3 4.194E-08 4.352E-03 Time OK
     323   3 2.091E-07 4.480E-03 Time OK
     324   3 3.096E-07 4.608E-03 Time OK
     325   3 3.440E-07 4.736E-03 Time OK
     326   2 9.785E-07 4.864E-03 Time OK
     327   3 4.518E-07 4.992E-03 Time OK
     328   3 5.897E-07 5.120E-03 Time OK
     329   3 7.948E-07 5.248E-03 Time OK
     330   3 1.042E-06 5.376E-03 Time OK
     331   4 1.794E-07 5.504E-03 Time OK
     332   4 2.478E-07 5.632E-03 Time OK
     333   4 3.316E-07 5.760E-03 Time OK
     334   4 4.329E-07 5.888E-03 Time OK
     335   4 5.543E-07 6.016E-03 Time OK
     336   8 9.383E-06 3.906E-03 Steady Fail
     337 --- --------- --------- Regridding
     337 --- --------- --------- Jacobian 00069
     337   6 5.362E-05 3.125E-02 Steady OK
     338   4 6.546E-05 3.906E-03 Steady Fail
     339 --- --------- --------- Regridding
     339 --- --------- --------- Jacobian 00070
     339   7 6.830E-05 1.563E-02 Steady OK
     340   3 7.124E-05 7.813E-03 Steady OK
     341   2 8.053E-05 3.906E-03 Steady Fail
     342 --- --------- --------- Regridding
     342 --- --------- --------- Jacobian 00071
     342   7 9.854E-05 1.563E-02 Steady OK
     343   3 1.008E-04 3.906E-03 Steady Fail
     344 --- --------- --------- Regridding
     344 --- --------- --------- Jacobian 00072
     344   7 1.190E-04 1.563E-02 Steady OK
     345   3 1.205E-04 3.906E-03 Steady Fail
     346 --- --------- --------- Regridding
     346 --- --------- --------- Jacobian 00073
     346   7 1.451E-04 1.563E-02 Steady OK
     347   3 1.452E-04 3.906E-03 Steady Fail
     348 --- --------- --------- Regridding
     348 --- --------- --------- Jacobian 00074
     348   6 1.780E-04 3.125E-02 Steady OK
     349   4 1.846E-04 3.906E-03 Steady Fail
     350 --- --------- --------- Regridding
     350 --- --------- --------- Jacobian 00075
     350   8 2.047E-04 3.906E-03 Steady Fail
     351 --- --------- --------- Regridding
     351 --- --------- --------- Jacobian 00076
     351 --- --------- --------- Timestep 1.280E-04
     351   2 1.255E-06 6.144E-03 Time OK
     352   2 1.182E-06 6.272E-03 Time OK
     353   8 1.513E-07 6.400E-03 Time OK
     354   3 1.486E-07 6.528E-03 Time OK
     355   3 1.500E-07 6.656E-03 Time OK
     356   3 1.300E-07 6.784E-03 Time OK
     357   2 4.975E-07 6.912E-03 Time OK
     358   2 5.492E-07 7.040E-03 Time OK
     359   3 2.045E-07 7.168E-03 Time OK
     360   3 2.758E-07 7.296E-03 Time OK
     361   3 3.632E-07 7.424E-03 Time OK
     362   3 4.606E-07 7.552E-03 Time OK
     363   3 5.685E-07 7.680E-03 Time OK
     364   3 6.878E-07 7.808E-03 Time OK
     365   4 1.170E-07 7.936E-03 Time OK
     366   4 1.493E-07 8.064E-03 Time OK
     367   4 1.861E-07 8.192E-03 Time OK
     368   4 2.284E-07 8.320E-03 Time OK
     369   4 2.769E-07 8.448E-03 Time OK
     370   4 3.316E-07 8.576E-03 Time OK
     371   4 3.931E-07 8.704E-03 Time OK
     372   4 4.616E-07 8.832E-03 Time OK
     373 --- --------- --------- Regridding
     373 --- --------- --------- Jacobian 00077
     373   6 6.106E-05 3.125E-02 Steady OK
     374   3 6.525E-05 1.563E-02 Steady OK
     375   3 7.773E-05 3.906E-03 Steady Fail
     376 --- --------- --------- Regridding
     376 --- --------- --------- Jacobian 00078
     376   7 6.562E-05 1.563E-02 Steady OK
     377   3 6.847E-05 7.813E-03 Steady OK
     378   2 7.438E-05 7.813E-03 Steady OK
     379   2 8.431E-05 3.906E-03 Steady Fail
     380 --- --------- --------- Regridding
     380 --- --------- --------- Jacobian 00079
     380   7 7.755E-05 1.563E-02 Steady OK
     381   3 8.040E-05 7.813E-03 Steady OK
     382   2 8.604E-05 7.813E-03 Steady OK
     383   2 9.535E-05 3.906E-03 Steady Fail
     384 --- --------- --------- Regridding
     384 --- --------- --------- Jacobian 00080
     384   7 9.231E-05 1.563E-02 Steady OK
     385   3 9.508E-05 7.813E-03 Steady OK
     386   2 1.004E-04 3.906E-03 Steady Fail
     387 --- --------- --------- Regridding
     387 --- --------- --------- Jacobian 00081
     387   8 1.024E-04 3.906E-03 Steady Fail
     388 --- --------- --------- Regridding
     388 --- --------- --------- Jacobian 00082
     388 --- --------- --------- Timestep 2.560E-04
     388   3 1.216E-07 9.088E-03 Time OK
     389   3 3.539E-07 9.344E-03 Time OK
     390   3 6.720E-07 9.600E-03 Time OK
     391   3 6.862E-07 9.856E-03 Time OK
     392   2 9.715E-07 1.011E-02 Time OK
     393   3 6.061E-07 1.037E-02 Time OK
     394   3 8.367E-07 1.062E-02 Time OK
     395   3 1.198E-06 1.088E-02 Time OK
     396   4 1.999E-07 1.114E-02 Time OK
     397   4 2.910E-07 1.139E-02 Time OK
     398   4 4.083E-07 1.165E-02 Time OK
     399   4 5.557E-07 1.190E-02 Time OK
     400   4 7.366E-07 1.216E-02 Time OK
     401   4 9.533E-07 1.242E-02 Time OK
     402   4 1.208E-06 1.267E-02 Time OK
     403   8 1.132E-05 3.906E-03 Steady Fail
     404 --- --------- --------- Regridding
     404 --- --------- --------- Jacobian 00083
     404   5 6.648E-05 6.250E-02 Steady OK
     405   5 7.551E-05 3.906E-03 Steady Fail
     406 --- --------- --------- Regridding
     406 --- --------- --------- Jacobian 00084
     406   6 9.139E-05 3.125E-02 Steady OK
     407   3 9.740E-05 1.563E-02 Steady OK
     408   3 1.035E-04 3.906E-03 Steady Fail
     409 --- --------- --------- Regridding
     409 --- --------- --------- Jacobian 00085
     409   8 1.077E-04 3.906E-03 Steady Fail
     410 --- --------- --------- Regridding
     410 --- --------- --------- Jacobian 00086
     410 --- --------- --------- Timestep 2.560E-04
     410   3 4.972E-08 1.293E-02 Time OK
     411   3 1.478E-07 1.318E-02 Time OK
     412   3 2.464E-07 1.344E-02 Time OK
     413   3 2.281E-07 1.370E-02 Time OK
     414   2 2.744E-07 1.395E-02 Time OK
     415   2 8.462E-07 1.421E-02 Time OK
     416   3 1.880E-07 1.446E-02 Time OK
     417   3 2.670E-07 1.472E-02 Time OK
     418   3 3.601E-07 1.498E-02 Time OK
     419   3 4.633E-07 1.523E-02 Time OK
     420   3 5.770E-07 1.549E-02 Time OK
     421   3 7.019E-07 1.574E-02 Time OK
     422   4 1.062E-07 1.600E-02 Time OK
     423   4 1.352E-07 1.626E-02 Time OK
     424   4 1.691E-07 1.651E-02 Time OK
     425   4 2.089E-07 1.677E-02 Time OK
     426   4 2.551E-07 1.702E-02 Time OK
     427   4 3.077E-07 1.728E-02 Time OK
     428   4 3.670E-07 1.754E-02 Time OK
     429   4 4.333E-07 1.779E-02 Time OK
     430   4 5.065E-07 1.805E-02 Time OK
     431   5 1.571E-07 1.830E-02 Time OK
     432 --- --------- --------- Regridding
     432 --- --------- --------- Jacobian 00087
     432   5 6.420E-05 6.250E-02 Steady OK
     433   4 6.489E-05 1.563E-02 Steady OK
     434   3 6.857E-05 7.813E-03 Steady OK
     435   2 7.478E-05 7.813E-03 Steady OK
     436   2 8.344E-05 3.906E-03 Steady Fail
     437 --- --------- --------- Regridding
     437 --- --------- --------- Jacobian 00088
     437   6 7.660E-05 3.125E-02 Steady OK
     438   3 8.246E-05 1.563E-02 Steady OK
     439   3 8.697E-05 7.813E-03 Steady OK
     440   2 9.269E-05 7.813E-03 Steady OK
     441   2 9.968E-05 7.813E-03 Steady OK
     442   2 1.080E-04 3.906E-03 Steady Fail
     443 --- --------- --------- Regridding
     443 --- --------- --------- Jacobian 00089
     443   6 9.402E-05 3.125E-02 Steady OK
     444   3 9.983E-05 1.563E-02 Steady OK
     445   3 1.042E-04 3.906E-03 Steady Fail
     446 --- --------- --------- Regridding
     446 --- --------- --------- Jacobian 00090
     446   8 1.032E-04 3.906E-03 Steady Fail
     447 --- --------- --------- Regridding
     447 --- --------- --------- Jacobian 00091
     447 --- --------- --------- Timestep 2.560E-04
     447   2 5.625E-07 1.856E-02 Time OK
     448   2 5.362E-07 1.882E-02 Time OK
     449   8 7.229E-08 1.907E-02 Time OK
     450   3 9.417E-08 1.933E-02 Time OK
     451   3 5.997E-08 1.958E-02 Time OK
     452   2 8.284E-08 1.984E-02 Time OK
     453   2 1.874E-07 2.010E-02 Time OK
     454   2 3.365E-07 2.035E-02 Time OK
     455   3 4.483E-08 2.061E-02 Time OK
     456   3 5.985E-08 2.086E-02 Time OK
     457   3 7.654E-08 2.112E-02 Time OK
     458   3 9.547E-08 2.138E-02 Time OK
     459   3 1.167E-07 2.163E-02 Time OK
     460   3 1.401E-07 2.189E-02 Time OK
     461   3 1.651E-07 2.214E-02 Time OK
     462   3 1.915E-07 2.240E-02 Time OK
     463   3 2.193E-07 2.266E-02 Time OK
     464   3 2.483E-07 2.291E-02 Time OK
     465   3 2.783E-07 2.317E-02 Time OK
     466   4 3.771E-08 2.342E-02 Time OK
     467   4 4.390E-08 2.368E-02 Time OK
     468   4 5.062E-08 2.394E-02 Time OK
     469 --- --------- --------- Regridding
     469 --- --------- --------- Jacobian 00092
     469   5 5.239E-05 6.250E-02 Steady OK
     470   3 5.472E-05 3.125E-02 Steady OK
     471   4 5.903E-05 7.813E-03 Steady OK
     472   2 6.494E-05 3.906E-03 Steady Fail
     473 --- --------- --------- Regridding
     473 --- --------- --------- Jacobian 00093
     473   5 6.403E-05 6.250E-02 Steady OK
     474   4 7.036E-05 1.563E-02 Steady OK
     475   3 7.496E-05 7.813E-03 Steady OK
     476   2 8.059E-05 7.813E-03 Steady OK
     477   2 8.722E-05 7.813E-03 Steady OK
     478   2 9.485E-05 7.813E-03 Steady OK
     479   2 1.034E-04 3.906E-03 Steady Fail
     480 --- --------- --------- Regridding
     480 --- --------- --------- Jacobian 00094
     480   6 9.879E-05 3.125E-02 Steady OK
     481   4 1.000E-04 3.906E-03 Steady Fail
     482 --- --------- --------- Regridding
     482 --- --------- --------- Jacobian 00095
     482   5 9.804E-05 6.250E-02 Steady OK
     483   5 1.014E-04 3.906E-03 Steady Fail
     484 --- --------- --------- Regridding
     484 --- --------- --------- Jacobian 00096
     484   6 9.568E-05 3.125E-02 Steady OK
     485   3 9.712E-05 1.563E-02 Steady OK
     486   3 9.854E-05 7.813E-03 Steady OK
     487   2 1.005E-04 3.906E-03 Steady Fail
     488 --- --------- --------- Regridding
     488 --- --------- --------- Jacobian 00097
     488   5 9.965E-05 6.250E-02 Steady OK
     489   5 1.016E-04 3.906E-03 Steady Fail
     490 --- --------- --------- Regridding
     490 --- --------- --------- Jacobian 00098
     490   5 1.030E-04 6.250E-02 Steady OK
     491   5 1.045E-04 3.906E-03 Steady Fail
     492 --- --------- --------- Regridding
     492 --- --------- --------- Jacobian 00099
     492   5 1.083E-04 6.250E-02 Steady OK
     493   5 1.091E-04 3.906E-03 Steady Fail
     494 --- --------- --------- Regridding
     494 --- --------- --------- Jacobian 00100
     494   5 1.118E-04 6.250E-02 Steady OK
     495   5 1.122E-04 3.906E-03 Steady Fail
     496 --- --------- --------- Regridding
     496 --- --------- --------- Jacobian 00101
     496   5 1.165E-04 6.250E-02 Steady OK
     497   5 1.164E-04 3.906E-03 Steady Fail
     498 --- --------- --------- Regridding
     498 --- --------- --------- Jacobian 00102
     498   5 1.215E-04 6.250E-02 Steady OK
     499   5 1.210E-04 3.906E-03 Steady Fail
     500 --- --------- --------- Regridding
     500 --- --------- --------- Jacobian 00103
     500   5 1.253E-04 6.250E-02 Steady OK
     501   4 1.240E-04 1.563E-02 Steady OK
     502   3 1.240E-04 3.906E-03 Steady Fail
     503 --- --------- --------- Regridding
     503 --- --------- --------- Jacobian 00104
     503   5 1.321E-04 6.250E-02 Steady OK
     504   5 1.314E-04 3.906E-03 Steady Fail
     505 --- --------- --------- Regridding
     505 --- --------- --------- Jacobian 00105
     505   4 1.414E-04 1.250E-01 Steady OK
     506   6 1.458E-04 3.906E-03 Steady Fail
     507 --- --------- --------- Regridding
     507 --- --------- --------- Jacobian 00106
     507   5 1.568E-04 6.250E-02 Steady OK
     508   5 1.577E-04 3.906E-03 Steady Fail
     509 --- --------- --------- Regridding
     509 --- --------- --------- Jacobian 00107
     509   5 1.582E-04 6.250E-02 Steady OK
     510   5 1.587E-04 3.906E-03 Steady Fail
     511 --- --------- --------- Regridding
     511 --- --------- --------- Jacobian 00108
     511   5 1.574E-04 6.250E-02 Steady OK
     512   5 1.574E-04 3.906E-03 Steady Fail
     513 --- --------- --------- Regridding
     513 --- --------- --------- Jacobian 00109
     513   5 1.585E-04 6.250E-02 Steady OK
     514   5 1.581E-04 3.906E-03 Steady Fail
     515 --- --------- --------- Regridding
     515 --- --------- --------- Jacobian 00110
     515   4 1.759E-04 1.250E-01 Steady OK
     516   6 1.790E-04 3.906E-03 Steady Fail
     517 --- --------- --------- Regridding
     517 --- --------- --------- Jacobian 00111
     517   5 1.881E-04 6.250E-02 Steady OK
     518   5 1.883E-04 3.906E-03 Steady Fail
     519 --- --------- --------- Regridding
     519 --- --------- --------- Jacobian 00112
     519   5 1.845E-04 6.250E-02 Steady OK
     520   5 1.843E-04 3.906E-03 Steady Fail
     521 --- --------- --------- Regridding
     521 --- --------- --------- Jacobian 00113
     521   4 1.891E-04 1.250E-01 Steady OK
     522   6 1.923E-04 3.906E-03 Steady Fail
     523 --- --------- --------- Regridding
     523 --- --------- --------- Jacobian 00114
     523   5 1.975E-04 6.250E-02 Steady OK
     524   5 1.977E-04 3.906E-03 Steady Fail
     525 --- --------- --------- Regridding
     525 --- --------- --------- Jacobian 00115
     525   5 1.920E-04 6.250E-02 Steady OK
     526   5 1.919E-04 3.906E-03 Steady Fail
     527 --- --------- --------- Regridding
     527 --- --------- --------- Jacobian 00116
     527   4 1.940E-04 1.250E-01 Steady OK
     528   6 1.969E-04 3.906E-03 Steady Fail
     529 --- --------- --------- Regridding
     529 --- --------- --------- Jacobian 00117
     529   5 2.006E-04 6.250E-02 Steady OK
     530   5 2.006E-04 3.906E-03 Steady Fail
     531 --- --------- --------- Regridding
     531 --- --------- --------- Jacobian 00118
     531   5 1.946E-04 6.250E-02 Steady OK
     532   5 1.944E-04 3.906E-03 Steady Fail
     533 --- --------- --------- Regridding
     533 --- --------- --------- Jacobian 00119
     533   4 1.943E-04 1.250E-01 Steady OK
     534   6 1.967E-04 3.906E-03 Steady Fail
     535 --- --------- --------- Regridding
     535 --- --------- --------- Jacobian 00120
     535   5 1.999E-04 6.250E-02 Steady OK
     536   5 1.998E-04 3.906E-03 Steady Fail
     537 --- --------- --------- Regridding
     537 --- --------- --------- Jacobian 00121
     537   4 1.982E-04 1.250E-01 Steady OK
     538   6 2.006E-04 3.906E-03 Steady Fail
     539 --- --------- --------- Regridding
     539 --- --------- --------- Jacobian 00122
     539   5 2.015E-04 6.250E-02 Steady OK
     540   5 2.013E-04 3.906E-03 Steady Fail
     541 --- --------- --------- Regridding
     541 --- --------- --------- Jacobian 00123
     541   4 1.986E-04 1.250E-01 Steady OK
     542   6 2.008E-04 3.906E-03 Steady Fail
     543 --- --------- --------- Regridding
     543 --- --------- --------- Jacobian 00124
     543   4 2.066E-04 1.250E-01 Steady OK
     544   6 2.090E-04 3.906E-03 Steady Fail
     545 --- --------- --------- Regridding
     545 --- --------- --------- Jacobian 00125
     545   5 2.056E-04 6.250E-02 Steady OK
     546   5 2.055E-04 3.906E-03 Steady Fail
     547 --- --------- --------- Regridding
     547 --- --------- --------- Jacobian 00126
     547   4 2.012E-04 1.250E-01 Steady OK
     548   6 2.033E-04 3.906E-03 Steady Fail
     549 --- --------- --------- Regridding
     549 --- --------- --------- Jacobian 00127
     549   4 2.062E-04 1.250E-01 Steady OK
     550   6 2.084E-04 3.906E-03 Steady Fail
     551 --- --------- --------- Regridding
     551 --- --------- --------- Jacobian 00128
     551   4 2.095E-04 1.250E-01 Steady OK
     552   6 2.117E-04 3.906E-03 Steady Fail
     553 --- --------- --------- Regridding
     553 --- --------- --------- Jacobian 00129
     553   4 2.114E-04 1.250E-01 Steady OK
     554   6 2.135E-04 3.906E-03 Steady Fail
     555 --- --------- --------- Regridding
     555 --- --------- --------- Jacobian 00130
     555   4 2.119E-04 1.250E-01 Steady OK
     556   6 2.139E-04 3.906E-03 Steady Fail
     557 --- --------- --------- Regridding
     557 --- --------- --------- Jacobian 00131
     557   4 2.112E-04 1.250E-01 Steady OK
     558   6 2.132E-04 3.906E-03 Steady Fail
     559 --- --------- --------- Regridding
     559 --- --------- --------- Jacobian 00132
     559   4 2.096E-04 1.250E-01 Steady OK
     560   6 2.115E-04 3.906E-03 Steady Fail
     561 --- --------- --------- Regridding
     561 --- --------- --------- Jacobian 00133
     561   4 2.074E-04 1.250E-01 Steady OK
     562   6 2.092E-04 3.906E-03 Steady Fail
     563 --- --------- --------- Regridding
     563 --- --------- --------- Jacobian 00134
     563   4 2.046E-04 1.250E-01 Steady OK
     564   6 2.063E-04 3.906E-03 Steady Fail
     565 --- --------- --------- Regridding
     565 --- --------- --------- Jacobian 00135
     565   4 2.014E-04 1.250E-01 Steady OK
     566   6 2.030E-04 3.906E-03 Steady Fail
     567 --- --------- --------- Regridding
     567 --- --------- --------- Jacobian 00136
     567   4 1.980E-04 1.250E-01 Steady OK
     568   6 1.995E-04 3.906E-03 Steady Fail
     569 --- --------- --------- Regridding
     569 --- --------- --------- Jacobian 00137
     569   4 1.943E-04 1.250E-01 Steady OK
     570   6 1.957E-04 3.906E-03 Steady Fail
     571 --- --------- --------- Regridding
     571 --- --------- --------- Jacobian 00138
     571   4 1.904E-04 1.250E-01 Steady OK
     572   6 1.917E-04 3.906E-03 Steady Fail
     573 --- --------- --------- Regridding
     573 --- --------- --------- Jacobian 00139
     573   4 1.864E-04 1.250E-01 Steady OK
     574   6 1.876E-04 3.906E-03 Steady Fail
     575 --- --------- --------- Regridding
     575 --- --------- --------- Jacobian 00140
     575   4 1.824E-04 1.250E-01 Steady OK
     576   6 1.834E-04 3.906E-03 Steady Fail
     577 --- --------- --------- Regridding
     577 --- --------- --------- Jacobian 00141
     577   4 1.783E-04 1.250E-01 Steady OK
     578   6 1.793E-04 3.906E-03 Steady Fail
     579 --- --------- --------- Regridding
     579 --- --------- --------- Jacobian 00142
     579   4 1.743E-04 1.250E-01 Steady OK
     580   6 1.752E-04 3.906E-03 Steady Fail
     581 --- --------- --------- Regridding
     581 --- --------- --------- Jacobian 00143
     581   4 1.705E-04 1.250E-01 Steady OK
     582   6 1.712E-04 3.906E-03 Steady Fail
     583 --- --------- --------- Regridding
     583 --- --------- --------- Jacobian 00144
     583   4 1.667E-04 1.250E-01 Steady OK
     584   6 1.674E-04 3.906E-03 Steady Fail
     585 --- --------- --------- Regridding
     585 --- --------- --------- Jacobian 00145
     585   4 1.632E-04 1.250E-01 Steady OK
     586   6 1.638E-04 3.906E-03 Steady Fail
     587 --- --------- --------- Regridding
     587 --- --------- --------- Jacobian 00146
     587   4 1.598E-04 1.250E-01 Steady OK
     588   6 1.603E-04 3.906E-03 Steady Fail
     589 --- --------- --------- Regridding
     589 --- --------- --------- Jacobian 00147
     589   4 1.566E-04 1.250E-01 Steady OK
     590   6 1.570E-04 3.906E-03 Steady Fail
     591 --- --------- --------- Regridding
     591 --- --------- --------- Jacobian 00148
     591   4 1.535E-04 1.250E-01 Steady OK
     592   6 1.538E-04 3.906E-03 Steady Fail
     593 --- --------- --------- Regridding
     593 --- --------- --------- Jacobian 00149
     593   4 1.506E-04 1.250E-01 Steady OK
     594   6 1.508E-04 3.906E-03 Steady Fail
     595 --- --------- --------- Regridding
     595 --- --------- --------- Jacobian 00150
     595   4 1.478E-04 1.250E-01 Steady OK
     596   6 1.479E-04 3.906E-03 Steady Fail
     597 --- --------- --------- Regridding
     597 --- --------- --------- Jacobian 00151
     597   4 1.452E-04 1.250E-01 Steady OK
     598   6 1.452E-04 3.906E-03 Steady Fail
     599 --- --------- --------- Regridding
     599 --- --------- --------- Jacobian 00152
     599   4 1.427E-04 1.250E-01 Steady OK
     600   6 1.426E-04 3.906E-03 Steady Fail
     601 --- --------- --------- Regridding
     601 --- --------- --------- Jacobian 00153
     601   4 1.404E-04 1.250E-01 Steady OK
     602   6 1.402E-04 3.906E-03 Steady Fail
     603 --- --------- --------- Regridding
     603 --- --------- --------- Jacobian 00154
     603   4 1.383E-04 1.250E-01 Steady OK
     604   6 1.380E-04 3.906E-03 Steady Fail
     605 --- --------- --------- Regridding
     605 --- --------- --------- Jacobian 00155
     605   4 1.363E-04 1.250E-01 Steady OK
     606   6 1.359E-04 3.906E-03 Steady Fail
     607 --- --------- --------- Regridding
     607 --- --------- --------- Jacobian 00156
     607   4 1.344E-04 1.250E-01 Steady OK
     608   6 1.339E-04 3.906E-03 Steady Fail
     609 --- --------- --------- Regridding
     609 --- --------- --------- Jacobian 00157
     609   4 1.327E-04 1.250E-01 Steady OK
     610   6 1.321E-04 3.906E-03 Steady Fail
     611 --- --------- --------- Regridding
     611 --- --------- --------- Jacobian 00158
     611   4 1.311E-04 1.250E-01 Steady OK
     612   4 1.295E-04 3.125E-02 Steady OK
     613   4 1.295E-04 3.906E-03 Steady Fail
     614 --- --------- --------- Regridding
     614 --- --------- --------- Jacobian 00159
     614   4 1.324E-04 1.250E-01 Steady OK
     615   6 1.320E-04 3.906E-03 Steady Fail
     616 --- --------- --------- Regridding
     616 --- --------- --------- Jacobian 00160
     616   4 1.304E-04 1.250E-01 Steady OK
     617   6 1.298E-04 3.906E-03 Steady Fail
     618 --- --------- --------- Regridding
     618 --- --------- --------- Jacobian 00161
     618   4 1.288E-04 1.250E-01 Steady OK
     619   4 1.271E-04 3.125E-02 Steady OK
     620   4 1.271E-04 3.906E-03 Steady Fail
     621 --- --------- --------- Regridding
     621 --- --------- --------- Jacobian 00162
     621   4 1.298E-04 1.250E-01 Steady OK
     622   6 1.294E-04 3.906E-03 Steady Fail
     623 --- --------- --------- Regridding
     623 --- --------- --------- Jacobian 00163
     623   4 1.278E-04 1.250E-01 Steady OK
     624   4 1.263E-04 3.125E-02 Steady OK
     625   4 1.264E-04 3.906E-03 Steady Fail
     626 --- --------- --------- Regridding
     626 --- --------- --------- Jacobian 00164
     626   4 1.287E-04 1.250E-01 Steady OK
     627   6 1.283E-04 3.906E-03 Steady Fail
     628 --- --------- --------- Regridding
     628 --- --------- --------- Jacobian 00165
     628   4 1.266E-04 1.250E-01 Steady OK
     629   4 1.250E-04 3.125E-02 Steady OK
     630   4 1.251E-04 3.906E-03 Steady Fail
     631 --- --------- --------- Regridding
     631 --- --------- --------- Jacobian 00166
     631   4 1.273E-04 1.250E-01 Steady OK
     632   6 1.268E-04 3.906E-03 Steady Fail
     633 --- --------- --------- Regridding
     633 --- --------- --------- Jacobian 00167
     633   3 1.405E-04 2.500E-01 Steady OK
     634   7 1.438E-04 3.906E-03 Steady Fail
     635 --- --------- --------- Regridding
     635 --- --------- --------- Jacobian 00168
     635   4 1.488E-04 1.250E-01 Steady OK
     636   6 1.493E-04 3.906E-03 Steady Fail
     637 --- --------- --------- Regridding
     637 --- --------- --------- Jacobian 00169
     637   4 1.398E-04 1.250E-01 Steady OK
     638   6 1.402E-04 3.906E-03 Steady Fail
     639 --- --------- --------- Regridding
     639 --- --------- --------- Jacobian 00170
     639   4 1.335E-04 1.250E-01 Steady OK
     640   6 1.337E-04 3.906E-03 Steady Fail
     641 --- --------- --------- Regridding
     641 --- --------- --------- Jacobian 00171
     641   4 1.286E-04 1.250E-01 Steady OK
     642   6 1.285E-04 3.906E-03 Steady Fail
     643 --- --------- --------- Regridding
     643 --- --------- --------- Jacobian 00172
     643   4 1.249E-04 1.250E-01 Steady OK
     644   6 1.246E-04 3.906E-03 Steady Fail
     645 --- --------- --------- Regridding
     645 --- --------- --------- Jacobian 00173
     645   3 1.364E-04 2.500E-01 Steady OK
     646   7 1.394E-04 3.906E-03 Steady Fail
     647 --- --------- --------- Regridding
     647 --- --------- --------- Jacobian 00174
     647   4 1.441E-04 1.250E-01 Steady OK
     648   6 1.446E-04 3.906E-03 Steady Fail
     649 --- --------- --------- Regridding
     649 --- --------- --------- Jacobian 00175
     649   4 1.322E-04 1.250E-01 Steady OK
     650   6 1.325E-04 3.906E-03 Steady Fail
     651 --- --------- --------- Regridding
     651 --- --------- --------- Jacobian 00176
     651   4 1.270E-04 1.250E-01 Steady OK
     652   6 1.271E-04 3.906E-03 Steady Fail
     653 --- --------- --------- Regridding
     653 --- --------- --------- Jacobian 00177
     653   4 1.226E-04 1.250E-01 Steady OK
     654   6 1.224E-04 3.906E-03 Steady Fail
     655 --- --------- --------- Regridding
     655 --- --------- --------- Jacobian 00178
     655   3 1.321E-04 2.500E-01 Steady OK
     656   7 1.347E-04 3.906E-03 Steady Fail
     657 --- --------- --------- Regridding
     657 --- --------- --------- Jacobian 00179
     657   4 1.392E-04 1.250E-01 Steady OK
     658   6 1.395E-04 3.906E-03 Steady Fail
     659 --- --------- --------- Regridding
     659 --- --------- --------- Jacobian 00180
     659   4 1.302E-04 1.250E-01 Steady OK
     660   6 1.303E-04 3.906E-03 Steady Fail
     661 --- --------- --------- Regridding
     661 --- --------- --------- Jacobian 00181
     661   4 1.237E-04 1.250E-01 Steady OK
     662   6 1.236E-04 3.906E-03 Steady Fail
     663 --- --------- --------- Regridding
     663 --- --------- --------- Jacobian 00182
     663   3 1.306E-04 2.500E-01 Steady OK
     664   7 1.330E-04 3.906E-03 Steady Fail
     665 --- --------- --------- Regridding
     665 --- --------- --------- Jacobian 00183
     665   4 1.354E-04 1.250E-01 Steady OK
     666   6 1.355E-04 3.906E-03 Steady Fail
     667 --- --------- --------- Regridding
     667 --- --------- --------- Jacobian 00184
     667   4 1.259E-04 1.250E-01 Steady OK
     668   6 1.259E-04 3.906E-03 Steady Fail
     669 --- --------- --------- Regridding
     669 --- --------- --------- Jacobian 00185
     669   4 1.196E-04 1.250E-01 Steady OK
     670   6 1.193E-04 3.906E-03 Steady Fail
     671 --- --------- --------- Regridding
     671 --- --------- --------- Jacobian 00186
     671   3 1.231E-04 2.500E-01 Steady OK
     672   7 1.252E-04 3.906E-03 Steady Fail
     673 --- --------- --------- Regridding
     673 --- --------- --------- Jacobian 00187
     673   4 1.275E-04 1.250E-01 Steady OK
     674   6 1.276E-04 3.906E-03 Steady Fail
     675 --- --------- --------- Regridding
     675 --- --------- --------- Jacobian 00188
     675   4 1.191E-04 1.250E-01 Steady OK
     676   6 1.189E-04 3.906E-03 Steady Fail
     677 --- --------- --------- Regridding
     677 --- --------- --------- Jacobian 00189
     677   3 1.218E-04 2.500E-01 Steady OK
     678   7 1.237E-04 3.906E-03 Steady Fail
     679 --- --------- --------- Regridding
     679 --- --------- --------- Jacobian 00190
     679   4 1.245E-04 1.250E-01 Steady OK
     680   6 1.245E-04 3.906E-03 Steady Fail
     681 --- --------- --------- Regridding
     681 --- --------- --------- Jacobian 00191
     681   4 1.159E-04 1.250E-01 Steady OK
     682   6 1.157E-04 3.906E-03 Steady Fail
     683 --- --------- --------- Regridding
     683 --- --------- --------- Jacobian 00192
     683   3 1.166E-04 2.500E-01 Steady OK
     684   7 1.183E-04 3.906E-03 Steady Fail
     685 --- --------- --------- Regridding
     685 --- --------- --------- Jacobian 00193
     685   4 1.190E-04 1.250E-01 Steady OK
     686   6 1.189E-04 3.906E-03 Steady Fail
     687 --- --------- --------- Regridding
     687 --- --------- --------- Jacobian 00194
     687   3 1.190E-04 2.500E-01 Steady OK
     688   7 1.207E-04 3.906E-03 Steady Fail
     689 --- --------- --------- Regridding
     689 --- --------- --------- Jacobian 00195
     689   4 1.189E-04 1.250E-01 Steady OK
     690   6 1.188E-04 3.906E-03 Steady Fail
     691 --- --------- --------- Regridding
     691 --- --------- --------- Jacobian 00196
     691   3 1.178E-04 2.500E-01 Steady OK
     692   7 1.194E-04 3.906E-03 Steady Fail
     693 --- --------- --------- Regridding
     693 --- --------- --------- Jacobian 00197
     693   4 1.165E-04 1.250E-01 Steady OK
     694   6 1.164E-04 3.906E-03 Steady Fail
     695 --- --------- --------- Regridding
     695 --- --------- --------- Jacobian 00198
     695   3 1.141E-04 2.500E-01 Steady OK
     696   7 1.155E-04 3.906E-03 Steady Fail
     697 --- --------- --------- Regridding
     697 --- --------- --------- Jacobian 00199
     697   3 1.209E-04 2.500E-01 Steady OK
     698   7 1.224E-04 3.906E-03 Steady Fail
     699 --- --------- --------- Regridding
     699 --- --------- --------- Jacobian 00200
     699   3 1.243E-04 2.500E-01 Steady OK
     700   7 1.258E-04 3.906E-03 Steady Fail
     701 --- --------- --------- Regridding
     701 --- --------- --------- Jacobian 00201
     701   3 1.252E-04 2.500E-01 Steady OK
     702   7 1.266E-04 3.906E-03 Steady Fail
     703 --- --------- --------- Regridding
     703 --- --------- --------- Jacobian 00202
     703   3 1.241E-04 2.500E-01 Steady OK
     704   7 1.255E-04 3.906E-03 Steady Fail
     705 --- --------- --------- Regridding
     705 --- --------- --------- Jacobian 00203
     705   3 1.216E-04 2.500E-01 Steady OK
     706   7 1.229E-04 3.906E-03 Steady Fail
     707 --- --------- --------- Regridding
     707 --- --------- --------- Jacobian 00204
     707   3 1.181E-04 2.500E-01 Steady OK
     708   7 1.193E-04 3.906E-03 Steady Fail
     709 --- --------- --------- Regridding
     709 --- --------- --------- Jacobian 00205
     709   3 1.138E-04 2.500E-01 Steady OK
     710   7 1.149E-04 3.906E-03 Steady Fail
     711 --- --------- --------- Regridding
     711 --- --------- --------- Jacobian 00206
     711   3 1.091E-04 2.500E-01 Steady OK
     712   7 1.101E-04 3.906E-03 Steady Fail
     713 --- --------- --------- Regridding
     713 --- --------- --------- Jacobian 00207
     713   3 1.042E-04 2.500E-01 Steady OK
     714   7 1.051E-04 3.906E-03 Steady Fail
     715 --- --------- --------- Regridding
     715 --- --------- --------- Jacobian 00208
     715   3 9.916E-05 2.500E-01 Steady OK
     716   7 9.996E-05 7.813E-03 Steady OK
     717   2 1.008E-04 3.906E-03 Steady Fail
     718 --- --------- --------- Regridding
     718 --- --------- --------- Jacobian 00209
     718   3 9.515E-05 2.500E-01 Steady OK
     719   5 9.849E-05 3.125E-02 Steady OK
     720   4 9.951E-05 7.813E-03 Steady OK
     721   2 1.006E-04 3.906E-03 Steady Fail
     722 --- --------- --------- Regridding
     722 --- --------- --------- Jacobian 00210
     722   3 9.522E-05 2.500E-01 Steady OK
     723   5 9.832E-05 3.125E-02 Steady OK
     724   4 9.926E-05 7.813E-03 Steady OK
     725   2 1.003E-04 3.906E-03 Steady Fail
     726 --- --------- --------- Regridding
     726 --- --------- --------- Jacobian 00211
     726   3 9.331E-05 2.500E-01 Steady OK
     727   5 9.610E-05 3.125E-02 Steady OK
     728   3 9.791E-05 1.563E-02 Steady OK
     729   3 9.892E-05 7.813E-03 Steady OK
     730   2 9.999E-05 7.813E-03 Steady OK
     731   2 1.011E-04 3.906E-03 Steady Fail
     732 --- --------- --------- Regridding
     732 --- --------- --------- Jacobian 00212
     732   3 9.356E-05 2.500E-01 Steady OK
     733   4 9.980E-05 6.250E-02 Steady OK
     734   5 1.009E-04 3.906E-03 Steady Fail
     735 --- --------- --------- Regridding
     735 --- --------- --------- Jacobian 00213
     735   3 9.158E-05 2.500E-01 Steady OK
     736   4 9.715E-05 6.250E-02 Steady OK
     737   4 9.913E-05 1.563E-02 Steady OK
     738   3 1.002E-04 3.906E-03 Steady Fail
     739 --- --------- --------- Regridding
     739 --- --------- --------- Jacobian 00214
     739   3 9.017E-05 2.500E-01 Steady OK
     740   4 9.509E-05 6.250E-02 Steady OK
     741   3 9.890E-05 3.125E-02 Steady OK
     742   4 9.999E-05 7.813E-03 Steady OK
     743   2 1.011E-04 3.906E-03 Steady Fail
     744 --- --------- --------- Regridding
     744 --- --------- --------- Jacobian 00215
     744   3 9.002E-05 2.500E-01 Steady OK
     745   4 9.434E-05 6.250E-02 Steady OK
     746   3 9.774E-05 3.125E-02 Steady OK
     747   3 9.974E-05 1.563E-02 Steady OK
     748   3 1.008E-04 3.906E-03 Steady Fail
     749 --- --------- --------- Regridding
     749 --- --------- --------- Jacobian 00216
     749   3 8.816E-05 2.500E-01 Steady OK
     750   4 9.186E-05 6.250E-02 Steady OK
     751   2 9.873E-05 6.250E-02 Steady OK
     752   5 9.979E-05 7.813E-03 Steady OK
     753   2 1.009E-04 3.906E-03 Steady Fail
     754 --- --------- --------- Regridding
     754 --- --------- --------- Jacobian 00217
     754   3 8.722E-05 2.500E-01 Steady OK
     755   4 9.033E-05 6.250E-02 Steady OK
     756   2 9.632E-05 6.250E-02 Steady OK
     757   4 9.823E-05 1.563E-02 Steady OK
     758   3 9.924E-05 7.813E-03 Steady OK
     759   2 1.003E-04 3.906E-03 Steady Fail
     760 --- --------- --------- Regridding
     760 --- --------- --------- Jacobian 00218
     760   3 8.535E-05 2.500E-01 Steady OK
     761   3 9.330E-05 1.250E-01 Steady OK
     762   4 9.684E-05 3.125E-02 Steady OK
     763   3 9.883E-05 1.563E-02 Steady OK
     764   3 9.988E-05 7.813E-03 Steady OK
     765   2 1.010E-04 3.906E-03 Steady Fail
     766 --- --------- --------- Regridding
     766 --- --------- --------- Jacobian 00219
     766   3 8.477E-05 2.500E-01 Steady OK
     767   3 9.131E-05 1.250E-01 Steady OK
     768   3 9.807E-05 6.250E-02 Steady OK
     769   5 9.904E-05 7.813E-03 Steady OK
     770   2 1.001E-04 3.906E-03 Steady Fail
     771 --- --------- --------- Regridding
     771 --- --------- --------- Jacobian 00220
     771   3 8.233E-05 2.500E-01 Steady OK
     772   3 8.752E-05 1.250E-01 Steady OK
     773   3 9.326E-05 6.250E-02 Steady OK
     774   3 9.685E-05 3.125E-02 Steady OK
     775   3 9.882E-05 1.563E-02 Steady OK
     776   3 9.984E-05 7.813E-03 Steady OK
     777   2 1.009E-04 3.906E-03 Steady Fail
     778 --- --------- --------- Regridding
     778 --- --------- --------- Jacobian 00221
     778   2 9.818E-05 5.000E-01 Steady OK
     779   8 9.917E-05 7.813E-03 Steady OK
     780   2 1.002E-04 3.906E-03 Steady Fail
     781 --- --------- --------- Regridding
     781 --- --------- --------- Jacobian 00222
     781   2 9.177E-05 5.000E-01 Steady OK
     782   5 9.949E-05 6.250E-02 Steady OK
     783   5 1.005E-04 3.906E-03 Steady Fail
     784 --- --------- --------- Regridding
     784 --- --------- --------- Jacobian 00223
     784   2 8.649E-05 5.000E-01 Steady OK
     785   5 9.290E-05 6.250E-02 Steady OK
     786   3 9.647E-05 3.125E-02 Steady OK
     787   3 9.833E-05 1.563E-02 Steady OK
     788   3 9.928E-05 7.813E-03 Steady OK
     789   2 1.003E-04 3.906E-03 Steady Fail
     790 --- --------- --------- Regridding
     790 --- --------- --------- Jacobian 00224
     790   2 8.070E-05 5.000E-01 Steady OK
     791   5 8.581E-05 6.250E-02 Steady OK
     792   2 9.192E-05 6.250E-02 Steady OK
     793   2 9.891E-05 6.250E-02 Steady OK
     794   5 9.982E-05 7.813E-03 Steady OK
     795   2 1.007E-04 3.906E-03 Steady Fail
     796 --- --------- --------- Regridding
     796 --- --------- --------- Jacobian 00225
     796   2 7.580E-05 5.000E-01 Steady OK
     797   5 7.958E-05 6.250E-02 Steady OK
     798   2 8.423E-05 6.250E-02 Steady OK
     799   2 8.966E-05 6.250E-02 Steady OK
     800   2 9.580E-05 6.250E-02 Steady OK
     801   3 9.905E-05 3.125E-02 Steady OK
     802   4 9.987E-05 7.813E-03 Steady OK
     803   2 1.007E-04 3.906E-03 Steady Fail
     804 --- --------- --------- Regridding
     804 --- --------- --------- Jacobian 00226
     804   2 7.087E-05 5.000E-01 Steady OK
     805   4 7.688E-05 1.250E-01 Steady OK
     806   3 8.081E-05 6.250E-02 Steady OK
     807   2 8.536E-05 6.250E-02 Steady OK
     808   2 9.046E-05 6.250E-02 Steady OK
     809   2 9.605E-05 6.250E-02 Steady OK
     810   3 9.896E-05 3.125E-02 Steady OK
     811   4 9.969E-05 7.813E-03 Steady OK
     812   2 1.004E-04 3.906E-03 Steady Fail
     813 --- --------- --------- Regridding
     813 --- --------- --------- Jacobian 00227
     813   1 9.756E-05 1.000E+00 Steady OK
     814   7 9.879E-05 1.563E-02 Steady OK
     815   3 9.941E-05 7.813E-03 Steady OK
     816   2 1.000E-04 3.906E-03 Steady Fail
     817 --- --------- --------- Regridding
     817 --- --------- --------- Jacobian 00228
     817   1 7.527E-05 1.000E+00 Steady OK
     818   5 7.918E-05 6.250E-02 Steady OK
     819   2 8.323E-05 6.250E-02 Steady OK
     820   2 8.741E-05 6.250E-02 Steady OK
     821   2 9.170E-05 6.250E-02 Steady OK
     822   2 9.608E-05 6.250E-02 Steady OK
     823   3 9.826E-05 3.125E-02 Steady OK
     824   3 9.934E-05 1.563E-02 Steady OK
     825   3 9.988E-05 7.813E-03 Steady OK
     826   2 1.004E-04 3.906E-03 Steady Fail
     827 --- --------- --------- Regridding
     827 --- --------- --------- Jacobian 00229
     827   1 5.249E-05 1.000E+00 Steady OK
     828   5 5.519E-05 6.250E-02 Steady OK
     829   2 5.799E-05 6.250E-02 Steady OK
     830   2 6.088E-05 6.250E-02 Steady OK
     831   2 6.384E-05 6.250E-02 Steady OK
     832   1 7.018E-05 1.250E-01 Steady OK
     833   2 7.667E-05 1.250E-01 Steady OK
     834   2 8.322E-05 1.250E-01 Steady OK
     835   2 8.977E-05 1.250E-01 Steady OK
     836   2 9.627E-05 1.250E-01 Steady OK
     837   3 9.935E-05 6.250E-02 Steady OK
     838   5 9.972E-05 7.813E-03 Steady OK
     839   2 1.001E-04 3.906E-03 Steady Fail
     840 --- --------- --------- Regridding
     840 --- --------- --------- Jacobian 00230
     840   1 3.125E-05 1.000E+00 Steady OK
     841   5 3.284E-05 6.250E-02 Steady OK
     842   2 3.450E-05 6.250E-02 Steady OK
     843   2 3.620E-05 6.250E-02 Steady OK
     844   2 3.794E-05 6.250E-02 Steady OK
     845   1 4.168E-05 1.250E-01 Steady OK
     846   2 4.549E-05 1.250E-01 Steady OK
     847   2 4.933E-05 1.250E-01 Steady OK
     848   2 5.318E-05 1.250E-01 Steady OK
     849   2 5.698E-05 1.250E-01 Steady OK
     850   2 6.073E-05 1.250E-01 Steady OK
     851   2 6.439E-05 1.250E-01 Steady OK
     852   2 6.795E-05 1.250E-01 Steady OK
     853   2 7.139E-05 1.250E-01 Steady OK
     854   2 7.471E-05 1.250E-01 Steady OK
     855   1 8.156E-05 2.500E-01 Steady OK
     856   2 8.765E-05 2.500E-01 Steady OK
     857   2 9.298E-05 2.500E-01 Steady OK
     858   2 9.758E-05 2.500E-01 Steady OK
     859   3 9.935E-05 1.250E-01 Steady OK
     860   4 9.973E-05 3.125E-02 Steady OK
     861   3 9.991E-05 1.563E-02 Steady OK
     862 --- --------- --------- Regridding
     862 --- --------- --------- Jacobian 00231
     862   1 1.170E-05 1.000E+00 Steady OK
     863   5 1.229E-05 6.250E-02 Steady OK
     864   2 1.291E-05 6.250E-02 Steady OK
     865   2 1.354E-05 6.250E-02 Steady OK
     866   2 1.419E-05 6.250E-02 Steady OK
     867   1 1.558E-05 1.250E-01 Steady OK
     868   2 1.700E-05 1.250E-01 Steady OK
     869   2 1.842E-05 1.250E-01 Steady OK
     870   2 1.984E-05 1.250E-01 Steady OK
     871   2 2.125E-05 1.250E-01 Steady OK
     872   2 2.263E-05 1.250E-01 Steady OK
     873   2 2.397E-05 1.250E-01 Steady OK
     874   2 2.528E-05 1.250E-01 Steady OK
     875   2 2.654E-05 1.250E-01 Steady OK
     876   1 2.915E-05 2.500E-01 Steady OK
     877   2 3.147E-05 2.500E-01 Steady OK
     878   2 3.352E-05 2.500E-01 Steady OK
     879   2 3.529E-05 2.500E-01 Steady OK
     880   2 3.681E-05 2.500E-01 Steady OK
     881   1 3.986E-05 5.000E-01 Steady OK
     882   2 4.159E-05 5.000E-01 Steady OK
     883   1 4.465E-05 1.000E+00 Steady OK
     884 --- --------- --------- Regridding
     884 --- --------- --------- Jacobian 00232
     884   1 2.604E-06 1.000E+00 Steady OK
     885   5 2.734E-06 6.250E-02 Steady OK
     886   2 2.868E-06 6.250E-02 Steady OK
     887   2 3.006E-06 6.250E-02 Steady OK
     888   1 3.304E-06 1.250E-01 Steady OK
     889   2 3.608E-06 1.250E-01 Steady OK
     890   2 3.916E-06 1.250E-01 Steady OK
     891   2 4.224E-06 1.250E-01 Steady OK
     892   2 4.529E-06 1.250E-01 Steady OK
     893   2 4.829E-06 1.250E-01 Steady OK
     894   2 5.122E-06 1.250E-01 Steady OK
     895   2 5.407E-06 1.250E-01 Steady OK
     896   2 5.683E-06 1.250E-01 Steady OK
     897   2 5.947E-06 1.250E-01 Steady OK
     898   1 6.494E-06 2.500E-01 Steady OK
     899   2 6.978E-06 2.500E-01 Steady OK
     900   2 7.399E-06 2.500E-01 Steady OK
     901   2 7.762E-06 2.500E-01 Steady OK
     902   1 8.493E-06 5.000E-01 Steady OK
     903   2 8.921E-06 5.000E-01 Steady OK
     904   1 9.682E-06 1.000E+00 Steady OK
     905   1 9.254E-06 1.000E+00 Steady OK
     906 --- --------- --------- Regridding
     906 --- --------- --------- Jacobian 00233
     906   1 4.620E-07 1.000E+00 Steady OK
     907   5 4.838E-07 6.250E-02 Steady OK
     908   1 5.316E-07 1.250E-01 Steady OK
     909   2 5.815E-07 1.250E-01 Steady OK
     910   2 6.328E-07 1.250E-01 Steady OK
     911   2 6.846E-07 1.250E-01 Steady OK
     912   2 7.366E-07 1.250E-01 Steady OK
     913   2 7.881E-07 1.250E-01 Steady OK
     914   2 8.389E-07 1.250E-01 Steady OK
     915   2 8.885E-07 1.250E-01 Steady OK
     916   2 9.367E-07 1.250E-01 Steady OK
     917   2 9.833E-07 1.250E-01 Steady OK
     918   1 1.080E-06 2.500E-01 Steady OK
     919   2 1.166E-06 2.500E-01 Steady OK
     920   2 1.242E-06 2.500E-01 Steady OK
     921   2 1.308E-06 2.500E-01 Steady OK
     922   2 1.364E-06 2.500E-01 Steady OK
     923   1 1.477E-06 5.000E-01 Steady OK
     924   2 1.541E-06 5.000E-01 Steady OK
     925   1 1.653E-06 1.000E+00 Steady OK
     926   1 1.573E-06 1.000E+00 Steady OK
     927   1 1.455E-06 1.000E+00 Steady OK
     928 --- --------- --------- Regridding
     928 --- --------- --------- Jacobian 00234
     928   1 6.416E-08 1.000E+00 Steady OK
     929   8 6.447E-08 3.906E-03 Steady Fail
     930 --- --------- --------- Regridding
     930 --- --------- --------- Jacobian 00235
     930   1 3.806E-08 1.000E+00 Steady OK
     931   8 3.829E-08 3.906E-03 Steady Fail
     932 --- --------- --------- Regridding
     932 --- --------- --------- Jacobian 00236
     932   1 2.990E-08 1.000E+00 Steady OK
     933   8 3.006E-08 3.906E-03 Steady Fail
     934 --- --------- --------- Regridding
     934 --- --------- --------- Jacobian 00237
     934   1 2.420E-08 1.000E+00 Steady OK
     935   8 2.434E-08 3.906E-03 Steady Fail
     936 --- --------- --------- Regridding
     936 --- --------- --------- Jacobian 00238
     936   1 1.879E-08 1.000E+00 Steady OK
     937   8 1.890E-08 3.906E-03 Steady Fail
     938 --- --------- --------- Regridding
     938 --- --------- --------- Jacobian 00239
     938   1 1.235E-08 1.000E+00 Steady OK
     939   8 1.242E-08 3.906E-03 Steady Fail
     940 --- --------- --------- Regridding
     940 --- --------- --------- Jacobian 00240
     940   1 9.735E-09 1.000E+00 Steady OK
     941   8 9.789E-09 3.906E-03 Steady Fail
     942 --- --------- --------- Regridding
     942 --- --------- --------- Jacobian 00241
     942   1 6.464E-09 1.000E+00 Steady OK
     943   8 6.500E-09 3.906E-03 Steady Fail
     944 --- --------- --------- Regridding
     944 --- --------- --------- Jacobian 00242
     944   1 4.824E-09 1.000E+00 Steady OK
     945   8 4.849E-09 3.906E-03 Steady Fail
     946 --- --------- --------- Regridding
     946 --- --------- --------- Jacobian 00243
     946   1 4.671E-09 1.000E+00 Steady OK
     947   8 4.697E-09 3.906E-03 Steady Fail
     948 --- --------- --------- Regridding
     948 --- --------- --------- Jacobian 00244
     948   1 3.958E-09 1.000E+00 Steady OK
     949   8 3.980E-09 3.906E-03 Steady Fail
     950 --- --------- --------- Regridding
     950 --- --------- --------- Jacobian 00245
     950   1 3.184E-09 1.000E+00 Steady OK
     951   1 9.570E-10 1.000E+00 Steady OK
     952   8 9.573E-10 3.906E-03 Steady Fail
     953 --- --------- --------- Regridding
     953 --- --------- --------- Jacobian 00246
     953   1 2.108E-08 1.000E+00 Steady OK
     954   1 1.297E-08 1.000E+00 Steady OK
     955   8 1.298E-08 3.906E-03 Steady Fail
     956 --- --------- --------- Regridding
     956 --- --------- --------- Jacobian 00247
     956   1 9.514E-09 1.000E+00 Steady OK
     957   1 2.064E-09 1.000E+00 Steady OK
     958   8 2.065E-09 3.906E-03 Steady Fail
     959 --- --------- --------- Regridding
     959 --- --------- --------- Jacobian 00248
     959   1 8.468E-09 1.000E+00 Steady OK
     960   1 4.935E-09 1.000E+00 Steady OK
     961   8 4.939E-09 3.906E-03 Steady Fail
     962 --- --------- --------- Regridding
     962 --- --------- --------- Jacobian 00249
     962   1 5.892E-10 1.000E+00 Steady OK
     963   8 5.899E-10 3.906E-03 Steady Fail
     964 --- --------- --------- Regridding
     964 --- --------- --------- Jacobian 00250
     964   1 5.834E-09 1.000E+00 Steady OK
     965   1 1.625E-09 1.000E+00 Steady OK
     966   8 1.625E-09 3.906E-03 Steady Fail
     967 --- --------- --------- Regridding
     967 --- --------- --------- Jacobian 00251
     967   1 3.604E-09 1.000E+00 Steady OK
     968   2 3.220E-09 5.000E-01 Steady OK
     969   8 3.220E-09 3.906E-03 Steady Fail
     970 --- --------- --------- Regridding
     970 --- --------- --------- Jacobian 00252
     970   1 6.708E-08 1.000E+00 Steady OK
     971   1 6.210E-09 1.000E+00 Steady OK
     972   8 6.209E-09 3.906E-03 Steady Fail
     973 --- --------- --------- Regridding
     973 --- --------- --------- Jacobian 00253
     973   1 8.348E-08 1.000E+00 Steady OK
     974   1 2.355E-08 1.000E+00 Steady OK
     975   8 2.355E-08 3.906E-03 Steady Fail
     976 --- --------- --------- Regridding
     976 --- --------- --------- Jacobian 00254
     976   1 5.676E-08 1.000E+00 Steady OK
     977   1 8.047E-10 1.000E+00 Steady OK
     978   2 6.925E-10 5.000E-01 Steady OK
     979   8 6.931E-10 3.906E-03 Steady Fail
     980 --- --------- --------- Regridding
     980 --- --------- --------- Jacobian 00255
     980   1 1.084E-07 1.000E+00 Steady OK
     981   1 3.756E-08 1.000E+00 Steady OK
     982   8 3.757E-08 3.906E-03 Steady Fail
     983 --- --------- --------- Regridding
     983 --- --------- --------- Jacobian 00256
     983   1 1.599E-07 1.000E+00 Steady OK
     984   1 9.400E-09 1.000E+00 Steady OK
     985   8 9.403E-09 3.906E-03 Steady Fail
     986 --- --------- --------- Regridding
     986 --- --------- --------- Jacobian 00257
     986   1 5.207E-08 1.000E+00 Steady OK
     987   1 6.490E-09 1.000E+00 Steady OK
     988   2 6.228E-09 5.000E-01 Steady OK
     989   8 6.226E-09 3.906E-03 Steady Fail
     990 --- --------- --------- Regridding
     990 --- --------- --------- Jacobian 00258
     990   1 8.140E-10 1.000E+00 Steady OK
     991   1 3.971E-10 1.000E+00 Steady OK
     992   8 3.974E-10 3.906E-03 Steady Fail
     993 --- --------- --------- Regridding
     993 --- --------- --------- Jacobian 00259
     993   1 3.459E-08 1.000E+00 Steady OK
     994   1 7.531E-09 1.000E+00 Steady OK
     995   8 7.531E-09 3.906E-03 Steady Fail
     996 --- --------- --------- Regridding
     996 --- --------- --------- Jacobian 00260
     996   1 9.530E-08 1.000E+00 Steady OK
     997   1 6.287E-09 1.000E+00 Steady OK
     998   8 6.289E-09 3.906E-03 Steady Fail
     999 --- --------- --------- Regridding
     999 --- --------- --------- Jacobian 00261
     999   1 6.386E-08 1.000E+00 Steady OK
    1000   1 7.391E-09 1.000E+00 Steady OK
    1001   2 7.035E-09 5.000E-01 Steady OK
    1002   8 7.032E-09 3.906E-03 Steady Fail
    1003 --- --------- --------- Regridding
    1003 --- --------- --------- Jacobian 00262
    1003   1 2.132E-08 1.000E+00 Steady OK
    1004   1 3.196E-10 1.000E+00 Steady OK
    1005   8 3.198E-10 3.906E-03 Steady Fail
    1006 --- --------- --------- Regridding
    1006 --- --------- --------- Jacobian 00263
    1006   1 5.567E-08 1.000E+00 Steady OK
    1007   1 1.871E-08 1.000E+00 Steady OK
    1008   8 1.871E-08 3.906E-03 Steady Fail
    1009 --- --------- --------- Regridding
    1009 --- --------- --------- Jacobian 00264
    1009   1 1.741E-07 1.000E+00 Steady OK
    1010   1 2.228E-08 1.000E+00 Steady OK
    1011   8 2.228E-08 3.906E-03 Steady Fail
    1012 --- --------- --------- Regridding
    1012 --- --------- --------- Jacobian 00265
    1012   1 9.171E-08 1.000E+00 Steady OK
    1013   1 2.093E-09 1.000E+00 Steady OK
    1014   1 7.853E-10 1.000E+00 Steady OK
    1015   1 6.789E-10 1.000E+00 Steady OK
    1016   1 5.869E-10 1.000E+00 Steady OK
    1017   1 5.006E-10 1.000E+00 Steady OK
    1018   1 4.257E-10 1.000E+00 Steady OK
    1019   1 3.621E-10 1.000E+00 Steady OK
    1020   1 3.079E-10 1.000E+00 Steady OK
    1021   1 2.618E-10 1.000E+00 Steady OK
    1022   1 2.225E-10 1.000E+00 Steady OK
    1023   1 1.889E-10 1.000E+00 Steady OK
    1024   1 1.604E-10 1.000E+00 Steady OK
    1025   1 1.361E-10 1.000E+00 Steady OK
    1026   1 1.154E-10 1.000E+00 Steady OK
    1027   1 9.783E-11 1.000E+00 Steady OK
 
------------------------------------------------------------------------
 
Simulation stopped:
  => Converged!
 
------------------------------------------------------------------------
 
Postprocessing output:
  => Position reaction layer      : -3.8918337E-01 cm
  => Temperature reaction layer   :  1.4526671E+03 K
  => Mass burning rate            :  9.4353800E-03 gr/(cm2s)
  => Burning velocity (unburnt)   :  8.3779014E+00 cm/s
  => Maximum temperature          :  1.6939680E+03 K
  => Minimum temperature          :  3.0000000E+02 K
  => Flame thickness (max grad T) :  8.0425167E-02 cm
  => Stoichiometric mixture frac. :  0.0000000E+00 -
  => Position stoich mixture      : -4.0787002E-01 cm
  => Temperature at stoich mixture:  1.1739142E+03 K
  => Scalar dissipation at stoich :  5.6956281E-32 1/s
 
========================================================================
 
==> LogClose : Closing logfile
