==> LogWrite : Opening logfile
 
========================================================================
 
 
OOOOOOOOOOOOOOOOOOOOOOOOOOOOOOOOOOOOOOOOOOOOOO
O                                            O
O     @@@@  @  @  @@@@  @   @    @  @@@b     O
O     @     @  @  @     @@ @@   @@  @  @     O
O     @     @@@@  @@@@  @ @ @    @  @  @     O
O     @     @  @  @     @   @    @  @  @     O
O     @@@@  @  @  @@@@  @   @    @  @@@P     O
O                                            O
O     A ONE DIMENSIONAL FLAME CODE           O
O                                            O
O     Version:                               O
O     Release: 2012-06-01 08:38:57 +0200     O
O                                            O
OOOOOOOOOOOOOOOOOOOOOOOOOOOOOOOOOOOOOOOOOOOOOO
 
 
 
* Developed at the Eindhoven University of Technology
 
* http://www.combustion.tue.nl
 
========================================================================
 
Reading CHEM1D input files
    => Start reading chemistry 
    ==> CheckTroeData : Started
    ==> CheckTroeData : Finished
    => Finished reading chemistry
    => Thermodynamical Data   [OK]
    ElementName        Mass
    1  O                 1.5999400E+01
    2  H                 1.0079700E+00
    3  C                 1.2011200E+01
    4  N                 1.4006700E+01
    5  AR                3.9948000E+01

    SpeciesName        Mass
    1  H2                2.0159400E+00
    2  H                 1.0079700E+00
    3  O                 1.5999400E+01
    4  O2                3.1998800E+01
    5  OH                1.7007370E+01
    6  H2O               1.8015340E+01
    7  HO2               3.3006770E+01
    8  CH2               1.4027140E+01
    9  CH2(S)            1.4027140E+01
   10  CH3               1.5035110E+01
   11  CH4               1.6043080E+01
   12  CO                2.8010600E+01
   13  CO2               4.4010000E+01
   14  HCO               2.9018570E+01
   15  CH2O              3.0026540E+01
   16  CH3O              3.1034510E+01
   17  C2H4              2.8054280E+01
   18  C2H5              2.9062250E+01
   19  C2H6              3.0070220E+01
   20  N                 1.4006700E+01
   21  NO                3.0006100E+01
   22  N2                2.8013400E+01
   23  AR                3.9948000E+01

    => Reactions + rate coefficients 

       (1) O + H + M = OH + M
             A =  5.000E+17  beta = -1.000E+00  Ea/R =  0.000E+00   K
      Enhanced by:
      H2          2.00
      H2O         6.00
      CH4         2.00
      CO          1.50
      CO2         2.00
      C2H6        3.00
      AR          0.70

       (2) O + H2 = H + OH
             A =  5.000E+04  beta =  2.670E+00  Ea/R =  3.167E+03   K

       (3) O + HO2 = OH + O2
             A =  2.000E+13  beta =  0.000E+00  Ea/R =  0.000E+00   K

       (4) O + CH2 = H + HCO
             A =  8.000E+13  beta =  0.000E+00  Ea/R =  0.000E+00   K

       (5) O + CH2(S) = H + HCO
             A =  1.500E+13  beta =  0.000E+00  Ea/R =  0.000E+00   K

       (6) O + CH3 = H + CH2O
             A =  8.430E+13  beta =  0.000E+00  Ea/R =  0.000E+00   K

       (7) O + CH4 = OH + CH3
             A =  1.020E+09  beta =  1.500E+00  Ea/R =  4.331E+03   K

       (8) O + CO + M = CO2 + M
             A =  6.020E+14  beta =  0.000E+00  Ea/R =  1.511E+03   K
      Enhanced by:
      H2          2.00
      O2          6.00
      H2O         6.00
      CH4         2.00
      CO          1.50
      CO2         3.50
      C2H6        3.00
      AR          0.50

       (9) O + HCO = OH + CO
             A =  3.000E+13  beta =  0.000E+00  Ea/R =  0.000E+00   K

       (10) O + HCO = H + CO2
             A =  3.000E+13  beta =  0.000E+00  Ea/R =  0.000E+00   K

       (11) O + CH2O = OH + HCO
             A =  3.900E+13  beta =  0.000E+00  Ea/R =  1.783E+03   K

       (12) O + C2H4 = CH3 + HCO
             A =  1.920E+07  beta =  1.830E+00  Ea/R =  1.108E+02   K

       (13) O + C2H5 = CH3 + CH2O
             A =  1.320E+14  beta =  0.000E+00  Ea/R =  0.000E+00   K

       (14) O + C2H6 = OH + C2H5
             A =  8.980E+07  beta =  1.920E+00  Ea/R =  2.865E+03   K

       (15) O2 + CO = O + CO2
             A =  2.500E+12  beta =  0.000E+00  Ea/R =  2.407E+04   K

       (16) O2 + CH2O = HO2 + HCO
             A =  1.000E+14  beta =  0.000E+00  Ea/R =  2.014E+04   K

       (17) H + O2 + M = HO2 + M
             A =  2.800E+18  beta = -8.600E-01  Ea/R =  0.000E+00   K
      Enhanced by:
      O2          0.00
      H2O         0.00
      CO          0.75
      CO2         1.50
      C2H6        1.50
      N2          0.00
      AR          0.00

       (18) H + O2 + O2 = HO2 + O2
             A =  3.000E+20  beta = -1.720E+00  Ea/R =  0.000E+00   K

       (19) H + O2 + H2O = HO2 + H2O
             A =  9.380E+18  beta = -7.600E-01  Ea/R =  0.000E+00   K

       (20) H + O2 + N2 = HO2 + N2
             A =  3.750E+20  beta = -1.720E+00  Ea/R =  0.000E+00   K

       (21) H + O2 + AR = HO2 + AR
             A =  7.000E+17  beta = -8.000E-01  Ea/R =  0.000E+00   K

       (22) H + O2 = O + OH
             A =  8.300E+13  beta =  0.000E+00  Ea/R =  7.258E+03   K

       (23) H + H + M = H2 + M
             A =  1.000E+18  beta = -1.000E+00  Ea/R =  0.000E+00   K
      Enhanced by:
      H2          0.00
      H2O         0.00
      CH4         2.00
      CO2         0.00
      C2H6        3.00
      AR          0.63

       (24) H + H + H2 = H2 + H2
             A =  9.000E+16  beta = -6.000E-01  Ea/R =  0.000E+00   K

       (25) H + H + H2O = H2 + H2O
             A =  6.000E+19  beta = -1.250E+00  Ea/R =  0.000E+00   K

       (26) H + H + CO2 = H2 + CO2
             A =  5.500E+20  beta = -2.000E+00  Ea/R =  0.000E+00   K

       (27) H + OH + M = H2O + M
             A =  2.200E+22  beta = -2.000E+00  Ea/R =  0.000E+00   K
      Enhanced by:
      H2          0.73
      H2O         3.65
      CH4         2.00
      C2H6        3.00
      AR          0.38

       (28) H + HO2 = O2 + H2
             A =  2.800E+13  beta =  0.000E+00  Ea/R =  5.378E+02   K

       (29) H + HO2 = OH + OH
             A =  1.340E+14  beta =  0.000E+00  Ea/R =  3.198E+02   K

       (30) H + CH2 + M = CH3 + M
             A =  2.500E+16  beta = -8.000E-01  Ea/R =  0.000E+00   K
      LOW pressure limit: 
      A =  3.200E+27  beta = -3.140E+00  Ea/R =  6.194E+02   K
      TROE centering:
          a = 0.680E+00
       T*** = 0.780E+02 K
         T* = 0.200E+04 K
        T** = 0.559E+04 K
      Enhanced by:
      H2          2.00
      H2O         6.00
      CH4         2.00
      CO          1.50
      CO2         2.00
      C2H6        3.00
      AR          0.70

       (31) H + CH3 + M = CH4 + M
             A =  1.270E+16  beta = -6.300E-01  Ea/R =  1.929E+02   K
      LOW pressure limit: 
      A =  2.477E+33  beta = -4.760E+00  Ea/R =  1.229E+03   K
      TROE centering:
          a = 0.783E+00
       T*** = 0.740E+02 K
         T* = 0.294E+04 K
        T** = 0.696E+04 K
      Enhanced by:
      H2          2.00
      H2O         6.00
      CH4         2.00
      CO          1.50
      CO2         2.00
      C2H6        3.00
      AR          0.70

       (32) H + CH4 = CH3 + H2
             A =  6.600E+08  beta =  1.620E+00  Ea/R =  5.459E+03   K

       (33) H + HCO + M = CH2O + M
             A =  1.090E+12  beta =  4.800E-01  Ea/R = -1.309E+02   K
      LOW pressure limit: 
      A =  1.350E+24  beta = -2.570E+00  Ea/R =  7.176E+02   K
      TROE centering:
          a = 0.782E+00
       T*** = 0.271E+03 K
         T* = 0.276E+04 K
        T** = 0.657E+04 K
      Enhanced by:
      H2          2.00
      H2O         6.00
      CH4         2.00
      CO          1.50
      CO2         2.00
      C2H6        3.00
      AR          0.70

       (34) H + HCO = H2 + CO
             A =  7.340E+13  beta =  0.000E+00  Ea/R =  0.000E+00   K

       (35) H + CH2O + M = CH3O + M
             A =  5.400E+11  beta =  4.540E-01  Ea/R =  1.309E+03   K
      LOW pressure limit: 
      A =  2.200E+30  beta = -4.800E+00  Ea/R =  2.800E+03   K
      TROE centering:
          a = 0.758E+00
       T*** = 0.940E+02 K
         T* = 0.156E+04 K
        T** = 0.420E+04 K
      Enhanced by:
      H2          2.00
      H2O         6.00
      CH4         2.00
      CO          1.50
      CO2         2.00
      C2H6        3.00

       (36) H + CH2O = HCO + H2
             A =  2.300E+10  beta =  1.050E+00  Ea/R =  1.649E+03   K

       (37) H + CH3O = OH + CH3
             A =  3.200E+13  beta =  0.000E+00  Ea/R =  0.000E+00   K

       (38) H + C2H4 + M = C2H5 + M
             A =  1.080E+12  beta =  4.540E-01  Ea/R =  9.165E+02   K
      LOW pressure limit: 
      A =  1.200E+42  beta = -7.620E+00  Ea/R =  3.510E+03   K
      TROE centering:
          a = 0.975E+00
       T*** = 0.210E+03 K
         T* = 0.984E+03 K
        T** = 0.437E+04 K
      Enhanced by:
      H2          2.00
      H2O         6.00
      CH4         2.00
      CO          1.50
      CO2         2.00
      C2H6        3.00
      AR          0.70

       (39) H + C2H5 + M = C2H6 + M
             A =  5.210E+17  beta = -9.900E-01  Ea/R =  7.956E+02   K
      LOW pressure limit: 
      A =  1.990E+41  beta = -7.080E+00  Ea/R =  3.366E+03   K
      TROE centering:
          a = 0.842E+00
       T*** = 0.125E+03 K
         T* = 0.222E+04 K
        T** = 0.688E+04 K
      Enhanced by:
      H2          2.00
      H2O         6.00
      CH4         2.00
      CO          1.50
      CO2         2.00
      C2H6        3.00
      AR          0.70

       (40) H + C2H6 = C2H5 + H2
             A =  1.150E+08  beta =  1.900E+00  Ea/R =  3.792E+03   K

       (41) H2 + CO + M = CH2O + M
             A =  4.300E+07  beta =  1.500E+00  Ea/R =  4.008E+04   K
      LOW pressure limit: 
      A =  5.070E+27  beta = -3.420E+00  Ea/R =  4.248E+04   K
      TROE centering:
          a = 0.932E+00
       T*** = 0.197E+03 K
         T* = 0.154E+04 K
        T** = 0.103E+05 K
      Enhanced by:
      H2          2.00
      H2O         6.00
      CH4         2.00
      CO          1.50
      CO2         2.00
      C2H6        3.00
      AR          0.70

       (42) OH + H2 = H + H2O
             A =  2.160E+08  beta =  1.510E+00  Ea/R =  1.727E+03   K

       (43) OH + OH = O + H2O
             A =  3.570E+04  beta =  2.400E+00  Ea/R = -1.063E+03   K

       (44) OH + HO2 = O2 + H2O
             A =  2.900E+13  beta =  0.000E+00  Ea/R = -2.518E+02   K

       (45) OH + CH2 = H + CH2O
             A =  2.000E+13  beta =  0.000E+00  Ea/R =  0.000E+00   K

       (46) OH + CH2(S) = H + CH2O
             A =  3.000E+13  beta =  0.000E+00  Ea/R =  0.000E+00   K

       (47) OH + CH3 = CH2 + H2O
             A =  5.600E+07  beta =  1.600E+00  Ea/R =  2.729E+03   K

       (48) OH + CH3 = CH2(S) + H2O
             A =  2.501E+13  beta =  0.000E+00  Ea/R =  0.000E+00   K

       (49) OH + CH4 = CH3 + H2O
             A =  1.000E+08  beta =  1.600E+00  Ea/R =  1.571E+03   K

       (50) OH + CO = H + CO2
             A =  4.760E+07  beta =  1.228E+00  Ea/R =  3.525E+01   K

       (51) OH + HCO = H2O + CO
             A =  5.000E+13  beta =  0.000E+00  Ea/R =  0.000E+00   K

       (52) OH + CH2O = HCO + H2O
             A =  3.430E+09  beta =  1.180E+00  Ea/R = -2.251E+02   K

       (53) OH + C2H6 = C2H5 + H2O
             A =  3.540E+06  beta =  2.120E+00  Ea/R =  4.381E+02   K

       (54) HO2 + CH2 = OH + CH2O
             A =  2.000E+13  beta =  0.000E+00  Ea/R =  0.000E+00   K

       (55) HO2 + CH3 = O2 + CH4
             A =  1.000E+12  beta =  0.000E+00  Ea/R =  0.000E+00   K

       (56) HO2 + CH3 = OH + CH3O
             A =  2.000E+13  beta =  0.000E+00  Ea/R =  0.000E+00   K

       (57) HO2 + CO = OH + CO2
             A =  1.500E+14  beta =  0.000E+00  Ea/R =  1.188E+04   K

       (58) CH2 + O2 = OH + HCO
             A =  1.320E+13  beta =  0.000E+00  Ea/R =  7.553E+02   K

       (59) CH2 + H2 = H + CH3
             A =  5.000E+05  beta =  2.000E+00  Ea/R =  3.641E+03   K

       (60) CH2 + CH3 = H + C2H4
             A =  4.000E+13  beta =  0.000E+00  Ea/R =  0.000E+00   K

       (61) CH2 + CH4 = CH3 + CH3
             A =  2.460E+06  beta =  2.000E+00  Ea/R =  4.164E+03   K

       (62) CH2(S) + N2 = CH2 + N2
             A =  1.500E+13  beta =  0.000E+00  Ea/R =  3.021E+02   K

       (63) CH2(S) + AR = CH2 + AR
             A =  9.000E+12  beta =  0.000E+00  Ea/R =  3.021E+02   K

       (64) CH2(S) + O2 = H + OH + CO
             A =  2.800E+13  beta =  0.000E+00  Ea/R =  0.000E+00   K

       (65) CH2(S) + O2 = CO + H2O
             A =  1.200E+13  beta =  0.000E+00  Ea/R =  0.000E+00   K

       (66) CH2(S) + H2 = CH3 + H
             A =  7.000E+13  beta =  0.000E+00  Ea/R =  0.000E+00   K

       (67) CH2(S) + H2O = CH2 + H2O
             A =  3.000E+13  beta =  0.000E+00  Ea/R =  0.000E+00   K

       (68) CH2(S) + CH3 = H + C2H4
             A =  1.200E+13  beta =  0.000E+00  Ea/R = -2.870E+02   K

       (69) CH2(S) + CH4 = CH3 + CH3
             A =  1.600E+13  beta =  0.000E+00  Ea/R = -2.870E+02   K

       (70) CH2(S) + CO = CH2 + CO
             A =  9.000E+12  beta =  0.000E+00  Ea/R =  0.000E+00   K

       (71) CH2(S) + CO2 = CH2 + CO2
             A =  7.000E+12  beta =  0.000E+00  Ea/R =  0.000E+00   K

       (72) CH2(S) + CO2 = CO + CH2O
             A =  1.400E+13  beta =  0.000E+00  Ea/R =  0.000E+00   K

       (73) CH3 + O2 = O + CH3O
             A =  2.675E+13  beta =  0.000E+00  Ea/R =  1.450E+04   K

       (74) CH3 + O2 = OH + CH2O
             A =  3.600E+10  beta =  0.000E+00  Ea/R =  4.502E+03   K

       (75) CH3 + CH3 + M = C2H6 + M
             A =  2.120E+16  beta = -9.700E-01  Ea/R =  3.122E+02   K
      LOW pressure limit: 
      A =  1.770E+50  beta = -9.670E+00  Ea/R =  3.132E+03   K
      TROE centering:
          a = 0.532E+00
       T*** = 0.151E+03 K
         T* = 0.104E+04 K
        T** = 0.497E+04 K
      Enhanced by:
      H2          2.00
      H2O         6.00
      CH4         2.00
      CO          1.50
      CO2         2.00
      C2H6        3.00
      AR          0.70

       (76) CH3 + CH3 = H + C2H5
             A =  4.990E+12  beta =  1.000E-01  Ea/R =  5.338E+03   K

       (77) CH3 + HCO = CH4 + CO
             A =  2.648E+13  beta =  0.000E+00  Ea/R =  0.000E+00   K

       (78) CH3 + CH2O = HCO + CH4
             A =  3.320E+03  beta =  2.810E+00  Ea/R =  2.951E+03   K

       (79) CH3 + C2H6 = C2H5 + CH4
             A =  6.140E+06  beta =  1.740E+00  Ea/R =  5.262E+03   K

       (80) HCO + H2O = H + CO + H2O
             A =  2.244E+18  beta = -1.000E+00  Ea/R =  8.561E+03   K

       (81) HCO + M = H + CO + M
             A =  1.870E+17  beta = -1.000E+00  Ea/R =  8.561E+03   K
      Enhanced by:
      H2          2.00
      H2O         0.00
      CH4         2.00
      CO          1.50
      CO2         2.00
      C2H6        3.00

       (82) HCO + O2 = HO2 + CO
             A =  7.600E+12  beta =  0.000E+00  Ea/R =  2.014E+02   K

       (83) CH3O + O2 = HO2 + CH2O
             A =  4.280E-13  beta =  7.600E+00  Ea/R = -1.778E+03   K

       (84) C2H5 + O2 = HO2 + C2H4
             A =  8.400E+11  beta =  0.000E+00  Ea/R =  1.951E+03   K

       (85) N + NO = N2 + O
             A =  2.700E+13  beta =  0.000E+00  Ea/R =  1.788E+02   K

       (86) N + O2 = NO + O
             A =  9.000E+09  beta =  1.000E+00  Ea/R =  3.273E+03   K

       (87) N + OH = NO + H
             A =  3.360E+13  beta =  0.000E+00  Ea/R =  1.939E+02   K

    => Defaultsfile           [OK]
    => Settingsfile           [OK]
    => Commandline options    [OK]
    => Start reading .chm file
        [MSG] Transport parameters    [OK]
        [MSG] Conductivity parameters [OK]
        [MSG] Viscosity parameters    [OK]
        [MSG] Difusivity parameters   [OK]
        [MSG] Thermal parameters      [OK]
    => Reading .chm file      [OK]
    => CHEM1D datafile        [OK]
    => Setting grid weights :
        DENSITY            1.00000
        TEMP               1.00000
        CH4                1.00000
        HEATREL            1.00000
 
 
------------------------------------------------------------------------
 
Simulation settings:
    => Counterflow flame
    => Stationary solution
    => Detailed chemistry model
    => Mixture averaged diffusion model
    => No radiation model
    => No model for heat exchanger
 
------------------------------------------------------------------------
 
Variables:
       Name              BC_Left      BC_Right     Unit
  1) * H2                0.00000E+00  0.00000E+00  Mass frac.
  2) * H                 0.00000E+00  0.00000E+00  Mass frac.
  3) * O                 0.00000E+00  0.00000E+00  Mass frac.
  4) * O2                2.26592E-01  9.06365E-02  Mass frac.
  5) * OH                0.00000E+00  0.00000E+00  Mass frac.
  6) * H2O               0.00000E+00  7.65426E-02  Mass frac.
  7) * HO2               0.00000E+00  0.00000E+00  Mass frac.
  8) * CH2               0.00000E+00  0.00000E+00  Mass frac.
  9) * CH2(S)            0.00000E+00  0.00000E+00  Mass frac.
 10) * CH3               0.00000E+00  0.00000E+00  Mass frac.
 11) * CH4               3.40818E-02  0.00000E+00  Mass frac.
 12) * CO                0.00000E+00  0.00000E+00  Mass frac.
 13) * CO2               0.00000E+00  9.34944E-02  Mass frac.
 14) * HCO               0.00000E+00  0.00000E+00  Mass frac.
 15) * CH2O              0.00000E+00  0.00000E+00  Mass frac.
 16) * CH3O              0.00000E+00  0.00000E+00  Mass frac.
 17) * C2H4              0.00000E+00  0.00000E+00  Mass frac.
 18) * C2H5              0.00000E+00  0.00000E+00  Mass frac.
 19) * C2H6              0.00000E+00  0.00000E+00  Mass frac.
 20) * N                 0.00000E+00  0.00000E+00  Mass frac.
 21) * NO                0.00000E+00  0.00000E+00  Mass frac.
 22) * N2                7.39326E-01  7.39326E-01  Mass frac.
 23) * AR                0.00000E+00  0.00000E+00  Mass frac.
 24) * Temp              3.00000E+02  1.66600E+03  K
 25) * Massflow          1.35147E-02  2.43361E-03  gr/(cm2 s)
 26) * Enthalpy         -1.56496E+02 -1.73365E+02  J/gr
 27) * MixFrac           1.00000E+00  1.00000E+00  -
 28) * Stretch           4.24349E+02  1.00000E+03  1/s
 29)   Press             1.00000E+05  1.00000E+05  Pa
 30)   Density           1.12622E-03  2.02801E-04  gr/cm3
 31)   MeanMass          2.80918E+01  2.80918E+01  gr/mol
 32)   Surface           0.00000E+00  0.00000E+00  cm2
 33)   Porosity          0.00000E+00  0.00000E+00  -
 34)   Tsolid            0.00000E+00  0.00000E+00  K
 35)   HeatRel           0.00000E+00  0.00000E+00  J/(cm3 s)
 36)   Dissipation       0.00000E+00  0.00000E+00  -
 
------------------------------------------------------------------------
 
       0 --- --------- --------- Start solver
       1 --- --------- --------- Regridding
       1 --- --------- --------- Jacobian 00001
       1   8 1.299E-04 3.906E-03 Steady Fail
       2 --- --------- --------- Regridding
       2 --- --------- --------- Jacobian 00002
       2 --- --------- --------- Timestep 1.000E-06
       2   1 2.282E-07 1.000E-06 Time OK
       3   1 1.238E-06 2.000E-06 Time OK
       4   7 2.364E-08 3.000E-06 Time OK
       5   7 2.854E-08 4.000E-06 Time OK
       6   7 2.966E-08 5.000E-06 Time OK
       7   7 2.953E-08 6.000E-06 Time OK
       8   7 2.899E-08 7.000E-06 Time OK
       9   7 2.833E-08 8.000E-06 Time OK
      10   7 2.765E-08 9.000E-06 Time OK
      11   7 2.698E-08 1.000E-05 Time OK
      12   7 2.633E-08 1.100E-05 Time OK
      13   7 2.570E-08 1.200E-05 Time OK
      14   7 2.508E-08 1.300E-05 Time OK
      15   7 2.449E-08 1.400E-05 Time OK
      16   7 2.391E-08 1.500E-05 Time OK
      17   7 2.336E-08 1.600E-05 Time OK
      18   7 2.282E-08 1.700E-05 Time OK
      19   7 2.230E-08 1.800E-05 Time OK
      20   7 2.180E-08 1.900E-05 Time OK
      21   7 2.131E-08 2.000E-05 Time OK
      22   7 2.084E-08 2.100E-05 Time OK
      23   7 2.038E-08 2.200E-05 Time OK
      24 --- --------- --------- Regridding
      24 --- --------- --------- Jacobian 00003
      24   8 7.331E-04 3.906E-03 Steady Fail
      25 --- --------- --------- Regridding
      25 --- --------- --------- Jacobian 00004
      25 --- --------- --------- Timestep 1.000E-06
      25   1 6.016E-09 2.300E-05 Time OK
      26   1 1.256E-08 2.400E-05 Time OK
      27   1 5.557E-10 2.500E-05 Time OK
      28   1 5.774E-10 2.600E-05 Time OK
      29   1 7.425E-10 2.700E-05 Time OK
      30   1 8.813E-10 2.800E-05 Time OK
      31   1 9.559E-10 2.900E-05 Time OK
      32   1 9.979E-10 3.000E-05 Time OK
      33   1 1.038E-09 3.100E-05 Time OK
      34   1 1.090E-09 3.200E-05 Time OK
      35   1 1.159E-09 3.300E-05 Time OK
      36   1 1.244E-09 3.400E-05 Time OK
      37   1 1.340E-09 3.500E-05 Time OK
      38   1 1.445E-09 3.600E-05 Time OK
      39   1 1.557E-09 3.700E-05 Time OK
      40   1 1.673E-09 3.800E-05 Time OK
      41   1 1.794E-09 3.900E-05 Time OK
      42   1 1.918E-09 4.000E-05 Time OK
      43   1 2.045E-09 4.100E-05 Time OK
      44   1 2.174E-09 4.200E-05 Time OK
      45   1 2.305E-09 4.300E-05 Time OK
      46   1 2.438E-09 4.400E-05 Time OK
      47 --- --------- --------- Regridding
      47 --- --------- --------- Jacobian 00005
      47   8 6.420E-04 3.906E-03 Steady Fail
      48 --- --------- --------- Regridding
      48 --- --------- --------- Jacobian 00006
      48 --- --------- --------- Timestep 2.000E-06
      48   1 2.943E-09 4.600E-05 Time OK
      49   1 4.329E-09 4.800E-05 Time OK
      50   1 2.630E-09 5.000E-05 Time OK
      51   1 3.977E-09 5.200E-05 Time OK
      52   1 5.436E-09 5.400E-05 Time OK
      53   1 6.914E-09 5.600E-05 Time OK
      54   1 8.359E-09 5.800E-05 Time OK
      55   1 9.775E-09 6.000E-05 Time OK
      56   1 1.118E-08 6.200E-05 Time OK
      57   2 6.269E-11 6.400E-05 Time OK
      58   2 7.619E-11 6.600E-05 Time OK
      59   2 9.131E-11 6.800E-05 Time OK
      60   2 1.082E-10 7.000E-05 Time OK
      61   2 1.271E-10 7.200E-05 Time OK
      62   2 1.480E-10 7.400E-05 Time OK
      63   2 1.710E-10 7.600E-05 Time OK
      64   2 1.963E-10 7.800E-05 Time OK
      65   2 2.239E-10 8.000E-05 Time OK
      66   2 2.540E-10 8.200E-05 Time OK
      67   2 2.866E-10 8.400E-05 Time OK
      68   2 3.219E-10 8.600E-05 Time OK
      69   2 3.600E-10 8.800E-05 Time OK
      70 --- --------- --------- Regridding
      70 --- --------- --------- Jacobian 00007
      70   8 4.751E-04 3.906E-03 Steady Fail
      71 --- --------- --------- Regridding
      71 --- --------- --------- Jacobian 00008
      71 --- --------- --------- Timestep 4.000E-06
      71   1 2.783E-08 9.200E-05 Time OK
      72   1 1.412E-08 9.600E-05 Time OK
      73   2 3.818E-10 1.000E-04 Time OK
      74   2 5.868E-10 1.040E-04 Time OK
      75   2 8.458E-10 1.080E-04 Time OK
      76   2 1.181E-09 1.120E-04 Time OK
      77   2 1.601E-09 1.160E-04 Time OK
      78   2 2.105E-09 1.200E-04 Time OK
      79   2 2.694E-09 1.240E-04 Time OK
      80   2 3.368E-09 1.280E-04 Time OK
      81   2 4.132E-09 1.320E-04 Time OK
      82   2 4.991E-09 1.360E-04 Time OK
      83   2 5.949E-09 1.400E-04 Time OK
      84   2 7.012E-09 1.440E-04 Time OK
      85   2 8.184E-09 1.480E-04 Time OK
      86   2 9.471E-09 1.520E-04 Time OK
      87   2 1.088E-08 1.560E-04 Time OK
      88   2 1.240E-08 1.600E-04 Time OK
      89   2 1.406E-08 1.640E-04 Time OK
      90   3 2.040E-10 1.680E-04 Time OK
      91   3 2.426E-10 1.720E-04 Time OK
      92   3 2.868E-10 1.760E-04 Time OK
      93 --- --------- --------- Regridding
      93 --- --------- --------- Jacobian 00009
      93   8 2.978E-04 3.906E-03 Steady Fail
      94 --- --------- --------- Regridding
      94 --- --------- --------- Jacobian 00010
      94 --- --------- --------- Timestep 8.000E-06
      94   2 2.211E-09 1.840E-04 Time OK
      95   2 7.084E-09 1.920E-04 Time OK
      96   2 1.376E-08 2.000E-04 Time OK
      97   2 2.227E-08 2.080E-04 Time OK
      98   2 3.387E-08 2.160E-04 Time OK
      99   2 4.901E-08 2.240E-04 Time OK
     100   3 9.607E-10 2.320E-04 Time OK
     101   3 1.503E-09 2.400E-04 Time OK
     102   3 2.236E-09 2.480E-04 Time OK
     103   3 3.199E-09 2.560E-04 Time OK
     104   3 4.431E-09 2.640E-04 Time OK
     105   3 5.977E-09 2.720E-04 Time OK
     106   3 7.884E-09 2.800E-04 Time OK
     107   3 1.020E-08 2.880E-04 Time OK
     108   3 1.298E-08 2.960E-04 Time OK
     109   3 1.627E-08 3.040E-04 Time OK
     110   3 2.014E-08 3.120E-04 Time OK
     111   3 2.463E-08 3.200E-04 Time OK
     112   3 2.983E-08 3.280E-04 Time OK
     113   3 3.579E-08 3.360E-04 Time OK
     114   3 4.258E-08 3.440E-04 Time OK
     115   3 5.027E-08 3.520E-04 Time OK
     116 --- --------- --------- Regridding
     116 --- --------- --------- Jacobian 00011
     116   8 1.514E-04 3.906E-03 Steady Fail
     117 --- --------- --------- Regridding
     117 --- --------- --------- Jacobian 00012
     117 --- --------- --------- Timestep 1.600E-05
     117   2 5.368E-08 3.680E-04 Time OK
     118   2 1.879E-07 3.840E-04 Time OK
     119   2 3.718E-07 4.000E-04 Time OK
     120   3 2.055E-08 4.160E-04 Time OK
     121   3 4.365E-08 4.320E-04 Time OK
     122   3 7.999E-08 4.480E-04 Time OK
     123   3 1.324E-07 4.640E-04 Time OK
     124   3 2.043E-07 4.800E-04 Time OK
     125   3 2.991E-07 4.960E-04 Time OK
     126   3 4.203E-07 5.120E-04 Time OK
     127   4 4.615E-08 5.280E-04 Time OK
     128   4 6.567E-08 5.440E-04 Time OK
     129   4 9.129E-08 5.600E-04 Time OK
     130   4 1.236E-07 5.760E-04 Time OK
     131   4 1.638E-07 5.920E-04 Time OK
     132   4 2.130E-07 6.080E-04 Time OK
     133   4 2.725E-07 6.240E-04 Time OK
     134   4 3.440E-07 6.400E-04 Time OK
     135   4 4.291E-07 6.560E-04 Time OK
     136   4 5.298E-07 6.720E-04 Time OK
     137   4 6.482E-07 6.880E-04 Time OK
     138   5 3.158E-07 7.040E-04 Time OK
     139 --- --------- --------- Regridding
     139 --- --------- --------- Jacobian 00013
     139   8 6.449E-05 3.906E-03 Steady Fail
     140 --- --------- --------- Regridding
     140 --- --------- --------- Jacobian 00014
     140 --- --------- --------- Timestep 1.600E-05
     140   2 6.185E-08 7.200E-04 Time OK
     141   2 2.263E-07 7.360E-04 Time OK
     142   2 4.331E-07 7.520E-04 Time OK
     143   3 3.751E-08 7.680E-04 Time OK
     144   3 7.559E-08 7.840E-04 Time OK
     145   3 1.322E-07 8.000E-04 Time OK
     146   3 2.098E-07 8.160E-04 Time OK
     147   3 3.115E-07 8.320E-04 Time OK
     148   3 4.403E-07 8.480E-04 Time OK
     149   3 5.985E-07 8.640E-04 Time OK
     150   4 9.107E-08 8.800E-04 Time OK
     151   4 1.261E-07 8.960E-04 Time OK
     152   4 1.715E-07 9.120E-04 Time OK
     153   4 2.274E-07 9.280E-04 Time OK
     154   4 2.954E-07 9.440E-04 Time OK
     155   4 3.773E-07 9.600E-04 Time OK
     156   4 4.747E-07 9.760E-04 Time OK
     157   4 5.896E-07 9.920E-04 Time OK
     158   5 2.382E-07 1.008E-03 Time OK
     159   8 9.621E-06 3.906E-03 Steady Fail
     160 --- --------- --------- Regridding
     160 --- --------- --------- Jacobian 00015
     160   8 4.438E-05 3.906E-03 Steady Fail
     161 --- --------- --------- Regridding
     161 --- --------- --------- Jacobian 00016
     161 --- --------- --------- Timestep 1.600E-05
     161   2 4.943E-08 1.024E-03 Time OK
     162   2 1.886E-07 1.040E-03 Time OK
     163   2 3.528E-07 1.056E-03 Time OK
     164   3 3.463E-08 1.072E-03 Time OK
     165   3 6.774E-08 1.088E-03 Time OK
     166   3 1.156E-07 1.104E-03 Time OK
     167   3 1.799E-07 1.120E-03 Time OK
     168   3 2.628E-07 1.136E-03 Time OK
     169   3 3.662E-07 1.152E-03 Time OK
     170   3 4.914E-07 1.168E-03 Time OK
     171   4 8.241E-08 1.184E-03 Time OK
     172   4 1.133E-07 1.200E-03 Time OK
     173   4 1.527E-07 1.216E-03 Time OK
     174   4 2.007E-07 1.232E-03 Time OK
     175   4 2.586E-07 1.248E-03 Time OK
     176   4 3.275E-07 1.264E-03 Time OK
     177   4 4.087E-07 1.280E-03 Time OK
     178   4 5.034E-07 1.296E-03 Time OK
     179   4 6.131E-07 1.312E-03 Time OK
     180   5 2.255E-07 1.328E-03 Time OK
     181   5 2.740E-07 1.344E-03 Time OK
     182   5 3.346E-07 1.360E-03 Time OK
     183 --- --------- --------- Regridding
     183 --- --------- --------- Jacobian 00017
     183   8 3.571E-05 7.813E-03 Steady OK
     184   2 1.328E-04 3.906E-03 Steady Fail
     185 --- --------- --------- Regridding
     185 --- --------- --------- Jacobian 00018
     185   8 6.041E-05 3.906E-03 Steady Fail
     186 --- --------- --------- Regridding
     186 --- --------- --------- Jacobian 00019
     186 --- --------- --------- Timestep 1.600E-05
     186   3 7.425E-09 1.376E-03 Time OK
     187   3 1.195E-08 1.392E-03 Time OK
     188   3 1.554E-08 1.408E-03 Time OK
     189   3 2.020E-08 1.424E-03 Time OK
     190   3 3.331E-08 1.440E-03 Time OK
     191   3 5.488E-08 1.456E-03 Time OK
     192   3 8.491E-08 1.472E-03 Time OK
     193   3 1.245E-07 1.488E-03 Time OK
     194   3 1.748E-07 1.504E-03 Time OK
     195   3 2.364E-07 1.520E-03 Time OK
     196   3 3.101E-07 1.536E-03 Time OK
     197   3 3.964E-07 1.552E-03 Time OK
     198   4 6.802E-08 1.568E-03 Time OK
     199   4 9.023E-08 1.584E-03 Time OK
     200   4 1.179E-07 1.600E-03 Time OK
     201   4 1.508E-07 1.616E-03 Time OK
     202   4 1.898E-07 1.632E-03 Time OK
     203   4 2.354E-07 1.648E-03 Time OK
     204   4 2.883E-07 1.664E-03 Time OK
     205   4 3.491E-07 1.680E-03 Time OK
     206   4 4.186E-07 1.696E-03 Time OK
     207   5 1.420E-07 1.712E-03 Time OK
     208 --- --------- --------- Regridding
     208 --- --------- --------- Jacobian 00020
     208   8 2.794E-05 7.813E-03 Steady OK
     209   2 9.793E-05 3.906E-03 Steady Fail
     210 --- --------- --------- Regridding
     210 --- --------- --------- Jacobian 00021
     210   8 4.438E-05 3.906E-03 Steady Fail
     211 --- --------- --------- Regridding
     211 --- --------- --------- Jacobian 00022
     211 --- --------- --------- Timestep 1.600E-05
     211   3 5.510E-09 1.728E-03 Time OK
     212   3 7.991E-09 1.744E-03 Time OK
     213   3 9.539E-09 1.760E-03 Time OK
     214   3 1.167E-08 1.776E-03 Time OK
     215   3 1.864E-08 1.792E-03 Time OK
     216   3 3.039E-08 1.808E-03 Time OK
     217   3 4.676E-08 1.824E-03 Time OK
     218   8 2.293E-06 3.906E-03 Steady Fail
     219 --- --------- --------- Regridding
     219 --- --------- --------- Jacobian 00023
     219   8 2.097E-05 3.906E-03 Steady Fail
     220 --- --------- --------- Regridding
     220 --- --------- --------- Jacobian 00024
     220 --- --------- --------- Timestep 1.600E-05
     220   2 1.399E-08 1.840E-03 Time OK
     221   2 5.944E-08 1.856E-03 Time OK
     222   2 1.100E-07 1.872E-03 Time OK
     223   2 1.791E-07 1.888E-03 Time OK
     224   2 2.760E-07 1.904E-03 Time OK
     225   3 3.088E-08 1.920E-03 Time OK
     226   3 4.683E-08 1.936E-03 Time OK
     227   3 6.770E-08 1.952E-03 Time OK
     228   3 9.344E-08 1.968E-03 Time OK
     229   3 1.244E-07 1.984E-03 Time OK
     230   3 1.608E-07 2.000E-03 Time OK
     231   3 2.029E-07 2.016E-03 Time OK
     232   3 2.508E-07 2.032E-03 Time OK
     233   3 3.048E-07 2.048E-03 Time OK
     234   4 5.632E-08 2.064E-03 Time OK
     235   4 7.090E-08 2.080E-03 Time OK
     236   4 8.840E-08 2.096E-03 Time OK
     237   4 1.086E-07 2.112E-03 Time OK
     238   4 1.317E-07 2.128E-03 Time OK
     239   4 1.581E-07 2.144E-03 Time OK
     240   4 1.880E-07 2.160E-03 Time OK
     241   4 2.217E-07 2.176E-03 Time OK
     242 --- --------- --------- Regridding
     242 --- --------- --------- Jacobian 00025
     242   8 2.257E-05 7.813E-03 Steady OK
     243   2 6.489E-05 3.906E-03 Steady Fail
     244 --- --------- --------- Regridding
     244 --- --------- --------- Jacobian 00026
     244   8 3.136E-05 3.906E-03 Steady Fail
     245 --- --------- --------- Regridding
     245 --- --------- --------- Jacobian 00027
     245 --- --------- --------- Timestep 3.200E-05
     245   2 4.531E-07 2.208E-03 Time OK
     246   2 5.798E-07 2.240E-03 Time OK
     247   2 7.924E-07 2.272E-03 Time OK
     248   3 1.893E-07 2.304E-03 Time OK
     249   3 3.358E-07 2.336E-03 Time OK
     250   3 5.338E-07 2.368E-03 Time OK
     251   3 7.855E-07 2.400E-03 Time OK
     252   4 1.618E-07 2.432E-03 Time OK
     253   4 2.473E-07 2.464E-03 Time OK
     254   4 3.625E-07 2.496E-03 Time OK
     255   4 5.097E-07 2.528E-03 Time OK
     256   4 6.945E-07 2.560E-03 Time OK
     257   5 2.374E-07 2.592E-03 Time OK
     258   5 3.228E-07 2.624E-03 Time OK
     259   5 4.352E-07 2.656E-03 Time OK
     260   8 9.003E-06 3.906E-03 Steady Fail
     261 --- --------- --------- Regridding
     261 --- --------- --------- Jacobian 00028
     261   8 2.704E-05 7.813E-03 Steady OK
     262   2 3.971E-05 3.906E-03 Steady Fail
     263 --- --------- --------- Regridding
     263 --- --------- --------- Jacobian 00029
     263   8 2.888E-05 7.813E-03 Steady OK
     264   2 4.815E-05 3.906E-03 Steady Fail
     265 --- --------- --------- Regridding
     265 --- --------- --------- Jacobian 00030
     265   8 3.578E-05 7.813E-03 Steady OK
     266   2 5.650E-05 3.906E-03 Steady Fail
     267 --- --------- --------- Regridding
     267 --- --------- --------- Jacobian 00031
     267   8 4.222E-05 7.813E-03 Steady OK
     268   2 6.404E-05 3.906E-03 Steady Fail
     269 --- --------- --------- Regridding
     269 --- --------- --------- Jacobian 00032
     269   8 4.988E-05 7.813E-03 Steady OK
     270   2 7.214E-05 3.906E-03 Steady Fail
     271 --- --------- --------- Regridding
     271 --- --------- --------- Jacobian 00033
     271   8 5.743E-05 7.813E-03 Steady OK
     272   2 8.061E-05 3.906E-03 Steady Fail
     273 --- --------- --------- Regridding
     273 --- --------- --------- Jacobian 00034
     273   8 6.401E-05 7.813E-03 Steady OK
     274   2 8.754E-05 3.906E-03 Steady Fail
     275 --- --------- --------- Regridding
     275 --- --------- --------- Jacobian 00035
     275   8 7.291E-05 7.813E-03 Steady OK
     276   2 9.667E-05 3.906E-03 Steady Fail
     277 --- --------- --------- Regridding
     277 --- --------- --------- Jacobian 00036
     277   8 8.002E-05 7.813E-03 Steady OK
     278   2 1.040E-04 3.906E-03 Steady Fail
     279 --- --------- --------- Regridding
     279 --- --------- --------- Jacobian 00037
     279   8 8.787E-05 7.813E-03 Steady OK
     280   2 1.119E-04 3.906E-03 Steady Fail
     281 --- --------- --------- Regridding
     281 --- --------- --------- Jacobian 00038
     281   8 9.526E-05 7.813E-03 Steady OK
     282   2 1.194E-04 3.906E-03 Steady Fail
     283 --- --------- --------- Regridding
     283 --- --------- --------- Jacobian 00039
     283   8 1.027E-04 3.906E-03 Steady Fail
     284 --- --------- --------- Regridding
     284 --- --------- --------- Jacobian 00040
     284 --- --------- --------- Timestep 3.200E-05
     284   2 4.379E-07 2.688E-03 Time OK
     285   2 6.528E-07 2.720E-03 Time OK
     286   3 1.426E-08 2.752E-03 Time OK
     287   3 2.960E-08 2.784E-03 Time OK
     288   3 5.156E-08 2.816E-03 Time OK
     289   3 7.777E-08 2.848E-03 Time OK
     290   3 1.116E-07 2.880E-03 Time OK
     291   3 1.553E-07 2.912E-03 Time OK
     292   3 2.097E-07 2.944E-03 Time OK
     293   3 2.759E-07 2.976E-03 Time OK
     294   3 3.547E-07 3.008E-03 Time OK
     295   4 5.557E-08 3.040E-03 Time OK
     296   4 7.964E-08 3.072E-03 Time OK
     297   4 1.106E-07 3.104E-03 Time OK
     298   4 1.490E-07 3.136E-03 Time OK
     299   4 1.961E-07 3.168E-03 Time OK
     300   4 2.528E-07 3.200E-03 Time OK
     301   4 3.203E-07 3.232E-03 Time OK
     302   4 3.993E-07 3.264E-03 Time OK
     303   5 1.390E-07 3.296E-03 Time OK
     304   5 1.731E-07 3.328E-03 Time OK
     305   5 2.171E-07 3.360E-03 Time OK
     306 --- --------- --------- Regridding
     306 --- --------- --------- Jacobian 00041
     306   7 2.401E-05 1.563E-02 Steady OK
     307   3 4.354E-05 3.906E-03 Steady Fail
     308 --- --------- --------- Regridding
     308 --- --------- --------- Jacobian 00042
     308   8 2.982E-05 7.813E-03 Steady OK
     309   2 3.832E-05 3.906E-03 Steady Fail
     310 --- --------- --------- Regridding
     310 --- --------- --------- Jacobian 00043
     310   8 3.618E-05 7.813E-03 Steady OK
     311   2 4.279E-05 3.906E-03 Steady Fail
     312 --- --------- --------- Regridding
     312 --- --------- --------- Jacobian 00044
     312   8 4.041E-05 7.813E-03 Steady OK
     313   2 4.526E-05 3.906E-03 Steady Fail
     314 --- --------- --------- Regridding
     314 --- --------- --------- Jacobian 00045
     314   7 4.994E-05 1.563E-02 Steady OK
     315   3 6.793E-05 3.906E-03 Steady Fail
     316 --- --------- --------- Regridding
     316 --- --------- --------- Jacobian 00046
     316   8 5.616E-05 7.813E-03 Steady OK
     317   2 6.405E-05 3.906E-03 Steady Fail
     318 --- --------- --------- Regridding
     318 --- --------- --------- Jacobian 00047
     318   8 5.962E-05 7.813E-03 Steady OK
     319   2 6.645E-05 3.906E-03 Steady Fail
     320 --- --------- --------- Regridding
     320 --- --------- --------- Jacobian 00048
     320   7 7.047E-05 1.563E-02 Steady OK
     321   3 8.788E-05 3.906E-03 Steady Fail
     322 --- --------- --------- Regridding
     322 --- --------- --------- Jacobian 00049
     322   8 7.588E-05 7.813E-03 Steady OK
     323   2 8.403E-05 3.906E-03 Steady Fail
     324 --- --------- --------- Regridding
     324 --- --------- --------- Jacobian 00050
     324   8 7.796E-05 7.813E-03 Steady OK
     325   2 8.525E-05 7.813E-03 Steady OK
     326   2 1.032E-04 3.906E-03 Steady Fail
     327 --- --------- --------- Regridding
     327 --- --------- --------- Jacobian 00051
     327   8 8.947E-05 7.813E-03 Steady OK
     328   2 9.822E-05 7.813E-03 Steady OK
     329   2 1.173E-04 3.906E-03 Steady Fail
     330 --- --------- --------- Regridding
     330 --- --------- --------- Jacobian 00052
     330   8 1.026E-04 3.906E-03 Steady Fail
     331 --- --------- --------- Regridding
     331 --- --------- --------- Jacobian 00053
     331 --- --------- --------- Timestep 3.200E-05
     331   2 1.208E-07 3.392E-03 Time OK
     332   2 1.634E-07 3.424E-03 Time OK
     333   3 2.290E-09 3.456E-03 Time OK
     334   3 3.968E-09 3.488E-03 Time OK
     335   3 7.477E-09 3.520E-03 Time OK
     336   3 1.138E-08 3.552E-03 Time OK
     337   3 1.601E-08 3.584E-03 Time OK
     338   3 2.168E-08 3.616E-03 Time OK
     339   3 2.848E-08 3.648E-03 Time OK
     340   3 3.654E-08 3.680E-03 Time OK
     341   3 4.599E-08 3.712E-03 Time OK
     342   3 5.707E-08 3.744E-03 Time OK
     343   3 6.998E-08 3.776E-03 Time OK
     344   3 8.500E-08 3.808E-03 Time OK
     345   3 1.023E-07 3.840E-03 Time OK
     346   3 1.222E-07 3.872E-03 Time OK
     347   3 1.447E-07 3.904E-03 Time OK
     348   3 1.700E-07 3.936E-03 Time OK
     349   4 3.226E-08 3.968E-03 Time OK
     350   4 4.070E-08 4.000E-03 Time OK
     351   4 5.036E-08 4.032E-03 Time OK
     352   4 6.142E-08 4.064E-03 Time OK
     353 --- --------- --------- Regridding
     353 --- --------- --------- Jacobian 00054
     353   7 1.553E-05 1.563E-02 Steady OK
     354   3 2.006E-05 3.906E-03 Steady Fail
     355 --- --------- --------- Regridding
     355 --- --------- --------- Jacobian 00055
     355   7 1.733E-05 1.563E-02 Steady OK
     356   3 2.464E-05 3.906E-03 Steady Fail
     357 --- --------- --------- Regridding
     357 --- --------- --------- Jacobian 00056
     357   7 2.353E-05 1.563E-02 Steady OK
     358   3 3.069E-05 3.906E-03 Steady Fail
     359 --- --------- --------- Regridding
     359 --- --------- --------- Jacobian 00057
     359   7 2.928E-05 1.563E-02 Steady OK
     360   3 3.596E-05 3.906E-03 Steady Fail
     361 --- --------- --------- Regridding
     361 --- --------- --------- Jacobian 00058
     361   7 3.469E-05 1.563E-02 Steady OK
     362   3 4.093E-05 3.906E-03 Steady Fail
     363 --- --------- --------- Regridding
     363 --- --------- --------- Jacobian 00059
     363   7 4.003E-05 1.563E-02 Steady OK
     364   3 4.586E-05 3.906E-03 Steady Fail
     365 --- --------- --------- Regridding
     365 --- --------- --------- Jacobian 00060
     365   7 4.527E-05 1.563E-02 Steady OK
     366   3 5.070E-05 3.906E-03 Steady Fail
     367 --- --------- --------- Regridding
     367 --- --------- --------- Jacobian 00061
     367   7 4.976E-05 1.563E-02 Steady OK
     368   3 5.480E-05 3.906E-03 Steady Fail
     369 --- --------- --------- Regridding
     369 --- --------- --------- Jacobian 00062
     369   7 5.399E-05 1.563E-02 Steady OK
     370   3 5.863E-05 7.813E-03 Steady OK
     371   2 6.790E-05 3.906E-03 Steady Fail
     372 --- --------- --------- Regridding
     372 --- --------- --------- Jacobian 00063
     372   7 6.515E-05 1.563E-02 Steady OK
     373   3 7.078E-05 7.813E-03 Steady OK
     374   2 8.057E-05 3.906E-03 Steady Fail
     375 --- --------- --------- Regridding
     375 --- --------- --------- Jacobian 00064
     375   7 7.667E-05 1.563E-02 Steady OK
     376   3 8.266E-05 7.813E-03 Steady OK
     377   2 9.250E-05 3.906E-03 Steady Fail
     378 --- --------- --------- Regridding
     378 --- --------- --------- Jacobian 00065
     378   7 8.795E-05 1.563E-02 Steady OK
     379   3 9.398E-05 7.813E-03 Steady OK
     380   2 1.036E-04 3.906E-03 Steady Fail
     381 --- --------- --------- Regridding
     381 --- --------- --------- Jacobian 00066
     381   7 9.860E-05 1.563E-02 Steady OK
     382   3 1.045E-04 3.906E-03 Steady Fail
     383 --- --------- --------- Regridding
     383 --- --------- --------- Jacobian 00067
     383   8 9.771E-05 7.813E-03 Steady OK
     384   2 1.004E-04 3.906E-03 Steady Fail
     385 --- --------- --------- Regridding
     385 --- --------- --------- Jacobian 00068
     385   7 9.894E-05 1.563E-02 Steady OK
     386   3 1.039E-04 3.906E-03 Steady Fail
     387 --- --------- --------- Regridding
     387 --- --------- --------- Jacobian 00069
     387   8 9.884E-05 7.813E-03 Steady OK
     388   2 1.009E-04 3.906E-03 Steady Fail
     389 --- --------- --------- Regridding
     389 --- --------- --------- Jacobian 00070
     389   7 9.990E-05 1.563E-02 Steady OK
     390   3 1.040E-04 3.906E-03 Steady Fail
     391 --- --------- --------- Regridding
     391 --- --------- --------- Jacobian 00071
     391   8 1.001E-04 3.906E-03 Steady Fail
     392 --- --------- --------- Regridding
     392 --- --------- --------- Jacobian 00072
     392 --- --------- --------- Timestep 6.400E-05
     392   2 7.858E-08 4.128E-03 Time OK
     393   2 4.673E-08 4.192E-03 Time OK
     394   8 2.220E-08 4.256E-03 Time OK
     395   8 3.172E-08 4.320E-03 Time OK
     396   8 4.374E-07 7.813E-03 Steady OK
     397   2 5.207E-07 3.906E-03 Steady Fail
     398 --- --------- --------- Regridding
     398 --- --------- --------- Jacobian 00073
     398   7 7.079E-06 1.563E-02 Steady OK
     399   3 9.277E-06 3.906E-03 Steady Fail
     400 --- --------- --------- Regridding
     400 --- --------- --------- Jacobian 00074
     400   7 9.963E-06 1.563E-02 Steady OK
     401   3 1.061E-05 7.813E-03 Steady OK
     402   2 1.627E-05 3.906E-03 Steady Fail
     403 --- --------- --------- Regridding
     403 --- --------- --------- Jacobian 00075
     403   7 1.480E-05 1.563E-02 Steady OK
     404   3 1.669E-05 3.906E-03 Steady Fail
     405 --- --------- --------- Regridding
     405 --- --------- --------- Jacobian 00076
     405   7 1.751E-05 1.563E-02 Steady OK
     406   3 1.840E-05 7.813E-03 Steady OK
     407   2 2.243E-05 3.906E-03 Steady Fail
     408 --- --------- --------- Regridding
     408 --- --------- --------- Jacobian 00077
     408   7 2.242E-05 1.563E-02 Steady OK
     409   3 2.380E-05 7.813E-03 Steady OK
     410   2 2.767E-05 3.906E-03 Steady Fail
     411 --- --------- --------- Regridding
     411 --- --------- --------- Jacobian 00078
     411   7 2.726E-05 1.563E-02 Steady OK
     412   3 2.877E-05 7.813E-03 Steady OK
     413   2 3.240E-05 3.906E-03 Steady Fail
     414 --- --------- --------- Regridding
     414 --- --------- --------- Jacobian 00079
     414   7 3.186E-05 1.563E-02 Steady OK
     415   3 3.336E-05 7.813E-03 Steady OK
     416   2 3.669E-05 7.813E-03 Steady OK
     417   2 4.244E-05 3.906E-03 Steady Fail
     418 --- --------- --------- Regridding
     418 --- --------- --------- Jacobian 00080
     418   7 4.059E-05 1.563E-02 Steady OK
     419   3 4.269E-05 7.813E-03 Steady OK
     420   2 4.641E-05 7.813E-03 Steady OK
     421   2 5.214E-05 3.906E-03 Steady Fail
     422 --- --------- --------- Regridding
     422 --- --------- --------- Jacobian 00081
     422   7 4.918E-05 1.563E-02 Steady OK
     423   3 5.142E-05 7.813E-03 Steady OK
     424   2 5.512E-05 7.813E-03 Steady OK
     425   2 6.058E-05 7.813E-03 Steady OK
     426   2 6.795E-05 3.906E-03 Steady Fail
     427 --- --------- --------- Regridding
     427 --- --------- --------- Jacobian 00082
     427   7 6.309E-05 1.563E-02 Steady OK
     428   2 6.939E-05 1.563E-02 Steady OK
     429   3 7.474E-05 7.813E-03 Steady OK
     430   2 8.172E-05 7.813E-03 Steady OK
     431   2 9.040E-05 3.906E-03 Steady Fail
     432 --- --------- --------- Regridding
     432 --- --------- --------- Jacobian 00083
     432   6 8.864E-05 3.125E-02 Steady OK
     433   4 9.375E-05 7.813E-03 Steady OK
     434   2 1.003E-04 3.906E-03 Steady Fail
     435 --- --------- --------- Regridding
     435 --- --------- --------- Jacobian 00084
     435   6 9.957E-05 3.125E-02 Steady OK
     436   4 1.041E-04 3.906E-03 Steady Fail
     437 --- --------- --------- Regridding
     437 --- --------- --------- Jacobian 00085
     437   7 9.777E-05 1.563E-02 Steady OK
     438   3 9.959E-05 7.813E-03 Steady OK
     439   2 1.025E-04 3.906E-03 Steady Fail
     440 --- --------- --------- Regridding
     440 --- --------- --------- Jacobian 00086
     440   7 9.716E-05 1.563E-02 Steady OK
     441   3 9.874E-05 7.813E-03 Steady OK
     442   2 1.013E-04 3.906E-03 Steady Fail
     443 --- --------- --------- Regridding
     443 --- --------- --------- Jacobian 00087
     443   7 9.647E-05 1.563E-02 Steady OK
     444   3 9.782E-05 7.813E-03 Steady OK
     445   2 1.001E-04 3.906E-03 Steady Fail
     446 --- --------- --------- Regridding
     446 --- --------- --------- Jacobian 00088
     446   6 9.897E-05 3.125E-02 Steady OK
     447   4 1.018E-04 3.906E-03 Steady Fail
     448 --- --------- --------- Regridding
     448 --- --------- --------- Jacobian 00089
     448   7 9.756E-05 1.563E-02 Steady OK
     449   3 9.848E-05 7.813E-03 Steady OK
     450   2 1.001E-04 3.906E-03 Steady Fail
     451 --- --------- --------- Regridding
     451 --- --------- --------- Jacobian 00090
     451   6 9.876E-05 3.125E-02 Steady OK
     452   4 1.009E-04 3.906E-03 Steady Fail
     453 --- --------- --------- Regridding
     453 --- --------- --------- Jacobian 00091
     453   6 9.924E-05 3.125E-02 Steady OK
     454   4 1.010E-04 3.906E-03 Steady Fail
     455 --- --------- --------- Regridding
     455 --- --------- --------- Jacobian 00092
     455   6 9.927E-05 3.125E-02 Steady OK
     456   4 1.007E-04 3.906E-03 Steady Fail
     457 --- --------- --------- Regridding
     457 --- --------- --------- Jacobian 00093
     457   6 9.895E-05 3.125E-02 Steady OK
     458   4 1.001E-04 3.906E-03 Steady Fail
     459 --- --------- --------- Regridding
     459 --- --------- --------- Jacobian 00094
     459   6 9.836E-05 3.125E-02 Steady OK
     460   4 9.924E-05 7.813E-03 Steady OK
     461   2 1.006E-04 3.906E-03 Steady Fail
     462 --- --------- --------- Regridding
     462 --- --------- --------- Jacobian 00095
     462   6 9.897E-05 3.125E-02 Steady OK
     463   4 9.963E-05 7.813E-03 Steady OK
     464   2 1.007E-04 3.906E-03 Steady Fail
     465 --- --------- --------- Regridding
     465 --- --------- --------- Jacobian 00096
     465   6 9.887E-05 3.125E-02 Steady OK
     466   4 9.931E-05 7.813E-03 Steady OK
     467   2 1.001E-04 3.906E-03 Steady Fail
     468 --- --------- --------- Regridding
     468 --- --------- --------- Jacobian 00097
     468   6 9.830E-05 3.125E-02 Steady OK
     469   3 9.911E-05 1.563E-02 Steady OK
     470   3 9.998E-05 7.813E-03 Steady OK
     471   2 1.012E-04 3.906E-03 Steady Fail
     472 --- --------- --------- Regridding
     472 --- --------- --------- Jacobian 00098
     472   6 9.922E-05 3.125E-02 Steady OK
     473   3 9.974E-05 1.563E-02 Steady OK
     474   3 1.004E-04 3.906E-03 Steady Fail
     475 --- --------- --------- Regridding
     475 --- --------- --------- Jacobian 00099
     475   5 9.997E-05 6.250E-02 Steady OK
     476   5 1.009E-04 3.906E-03 Steady Fail
     477 --- --------- --------- Regridding
     477 --- --------- --------- Jacobian 00100
     477   5 1.004E-04 6.250E-02 Steady OK
     478   5 1.011E-04 3.906E-03 Steady Fail
     479 --- --------- --------- Regridding
     479 --- --------- --------- Jacobian 00101
     479   5 9.930E-05 6.250E-02 Steady OK
     480   5 9.973E-05 7.813E-03 Steady OK
     481   2 1.003E-04 3.906E-03 Steady Fail
     482 --- --------- --------- Regridding
     482 --- --------- --------- Jacobian 00102
     482   5 9.800E-05 6.250E-02 Steady OK
     483   3 9.981E-05 3.125E-02 Steady OK
     484   4 1.006E-04 3.906E-03 Steady Fail
     485 --- --------- --------- Regridding
     485 --- --------- --------- Jacobian 00103
     485   5 9.820E-05 6.250E-02 Steady OK
     486   3 9.903E-05 3.125E-02 Steady OK
     487   4 9.951E-05 7.813E-03 Steady OK
     488   2 1.001E-04 3.906E-03 Steady Fail
     489 --- --------- --------- Regridding
     489 --- --------- --------- Jacobian 00104
     489   4 9.860E-05 1.250E-01 Steady OK
     490   5 9.989E-05 1.563E-02 Steady OK
     491   3 1.007E-04 3.906E-03 Steady Fail
     492 --- --------- --------- Regridding
     492 --- --------- --------- Jacobian 00105
     492   4 9.564E-05 1.250E-01 Steady OK
     493   3 9.895E-05 6.250E-02 Steady OK
     494   5 9.955E-05 7.813E-03 Steady OK
     495   2 1.002E-04 3.906E-03 Steady Fail
     496 --- --------- --------- Regridding
     496 --- --------- --------- Jacobian 00106
     496   3 9.535E-05 2.500E-01 Steady OK
     497   4 9.871E-05 6.250E-02 Steady OK
     498   4 9.961E-05 1.563E-02 Steady OK
     499   3 1.001E-04 3.906E-03 Steady Fail
     500 --- --------- --------- Regridding
     500 --- --------- --------- Jacobian 00107
     500   2 8.271E-05 5.000E-01 Steady OK
     501   2 7.848E-05 5.000E-01 Steady OK
     502   1 2.890E-05 1.000E+00 Steady OK
     503   1 2.794E-05 1.000E+00 Steady OK
     504   1 1.006E-06 1.000E+00 Steady OK
     505   2 8.045E-07 5.000E-01 Steady OK
     506   1 8.663E-07 1.000E+00 Steady OK
     507   1 4.656E-08 1.000E+00 Steady OK
     508   2 2.039E-08 5.000E-01 Steady OK
     509   2 1.973E-08 5.000E-01 Steady OK
     510   1 1.390E-08 1.000E+00 Steady OK
     511   1 5.494E-10 1.000E+00 Steady OK
     512   2 4.767E-10 5.000E-01 Steady OK
     513   1 4.261E-10 1.000E+00 Steady OK
     514   1 1.906E-11 1.000E+00 Steady OK
 
------------------------------------------------------------------------
 
Simulation stopped:
  => Converged!
 
------------------------------------------------------------------------
 
Postprocessing output:
  => Position reaction layer      : -3.3611876E-02 cm
  => Temperature reaction layer   :  1.4646295E+03 K
  => Mass burning rate            :  1.9816385E-02 gr/(cm2s)
  => Burning velocity (unburnt)   :  1.7595446E+01 cm/s
  => Maximum temperature          :  1.6660000E+03 K
  => Minimum temperature          :  2.9999967E+02 K
  => Flame thickness (max grad T) :  7.1996035E-02 cm
  => Stoichiometric mixture frac. :  0.0000000E+00 -
  => Position stoich mixture      : -6.7284573E-02 cm
  => Temperature at stoich mixture:  8.9482503E+02 K
  => Scalar dissipation at stoich :  0.0000000E+00 1/s
 
========================================================================
 
==> LogClose : Closing logfile
