==> LogWrite : Opening logfile
 
========================================================================
 
 
OOOOOOOOOOOOOOOOOOOOOOOOOOOOOOOOOOOOOOOOOOOOOO
O                                            O
O     @@@@  @  @  @@@@  @   @    @  @@@b     O
O     @     @  @  @     @@ @@   @@  @  @     O
O     @     @@@@  @@@@  @ @ @    @  @  @     O
O     @     @  @  @     @   @    @  @  @     O
O     @@@@  @  @  @@@@  @   @    @  @@@P     O
O                                            O
O     A ONE DIMENSIONAL FLAME CODE           O
O                                            O
O     Version:                               O
O     Release: 2012-06-01 08:38:57 +0200     O
O                                            O
OOOOOOOOOOOOOOOOOOOOOOOOOOOOOOOOOOOOOOOOOOOOOO
 
 
 
* Developed at the Eindhoven University of Technology
 
* http://www.combustion.tue.nl
 
========================================================================
 
Reading CHEM1D input files
    => Start reading chemistry 
    ==> CheckTroeData : Started
    ==> CheckTroeData : Finished
    => Finished reading chemistry
    => Thermodynamical Data   [OK]
    ElementName        Mass
    1  O                 1.5999400E+01
    2  H                 1.0079700E+00
    3  C                 1.2011200E+01
    4  N                 1.4006700E+01
    5  AR                3.9948000E+01

    SpeciesName        Mass
    1  H2                2.0159400E+00
    2  H                 1.0079700E+00
    3  O                 1.5999400E+01
    4  O2                3.1998800E+01
    5  OH                1.7007370E+01
    6  H2O               1.8015340E+01
    7  HO2               3.3006770E+01
    8  CH2               1.4027140E+01
    9  CH2(S)            1.4027140E+01
   10  CH3               1.5035110E+01
   11  CH4               1.6043080E+01
   12  CO                2.8010600E+01
   13  CO2               4.4010000E+01
   14  HCO               2.9018570E+01
   15  CH2O              3.0026540E+01
   16  CH3O              3.1034510E+01
   17  C2H4              2.8054280E+01
   18  C2H5              2.9062250E+01
   19  C2H6              3.0070220E+01
   20  N                 1.4006700E+01
   21  NO                3.0006100E+01
   22  N2                2.8013400E+01
   23  AR                3.9948000E+01

    => Reactions + rate coefficients 

       (1) O + H + M = OH + M
             A =  5.000E+17  beta = -1.000E+00  Ea/R =  0.000E+00   K
      Enhanced by:
      H2          2.00
      H2O         6.00
      CH4         2.00
      CO          1.50
      CO2         2.00
      C2H6        3.00
      AR          0.70

       (2) O + H2 = H + OH
             A =  5.000E+04  beta =  2.670E+00  Ea/R =  3.167E+03   K

       (3) O + HO2 = OH + O2
             A =  2.000E+13  beta =  0.000E+00  Ea/R =  0.000E+00   K

       (4) O + CH2 = H + HCO
             A =  8.000E+13  beta =  0.000E+00  Ea/R =  0.000E+00   K

       (5) O + CH2(S) = H + HCO
             A =  1.500E+13  beta =  0.000E+00  Ea/R =  0.000E+00   K

       (6) O + CH3 = H + CH2O
             A =  8.430E+13  beta =  0.000E+00  Ea/R =  0.000E+00   K

       (7) O + CH4 = OH + CH3
             A =  1.020E+09  beta =  1.500E+00  Ea/R =  4.331E+03   K

       (8) O + CO + M = CO2 + M
             A =  6.020E+14  beta =  0.000E+00  Ea/R =  1.511E+03   K
      Enhanced by:
      H2          2.00
      O2          6.00
      H2O         6.00
      CH4         2.00
      CO          1.50
      CO2         3.50
      C2H6        3.00
      AR          0.50

       (9) O + HCO = OH + CO
             A =  3.000E+13  beta =  0.000E+00  Ea/R =  0.000E+00   K

       (10) O + HCO = H + CO2
             A =  3.000E+13  beta =  0.000E+00  Ea/R =  0.000E+00   K

       (11) O + CH2O = OH + HCO
             A =  3.900E+13  beta =  0.000E+00  Ea/R =  1.783E+03   K

       (12) O + C2H4 = CH3 + HCO
             A =  1.920E+07  beta =  1.830E+00  Ea/R =  1.108E+02   K

       (13) O + C2H5 = CH3 + CH2O
             A =  1.320E+14  beta =  0.000E+00  Ea/R =  0.000E+00   K

       (14) O + C2H6 = OH + C2H5
             A =  8.980E+07  beta =  1.920E+00  Ea/R =  2.865E+03   K

       (15) O2 + CO = O + CO2
             A =  2.500E+12  beta =  0.000E+00  Ea/R =  2.407E+04   K

       (16) O2 + CH2O = HO2 + HCO
             A =  1.000E+14  beta =  0.000E+00  Ea/R =  2.014E+04   K

       (17) H + O2 + M = HO2 + M
             A =  2.800E+18  beta = -8.600E-01  Ea/R =  0.000E+00   K
      Enhanced by:
      O2          0.00
      H2O         0.00
      CO          0.75
      CO2         1.50
      C2H6        1.50
      N2          0.00
      AR          0.00

       (18) H + O2 + O2 = HO2 + O2
             A =  3.000E+20  beta = -1.720E+00  Ea/R =  0.000E+00   K

       (19) H + O2 + H2O = HO2 + H2O
             A =  9.380E+18  beta = -7.600E-01  Ea/R =  0.000E+00   K

       (20) H + O2 + N2 = HO2 + N2
             A =  3.750E+20  beta = -1.720E+00  Ea/R =  0.000E+00   K

       (21) H + O2 + AR = HO2 + AR
             A =  7.000E+17  beta = -8.000E-01  Ea/R =  0.000E+00   K

       (22) H + O2 = O + OH
             A =  8.300E+13  beta =  0.000E+00  Ea/R =  7.258E+03   K

       (23) H + H + M = H2 + M
             A =  1.000E+18  beta = -1.000E+00  Ea/R =  0.000E+00   K
      Enhanced by:
      H2          0.00
      H2O         0.00
      CH4         2.00
      CO2         0.00
      C2H6        3.00
      AR          0.63

       (24) H + H + H2 = H2 + H2
             A =  9.000E+16  beta = -6.000E-01  Ea/R =  0.000E+00   K

       (25) H + H + H2O = H2 + H2O
             A =  6.000E+19  beta = -1.250E+00  Ea/R =  0.000E+00   K

       (26) H + H + CO2 = H2 + CO2
             A =  5.500E+20  beta = -2.000E+00  Ea/R =  0.000E+00   K

       (27) H + OH + M = H2O + M
             A =  2.200E+22  beta = -2.000E+00  Ea/R =  0.000E+00   K
      Enhanced by:
      H2          0.73
      H2O         3.65
      CH4         2.00
      C2H6        3.00
      AR          0.38

       (28) H + HO2 = O2 + H2
             A =  2.800E+13  beta =  0.000E+00  Ea/R =  5.378E+02   K

       (29) H + HO2 = OH + OH
             A =  1.340E+14  beta =  0.000E+00  Ea/R =  3.198E+02   K

       (30) H + CH2 + M = CH3 + M
             A =  2.500E+16  beta = -8.000E-01  Ea/R =  0.000E+00   K
      LOW pressure limit: 
      A =  3.200E+27  beta = -3.140E+00  Ea/R =  6.194E+02   K
      TROE centering:
          a = 0.680E+00
       T*** = 0.780E+02 K
         T* = 0.200E+04 K
        T** = 0.559E+04 K
      Enhanced by:
      H2          2.00
      H2O         6.00
      CH4         2.00
      CO          1.50
      CO2         2.00
      C2H6        3.00
      AR          0.70

       (31) H + CH3 + M = CH4 + M
             A =  1.270E+16  beta = -6.300E-01  Ea/R =  1.929E+02   K
      LOW pressure limit: 
      A =  2.477E+33  beta = -4.760E+00  Ea/R =  1.229E+03   K
      TROE centering:
          a = 0.783E+00
       T*** = 0.740E+02 K
         T* = 0.294E+04 K
        T** = 0.696E+04 K
      Enhanced by:
      H2          2.00
      H2O         6.00
      CH4         2.00
      CO          1.50
      CO2         2.00
      C2H6        3.00
      AR          0.70

       (32) H + CH4 = CH3 + H2
             A =  6.600E+08  beta =  1.620E+00  Ea/R =  5.459E+03   K

       (33) H + HCO + M = CH2O + M
             A =  1.090E+12  beta =  4.800E-01  Ea/R = -1.309E+02   K
      LOW pressure limit: 
      A =  1.350E+24  beta = -2.570E+00  Ea/R =  7.176E+02   K
      TROE centering:
          a = 0.782E+00
       T*** = 0.271E+03 K
         T* = 0.276E+04 K
        T** = 0.657E+04 K
      Enhanced by:
      H2          2.00
      H2O         6.00
      CH4         2.00
      CO          1.50
      CO2         2.00
      C2H6        3.00
      AR          0.70

       (34) H + HCO = H2 + CO
             A =  7.340E+13  beta =  0.000E+00  Ea/R =  0.000E+00   K

       (35) H + CH2O + M = CH3O + M
             A =  5.400E+11  beta =  4.540E-01  Ea/R =  1.309E+03   K
      LOW pressure limit: 
      A =  2.200E+30  beta = -4.800E+00  Ea/R =  2.800E+03   K
      TROE centering:
          a = 0.758E+00
       T*** = 0.940E+02 K
         T* = 0.156E+04 K
        T** = 0.420E+04 K
      Enhanced by:
      H2          2.00
      H2O         6.00
      CH4         2.00
      CO          1.50
      CO2         2.00
      C2H6        3.00

       (36) H + CH2O = HCO + H2
             A =  2.300E+10  beta =  1.050E+00  Ea/R =  1.649E+03   K

       (37) H + CH3O = OH + CH3
             A =  3.200E+13  beta =  0.000E+00  Ea/R =  0.000E+00   K

       (38) H + C2H4 + M = C2H5 + M
             A =  1.080E+12  beta =  4.540E-01  Ea/R =  9.165E+02   K
      LOW pressure limit: 
      A =  1.200E+42  beta = -7.620E+00  Ea/R =  3.510E+03   K
      TROE centering:
          a = 0.975E+00
       T*** = 0.210E+03 K
         T* = 0.984E+03 K
        T** = 0.437E+04 K
      Enhanced by:
      H2          2.00
      H2O         6.00
      CH4         2.00
      CO          1.50
      CO2         2.00
      C2H6        3.00
      AR          0.70

       (39) H + C2H5 + M = C2H6 + M
             A =  5.210E+17  beta = -9.900E-01  Ea/R =  7.956E+02   K
      LOW pressure limit: 
      A =  1.990E+41  beta = -7.080E+00  Ea/R =  3.366E+03   K
      TROE centering:
          a = 0.842E+00
       T*** = 0.125E+03 K
         T* = 0.222E+04 K
        T** = 0.688E+04 K
      Enhanced by:
      H2          2.00
      H2O         6.00
      CH4         2.00
      CO          1.50
      CO2         2.00
      C2H6        3.00
      AR          0.70

       (40) H + C2H6 = C2H5 + H2
             A =  1.150E+08  beta =  1.900E+00  Ea/R =  3.792E+03   K

       (41) H2 + CO + M = CH2O + M
             A =  4.300E+07  beta =  1.500E+00  Ea/R =  4.008E+04   K
      LOW pressure limit: 
      A =  5.070E+27  beta = -3.420E+00  Ea/R =  4.248E+04   K
      TROE centering:
          a = 0.932E+00
       T*** = 0.197E+03 K
         T* = 0.154E+04 K
        T** = 0.103E+05 K
      Enhanced by:
      H2          2.00
      H2O         6.00
      CH4         2.00
      CO          1.50
      CO2         2.00
      C2H6        3.00
      AR          0.70

       (42) OH + H2 = H + H2O
             A =  2.160E+08  beta =  1.510E+00  Ea/R =  1.727E+03   K

       (43) OH + OH = O + H2O
             A =  3.570E+04  beta =  2.400E+00  Ea/R = -1.063E+03   K

       (44) OH + HO2 = O2 + H2O
             A =  2.900E+13  beta =  0.000E+00  Ea/R = -2.518E+02   K

       (45) OH + CH2 = H + CH2O
             A =  2.000E+13  beta =  0.000E+00  Ea/R =  0.000E+00   K

       (46) OH + CH2(S) = H + CH2O
             A =  3.000E+13  beta =  0.000E+00  Ea/R =  0.000E+00   K

       (47) OH + CH3 = CH2 + H2O
             A =  5.600E+07  beta =  1.600E+00  Ea/R =  2.729E+03   K

       (48) OH + CH3 = CH2(S) + H2O
             A =  2.501E+13  beta =  0.000E+00  Ea/R =  0.000E+00   K

       (49) OH + CH4 = CH3 + H2O
             A =  1.000E+08  beta =  1.600E+00  Ea/R =  1.571E+03   K

       (50) OH + CO = H + CO2
             A =  4.760E+07  beta =  1.228E+00  Ea/R =  3.525E+01   K

       (51) OH + HCO = H2O + CO
             A =  5.000E+13  beta =  0.000E+00  Ea/R =  0.000E+00   K

       (52) OH + CH2O = HCO + H2O
             A =  3.430E+09  beta =  1.180E+00  Ea/R = -2.251E+02   K

       (53) OH + C2H6 = C2H5 + H2O
             A =  3.540E+06  beta =  2.120E+00  Ea/R =  4.381E+02   K

       (54) HO2 + CH2 = OH + CH2O
             A =  2.000E+13  beta =  0.000E+00  Ea/R =  0.000E+00   K

       (55) HO2 + CH3 = O2 + CH4
             A =  1.000E+12  beta =  0.000E+00  Ea/R =  0.000E+00   K

       (56) HO2 + CH3 = OH + CH3O
             A =  2.000E+13  beta =  0.000E+00  Ea/R =  0.000E+00   K

       (57) HO2 + CO = OH + CO2
             A =  1.500E+14  beta =  0.000E+00  Ea/R =  1.188E+04   K

       (58) CH2 + O2 = OH + HCO
             A =  1.320E+13  beta =  0.000E+00  Ea/R =  7.553E+02   K

       (59) CH2 + H2 = H + CH3
             A =  5.000E+05  beta =  2.000E+00  Ea/R =  3.641E+03   K

       (60) CH2 + CH3 = H + C2H4
             A =  4.000E+13  beta =  0.000E+00  Ea/R =  0.000E+00   K

       (61) CH2 + CH4 = CH3 + CH3
             A =  2.460E+06  beta =  2.000E+00  Ea/R =  4.164E+03   K

       (62) CH2(S) + N2 = CH2 + N2
             A =  1.500E+13  beta =  0.000E+00  Ea/R =  3.021E+02   K

       (63) CH2(S) + AR = CH2 + AR
             A =  9.000E+12  beta =  0.000E+00  Ea/R =  3.021E+02   K

       (64) CH2(S) + O2 = H + OH + CO
             A =  2.800E+13  beta =  0.000E+00  Ea/R =  0.000E+00   K

       (65) CH2(S) + O2 = CO + H2O
             A =  1.200E+13  beta =  0.000E+00  Ea/R =  0.000E+00   K

       (66) CH2(S) + H2 = CH3 + H
             A =  7.000E+13  beta =  0.000E+00  Ea/R =  0.000E+00   K

       (67) CH2(S) + H2O = CH2 + H2O
             A =  3.000E+13  beta =  0.000E+00  Ea/R =  0.000E+00   K

       (68) CH2(S) + CH3 = H + C2H4
             A =  1.200E+13  beta =  0.000E+00  Ea/R = -2.870E+02   K

       (69) CH2(S) + CH4 = CH3 + CH3
             A =  1.600E+13  beta =  0.000E+00  Ea/R = -2.870E+02   K

       (70) CH2(S) + CO = CH2 + CO
             A =  9.000E+12  beta =  0.000E+00  Ea/R =  0.000E+00   K

       (71) CH2(S) + CO2 = CH2 + CO2
             A =  7.000E+12  beta =  0.000E+00  Ea/R =  0.000E+00   K

       (72) CH2(S) + CO2 = CO + CH2O
             A =  1.400E+13  beta =  0.000E+00  Ea/R =  0.000E+00   K

       (73) CH3 + O2 = O + CH3O
             A =  2.675E+13  beta =  0.000E+00  Ea/R =  1.450E+04   K

       (74) CH3 + O2 = OH + CH2O
             A =  3.600E+10  beta =  0.000E+00  Ea/R =  4.502E+03   K

       (75) CH3 + CH3 + M = C2H6 + M
             A =  2.120E+16  beta = -9.700E-01  Ea/R =  3.122E+02   K
      LOW pressure limit: 
      A =  1.770E+50  beta = -9.670E+00  Ea/R =  3.132E+03   K
      TROE centering:
          a = 0.532E+00
       T*** = 0.151E+03 K
         T* = 0.104E+04 K
        T** = 0.497E+04 K
      Enhanced by:
      H2          2.00
      H2O         6.00
      CH4         2.00
      CO          1.50
      CO2         2.00
      C2H6        3.00
      AR          0.70

       (76) CH3 + CH3 = H + C2H5
             A =  4.990E+12  beta =  1.000E-01  Ea/R =  5.338E+03   K

       (77) CH3 + HCO = CH4 + CO
             A =  2.648E+13  beta =  0.000E+00  Ea/R =  0.000E+00   K

       (78) CH3 + CH2O = HCO + CH4
             A =  3.320E+03  beta =  2.810E+00  Ea/R =  2.951E+03   K

       (79) CH3 + C2H6 = C2H5 + CH4
             A =  6.140E+06  beta =  1.740E+00  Ea/R =  5.262E+03   K

       (80) HCO + H2O = H + CO + H2O
             A =  2.244E+18  beta = -1.000E+00  Ea/R =  8.561E+03   K

       (81) HCO + M = H + CO + M
             A =  1.870E+17  beta = -1.000E+00  Ea/R =  8.561E+03   K
      Enhanced by:
      H2          2.00
      H2O         0.00
      CH4         2.00
      CO          1.50
      CO2         2.00
      C2H6        3.00

       (82) HCO + O2 = HO2 + CO
             A =  7.600E+12  beta =  0.000E+00  Ea/R =  2.014E+02   K

       (83) CH3O + O2 = HO2 + CH2O
             A =  4.280E-13  beta =  7.600E+00  Ea/R = -1.778E+03   K

       (84) C2H5 + O2 = HO2 + C2H4
             A =  8.400E+11  beta =  0.000E+00  Ea/R =  1.951E+03   K

       (85) N + NO = N2 + O
             A =  2.700E+13  beta =  0.000E+00  Ea/R =  1.788E+02   K

       (86) N + O2 = NO + O
             A =  9.000E+09  beta =  1.000E+00  Ea/R =  3.273E+03   K

       (87) N + OH = NO + H
             A =  3.360E+13  beta =  0.000E+00  Ea/R =  1.939E+02   K

    => Defaultsfile           [OK]
    => Settingsfile           [OK]
    => Commandline options    [OK]
    => Start reading .chm file
        [MSG] Transport parameters    [OK]
        [MSG] Conductivity parameters [OK]
        [MSG] Viscosity parameters    [OK]
        [MSG] Difusivity parameters   [OK]
        [MSG] Thermal parameters      [OK]
    => Reading .chm file      [OK]
    => CHEM1D datafile        [OK]
    => Setting grid weights :
        DENSITY            1.00000
        TEMP               1.00000
        CH4                1.00000
        HEATREL            1.00000
 
 
------------------------------------------------------------------------
 
Simulation settings:
    => Counterflow flame
    => Stationary solution
    => Detailed chemistry model
    => Mixture averaged diffusion model
    => No radiation model
    => No model for heat exchanger
 
------------------------------------------------------------------------
 
Variables:
       Name              BC_Left      BC_Right     Unit
  1) * H2                0.00000E+00  0.00000E+00  Mass frac.
  2) * H                 0.00000E+00  0.00000E+00  Mass frac.
  3) * O                 0.00000E+00  0.00000E+00  Mass frac.
  4) * O2                2.26592E-01  9.06365E-02  Mass frac.
  5) * OH                0.00000E+00  0.00000E+00  Mass frac.
  6) * H2O               0.00000E+00  7.65426E-02  Mass frac.
  7) * HO2               0.00000E+00  0.00000E+00  Mass frac.
  8) * CH2               0.00000E+00  0.00000E+00  Mass frac.
  9) * CH2(S)            0.00000E+00  0.00000E+00  Mass frac.
 10) * CH3               0.00000E+00  0.00000E+00  Mass frac.
 11) * CH4               3.40818E-02  0.00000E+00  Mass frac.
 12) * CO                0.00000E+00  0.00000E+00  Mass frac.
 13) * CO2               0.00000E+00  9.34944E-02  Mass frac.
 14) * HCO               0.00000E+00  0.00000E+00  Mass frac.
 15) * CH2O              0.00000E+00  0.00000E+00  Mass frac.
 16) * CH3O              0.00000E+00  0.00000E+00  Mass frac.
 17) * C2H4              0.00000E+00  0.00000E+00  Mass frac.
 18) * C2H5              0.00000E+00  0.00000E+00  Mass frac.
 19) * C2H6              0.00000E+00  0.00000E+00  Mass frac.
 20) * N                 0.00000E+00  0.00000E+00  Mass frac.
 21) * NO                0.00000E+00  0.00000E+00  Mass frac.
 22) * N2                7.39326E-01  7.39326E-01  Mass frac.
 23) * AR                0.00000E+00  0.00000E+00  Mass frac.
 24) * Temp              3.00000E+02  1.66600E+03  K
 25) * Massflow          1.35147E-02  2.43361E-03  gr/(cm2 s)
 26) * Enthalpy         -1.56496E+02 -1.73365E+02  J/gr
 27) * MixFrac           1.00000E+00  1.00000E+00  -
 28) * Stretch           2.12175E+02  5.00000E+02  1/s
 29)   Press             1.00000E+05  1.00000E+05  Pa
 30)   Density           1.12622E-03  2.02801E-04  gr/cm3
 31)   MeanMass          2.80918E+01  2.80918E+01  gr/mol
 32)   Surface           0.00000E+00  0.00000E+00  cm2
 33)   Porosity          0.00000E+00  0.00000E+00  -
 34)   Tsolid            0.00000E+00  0.00000E+00  K
 35)   HeatRel           0.00000E+00  0.00000E+00  J/(cm3 s)
 36)   Dissipation       0.00000E+00  0.00000E+00  -
 
------------------------------------------------------------------------
 
       0 --- --------- --------- Start solver
       1 --- --------- --------- Regridding
       1 --- --------- --------- Jacobian 00001
       1   1 1.016E-05 1.000E+00 Steady OK
       2   2 1.019E-05 5.000E-01 Steady OK
       3   2 1.012E-05 5.000E-01 Steady OK
       4   1 1.041E-05 1.000E+00 Steady OK
       5   1 8.429E-06 1.000E+00 Steady OK
       6   1 6.968E-06 1.000E+00 Steady OK
       7   1 6.054E-06 1.000E+00 Steady OK
       8   1 5.374E-06 1.000E+00 Steady OK
       9   1 4.866E-06 1.000E+00 Steady OK
      10   1 4.533E-06 1.000E+00 Steady OK
      11   1 4.472E-06 1.000E+00 Steady OK
      12   2 4.696E-06 5.000E-01 Steady OK
      13   3 4.971E-06 2.500E-01 Steady OK
      14   2 5.414E-06 2.500E-01 Steady OK
      15   3 5.740E-06 1.250E-01 Steady OK
      16   2 6.149E-06 1.250E-01 Steady OK
      17   2 6.663E-06 1.250E-01 Steady OK
      18   2 7.306E-06 1.250E-01 Steady OK
      19   3 7.700E-06 6.250E-02 Steady OK
      20   2 8.142E-06 6.250E-02 Steady OK
      21   2 8.640E-06 6.250E-02 Steady OK
      22   2 9.201E-06 6.250E-02 Steady OK
      23 --- --------- --------- Regridding
      23 --- --------- --------- Jacobian 00002
      23   3 2.126E-02 2.500E-01 Steady OK
      24   5 2.092E-02 3.125E-02 Steady OK
      25   4 2.099E-02 3.906E-03 Steady Fail
      26 --- --------- --------- Regridding
      26 --- --------- --------- Jacobian 00003
      26   3 1.508E-02 2.500E-01 Steady OK
      27   3 1.474E-02 1.250E-01 Steady OK
      28   6 1.492E-02 3.906E-03 Steady Fail
      29 --- --------- --------- Regridding
      29 --- --------- --------- Jacobian 00004
      29   4 7.514E-03 1.250E-01 Steady OK
      30   4 7.157E-03 3.125E-02 Steady OK
      31   4 7.339E-03 3.906E-03 Steady Fail
      32 --- --------- --------- Regridding
      32 --- --------- --------- Jacobian 00005
      32   4 6.726E-03 1.250E-01 Steady OK
      33   6 7.117E-03 3.906E-03 Steady Fail
      34 --- --------- --------- Regridding
      34 --- --------- --------- Jacobian 00006
      34   5 6.983E-03 6.250E-02 Steady OK
      35   4 6.897E-03 1.563E-02 Steady OK
      36   3 6.903E-03 3.906E-03 Steady Fail
      37 --- --------- --------- Regridding
      37 --- --------- --------- Jacobian 00007
      37   4 6.810E-03 1.250E-01 Steady OK
      38   6 6.952E-03 3.906E-03 Steady Fail
      39 --- --------- --------- Regridding
      39 --- --------- --------- Jacobian 00008
      39   3 6.830E-03 2.500E-01 Steady OK
      40   7 7.003E-03 3.906E-03 Steady Fail
      41 --- --------- --------- Regridding
      41 --- --------- --------- Jacobian 00009
      41   3 4.827E-03 2.500E-01 Steady OK
      42   7 4.830E-03 3.906E-03 Steady Fail
      43 --- --------- --------- Regridding
      43 --- --------- --------- Jacobian 00010
      43   5 3.228E-03 6.250E-02 Steady OK
      44   5 3.242E-03 3.906E-03 Steady Fail
      45 --- --------- --------- Regridding
      45 --- --------- --------- Jacobian 00011
      45   7 2.897E-03 1.563E-02 Steady OK
      46   3 2.917E-03 3.906E-03 Steady Fail
      47 --- --------- --------- Regridding
      47 --- --------- --------- Jacobian 00012
      47   8 2.714E-03 3.906E-03 Steady Fail
      48 --- --------- --------- Regridding
      48 --- --------- --------- Jacobian 00013
      48 --- --------- --------- Timestep 1.000E-06
      48   2 7.326E-06 1.000E-06 Time OK
      49   2 8.671E-06 2.000E-06 Time OK
      50   4 1.533E-06 3.000E-06 Time OK
      51   6 4.014E-07 4.000E-06 Time OK
      52   6 3.142E-07 5.000E-06 Time OK
      53   6 2.824E-07 6.000E-06 Time OK
      54   7 1.276E-07 7.000E-06 Time OK
      55   7 1.173E-07 8.000E-06 Time OK
      56   7 1.108E-07 9.000E-06 Time OK
      57   7 1.056E-07 1.000E-05 Time OK
      58   7 1.007E-07 1.100E-05 Time OK
      59   7 9.587E-08 1.200E-05 Time OK
      60   7 9.101E-08 1.300E-05 Time OK
      61   7 8.621E-08 1.400E-05 Time OK
      62   7 8.150E-08 1.500E-05 Time OK
      63   7 7.690E-08 1.600E-05 Time OK
      64   7 7.250E-08 1.700E-05 Time OK
      65   7 6.830E-08 1.800E-05 Time OK
      66   7 6.427E-08 1.900E-05 Time OK
      67   7 6.035E-08 2.000E-05 Time OK
      68   7 5.665E-08 2.100E-05 Time OK
      69   7 5.329E-08 2.200E-05 Time OK
      70 --- --------- --------- Regridding
      70 --- --------- --------- Jacobian 00014
      70   8 4.875E-04 3.906E-03 Steady Fail
      71 --- --------- --------- Regridding
      71 --- --------- --------- Jacobian 00015
      71 --- --------- --------- Timestep 1.000E-06
      71   1 1.769E-07 2.300E-05 Time OK
      72   1 2.379E-07 2.400E-05 Time OK
      73   2 1.912E-07 2.500E-05 Time OK
      74   4 8.717E-08 2.600E-05 Time OK
      75   3 6.389E-08 2.700E-05 Time OK
      76   2 5.166E-08 2.800E-05 Time OK
      77   2 3.178E-08 2.900E-05 Time OK
      78   2 1.947E-08 3.000E-05 Time OK
      79   2 1.175E-08 3.100E-05 Time OK
      80   2 7.235E-09 3.200E-05 Time OK
      81   2 4.511E-09 3.300E-05 Time OK
      82   2 3.108E-09 3.400E-05 Time OK
      83   2 2.208E-09 3.500E-05 Time OK
      84   2 2.077E-09 3.600E-05 Time OK
      85   2 1.814E-09 3.700E-05 Time OK
      86   2 1.756E-09 3.800E-05 Time OK
      87   2 1.896E-09 3.900E-05 Time OK
      88   2 2.051E-09 4.000E-05 Time OK
      89   2 2.212E-09 4.100E-05 Time OK
      90   2 2.408E-09 4.200E-05 Time OK
      91   2 2.651E-09 4.300E-05 Time OK
      92   2 2.931E-09 4.400E-05 Time OK
      93 --- --------- --------- Regridding
      93 --- --------- --------- Jacobian 00016
      93   8 4.230E-04 3.906E-03 Steady Fail
      94 --- --------- --------- Regridding
      94 --- --------- --------- Jacobian 00017
      94 --- --------- --------- Timestep 2.000E-06
      94   1 1.680E-07 4.600E-05 Time OK
      95   1 2.802E-07 4.800E-05 Time OK
      96   2 1.612E-09 5.000E-05 Time OK
      97   2 2.908E-09 5.200E-05 Time OK
      98   2 4.701E-09 5.400E-05 Time OK
      99   2 7.045E-09 5.600E-05 Time OK
     100   2 1.000E-08 5.800E-05 Time OK
     101   2 1.364E-08 6.000E-05 Time OK
     102   2 1.803E-08 6.200E-05 Time OK
     103   2 2.325E-08 6.400E-05 Time OK
     104   2 2.937E-08 6.600E-05 Time OK
     105   2 3.647E-08 6.800E-05 Time OK
     106   2 4.463E-08 7.000E-05 Time OK
     107   2 5.394E-08 7.200E-05 Time OK
     108   2 6.449E-08 7.400E-05 Time OK
     109   2 7.635E-08 7.600E-05 Time OK
     110   2 8.964E-08 7.800E-05 Time OK
     111   2 1.044E-07 8.000E-05 Time OK
     112   2 1.209E-07 8.200E-05 Time OK
     113   2 1.390E-07 8.400E-05 Time OK
     114   2 1.590E-07 8.600E-05 Time OK
     115   2 1.810E-07 8.800E-05 Time OK
     116 --- --------- --------- Regridding
     116 --- --------- --------- Jacobian 00018
     116   8 2.259E-04 3.906E-03 Steady Fail
     117 --- --------- --------- Regridding
     117 --- --------- --------- Jacobian 00019
     117 --- --------- --------- Timestep 4.000E-06
     117   1 2.720E-06 9.200E-05 Time OK
     118   2 4.314E-08 9.600E-05 Time OK
     119   2 1.033E-07 1.000E-04 Time OK
     120   2 1.976E-07 1.040E-04 Time OK
     121   2 3.312E-07 1.080E-04 Time OK
     122   2 5.104E-07 1.120E-04 Time OK
     123   2 7.420E-07 1.160E-04 Time OK
     124   2 1.034E-06 1.200E-04 Time OK
     125   3 3.616E-08 1.240E-04 Time OK
     126   3 5.302E-08 1.280E-04 Time OK
     127   3 7.546E-08 1.320E-04 Time OK
     128   3 1.048E-07 1.360E-04 Time OK
     129   3 1.425E-07 1.400E-04 Time OK
     130   3 1.904E-07 1.440E-04 Time OK
     131   3 2.508E-07 1.480E-04 Time OK
     132   3 3.262E-07 1.520E-04 Time OK
     133   3 4.198E-07 1.560E-04 Time OK
     134   3 5.356E-07 1.600E-04 Time OK
     135   3 6.780E-07 1.640E-04 Time OK
     136   3 8.528E-07 1.680E-04 Time OK
     137   3 1.067E-06 1.720E-04 Time OK
     138   3 1.328E-06 1.760E-04 Time OK
     139 --- --------- --------- Regridding
     139 --- --------- --------- Jacobian 00020
     139   8 1.910E-04 3.906E-03 Steady Fail
     140 --- --------- --------- Regridding
     140 --- --------- --------- Jacobian 00021
     140 --- --------- --------- Timestep 8.000E-06
     140   2 8.181E-07 1.840E-04 Time OK
     141   2 3.875E-06 1.920E-04 Time OK
     142   3 2.995E-07 2.000E-04 Time OK
     143   3 7.819E-07 2.080E-04 Time OK
     144   3 1.723E-06 2.160E-04 Time OK
     145   3 3.437E-06 2.240E-04 Time OK
     146   3 6.428E-06 2.320E-04 Time OK
     147   3 1.147E-05 2.400E-04 Time OK
     148   4 3.537E-06 2.480E-04 Time OK
     149   4 7.311E-06 2.560E-04 Time OK
     150   4 1.386E-05 2.640E-04 Time OK
     151   5 1.121E-05 2.720E-04 Time OK
     152   5 2.082E-05 2.800E-04 Time OK
     153   7 2.173E-05 2.880E-04 Time OK
     154  11 2.215E-05 2.960E-04 Time OK
     155  18 1.544E-06 3.040E-04 Time OK
     156   8 1.247E-05 3.120E-04 Time OK
     157   7 2.363E-05 3.200E-04 Time OK
     158   7 3.126E-05 3.280E-04 Time OK
     159   8 2.345E-05 3.360E-04 Time OK
     160   8 2.786E-05 3.440E-04 Time OK
     161   8 3.284E-05 3.520E-04 Time OK
     162 --- --------- --------- Regridding
     162 --- --------- --------- Jacobian 00022
     162   7 5.260E-05 1.563E-02 Steady OK
     163   3 1.157E-04 3.906E-03 Steady Fail
     164 --- --------- --------- Regridding
     164 --- --------- --------- Jacobian 00023
     164   8 5.671E-05 3.906E-03 Steady Fail
     165 --- --------- --------- Regridding
     165 --- --------- --------- Jacobian 00024
     165 --- --------- --------- Timestep 8.000E-06
     165  10 6.390E-07 3.600E-04 Time OK
     166   3 2.361E-06 3.680E-04 Time OK
     167   3 1.914E-06 3.760E-04 Time OK
     168   3 5.977E-06 3.840E-04 Time OK
     169   4 5.619E-06 3.920E-04 Time OK
     170   5 5.088E-06 4.000E-04 Time OK
     171   5 1.252E-05 4.080E-04 Time OK
     172   6 1.337E-05 4.160E-04 Time OK
     173   8 8.873E-06 4.240E-04 Time OK
     174  10 7.767E-06 4.320E-04 Time OK
     175  12 1.215E-05 4.400E-04 Time OK
     176  27 1.140E-05 4.480E-04 Time OK
     177  14 1.275E-05 4.560E-04 Time OK
     178   8 1.069E-05 4.640E-04 Time OK
     179   8 1.286E-05 4.720E-04 Time OK
     180   9 9.114E-06 4.800E-04 Time OK
     181   9 1.092E-05 4.880E-04 Time OK
     182   9 1.294E-05 4.960E-04 Time OK
     183  10 9.355E-06 5.040E-04 Time OK
     184  10 1.079E-05 5.120E-04 Time OK
     185  10 1.210E-05 5.200E-04 Time OK
     186  11 9.684E-06 5.280E-04 Time OK
     187 --- --------- --------- Regridding
     187 --- --------- --------- Jacobian 00025
     187   8 1.527E-04 3.906E-03 Steady Fail
     188 --- --------- --------- Regridding
     188 --- --------- --------- Jacobian 00026
     188 --- --------- --------- Timestep 4.000E-06
     188   2 1.301E-07 5.320E-04 Time OK
     189   2 5.728E-07 5.360E-04 Time OK
     190   2 1.243E-06 5.400E-04 Time OK
     191   3 1.106E-07 5.440E-04 Time OK
     192   3 2.090E-07 5.480E-04 Time OK
     193   3 3.518E-07 5.520E-04 Time OK
     194   3 5.448E-07 5.560E-04 Time OK
     195   3 7.912E-07 5.600E-04 Time OK
     196   3 1.093E-06 5.640E-04 Time OK
     197   3 1.451E-06 5.680E-04 Time OK
     198   4 3.129E-07 5.720E-04 Time OK
     199   4 4.328E-07 5.760E-04 Time OK
     200   4 5.765E-07 5.800E-04 Time OK
     201   4 7.464E-07 5.840E-04 Time OK
     202   4 9.462E-07 5.880E-04 Time OK
     203   4 1.178E-06 5.920E-04 Time OK
     204   5 4.972E-07 5.960E-04 Time OK
     205   5 6.300E-07 6.000E-04 Time OK
     206   5 7.838E-07 6.040E-04 Time OK
     207   5 9.646E-07 6.080E-04 Time OK
     208   5 1.171E-06 6.120E-04 Time OK
     209   6 4.755E-07 6.160E-04 Time OK
     210 --- --------- --------- Regridding
     210 --- --------- --------- Jacobian 00027
     210   8 3.452E-03 3.906E-03 Steady Fail
     211 --- --------- --------- Regridding
     211 --- --------- --------- Jacobian 00028
     211 --- --------- --------- Timestep 4.000E-06
     211   2 6.807E-08 6.200E-04 Time OK
     212   2 2.814E-07 6.240E-04 Time OK
     213   2 6.041E-07 6.280E-04 Time OK
     214   3 4.094E-08 6.320E-04 Time OK
     215   3 7.688E-08 6.360E-04 Time OK
     216   3 1.287E-07 6.400E-04 Time OK
     217   3 1.981E-07 6.440E-04 Time OK
     218   3 2.862E-07 6.480E-04 Time OK
     219   3 3.934E-07 6.520E-04 Time OK
     220   3 5.200E-07 6.560E-04 Time OK
     221   3 6.659E-07 6.600E-04 Time OK
     222   3 8.309E-07 6.640E-04 Time OK
     223   4 1.564E-07 6.680E-04 Time OK
     224   4 2.039E-07 6.720E-04 Time OK
     225   4 2.589E-07 6.760E-04 Time OK
     226   4 3.218E-07 6.800E-04 Time OK
     227   4 3.936E-07 6.840E-04 Time OK
     228   4 4.747E-07 6.880E-04 Time OK
     229   4 5.650E-07 6.920E-04 Time OK
     230   4 6.646E-07 6.960E-04 Time OK
     231   5 2.641E-07 7.000E-04 Time OK
     232   5 3.183E-07 7.040E-04 Time OK
     233 --- --------- --------- Regridding
     233 --- --------- --------- Jacobian 00029
     233   8 1.749E-03 3.906E-03 Steady Fail
     234 --- --------- --------- Regridding
     234 --- --------- --------- Jacobian 00030
     234 --- --------- --------- Timestep 4.000E-06
     234   2 3.260E-08 7.080E-04 Time OK
     235   2 1.366E-07 7.120E-04 Time OK
     236   2 2.917E-07 7.160E-04 Time OK
     237   2 4.958E-07 7.200E-04 Time OK
     238   3 2.809E-08 7.240E-04 Time OK
     239   3 4.673E-08 7.280E-04 Time OK
     240   3 7.178E-08 7.320E-04 Time OK
     241   3 1.036E-07 7.360E-04 Time OK
     242   3 1.422E-07 7.400E-04 Time OK
     243   3 1.879E-07 7.440E-04 Time OK
     244   3 2.405E-07 7.480E-04 Time OK
     245   3 3.002E-07 7.520E-04 Time OK
     246   3 3.668E-07 7.560E-04 Time OK
     247   3 4.401E-07 7.600E-04 Time OK
     248   4 7.226E-08 7.640E-04 Time OK
     249   4 9.048E-08 7.680E-04 Time OK
     250   4 1.113E-07 7.720E-04 Time OK
     251   4 1.346E-07 7.760E-04 Time OK
     252   4 1.607E-07 7.800E-04 Time OK
     253   4 1.898E-07 7.840E-04 Time OK
     254   4 2.218E-07 7.880E-04 Time OK
     255   4 2.568E-07 7.920E-04 Time OK
     256 --- --------- --------- Regridding
     256 --- --------- --------- Jacobian 00031
     256   8 3.669E-04 3.906E-03 Steady Fail
     257 --- --------- --------- Regridding
     257 --- --------- --------- Jacobian 00032
     257 --- --------- --------- Timestep 8.000E-06
     257   2 3.233E-07 8.000E-04 Time OK
     258   2 1.287E-06 8.080E-04 Time OK
     259   3 1.444E-07 8.160E-04 Time OK
     260   3 3.211E-07 8.240E-04 Time OK
     261   3 5.943E-07 8.320E-04 Time OK
     262   3 9.709E-07 8.400E-04 Time OK
     263   3 1.451E-06 8.480E-04 Time OK
     264   4 3.193E-07 8.560E-04 Time OK
     265   4 4.918E-07 8.640E-04 Time OK
     266   4 7.119E-07 8.720E-04 Time OK
     267   4 9.881E-07 8.800E-04 Time OK
     268   5 4.331E-07 8.880E-04 Time OK
     269   5 6.015E-07 8.960E-04 Time OK
     270   5 8.144E-07 9.040E-04 Time OK
     271   5 1.073E-06 9.120E-04 Time OK
     272   6 4.344E-07 9.200E-04 Time OK
     273   6 5.814E-07 9.280E-04 Time OK
     274   6 7.579E-07 9.360E-04 Time OK
     275   7 3.994E-07 9.440E-04 Time OK
     276   7 5.005E-07 9.520E-04 Time OK
     277   7 6.781E-07 9.600E-04 Time OK
     278   7 8.637E-07 9.680E-04 Time OK
     279 --- --------- --------- Regridding
     279 --- --------- --------- Jacobian 00033
     279   8 1.305E-04 3.906E-03 Steady Fail
     280 --- --------- --------- Regridding
     280 --- --------- --------- Jacobian 00034
     280 --- --------- --------- Timestep 8.000E-06
     280   2 9.051E-08 9.760E-04 Time OK
     281   2 3.767E-07 9.840E-04 Time OK
     282   2 8.020E-07 9.920E-04 Time OK
     283   3 6.580E-08 1.000E-03 Time OK
     284   3 1.211E-07 1.008E-03 Time OK
     285   8 9.160E-06 7.813E-03 Steady OK
     286   2 9.932E-06 7.813E-03 Steady OK
     287   2 1.100E-05 3.906E-03 Steady Fail
     288 --- --------- --------- Regridding
     288 --- --------- --------- Jacobian 00035
     288   8 1.182E-04 3.906E-03 Steady Fail
     289 --- --------- --------- Regridding
     289 --- --------- --------- Jacobian 00036
     289 --- --------- --------- Timestep 8.000E-06
     289   3 5.424E-09 1.016E-03 Time OK
     290   3 1.972E-08 1.024E-03 Time OK
     291   3 2.100E-08 1.032E-03 Time OK
     292   2 3.903E-07 1.040E-03 Time OK
     293   3 5.165E-08 1.048E-03 Time OK
     294   3 1.063E-07 1.056E-03 Time OK
     295   3 1.764E-07 1.064E-03 Time OK
     296   3 2.625E-07 1.072E-03 Time OK
     297   3 3.654E-07 1.080E-03 Time OK
     298   3 4.858E-07 1.088E-03 Time OK
     299   3 6.239E-07 1.096E-03 Time OK
     300   4 1.162E-07 1.104E-03 Time OK
     301   4 1.572E-07 1.112E-03 Time OK
     302   4 2.056E-07 1.120E-03 Time OK
     303   4 2.630E-07 1.128E-03 Time OK
     304   4 3.302E-07 1.136E-03 Time OK
     305   4 4.077E-07 1.144E-03 Time OK
     306   4 4.958E-07 1.152E-03 Time OK
     307   5 1.910E-07 1.160E-03 Time OK
     308   5 2.339E-07 1.168E-03 Time OK
     309   5 2.875E-07 1.176E-03 Time OK
     310   5 3.456E-07 1.184E-03 Time OK
     311 --- --------- --------- Regridding
     311 --- --------- --------- Jacobian 00037
     311   8 8.119E-05 3.906E-03 Steady Fail
     312 --- --------- --------- Regridding
     312 --- --------- --------- Jacobian 00038
     312 --- --------- --------- Timestep 8.000E-06
     312   2 2.853E-08 1.192E-03 Time OK
     313   2 1.227E-07 1.200E-03 Time OK
     314   2 2.553E-07 1.208E-03 Time OK
     315   2 4.378E-07 1.216E-03 Time OK
     316   3 2.946E-08 1.224E-03 Time OK
     317   3 4.900E-08 1.232E-03 Time OK
     318   3 7.502E-08 1.240E-03 Time OK
     319   3 1.077E-07 1.248E-03 Time OK
     320   3 1.472E-07 1.256E-03 Time OK
     321   3 1.940E-07 1.264E-03 Time OK
     322   3 2.481E-07 1.272E-03 Time OK
     323   3 3.095E-07 1.280E-03 Time OK
     324   3 3.782E-07 1.288E-03 Time OK
     325   4 6.634E-08 1.296E-03 Time OK
     326   4 8.536E-08 1.304E-03 Time OK
     327   4 1.072E-07 1.312E-03 Time OK
     328   4 1.326E-07 1.320E-03 Time OK
     329   4 1.617E-07 1.328E-03 Time OK
     330   4 1.948E-07 1.336E-03 Time OK
     331   4 2.320E-07 1.344E-03 Time OK
     332   4 2.735E-07 1.352E-03 Time OK
     333   4 3.194E-07 1.360E-03 Time OK
     334 --- --------- --------- Regridding
     334 --- --------- --------- Jacobian 00039
     334   8 6.408E-05 3.906E-03 Steady Fail
     335 --- --------- --------- Regridding
     335 --- --------- --------- Jacobian 00040
     335 --- --------- --------- Timestep 1.600E-05
     335   2 2.533E-07 1.376E-03 Time OK
     336   2 1.040E-06 1.392E-03 Time OK
     337   3 1.337E-07 1.408E-03 Time OK
     338   3 3.008E-07 1.424E-03 Time OK
     339   8 6.503E-06 3.906E-03 Steady Fail
     340 --- --------- --------- Regridding
     340 --- --------- --------- Jacobian 00041
     340   8 6.051E-05 3.906E-03 Steady Fail
     341 --- --------- --------- Regridding
     341 --- --------- --------- Jacobian 00042
     341 --- --------- --------- Timestep 1.600E-05
     341   2 2.027E-07 1.440E-03 Time OK
     342   2 8.469E-07 1.456E-03 Time OK
     343   3 1.063E-07 1.472E-03 Time OK
     344   3 2.368E-07 1.488E-03 Time OK
     345   3 4.397E-07 1.504E-03 Time OK
     346   3 7.215E-07 1.520E-03 Time OK
     347   3 1.087E-06 1.536E-03 Time OK
     348   4 2.369E-07 1.552E-03 Time OK
     349   4 3.706E-07 1.568E-03 Time OK
     350   4 5.455E-07 1.584E-03 Time OK
     351   4 7.731E-07 1.600E-03 Time OK
     352   5 3.397E-07 1.616E-03 Time OK
     353   5 4.561E-07 1.632E-03 Time OK
     354   5 7.411E-07 1.648E-03 Time OK
     355   8 5.340E-08 1.664E-03 Time OK
     356   8 1.354E-07 1.680E-03 Time OK
     357   7 3.935E-07 1.696E-03 Time OK
     358   7 8.620E-07 1.712E-03 Time OK
     359   8 2.534E-07 1.728E-03 Time OK
     360   7 6.921E-07 1.744E-03 Time OK
     361   8 5.637E-07 1.760E-03 Time OK
     362   9 3.719E-07 1.776E-03 Time OK
     363 --- --------- --------- Regridding
     363 --- --------- --------- Jacobian 00043
     363   8 5.175E-05 3.906E-03 Steady Fail
     364 --- --------- --------- Regridding
     364 --- --------- --------- Jacobian 00044
     364 --- --------- --------- Timestep 1.600E-05
     364   2 7.405E-08 1.792E-03 Time OK
     365   2 3.458E-07 1.808E-03 Time OK
     366   2 7.439E-07 1.824E-03 Time OK
     367   3 8.517E-08 1.840E-03 Time OK
     368   3 1.608E-07 1.856E-03 Time OK
     369   3 2.698E-07 1.872E-03 Time OK
     370   3 4.140E-07 1.888E-03 Time OK
     371   3 5.966E-07 1.904E-03 Time OK
     372   4 1.153E-07 1.920E-03 Time OK
     373   4 1.743E-07 1.936E-03 Time OK
     374   4 2.503E-07 1.952E-03 Time OK
     375   4 3.487E-07 1.968E-03 Time OK
     376   4 4.741E-07 1.984E-03 Time OK
     377   4 6.336E-07 2.000E-03 Time OK
     378   5 3.559E-07 2.016E-03 Time OK
     379   5 5.108E-07 2.032E-03 Time OK
     380   7 6.703E-08 2.048E-03 Time OK
     381   5 6.737E-07 2.064E-03 Time OK
     382   7 3.660E-07 2.080E-03 Time OK
     383   6 5.872E-07 2.096E-03 Time OK
     384   8 1.717E-07 2.112E-03 Time OK
     385   8 2.474E-07 2.128E-03 Time OK
     386 --- --------- --------- Regridding
     386 --- --------- --------- Jacobian 00045
     386   8 4.786E-05 3.906E-03 Steady Fail
     387 --- --------- --------- Regridding
     387 --- --------- --------- Jacobian 00046
     387 --- --------- --------- Timestep 1.600E-05
     387   2 3.903E-08 2.144E-03 Time OK
     388   2 1.906E-07 2.160E-03 Time OK
     389   2 4.166E-07 2.176E-03 Time OK
     390   3 4.398E-08 2.192E-03 Time OK
     391   3 8.321E-08 2.208E-03 Time OK
     392   3 1.402E-07 2.224E-03 Time OK
     393   3 2.170E-07 2.240E-03 Time OK
     394   8 4.453E-06 3.906E-03 Steady Fail
     395 --- --------- --------- Regridding
     395 --- --------- --------- Jacobian 00047
     395   8 4.615E-05 3.906E-03 Steady Fail
     396 --- --------- --------- Regridding
     396 --- --------- --------- Jacobian 00048
     396 --- --------- --------- Timestep 1.600E-05
     396   2 3.590E-08 2.256E-03 Time OK
     397   2 1.683E-07 2.272E-03 Time OK
     398   2 3.681E-07 2.288E-03 Time OK
     399   3 3.679E-08 2.304E-03 Time OK
     400   3 6.979E-08 2.320E-03 Time OK
     401   3 1.179E-07 2.336E-03 Time OK
     402   3 1.827E-07 2.352E-03 Time OK
     403   3 2.662E-07 2.368E-03 Time OK
     404   3 3.698E-07 2.384E-03 Time OK
     405   3 4.952E-07 2.400E-03 Time OK
     406   4 9.616E-08 2.416E-03 Time OK
     407   4 1.369E-07 2.432E-03 Time OK
     408   4 1.867E-07 2.448E-03 Time OK
     409   4 2.495E-07 2.464E-03 Time OK
     410   4 3.282E-07 2.480E-03 Time OK
     411   4 4.270E-07 2.496E-03 Time OK
     412   5 2.364E-07 2.512E-03 Time OK
     413   5 2.872E-07 2.528E-03 Time OK
     414   8 8.522E-09 2.544E-03 Time OK
     415   5 3.384E-07 2.560E-03 Time OK
     416   5 4.197E-07 2.576E-03 Time OK
     417   8 7.685E-08 2.592E-03 Time OK
     418 --- --------- --------- Regridding
     418 --- --------- --------- Jacobian 00049
     418   8 4.406E-05 3.906E-03 Steady Fail
     419 --- --------- --------- Regridding
     419 --- --------- --------- Jacobian 00050
     419 --- --------- --------- Timestep 1.600E-05
     419   2 2.225E-08 2.608E-03 Time OK
     420   2 1.138E-07 2.624E-03 Time OK
     421   2 2.460E-07 2.640E-03 Time OK
     422   2 4.529E-07 2.656E-03 Time OK
     423   3 4.621E-08 2.672E-03 Time OK
     424   3 7.724E-08 2.688E-03 Time OK
     425   3 1.200E-07 2.704E-03 Time OK
     426   3 1.754E-07 2.720E-03 Time OK
     427   3 2.446E-07 2.736E-03 Time OK
     428   3 3.288E-07 2.752E-03 Time OK
     429   3 4.290E-07 2.768E-03 Time OK
     430   4 8.174E-08 2.784E-03 Time OK
     431   4 1.135E-07 2.800E-03 Time OK
     432   4 1.514E-07 2.816E-03 Time OK
     433   4 1.986E-07 2.832E-03 Time OK
     434   4 2.567E-07 2.848E-03 Time OK
     435   4 3.279E-07 2.864E-03 Time OK
     436   4 4.163E-07 2.880E-03 Time OK
     437   5 2.379E-07 2.896E-03 Time OK
     438   5 3.179E-07 2.912E-03 Time OK
     439   8 1.060E-08 2.928E-03 Time OK
     440   5 3.038E-07 2.944E-03 Time OK
     441 --- --------- --------- Regridding
     441 --- --------- --------- Jacobian 00051
     441   8 4.154E-05 3.906E-03 Steady Fail
     442 --- --------- --------- Regridding
     442 --- --------- --------- Jacobian 00052
     442 --- --------- --------- Timestep 1.600E-05
     442   2 1.598E-08 2.960E-03 Time OK
     443   2 8.414E-08 2.976E-03 Time OK
     444   2 1.767E-07 2.992E-03 Time OK
     445   2 3.274E-07 3.008E-03 Time OK
     446   3 3.215E-08 3.024E-03 Time OK
     447   3 5.399E-08 3.040E-03 Time OK
     448   3 8.401E-08 3.056E-03 Time OK
     449   8 3.314E-06 3.906E-03 Steady Fail
     450 --- --------- --------- Regridding
     450 --- --------- --------- Jacobian 00053
     450   8 3.956E-05 3.906E-03 Steady Fail
     451 --- --------- --------- Regridding
     451 --- --------- --------- Jacobian 00054
     451 --- --------- --------- Timestep 1.600E-05
     451   2 1.652E-08 3.072E-03 Time OK
     452   2 7.665E-08 3.088E-03 Time OK
     453   2 1.676E-07 3.104E-03 Time OK
     454   2 3.054E-07 3.120E-03 Time OK
     455   3 2.849E-08 3.136E-03 Time OK
     456   3 4.765E-08 3.152E-03 Time OK
     457   3 7.394E-08 3.168E-03 Time OK
     458   3 1.080E-07 3.184E-03 Time OK
     459   3 1.508E-07 3.200E-03 Time OK
     460   3 2.030E-07 3.216E-03 Time OK
     461   3 2.655E-07 3.232E-03 Time OK
     462   3 3.388E-07 3.248E-03 Time OK
     463   4 6.242E-08 3.264E-03 Time OK
     464   4 8.461E-08 3.280E-03 Time OK
     465   4 1.107E-07 3.296E-03 Time OK
     466   4 1.427E-07 3.312E-03 Time OK
     467   4 1.815E-07 3.328E-03 Time OK
     468   4 2.281E-07 3.344E-03 Time OK
     469   4 2.840E-07 3.360E-03 Time OK
     470   4 3.517E-07 3.376E-03 Time OK
     471   5 1.872E-07 3.392E-03 Time OK
     472   5 2.293E-07 3.408E-03 Time OK
     473 --- --------- --------- Regridding
     473 --- --------- --------- Jacobian 00055
     473   8 3.785E-05 3.906E-03 Steady Fail
     474 --- --------- --------- Regridding
     474 --- --------- --------- Jacobian 00056
     474 --- --------- --------- Timestep 1.600E-05
     474   2 1.032E-08 3.424E-03 Time OK
     475   2 5.868E-08 3.440E-03 Time OK
     476   2 1.239E-07 3.456E-03 Time OK
     477   2 2.272E-07 3.472E-03 Time OK
     478   2 3.693E-07 3.488E-03 Time OK
     479   3 3.474E-08 3.504E-03 Time OK
     480   3 5.357E-08 3.520E-03 Time OK
     481   3 7.864E-08 3.536E-03 Time OK
     482   3 1.100E-07 3.552E-03 Time OK
     483   3 1.482E-07 3.568E-03 Time OK
     484   3 1.939E-07 3.584E-03 Time OK
     485   3 2.474E-07 3.600E-03 Time OK
     486   3 3.093E-07 3.616E-03 Time OK
     487   4 5.613E-08 3.632E-03 Time OK
     488   4 7.444E-08 3.648E-03 Time OK
     489   4 9.559E-08 3.664E-03 Time OK
     490   4 1.211E-07 3.680E-03 Time OK
     491   4 1.517E-07 3.696E-03 Time OK
     492   4 1.878E-07 3.712E-03 Time OK
     493   4 2.304E-07 3.728E-03 Time OK
     494   4 2.806E-07 3.744E-03 Time OK
     495   5 1.287E-07 3.760E-03 Time OK
     496 --- --------- --------- Regridding
     496 --- --------- --------- Jacobian 00057
     496   8 3.455E-05 3.906E-03 Steady Fail
     497 --- --------- --------- Regridding
     497 --- --------- --------- Jacobian 00058
     497 --- --------- --------- Timestep 1.600E-05
     497   2 7.684E-09 3.776E-03 Time OK
     498   2 4.561E-08 3.792E-03 Time OK
     499   2 9.477E-08 3.808E-03 Time OK
     500   2 1.730E-07 3.824E-03 Time OK
     501   2 2.818E-07 3.840E-03 Time OK
     502   3 2.508E-08 3.856E-03 Time OK
     503   3 3.868E-08 3.872E-03 Time OK
     504   8 2.613E-06 3.906E-03 Steady Fail
     505 --- --------- --------- Regridding
     505 --- --------- --------- Jacobian 00059
     505   8 3.171E-05 3.906E-03 Steady Fail
     506 --- --------- --------- Regridding
     506 --- --------- --------- Jacobian 00060
     506 --- --------- --------- Timestep 1.600E-05
     506   2 8.830E-09 3.888E-03 Time OK
     507   2 4.079E-08 3.904E-03 Time OK
     508   2 8.695E-08 3.920E-03 Time OK
     509   2 1.591E-07 3.936E-03 Time OK
     510   2 2.597E-07 3.952E-03 Time OK
     511   3 2.263E-08 3.968E-03 Time OK
     512   3 3.480E-08 3.984E-03 Time OK
     513   3 5.089E-08 4.000E-03 Time OK
     514   3 7.101E-08 4.016E-03 Time OK
     515   3 9.557E-08 4.032E-03 Time OK
     516   3 1.249E-07 4.048E-03 Time OK
     517   3 1.594E-07 4.064E-03 Time OK
     518   3 1.992E-07 4.080E-03 Time OK
     519   3 2.447E-07 4.096E-03 Time OK
     520   3 2.962E-07 4.112E-03 Time OK
     521   4 5.471E-08 4.128E-03 Time OK
     522   4 7.023E-08 4.144E-03 Time OK
     523   4 8.747E-08 4.160E-03 Time OK
     524   4 1.079E-07 4.176E-03 Time OK
     525   4 1.319E-07 4.192E-03 Time OK
     526   4 1.597E-07 4.208E-03 Time OK
     527   4 1.919E-07 4.224E-03 Time OK
     528 --- --------- --------- Regridding
     528 --- --------- --------- Jacobian 00061
     528   8 2.887E-05 3.906E-03 Steady Fail
     529 --- --------- --------- Regridding
     529 --- --------- --------- Jacobian 00062
     529 --- --------- --------- Timestep 3.200E-05
     529   2 1.063E-07 4.256E-03 Time OK
     530   2 5.115E-07 4.288E-03 Time OK
     531   3 8.494E-08 4.320E-03 Time OK
     532   3 1.958E-07 4.352E-03 Time OK
     533   3 3.739E-07 4.384E-03 Time OK
     534   3 6.296E-07 4.416E-03 Time OK
     535   3 9.736E-07 4.448E-03 Time OK
     536   4 2.227E-07 4.480E-03 Time OK
     537   4 3.571E-07 4.512E-03 Time OK
     538   4 5.366E-07 4.544E-03 Time OK
     539   4 7.801E-07 4.576E-03 Time OK
     540   5 3.866E-07 4.608E-03 Time OK
     541   5 4.906E-07 4.640E-03 Time OK
     542   9 1.484E-08 4.672E-03 Time OK
     543   8 5.598E-06 3.906E-03 Steady Fail
     544 --- --------- --------- Regridding
     544 --- --------- --------- Jacobian 00063
     544   8 2.490E-05 3.906E-03 Steady Fail
     545 --- --------- --------- Regridding
     545 --- --------- --------- Jacobian 00064
     545 --- --------- --------- Timestep 3.200E-05
     545   2 7.237E-08 4.704E-03 Time OK
     546   2 3.597E-07 4.736E-03 Time OK
     547   2 8.172E-07 4.768E-03 Time OK
     548   3 1.300E-07 4.800E-03 Time OK
     549   3 2.443E-07 4.832E-03 Time OK
     550   3 4.111E-07 4.864E-03 Time OK
     551   3 6.338E-07 4.896E-03 Time OK
     552   4 1.307E-07 4.928E-03 Time OK
     553   4 2.079E-07 4.960E-03 Time OK
     554   4 3.114E-07 4.992E-03 Time OK
     555   4 4.503E-07 5.024E-03 Time OK
     556   4 6.320E-07 5.056E-03 Time OK
     557   5 2.889E-07 5.088E-03 Time OK
     558   5 3.567E-07 5.120E-03 Time OK
     559   5 6.878E-07 5.152E-03 Time OK
     560   8 4.505E-08 5.184E-03 Time OK
     561   8 1.262E-07 5.216E-03 Time OK
     562   7 2.962E-07 5.248E-03 Time OK
     563   7 4.101E-07 5.280E-03 Time OK
     564   7 3.827E-07 5.312E-03 Time OK
     565   7 4.861E-07 5.344E-03 Time OK
     566   8 5.253E-07 5.376E-03 Time OK
     567 --- --------- --------- Regridding
     567 --- --------- --------- Jacobian 00065
     567   8 1.909E-05 3.906E-03 Steady Fail
     568 --- --------- --------- Regridding
     568 --- --------- --------- Jacobian 00066
     568 --- --------- --------- Timestep 3.200E-05
     568   2 3.936E-08 5.408E-03 Time OK
     569   2 2.036E-07 5.440E-03 Time OK
     570   2 4.628E-07 5.472E-03 Time OK
     571   3 6.836E-08 5.504E-03 Time OK
     572   3 1.278E-07 5.536E-03 Time OK
     573   3 2.132E-07 5.568E-03 Time OK
     574   3 3.268E-07 5.600E-03 Time OK
     575   3 4.714E-07 5.632E-03 Time OK
     576   3 6.498E-07 5.664E-03 Time OK
     577   4 1.326E-07 5.696E-03 Time OK
     578   4 1.928E-07 5.728E-03 Time OK
     579   4 2.671E-07 5.760E-03 Time OK
     580   4 3.621E-07 5.792E-03 Time OK
     581   4 4.808E-07 5.824E-03 Time OK
     582   5 2.001E-07 5.856E-03 Time OK
     583   5 2.418E-07 5.888E-03 Time OK
     584   5 3.903E-07 5.920E-03 Time OK
     585   5 4.938E-07 5.952E-03 Time OK
     586   8 5.642E-08 5.984E-03 Time OK
     587   6 3.111E-07 6.016E-03 Time OK
     588   8 1.905E-07 6.048E-03 Time OK
     589   7 3.189E-07 6.080E-03 Time OK
     590 --- --------- --------- Regridding
     590 --- --------- --------- Jacobian 00067
     590   8 1.270E-05 3.906E-03 Steady Fail
     591 --- --------- --------- Regridding
     591 --- --------- --------- Jacobian 00068
     591 --- --------- --------- Timestep 3.200E-05
     591   2 2.115E-08 6.112E-03 Time OK
     592   2 1.125E-07 6.144E-03 Time OK
     593   2 2.577E-07 6.176E-03 Time OK
     594   2 4.967E-07 6.208E-03 Time OK
     595   3 6.458E-08 6.240E-03 Time OK
     596   3 1.062E-07 6.272E-03 Time OK
     597   3 1.627E-07 6.304E-03 Time OK
     598   8 2.371E-06 3.906E-03 Steady Fail
     599 --- --------- --------- Regridding
     599 --- --------- --------- Jacobian 00069
     599   8 1.328E-05 7.813E-03 Steady OK
     600   2 5.761E-05 3.906E-03 Steady Fail
     601 --- --------- --------- Regridding
     601 --- --------- --------- Jacobian 00070
     601   8 2.565E-05 3.906E-03 Steady Fail
     602 --- --------- --------- Regridding
     602 --- --------- --------- Jacobian 00071
     602 --- --------- --------- Timestep 3.200E-05
     602   3 1.192E-08 6.336E-03 Time OK
     603   3 1.820E-08 6.368E-03 Time OK
     604   3 1.761E-08 6.400E-03 Time OK
     605   2 2.150E-07 6.432E-03 Time OK
     606   2 3.128E-07 6.464E-03 Time OK
     607   3 4.906E-08 6.496E-03 Time OK
     608   3 8.520E-08 6.528E-03 Time OK
     609   3 1.314E-07 6.560E-03 Time OK
     610   3 1.886E-07 6.592E-03 Time OK
     611   3 2.585E-07 6.624E-03 Time OK
     612   3 3.425E-07 6.656E-03 Time OK
     613   4 6.237E-08 6.688E-03 Time OK
     614   4 8.683E-08 6.720E-03 Time OK
     615   4 1.164E-07 6.752E-03 Time OK
     616   4 1.532E-07 6.784E-03 Time OK
     617   4 1.979E-07 6.816E-03 Time OK
     618   4 2.517E-07 6.848E-03 Time OK
     619   4 3.155E-07 6.880E-03 Time OK
     620   5 1.207E-07 6.912E-03 Time OK
     621   5 1.404E-07 6.944E-03 Time OK
     622   5 2.013E-07 6.976E-03 Time OK
     623   5 2.292E-07 7.008E-03 Time OK
     624 --- --------- --------- Regridding
     624 --- --------- --------- Jacobian 00072
     624   8 8.705E-06 7.813E-03 Steady OK
     625   2 4.221E-05 3.906E-03 Steady Fail
     626 --- --------- --------- Regridding
     626 --- --------- --------- Jacobian 00073
     626   8 1.818E-05 7.813E-03 Steady OK
     627   2 4.510E-05 3.906E-03 Steady Fail
     628 --- --------- --------- Regridding
     628 --- --------- --------- Jacobian 00074
     628   8 2.329E-05 7.813E-03 Steady OK
     629   2 4.577E-05 3.906E-03 Steady Fail
     630 --- --------- --------- Regridding
     630 --- --------- --------- Jacobian 00075
     630   8 3.121E-05 7.813E-03 Steady OK
     631   2 4.838E-05 3.906E-03 Steady Fail
     632 --- --------- --------- Regridding
     632 --- --------- --------- Jacobian 00076
     632   8 3.858E-05 7.813E-03 Steady OK
     633   2 5.158E-05 3.906E-03 Steady Fail
     634 --- --------- --------- Regridding
     634 --- --------- --------- Jacobian 00077
     634   8 4.712E-05 7.813E-03 Steady OK
     635   2 5.633E-05 3.906E-03 Steady Fail
     636 --- --------- --------- Regridding
     636 --- --------- --------- Jacobian 00078
     636   7 6.152E-05 1.563E-02 Steady OK
     637   3 9.651E-05 3.906E-03 Steady Fail
     638 --- --------- --------- Regridding
     638 --- --------- --------- Jacobian 00079
     638   8 7.546E-05 7.813E-03 Steady OK
     639   2 9.115E-05 3.906E-03 Steady Fail
     640 --- --------- --------- Regridding
     640 --- --------- --------- Jacobian 00080
     640   8 8.154E-05 7.813E-03 Steady OK
     641   2 9.476E-05 3.906E-03 Steady Fail
     642 --- --------- --------- Regridding
     642 --- --------- --------- Jacobian 00081
     642   8 8.799E-05 7.813E-03 Steady OK
     643   2 9.896E-05 3.906E-03 Steady Fail
     644 --- --------- --------- Regridding
     644 --- --------- --------- Jacobian 00082
     644   8 9.443E-05 7.813E-03 Steady OK
     645   2 1.034E-04 3.906E-03 Steady Fail
     646 --- --------- --------- Regridding
     646 --- --------- --------- Jacobian 00083
     646   8 1.016E-04 3.906E-03 Steady Fail
     647 --- --------- --------- Regridding
     647 --- --------- --------- Jacobian 00084
     647 --- --------- --------- Timestep 3.200E-05
     647   2 2.582E-07 7.040E-03 Time OK
     648   2 2.056E-07 7.072E-03 Time OK
     649   3 5.481E-09 7.104E-03 Time OK
     650   3 6.176E-09 7.136E-03 Time OK
     651   2 1.720E-07 7.168E-03 Time OK
     652   2 1.523E-07 7.200E-03 Time OK
     653   2 1.486E-07 7.232E-03 Time OK
     654   2 1.691E-07 7.264E-03 Time OK
     655   2 2.168E-07 7.296E-03 Time OK
     656   3 2.426E-08 7.328E-03 Time OK
     657   3 3.695E-08 7.360E-03 Time OK
     658   3 5.543E-08 7.392E-03 Time OK
     659   3 7.972E-08 7.424E-03 Time OK
     660   3 1.106E-07 7.456E-03 Time OK
     661   3 1.485E-07 7.488E-03 Time OK
     662   3 1.940E-07 7.520E-03 Time OK
     663   3 2.473E-07 7.552E-03 Time OK
     664   4 5.001E-08 7.584E-03 Time OK
     665   4 6.624E-08 7.616E-03 Time OK
     666   4 8.412E-08 7.648E-03 Time OK
     667   4 1.056E-07 7.680E-03 Time OK
     668   4 1.309E-07 7.712E-03 Time OK
     669 --- --------- --------- Regridding
     669 --- --------- --------- Jacobian 00085
     669   8 7.702E-06 7.813E-03 Steady OK
     670   2 2.600E-05 3.906E-03 Steady Fail
     671 --- --------- --------- Regridding
     671 --- --------- --------- Jacobian 00086
     671   8 1.977E-05 7.813E-03 Steady OK
     672   2 2.736E-05 3.906E-03 Steady Fail
     673 --- --------- --------- Regridding
     673 --- --------- --------- Jacobian 00087
     673   7 2.923E-05 1.563E-02 Steady OK
     674   3 6.013E-05 3.906E-03 Steady Fail
     675 --- --------- --------- Regridding
     675 --- --------- --------- Jacobian 00088
     675   8 3.818E-05 7.813E-03 Steady OK
     676   2 5.007E-05 3.906E-03 Steady Fail
     677 --- --------- --------- Regridding
     677 --- --------- --------- Jacobian 00089
     677   8 4.315E-05 7.813E-03 Steady OK
     678   2 5.149E-05 3.906E-03 Steady Fail
     679 --- --------- --------- Regridding
     679 --- --------- --------- Jacobian 00090
     679   7 5.444E-05 1.563E-02 Steady OK
     680   3 7.627E-05 3.906E-03 Steady Fail
     681 --- --------- --------- Regridding
     681 --- --------- --------- Jacobian 00091
     681   8 6.535E-05 7.813E-03 Steady OK
     682   2 7.376E-05 3.906E-03 Steady Fail
     683 --- --------- --------- Regridding
     683 --- --------- --------- Jacobian 00092
     683   8 6.996E-05 7.813E-03 Steady OK
     684   2 7.619E-05 7.813E-03 Steady OK
     685   2 9.500E-05 3.906E-03 Steady Fail
     686 --- --------- --------- Regridding
     686 --- --------- --------- Jacobian 00093
     686   8 8.600E-05 7.813E-03 Steady OK
     687   2 9.369E-05 7.813E-03 Steady OK
     688   2 1.124E-04 3.906E-03 Steady Fail
     689 --- --------- --------- Regridding
     689 --- --------- --------- Jacobian 00094
     689   8 1.019E-04 3.906E-03 Steady Fail
     690 --- --------- --------- Regridding
     690 --- --------- --------- Jacobian 00095
     690 --- --------- --------- Timestep 6.400E-05
     690   2 8.584E-07 7.776E-03 Time OK
     691   2 6.375E-07 7.840E-03 Time OK
     692   3 3.892E-08 7.904E-03 Time OK
     693   3 4.474E-08 7.968E-03 Time OK
     694   8 1.369E-06 3.906E-03 Steady Fail
     695 --- --------- --------- Regridding
     695 --- --------- --------- Jacobian 00096
     695   8 1.409E-05 7.813E-03 Steady OK
     696   2 2.078E-05 3.906E-03 Steady Fail
     697 --- --------- --------- Regridding
     697 --- --------- --------- Jacobian 00097
     697   7 2.287E-05 1.563E-02 Steady OK
     698   3 4.373E-05 3.906E-03 Steady Fail
     699 --- --------- --------- Regridding
     699 --- --------- --------- Jacobian 00098
     699   8 3.272E-05 7.813E-03 Steady OK
     700   2 3.747E-05 3.906E-03 Steady Fail
     701 --- --------- --------- Regridding
     701 --- --------- --------- Jacobian 00099
     701   7 4.008E-05 1.563E-02 Steady OK
     702   3 5.564E-05 3.906E-03 Steady Fail
     703 --- --------- --------- Regridding
     703 --- --------- --------- Jacobian 00100
     703   7 5.414E-05 1.563E-02 Steady OK
     704   3 6.937E-05 3.906E-03 Steady Fail
     705 --- --------- --------- Regridding
     705 --- --------- --------- Jacobian 00101
     705   7 6.779E-05 1.563E-02 Steady OK
     706   3 8.233E-05 3.906E-03 Steady Fail
     707 --- --------- --------- Regridding
     707 --- --------- --------- Jacobian 00102
     707   7 8.094E-05 1.563E-02 Steady OK
     708   3 9.467E-05 3.906E-03 Steady Fail
     709 --- --------- --------- Regridding
     709 --- --------- --------- Jacobian 00103
     709   7 9.323E-05 1.563E-02 Steady OK
     710   3 1.061E-04 3.906E-03 Steady Fail
     711 --- --------- --------- Regridding
     711 --- --------- --------- Jacobian 00104
     711   8 9.945E-05 7.813E-03 Steady OK
     712   2 1.047E-04 3.906E-03 Steady Fail
     713 --- --------- --------- Regridding
     713 --- --------- --------- Jacobian 00105
     713   8 1.020E-04 3.906E-03 Steady Fail
     714 --- --------- --------- Regridding
     714 --- --------- --------- Jacobian 00106
     714 --- --------- --------- Timestep 6.400E-05
     714   2 7.002E-07 8.032E-03 Time OK
     715   2 5.456E-07 8.096E-03 Time OK
     716   3 2.333E-08 8.160E-03 Time OK
     717   3 3.340E-08 8.224E-03 Time OK
     718   3 4.120E-08 8.288E-03 Time OK
     719   3 4.243E-08 8.352E-03 Time OK
     720   3 3.650E-08 8.416E-03 Time OK
     721   3 5.455E-08 8.480E-03 Time OK
     722   3 1.264E-07 8.544E-03 Time OK
     723   3 2.437E-07 8.608E-03 Time OK
     724   3 4.040E-07 8.672E-03 Time OK
     725   4 9.790E-08 8.736E-03 Time OK
     726   4 1.507E-07 8.800E-03 Time OK
     727   4 2.156E-07 8.864E-03 Time OK
     728   4 2.964E-07 8.928E-03 Time OK
     729   4 3.934E-07 8.992E-03 Time OK
     730   5 1.351E-07 9.056E-03 Time OK
     731   5 1.701E-07 9.120E-03 Time OK
     732   5 2.356E-07 9.184E-03 Time OK
     733   5 2.861E-07 9.248E-03 Time OK
     734   6 2.252E-07 9.312E-03 Time OK
     735   9 1.439E-08 9.376E-03 Time OK
     736 --- --------- --------- Regridding
     736 --- --------- --------- Jacobian 00107
     736   7 7.625E-06 1.563E-02 Steady OK
     737   3 1.956E-05 3.906E-03 Steady Fail
     738 --- --------- --------- Regridding
     738 --- --------- --------- Jacobian 00108
     738   7 1.750E-05 1.563E-02 Steady OK
     739   3 2.353E-05 3.906E-03 Steady Fail
     740 --- --------- --------- Regridding
     740 --- --------- --------- Jacobian 00109
     740   7 2.249E-05 1.563E-02 Steady OK
     741   3 2.624E-05 3.906E-03 Steady Fail
     742 --- --------- --------- Regridding
     742 --- --------- --------- Jacobian 00110
     742   7 3.057E-05 1.563E-02 Steady OK
     743   3 3.198E-05 7.813E-03 Steady OK
     744   2 4.081E-05 3.906E-03 Steady Fail
     745 --- --------- --------- Regridding
     745 --- --------- --------- Jacobian 00111
     745   7 4.240E-05 1.563E-02 Steady OK
     746   3 4.555E-05 7.813E-03 Steady OK
     747   2 5.408E-05 3.906E-03 Steady Fail
     748 --- --------- --------- Regridding
     748 --- --------- --------- Jacobian 00112
     748   7 5.489E-05 1.563E-02 Steady OK
     749   3 5.856E-05 7.813E-03 Steady OK
     750   2 6.652E-05 3.906E-03 Steady Fail
     751 --- --------- --------- Regridding
     751 --- --------- --------- Jacobian 00113
     751   7 6.641E-05 1.563E-02 Steady OK
     752   3 7.013E-05 7.813E-03 Steady OK
     753   2 7.749E-05 3.906E-03 Steady Fail
     754 --- --------- --------- Regridding
     754 --- --------- --------- Jacobian 00114
     754   7 7.765E-05 1.563E-02 Steady OK
     755   3 8.116E-05 7.813E-03 Steady OK
     756   2 8.783E-05 7.813E-03 Steady OK
     757   2 9.850E-05 3.906E-03 Steady Fail
     758 --- --------- --------- Regridding
     758 --- --------- --------- Jacobian 00115
     758   7 9.767E-05 1.563E-02 Steady OK
     759   3 1.020E-04 3.906E-03 Steady Fail
     760 --- --------- --------- Regridding
     760 --- --------- --------- Jacobian 00116
     760   8 9.856E-05 7.813E-03 Steady OK
     761   2 1.001E-04 3.906E-03 Steady Fail
     762 --- --------- --------- Regridding
     762 --- --------- --------- Jacobian 00117
     762   8 9.886E-05 7.813E-03 Steady OK
     763   2 9.999E-05 7.813E-03 Steady OK
     764   2 1.029E-04 3.906E-03 Steady Fail
     765 --- --------- --------- Regridding
     765 --- --------- --------- Jacobian 00118
     765   8 1.028E-04 3.906E-03 Steady Fail
     766 --- --------- --------- Regridding
     766 --- --------- --------- Jacobian 00119
     766 --- --------- --------- Timestep 6.400E-05
     766   2 1.829E-07 9.440E-03 Time OK
     767   2 1.491E-07 9.504E-03 Time OK
     768   8 3.790E-08 9.568E-03 Time OK
     769   3 5.958E-09 9.632E-03 Time OK
     770   3 7.449E-09 9.696E-03 Time OK
     771   3 8.704E-09 9.760E-03 Time OK
     772   3 9.150E-09 9.824E-03 Time OK
     773   2 1.613E-07 9.888E-03 Time OK
     774   2 1.343E-07 9.952E-03 Time OK
     775   2 1.616E-07 1.002E-02 Time OK
     776   3 2.306E-08 1.008E-02 Time OK
     777   3 4.049E-08 1.014E-02 Time OK
     778   3 6.332E-08 1.021E-02 Time OK
     779   3 9.069E-08 1.027E-02 Time OK
     780   3 1.225E-07 1.034E-02 Time OK
     781   3 1.583E-07 1.040E-02 Time OK
     782   4 2.660E-08 1.046E-02 Time OK
     783   4 3.450E-08 1.053E-02 Time OK
     784   4 4.323E-08 1.059E-02 Time OK
     785   4 5.317E-08 1.066E-02 Time OK
     786   4 6.424E-08 1.072E-02 Time OK
     787   4 7.642E-08 1.078E-02 Time OK
     788 --- --------- --------- Regridding
     788 --- --------- --------- Jacobian 00120
     788   6 1.256E-05 3.125E-02 Steady OK
     789   4 2.084E-05 3.906E-03 Steady Fail
     790 --- --------- --------- Regridding
     790 --- --------- --------- Jacobian 00121
     790   7 2.210E-05 1.563E-02 Steady OK
     791   3 2.294E-05 7.813E-03 Steady OK
     792   2 2.580E-05 3.906E-03 Steady Fail
     793 --- --------- --------- Regridding
     793 --- --------- --------- Jacobian 00122
     793   6 2.893E-05 3.125E-02 Steady OK
     794   4 3.275E-05 3.906E-03 Steady Fail
     795 --- --------- --------- Regridding
     795 --- --------- --------- Jacobian 00123
     795   6 3.721E-05 3.125E-02 Steady OK
     796   4 4.006E-05 7.813E-03 Steady OK
     797   2 4.517E-05 3.906E-03 Steady Fail
     798 --- --------- --------- Regridding
     798 --- --------- --------- Jacobian 00124
     798   6 4.901E-05 3.125E-02 Steady OK
     799   4 5.195E-05 7.813E-03 Steady OK
     800   2 5.657E-05 7.813E-03 Steady OK
     801   2 6.310E-05 3.906E-03 Steady Fail
     802 --- --------- --------- Regridding
     802 --- --------- --------- Jacobian 00125
     802   6 6.691E-05 3.125E-02 Steady OK
     803   4 7.021E-05 7.813E-03 Steady OK
     804   2 7.482E-05 7.813E-03 Steady OK
     805   2 8.087E-05 7.813E-03 Steady OK
     806   2 8.843E-05 7.813E-03 Steady OK
     807   2 9.752E-05 3.906E-03 Steady Fail
     808 --- --------- --------- Regridding
     808 --- --------- --------- Jacobian 00126
     808   6 9.756E-05 3.125E-02 Steady OK
     809   4 1.012E-04 3.906E-03 Steady Fail
     810 --- --------- --------- Regridding
     810 --- --------- --------- Jacobian 00127
     810   6 9.849E-05 3.125E-02 Steady OK
     811   4 1.015E-04 3.906E-03 Steady Fail
     812 --- --------- --------- Regridding
     812 --- --------- --------- Jacobian 00128
     812   6 9.960E-05 3.125E-02 Steady OK
     813   4 1.021E-04 3.906E-03 Steady Fail
     814 --- --------- --------- Regridding
     814 --- --------- --------- Jacobian 00129
     814   7 9.875E-05 1.563E-02 Steady OK
     815   3 9.940E-05 7.813E-03 Steady OK
     816   2 1.007E-04 3.906E-03 Steady Fail
     817 --- --------- --------- Regridding
     817 --- --------- --------- Jacobian 00130
     817   7 9.874E-05 1.563E-02 Steady OK
     818   3 9.914E-05 7.813E-03 Steady OK
     819   2 1.001E-04 3.906E-03 Steady Fail
     820 --- --------- --------- Regridding
     820 --- --------- --------- Jacobian 00131
     820   7 9.928E-05 1.563E-02 Steady OK
     821   3 9.943E-05 7.813E-03 Steady OK
     822   2 1.000E-04 3.906E-03 Steady Fail
     823 --- --------- --------- Regridding
     823 --- --------- --------- Jacobian 00132
     823   7 1.005E-04 1.563E-02 Steady OK
     824   3 1.004E-04 3.906E-03 Steady Fail
     825 --- --------- --------- Regridding
     825 --- --------- --------- Jacobian 00133
     825   6 1.010E-04 3.125E-02 Steady OK
     826   4 1.014E-04 3.906E-03 Steady Fail
     827 --- --------- --------- Regridding
     827 --- --------- --------- Jacobian 00134
     827   6 1.039E-04 3.125E-02 Steady OK
     828   4 1.040E-04 3.906E-03 Steady Fail
     829 --- --------- --------- Regridding
     829 --- --------- --------- Jacobian 00135
     829   5 1.085E-04 6.250E-02 Steady OK
     830   5 1.102E-04 3.906E-03 Steady Fail
     831 --- --------- --------- Regridding
     831 --- --------- --------- Jacobian 00136
     831   6 1.169E-04 3.125E-02 Steady OK
     832   4 1.169E-04 3.906E-03 Steady Fail
     833 --- --------- --------- Regridding
     833 --- --------- --------- Jacobian 00137
     833   5 1.197E-04 6.250E-02 Steady OK
     834   5 1.209E-04 3.906E-03 Steady Fail
     835 --- --------- --------- Regridding
     835 --- --------- --------- Jacobian 00138
     835   5 1.273E-04 6.250E-02 Steady OK
     836   5 1.285E-04 3.906E-03 Steady Fail
     837 --- --------- --------- Regridding
     837 --- --------- --------- Jacobian 00139
     837   5 1.329E-04 6.250E-02 Steady OK
     838   5 1.338E-04 3.906E-03 Steady Fail
     839 --- --------- --------- Regridding
     839 --- --------- --------- Jacobian 00140
     839   5 1.367E-04 6.250E-02 Steady OK
     840   5 1.375E-04 3.906E-03 Steady Fail
     841 --- --------- --------- Regridding
     841 --- --------- --------- Jacobian 00141
     841   5 1.389E-04 6.250E-02 Steady OK
     842   5 1.395E-04 3.906E-03 Steady Fail
     843 --- --------- --------- Regridding
     843 --- --------- --------- Jacobian 00142
     843   5 1.399E-04 6.250E-02 Steady OK
     844   5 1.403E-04 3.906E-03 Steady Fail
     845 --- --------- --------- Regridding
     845 --- --------- --------- Jacobian 00143
     845   5 1.398E-04 6.250E-02 Steady OK
     846   5 1.400E-04 3.906E-03 Steady Fail
     847 --- --------- --------- Regridding
     847 --- --------- --------- Jacobian 00144
     847   5 1.389E-04 6.250E-02 Steady OK
     848   5 1.389E-04 3.906E-03 Steady Fail
     849 --- --------- --------- Regridding
     849 --- --------- --------- Jacobian 00145
     849   5 1.376E-04 6.250E-02 Steady OK
     850   5 1.374E-04 3.906E-03 Steady Fail
     851 --- --------- --------- Regridding
     851 --- --------- --------- Jacobian 00146
     851   4 1.385E-04 1.250E-01 Steady OK
     852   6 1.396E-04 3.906E-03 Steady Fail
     853 --- --------- --------- Regridding
     853 --- --------- --------- Jacobian 00147
     853   4 1.460E-04 1.250E-01 Steady OK
     854   6 1.470E-04 3.906E-03 Steady Fail
     855 --- --------- --------- Regridding
     855 --- --------- --------- Jacobian 00148
     855   4 1.440E-04 1.250E-01 Steady OK
     856   6 1.448E-04 3.906E-03 Steady Fail
     857 --- --------- --------- Regridding
     857 --- --------- --------- Jacobian 00149
     857   4 1.424E-04 1.250E-01 Steady OK
     858   6 1.429E-04 3.906E-03 Steady Fail
     859 --- --------- --------- Regridding
     859 --- --------- --------- Jacobian 00150
     859   4 1.371E-04 1.250E-01 Steady OK
     860   6 1.374E-04 3.906E-03 Steady Fail
     861 --- --------- --------- Regridding
     861 --- --------- --------- Jacobian 00151
     861   4 1.295E-04 1.250E-01 Steady OK
     862   6 1.296E-04 3.906E-03 Steady Fail
     863 --- --------- --------- Regridding
     863 --- --------- --------- Jacobian 00152
     863   4 1.205E-04 1.250E-01 Steady OK
     864   6 1.204E-04 3.906E-03 Steady Fail
     865 --- --------- --------- Regridding
     865 --- --------- --------- Jacobian 00153
     865   3 1.170E-04 2.500E-01 Steady OK
     866   7 1.177E-04 3.906E-03 Steady Fail
     867 --- --------- --------- Regridding
     867 --- --------- --------- Jacobian 00154
     867   3 1.119E-04 2.500E-01 Steady OK
     868   7 1.121E-04 3.906E-03 Steady Fail
     869 --- --------- --------- Regridding
     869 --- --------- --------- Jacobian 00155
     869   3 9.813E-05 2.500E-01 Steady OK
     870   4 9.863E-05 6.250E-02 Steady OK
     871   3 9.920E-05 3.125E-02 Steady OK
     872   2 1.000E-04 3.125E-02 Steady OK
     873   4 1.002E-04 3.906E-03 Steady Fail
     874 --- --------- --------- Regridding
     874 --- --------- --------- Jacobian 00156
     874   2 8.736E-05 5.000E-01 Steady OK
     875   3 9.233E-05 2.500E-01 Steady OK
     876   2 9.618E-05 2.500E-01 Steady OK
     877   2 9.723E-05 2.500E-01 Steady OK
     878   1 9.556E-05 5.000E-01 Steady OK
     879   1 6.971E-05 1.000E+00 Steady OK
     880   1 2.263E-05 1.000E+00 Steady OK
     881   1 7.834E-06 1.000E+00 Steady OK
     882   1 2.795E-06 1.000E+00 Steady OK
     883   1 9.636E-07 1.000E+00 Steady OK
     884   1 3.231E-07 1.000E+00 Steady OK
     885   1 1.074E-07 1.000E+00 Steady OK
     886   1 3.585E-08 1.000E+00 Steady OK
     887   1 1.203E-08 1.000E+00 Steady OK
     888   1 4.042E-09 1.000E+00 Steady OK
     889   1 1.356E-09 1.000E+00 Steady OK
     890   1 4.547E-10 1.000E+00 Steady OK
     891   1 1.524E-10 1.000E+00 Steady OK
     892   1 5.110E-11 1.000E+00 Steady OK
 
------------------------------------------------------------------------
 
Simulation stopped:
  => Converged!
 
------------------------------------------------------------------------
 
Postprocessing output:
  => Position reaction layer      : -1.1855384E-01 cm
  => Temperature reaction layer   :  1.4549656E+03 K
  => Mass burning rate            :  1.0622859E-03 gr/(cm2s)
  => Burning velocity (unburnt)   :  9.4322925E-01 cm/s
  => Maximum temperature          :  1.6730409E+03 K
  => Minimum temperature          :  2.9999978E+02 K
  => Flame thickness (max grad T) :  7.7352965E-02 cm
  => Stoichiometric mixture frac. :  0.0000000E+00 -
  => Position stoich mixture      :  7.6408623E-01 cm
  => Temperature at stoich mixture:  1.6656294E+03 K
  => Scalar dissipation at stoich :  1.2108773E-29 1/s
 
========================================================================
 
==> LogClose : Closing logfile
