==> LogWrite : Opening logfile
 
========================================================================
 
 
OOOOOOOOOOOOOOOOOOOOOOOOOOOOOOOOOOOOOOOOOOOOOO
O                                            O
O     @@@@  @  @  @@@@  @   @    @  @@@b     O
O     @     @  @  @     @@ @@   @@  @  @     O
O     @     @@@@  @@@@  @ @ @    @  @  @     O
O     @     @  @  @     @   @    @  @  @     O
O     @@@@  @  @  @@@@  @   @    @  @@@P     O
O                                            O
O     A ONE DIMENSIONAL FLAME CODE           O
O                                            O
O     Version:                               O
O     Release: 2012-06-01 08:38:57 +0200     O
O                                            O
OOOOOOOOOOOOOOOOOOOOOOOOOOOOOOOOOOOOOOOOOOOOOO
 
 
 
* Developed at the Eindhoven University of Technology
 
* http://www.combustion.tue.nl
 
========================================================================
 
Reading CHEM1D input files
    => Start reading chemistry 
    ==> CheckTroeData : Started
    ==> CheckTroeData : Finished
    => Finished reading chemistry
    => Thermodynamical Data   [OK]
    ElementName        Mass
    1  O                 1.5999400E+01
    2  H                 1.0079700E+00
    3  C                 1.2011200E+01
    4  N                 1.4006700E+01
    5  AR                3.9948000E+01

    SpeciesName        Mass
    1  H2                2.0159400E+00
    2  H                 1.0079700E+00
    3  O                 1.5999400E+01
    4  O2                3.1998800E+01
    5  OH                1.7007370E+01
    6  H2O               1.8015340E+01
    7  HO2               3.3006770E+01
    8  CH2               1.4027140E+01
    9  CH2(S)            1.4027140E+01
   10  CH3               1.5035110E+01
   11  CH4               1.6043080E+01
   12  CO                2.8010600E+01
   13  CO2               4.4010000E+01
   14  HCO               2.9018570E+01
   15  CH2O              3.0026540E+01
   16  CH3O              3.1034510E+01
   17  C2H4              2.8054280E+01
   18  C2H5              2.9062250E+01
   19  C2H6              3.0070220E+01
   20  N                 1.4006700E+01
   21  NO                3.0006100E+01
   22  N2                2.8013400E+01
   23  AR                3.9948000E+01

    => Reactions + rate coefficients 

       (1) O + H + M = OH + M
             A =  5.000E+17  beta = -1.000E+00  Ea/R =  0.000E+00   K
      Enhanced by:
      H2          2.00
      H2O         6.00
      CH4         2.00
      CO          1.50
      CO2         2.00
      C2H6        3.00
      AR          0.70

       (2) O + H2 = H + OH
             A =  5.000E+04  beta =  2.670E+00  Ea/R =  3.167E+03   K

       (3) O + HO2 = OH + O2
             A =  2.000E+13  beta =  0.000E+00  Ea/R =  0.000E+00   K

       (4) O + CH2 = H + HCO
             A =  8.000E+13  beta =  0.000E+00  Ea/R =  0.000E+00   K

       (5) O + CH2(S) = H + HCO
             A =  1.500E+13  beta =  0.000E+00  Ea/R =  0.000E+00   K

       (6) O + CH3 = H + CH2O
             A =  8.430E+13  beta =  0.000E+00  Ea/R =  0.000E+00   K

       (7) O + CH4 = OH + CH3
             A =  1.020E+09  beta =  1.500E+00  Ea/R =  4.331E+03   K

       (8) O + CO + M = CO2 + M
             A =  6.020E+14  beta =  0.000E+00  Ea/R =  1.511E+03   K
      Enhanced by:
      H2          2.00
      O2          6.00
      H2O         6.00
      CH4         2.00
      CO          1.50
      CO2         3.50
      C2H6        3.00
      AR          0.50

       (9) O + HCO = OH + CO
             A =  3.000E+13  beta =  0.000E+00  Ea/R =  0.000E+00   K

       (10) O + HCO = H + CO2
             A =  3.000E+13  beta =  0.000E+00  Ea/R =  0.000E+00   K

       (11) O + CH2O = OH + HCO
             A =  3.900E+13  beta =  0.000E+00  Ea/R =  1.783E+03   K

       (12) O + C2H4 = CH3 + HCO
             A =  1.920E+07  beta =  1.830E+00  Ea/R =  1.108E+02   K

       (13) O + C2H5 = CH3 + CH2O
             A =  1.320E+14  beta =  0.000E+00  Ea/R =  0.000E+00   K

       (14) O + C2H6 = OH + C2H5
             A =  8.980E+07  beta =  1.920E+00  Ea/R =  2.865E+03   K

       (15) O2 + CO = O + CO2
             A =  2.500E+12  beta =  0.000E+00  Ea/R =  2.407E+04   K

       (16) O2 + CH2O = HO2 + HCO
             A =  1.000E+14  beta =  0.000E+00  Ea/R =  2.014E+04   K

       (17) H + O2 + M = HO2 + M
             A =  2.800E+18  beta = -8.600E-01  Ea/R =  0.000E+00   K
      Enhanced by:
      O2          0.00
      H2O         0.00
      CO          0.75
      CO2         1.50
      C2H6        1.50
      N2          0.00
      AR          0.00

       (18) H + O2 + O2 = HO2 + O2
             A =  3.000E+20  beta = -1.720E+00  Ea/R =  0.000E+00   K

       (19) H + O2 + H2O = HO2 + H2O
             A =  9.380E+18  beta = -7.600E-01  Ea/R =  0.000E+00   K

       (20) H + O2 + N2 = HO2 + N2
             A =  3.750E+20  beta = -1.720E+00  Ea/R =  0.000E+00   K

       (21) H + O2 + AR = HO2 + AR
             A =  7.000E+17  beta = -8.000E-01  Ea/R =  0.000E+00   K

       (22) H + O2 = O + OH
             A =  8.300E+13  beta =  0.000E+00  Ea/R =  7.258E+03   K

       (23) H + H + M = H2 + M
             A =  1.000E+18  beta = -1.000E+00  Ea/R =  0.000E+00   K
      Enhanced by:
      H2          0.00
      H2O         0.00
      CH4         2.00
      CO2         0.00
      C2H6        3.00
      AR          0.63

       (24) H + H + H2 = H2 + H2
             A =  9.000E+16  beta = -6.000E-01  Ea/R =  0.000E+00   K

       (25) H + H + H2O = H2 + H2O
             A =  6.000E+19  beta = -1.250E+00  Ea/R =  0.000E+00   K

       (26) H + H + CO2 = H2 + CO2
             A =  5.500E+20  beta = -2.000E+00  Ea/R =  0.000E+00   K

       (27) H + OH + M = H2O + M
             A =  2.200E+22  beta = -2.000E+00  Ea/R =  0.000E+00   K
      Enhanced by:
      H2          0.73
      H2O         3.65
      CH4         2.00
      C2H6        3.00
      AR          0.38

       (28) H + HO2 = O2 + H2
             A =  2.800E+13  beta =  0.000E+00  Ea/R =  5.378E+02   K

       (29) H + HO2 = OH + OH
             A =  1.340E+14  beta =  0.000E+00  Ea/R =  3.198E+02   K

       (30) H + CH2 + M = CH3 + M
             A =  2.500E+16  beta = -8.000E-01  Ea/R =  0.000E+00   K
      LOW pressure limit: 
      A =  3.200E+27  beta = -3.140E+00  Ea/R =  6.194E+02   K
      TROE centering:
          a = 0.680E+00
       T*** = 0.780E+02 K
         T* = 0.200E+04 K
        T** = 0.559E+04 K
      Enhanced by:
      H2          2.00
      H2O         6.00
      CH4         2.00
      CO          1.50
      CO2         2.00
      C2H6        3.00
      AR          0.70

       (31) H + CH3 + M = CH4 + M
             A =  1.270E+16  beta = -6.300E-01  Ea/R =  1.929E+02   K
      LOW pressure limit: 
      A =  2.477E+33  beta = -4.760E+00  Ea/R =  1.229E+03   K
      TROE centering:
          a = 0.783E+00
       T*** = 0.740E+02 K
         T* = 0.294E+04 K
        T** = 0.696E+04 K
      Enhanced by:
      H2          2.00
      H2O         6.00
      CH4         2.00
      CO          1.50
      CO2         2.00
      C2H6        3.00
      AR          0.70

       (32) H + CH4 = CH3 + H2
             A =  6.600E+08  beta =  1.620E+00  Ea/R =  5.459E+03   K

       (33) H + HCO + M = CH2O + M
             A =  1.090E+12  beta =  4.800E-01  Ea/R = -1.309E+02   K
      LOW pressure limit: 
      A =  1.350E+24  beta = -2.570E+00  Ea/R =  7.176E+02   K
      TROE centering:
          a = 0.782E+00
       T*** = 0.271E+03 K
         T* = 0.276E+04 K
        T** = 0.657E+04 K
      Enhanced by:
      H2          2.00
      H2O         6.00
      CH4         2.00
      CO          1.50
      CO2         2.00
      C2H6        3.00
      AR          0.70

       (34) H + HCO = H2 + CO
             A =  7.340E+13  beta =  0.000E+00  Ea/R =  0.000E+00   K

       (35) H + CH2O + M = CH3O + M
             A =  5.400E+11  beta =  4.540E-01  Ea/R =  1.309E+03   K
      LOW pressure limit: 
      A =  2.200E+30  beta = -4.800E+00  Ea/R =  2.800E+03   K
      TROE centering:
          a = 0.758E+00
       T*** = 0.940E+02 K
         T* = 0.156E+04 K
        T** = 0.420E+04 K
      Enhanced by:
      H2          2.00
      H2O         6.00
      CH4         2.00
      CO          1.50
      CO2         2.00
      C2H6        3.00

       (36) H + CH2O = HCO + H2
             A =  2.300E+10  beta =  1.050E+00  Ea/R =  1.649E+03   K

       (37) H + CH3O = OH + CH3
             A =  3.200E+13  beta =  0.000E+00  Ea/R =  0.000E+00   K

       (38) H + C2H4 + M = C2H5 + M
             A =  1.080E+12  beta =  4.540E-01  Ea/R =  9.165E+02   K
      LOW pressure limit: 
      A =  1.200E+42  beta = -7.620E+00  Ea/R =  3.510E+03   K
      TROE centering:
          a = 0.975E+00
       T*** = 0.210E+03 K
         T* = 0.984E+03 K
        T** = 0.437E+04 K
      Enhanced by:
      H2          2.00
      H2O         6.00
      CH4         2.00
      CO          1.50
      CO2         2.00
      C2H6        3.00
      AR          0.70

       (39) H + C2H5 + M = C2H6 + M
             A =  5.210E+17  beta = -9.900E-01  Ea/R =  7.956E+02   K
      LOW pressure limit: 
      A =  1.990E+41  beta = -7.080E+00  Ea/R =  3.366E+03   K
      TROE centering:
          a = 0.842E+00
       T*** = 0.125E+03 K
         T* = 0.222E+04 K
        T** = 0.688E+04 K
      Enhanced by:
      H2          2.00
      H2O         6.00
      CH4         2.00
      CO          1.50
      CO2         2.00
      C2H6        3.00
      AR          0.70

       (40) H + C2H6 = C2H5 + H2
             A =  1.150E+08  beta =  1.900E+00  Ea/R =  3.792E+03   K

       (41) H2 + CO + M = CH2O + M
             A =  4.300E+07  beta =  1.500E+00  Ea/R =  4.008E+04   K
      LOW pressure limit: 
      A =  5.070E+27  beta = -3.420E+00  Ea/R =  4.248E+04   K
      TROE centering:
          a = 0.932E+00
       T*** = 0.197E+03 K
         T* = 0.154E+04 K
        T** = 0.103E+05 K
      Enhanced by:
      H2          2.00
      H2O         6.00
      CH4         2.00
      CO          1.50
      CO2         2.00
      C2H6        3.00
      AR          0.70

       (42) OH + H2 = H + H2O
             A =  2.160E+08  beta =  1.510E+00  Ea/R =  1.727E+03   K

       (43) OH + OH = O + H2O
             A =  3.570E+04  beta =  2.400E+00  Ea/R = -1.063E+03   K

       (44) OH + HO2 = O2 + H2O
             A =  2.900E+13  beta =  0.000E+00  Ea/R = -2.518E+02   K

       (45) OH + CH2 = H + CH2O
             A =  2.000E+13  beta =  0.000E+00  Ea/R =  0.000E+00   K

       (46) OH + CH2(S) = H + CH2O
             A =  3.000E+13  beta =  0.000E+00  Ea/R =  0.000E+00   K

       (47) OH + CH3 = CH2 + H2O
             A =  5.600E+07  beta =  1.600E+00  Ea/R =  2.729E+03   K

       (48) OH + CH3 = CH2(S) + H2O
             A =  2.501E+13  beta =  0.000E+00  Ea/R =  0.000E+00   K

       (49) OH + CH4 = CH3 + H2O
             A =  1.000E+08  beta =  1.600E+00  Ea/R =  1.571E+03   K

       (50) OH + CO = H + CO2
             A =  4.760E+07  beta =  1.228E+00  Ea/R =  3.525E+01   K

       (51) OH + HCO = H2O + CO
             A =  5.000E+13  beta =  0.000E+00  Ea/R =  0.000E+00   K

       (52) OH + CH2O = HCO + H2O
             A =  3.430E+09  beta =  1.180E+00  Ea/R = -2.251E+02   K

       (53) OH + C2H6 = C2H5 + H2O
             A =  3.540E+06  beta =  2.120E+00  Ea/R =  4.381E+02   K

       (54) HO2 + CH2 = OH + CH2O
             A =  2.000E+13  beta =  0.000E+00  Ea/R =  0.000E+00   K

       (55) HO2 + CH3 = O2 + CH4
             A =  1.000E+12  beta =  0.000E+00  Ea/R =  0.000E+00   K

       (56) HO2 + CH3 = OH + CH3O
             A =  2.000E+13  beta =  0.000E+00  Ea/R =  0.000E+00   K

       (57) HO2 + CO = OH + CO2
             A =  1.500E+14  beta =  0.000E+00  Ea/R =  1.188E+04   K

       (58) CH2 + O2 = OH + HCO
             A =  1.320E+13  beta =  0.000E+00  Ea/R =  7.553E+02   K

       (59) CH2 + H2 = H + CH3
             A =  5.000E+05  beta =  2.000E+00  Ea/R =  3.641E+03   K

       (60) CH2 + CH3 = H + C2H4
             A =  4.000E+13  beta =  0.000E+00  Ea/R =  0.000E+00   K

       (61) CH2 + CH4 = CH3 + CH3
             A =  2.460E+06  beta =  2.000E+00  Ea/R =  4.164E+03   K

       (62) CH2(S) + N2 = CH2 + N2
             A =  1.500E+13  beta =  0.000E+00  Ea/R =  3.021E+02   K

       (63) CH2(S) + AR = CH2 + AR
             A =  9.000E+12  beta =  0.000E+00  Ea/R =  3.021E+02   K

       (64) CH2(S) + O2 = H + OH + CO
             A =  2.800E+13  beta =  0.000E+00  Ea/R =  0.000E+00   K

       (65) CH2(S) + O2 = CO + H2O
             A =  1.200E+13  beta =  0.000E+00  Ea/R =  0.000E+00   K

       (66) CH2(S) + H2 = CH3 + H
             A =  7.000E+13  beta =  0.000E+00  Ea/R =  0.000E+00   K

       (67) CH2(S) + H2O = CH2 + H2O
             A =  3.000E+13  beta =  0.000E+00  Ea/R =  0.000E+00   K

       (68) CH2(S) + CH3 = H + C2H4
             A =  1.200E+13  beta =  0.000E+00  Ea/R = -2.870E+02   K

       (69) CH2(S) + CH4 = CH3 + CH3
             A =  1.600E+13  beta =  0.000E+00  Ea/R = -2.870E+02   K

       (70) CH2(S) + CO = CH2 + CO
             A =  9.000E+12  beta =  0.000E+00  Ea/R =  0.000E+00   K

       (71) CH2(S) + CO2 = CH2 + CO2
             A =  7.000E+12  beta =  0.000E+00  Ea/R =  0.000E+00   K

       (72) CH2(S) + CO2 = CO + CH2O
             A =  1.400E+13  beta =  0.000E+00  Ea/R =  0.000E+00   K

       (73) CH3 + O2 = O + CH3O
             A =  2.675E+13  beta =  0.000E+00  Ea/R =  1.450E+04   K

       (74) CH3 + O2 = OH + CH2O
             A =  3.600E+10  beta =  0.000E+00  Ea/R =  4.502E+03   K

       (75) CH3 + CH3 + M = C2H6 + M
             A =  2.120E+16  beta = -9.700E-01  Ea/R =  3.122E+02   K
      LOW pressure limit: 
      A =  1.770E+50  beta = -9.670E+00  Ea/R =  3.132E+03   K
      TROE centering:
          a = 0.532E+00
       T*** = 0.151E+03 K
         T* = 0.104E+04 K
        T** = 0.497E+04 K
      Enhanced by:
      H2          2.00
      H2O         6.00
      CH4         2.00
      CO          1.50
      CO2         2.00
      C2H6        3.00
      AR          0.70

       (76) CH3 + CH3 = H + C2H5
             A =  4.990E+12  beta =  1.000E-01  Ea/R =  5.338E+03   K

       (77) CH3 + HCO = CH4 + CO
             A =  2.648E+13  beta =  0.000E+00  Ea/R =  0.000E+00   K

       (78) CH3 + CH2O = HCO + CH4
             A =  3.320E+03  beta =  2.810E+00  Ea/R =  2.951E+03   K

       (79) CH3 + C2H6 = C2H5 + CH4
             A =  6.140E+06  beta =  1.740E+00  Ea/R =  5.262E+03   K

       (80) HCO + H2O = H + CO + H2O
             A =  2.244E+18  beta = -1.000E+00  Ea/R =  8.561E+03   K

       (81) HCO + M = H + CO + M
             A =  1.870E+17  beta = -1.000E+00  Ea/R =  8.561E+03   K
      Enhanced by:
      H2          2.00
      H2O         0.00
      CH4         2.00
      CO          1.50
      CO2         2.00
      C2H6        3.00

       (82) HCO + O2 = HO2 + CO
             A =  7.600E+12  beta =  0.000E+00  Ea/R =  2.014E+02   K

       (83) CH3O + O2 = HO2 + CH2O
             A =  4.280E-13  beta =  7.600E+00  Ea/R = -1.778E+03   K

       (84) C2H5 + O2 = HO2 + C2H4
             A =  8.400E+11  beta =  0.000E+00  Ea/R =  1.951E+03   K

       (85) N + NO = N2 + O
             A =  2.700E+13  beta =  0.000E+00  Ea/R =  1.788E+02   K

       (86) N + O2 = NO + O
             A =  9.000E+09  beta =  1.000E+00  Ea/R =  3.273E+03   K

       (87) N + OH = NO + H
             A =  3.360E+13  beta =  0.000E+00  Ea/R =  1.939E+02   K

    => Defaultsfile           [OK]
    => Settingsfile           [OK]
    => Commandline options    [OK]
    => Start reading .chm file
        [MSG] Transport parameters    [OK]
        [MSG] Conductivity parameters [OK]
        [MSG] Viscosity parameters    [OK]
        [MSG] Difusivity parameters   [OK]
        [MSG] Thermal parameters      [OK]
    => Reading .chm file      [OK]
    => CHEM1D datafile        [OK]
    => Setting grid weights :
        DENSITY            1.00000
        TEMP               1.00000
        CH4                1.00000
        HEATREL            1.00000
 
 
------------------------------------------------------------------------
 
Simulation settings:
    => Counterflow flame
    => Stationary solution
    => Detailed chemistry model
    => Mixture averaged diffusion model
    => No radiation model
    => No model for heat exchanger
 
------------------------------------------------------------------------
 
Variables:
       Name              BC_Left      BC_Right     Unit
  1) * H2                0.00000E+00  0.00000E+00  Mass frac.
  2) * H                 0.00000E+00  0.00000E+00  Mass frac.
  3) * O                 0.00000E+00  0.00000E+00  Mass frac.
  4) * O2                2.26592E-01  9.81491E-02  Mass frac.
  5) * OH                0.00000E+00  0.00000E+00  Mass frac.
  6) * H2O               0.00000E+00  0.00000E+00  Mass frac.
  7) * HO2               0.00000E+00  0.00000E+00  Mass frac.
  8) * CH2               0.00000E+00  0.00000E+00  Mass frac.
  9) * CH2(S)            0.00000E+00  0.00000E+00  Mass frac.
 10) * CH3               0.00000E+00  0.00000E+00  Mass frac.
 11) * CH4               3.40818E-02  0.00000E+00  Mass frac.
 12) * CO                0.00000E+00  0.00000E+00  Mass frac.
 13) * CO2               0.00000E+00  1.01244E-01  Mass frac.
 14) * HCO               0.00000E+00  0.00000E+00  Mass frac.
 15) * CH2O              0.00000E+00  0.00000E+00  Mass frac.
 16) * CH3O              0.00000E+00  0.00000E+00  Mass frac.
 17) * C2H4              0.00000E+00  0.00000E+00  Mass frac.
 18) * C2H5              0.00000E+00  0.00000E+00  Mass frac.
 19) * C2H6              0.00000E+00  0.00000E+00  Mass frac.
 20) * N                 0.00000E+00  0.00000E+00  Mass frac.
 21) * NO                0.00000E+00  0.00000E+00  Mass frac.
 22) * N2                7.39326E-01  8.00607E-01  Mass frac.
 23) * AR                0.00000E+00  0.00000E+00  Mass frac.
 24) * Temp              3.00000E+02  1.66600E+03  K
 25) * Massflow          1.35147E-02  2.55192E-03  gr/(cm2 s)
 26) * Enthalpy         -1.56496E+02  6.66297E+02  J/gr
 27) * MixFrac           1.00000E+00  1.00000E+00  -
 28) * Stretch           2.17271E+02  5.00000E+02  1/s
 29)   Press             1.00000E+05  1.00000E+05  Pa
 30)   Density           1.12622E-03  2.12660E-04  gr/cm3
 31)   MeanMass          2.80918E+01  2.94575E+01  gr/mol
 32)   Surface           0.00000E+00  0.00000E+00  cm2
 33)   Porosity          0.00000E+00  0.00000E+00  -
 34)   Tsolid            0.00000E+00  0.00000E+00  K
 35)   HeatRel           0.00000E+00  0.00000E+00  J/(cm3 s)
 36)   Dissipation       0.00000E+00  0.00000E+00  -
 
------------------------------------------------------------------------
 
       0 --- --------- --------- Start solver
       1 --- --------- --------- Regridding
       1 --- --------- --------- Jacobian 00001
       1   8 2.137E-04 3.906E-03 Steady Fail
       2 --- --------- --------- Regridding
       2 --- --------- --------- Jacobian 00002
       2 --- --------- --------- Timestep 1.000E-06
       2   1 2.374E-07 1.000E-06 Time OK
       3   1 1.460E-06 2.000E-06 Time OK
       4   6 3.488E-08 3.000E-06 Time OK
       5   7 2.026E-08 4.000E-06 Time OK
       6   7 2.091E-08 5.000E-06 Time OK
       7   7 2.099E-08 6.000E-06 Time OK
       8   7 2.087E-08 7.000E-06 Time OK
       9   7 2.070E-08 8.000E-06 Time OK
      10   7 2.051E-08 9.000E-06 Time OK
      11   7 2.032E-08 1.000E-05 Time OK
      12   7 2.012E-08 1.100E-05 Time OK
      13   7 1.993E-08 1.200E-05 Time OK
      14   7 1.974E-08 1.300E-05 Time OK
      15   7 1.955E-08 1.400E-05 Time OK
      16   7 1.937E-08 1.500E-05 Time OK
      17   7 1.919E-08 1.600E-05 Time OK
      18   7 1.900E-08 1.700E-05 Time OK
      19   7 1.883E-08 1.800E-05 Time OK
      20   7 1.865E-08 1.900E-05 Time OK
      21   7 1.847E-08 2.000E-05 Time OK
      22   7 1.830E-08 2.100E-05 Time OK
      23   7 1.813E-08 2.200E-05 Time OK
      24 --- --------- --------- Regridding
      24 --- --------- --------- Jacobian 00003
      24   8 1.693E-02 3.906E-03 Steady Fail
      25 --- --------- --------- Regridding
      25 --- --------- --------- Jacobian 00004
      25 --- --------- --------- Timestep 1.000E-06
      25   1 5.573E-09 2.300E-05 Time OK
      26   1 1.030E-08 2.400E-05 Time OK
      27   1 2.453E-09 2.500E-05 Time OK
      28   1 1.904E-09 2.600E-05 Time OK
      29   1 4.293E-09 2.700E-05 Time OK
      30   1 5.686E-09 2.800E-05 Time OK
      31   1 6.154E-09 2.900E-05 Time OK
      32   1 6.108E-09 3.000E-05 Time OK
      33   1 5.842E-09 3.100E-05 Time OK
      34   1 5.512E-09 3.200E-05 Time OK
      35   1 5.186E-09 3.300E-05 Time OK
      36   1 4.889E-09 3.400E-05 Time OK
      37   1 4.635E-09 3.500E-05 Time OK
      38   1 4.429E-09 3.600E-05 Time OK
      39   1 4.277E-09 3.700E-05 Time OK
      40   1 4.179E-09 3.800E-05 Time OK
      41   1 4.137E-09 3.900E-05 Time OK
      42   1 4.146E-09 4.000E-05 Time OK
      43   1 4.202E-09 4.100E-05 Time OK
      44   1 4.301E-09 4.200E-05 Time OK
      45   1 4.435E-09 4.300E-05 Time OK
      46   1 4.601E-09 4.400E-05 Time OK
      47 --- --------- --------- Regridding
      47 --- --------- --------- Jacobian 00005
      47   8 1.445E-02 3.906E-03 Steady Fail
      48 --- --------- --------- Regridding
      48 --- --------- --------- Jacobian 00006
      48 --- --------- --------- Timestep 2.000E-06
      48   1 7.711E-09 4.600E-05 Time OK
      49   1 4.369E-09 4.800E-05 Time OK
      50   1 4.328E-09 5.000E-05 Time OK
      51   1 8.334E-09 5.200E-05 Time OK
      52   1 1.100E-08 5.400E-05 Time OK
      53   2 4.269E-11 5.600E-05 Time OK
      54   2 5.393E-11 5.800E-05 Time OK
      55   2 6.739E-11 6.000E-05 Time OK
      56   2 8.342E-11 6.200E-05 Time OK
      57   2 1.023E-10 6.400E-05 Time OK
      58   2 1.241E-10 6.600E-05 Time OK
      59   2 1.491E-10 6.800E-05 Time OK
      60   2 1.774E-10 7.000E-05 Time OK
      61   2 2.091E-10 7.200E-05 Time OK
      62   2 2.443E-10 7.400E-05 Time OK
      63   2 2.833E-10 7.600E-05 Time OK
      64   2 3.263E-10 7.800E-05 Time OK
      65   2 3.734E-10 8.000E-05 Time OK
      66   2 4.248E-10 8.200E-05 Time OK
      67   2 4.808E-10 8.400E-05 Time OK
      68   2 5.415E-10 8.600E-05 Time OK
      69   2 6.073E-10 8.800E-05 Time OK
      70 --- --------- --------- Regridding
      70 --- --------- --------- Jacobian 00007
      70   8 1.046E-02 3.906E-03 Steady Fail
      71 --- --------- --------- Regridding
      71 --- --------- --------- Jacobian 00008
      71 --- --------- --------- Timestep 4.000E-06
      71   1 5.061E-08 9.200E-05 Time OK
      72   1 3.146E-08 9.600E-05 Time OK
      73   2 6.713E-10 1.000E-04 Time OK
      74   2 1.045E-09 1.040E-04 Time OK
      75   2 1.521E-09 1.080E-04 Time OK
      76   2 2.134E-09 1.120E-04 Time OK
      77   2 2.896E-09 1.160E-04 Time OK
      78   2 3.812E-09 1.200E-04 Time OK
      79   2 4.885E-09 1.240E-04 Time OK
      80   2 6.126E-09 1.280E-04 Time OK
      81   2 7.543E-09 1.320E-04 Time OK
      82   2 9.149E-09 1.360E-04 Time OK
      83   2 1.096E-08 1.400E-04 Time OK
      84   2 1.298E-08 1.440E-04 Time OK
      85   2 1.522E-08 1.480E-04 Time OK
      86   2 1.770E-08 1.520E-04 Time OK
      87   2 2.044E-08 1.560E-04 Time OK
      88   3 2.284E-10 1.600E-04 Time OK
      89   3 2.783E-10 1.640E-04 Time OK
      90   3 3.366E-10 1.680E-04 Time OK
      91   3 4.039E-10 1.720E-04 Time OK
      92   3 4.814E-10 1.760E-04 Time OK
      93 --- --------- --------- Regridding
      93 --- --------- --------- Jacobian 00009
      93   8 6.166E-03 3.906E-03 Steady Fail
      94 --- --------- --------- Regridding
      94 --- --------- --------- Jacobian 00010
      94 --- --------- --------- Timestep 8.000E-06
      94   1 5.083E-07 1.840E-04 Time OK
      95   1 5.432E-07 1.920E-04 Time OK
      96   2 2.914E-08 2.000E-04 Time OK
      97   2 4.732E-08 2.080E-04 Time OK
      98   2 7.272E-08 2.160E-04 Time OK
      99   2 1.064E-07 2.240E-04 Time OK
     100   3 1.944E-09 2.320E-04 Time OK
     101   3 3.105E-09 2.400E-04 Time OK
     102   3 4.710E-09 2.480E-04 Time OK
     103   3 6.860E-09 2.560E-04 Time OK
     104   3 9.668E-09 2.640E-04 Time OK
     105   3 1.326E-08 2.720E-04 Time OK
     106   3 1.778E-08 2.800E-04 Time OK
     107   3 2.338E-08 2.880E-04 Time OK
     108   3 3.022E-08 2.960E-04 Time OK
     109   3 3.849E-08 3.040E-04 Time OK
     110   3 4.840E-08 3.120E-04 Time OK
     111   3 6.016E-08 3.200E-04 Time OK
     112   3 7.401E-08 3.280E-04 Time OK
     113   3 9.022E-08 3.360E-04 Time OK
     114   3 1.090E-07 3.440E-04 Time OK
     115   3 1.308E-07 3.520E-04 Time OK
     116 --- --------- --------- Regridding
     116 --- --------- --------- Jacobian 00011
     116   8 2.841E-03 3.906E-03 Steady Fail
     117 --- --------- --------- Regridding
     117 --- --------- --------- Jacobian 00012
     117 --- --------- --------- Timestep 1.600E-05
     117   2 1.536E-07 3.680E-04 Time OK
     118   2 5.611E-07 3.840E-04 Time OK
     119   3 2.522E-08 4.000E-04 Time OK
     120   3 6.876E-08 4.160E-04 Time OK
     121   3 1.497E-07 4.320E-04 Time OK
     122   3 2.815E-07 4.480E-04 Time OK
     123   3 4.798E-07 4.640E-04 Time OK
     124   3 7.631E-07 4.800E-04 Time OK
     125   3 1.152E-06 4.960E-04 Time OK
     126   4 1.197E-07 5.120E-04 Time OK
     127   4 1.825E-07 5.280E-04 Time OK
     128   4 2.695E-07 5.440E-04 Time OK
     129   4 3.858E-07 5.600E-04 Time OK
     130   4 5.378E-07 5.760E-04 Time OK
     131   4 7.330E-07 5.920E-04 Time OK
     132   4 9.797E-07 6.080E-04 Time OK
     133   4 1.287E-06 6.240E-04 Time OK
     134   4 1.666E-06 6.400E-04 Time OK
     135   4 2.129E-06 6.560E-04 Time OK
     136   5 1.114E-06 6.720E-04 Time OK
     137   5 1.422E-06 6.880E-04 Time OK
     138   5 1.804E-06 7.040E-04 Time OK
     139 --- --------- --------- Regridding
     139 --- --------- --------- Jacobian 00013
     139   8 1.054E-03 3.906E-03 Steady Fail
     140 --- --------- --------- Regridding
     140 --- --------- --------- Jacobian 00014
     140 --- --------- --------- Timestep 1.600E-05
     140   2 3.527E-07 7.200E-04 Time OK
     141   2 1.379E-06 7.360E-04 Time OK
     142   3 1.158E-07 7.520E-04 Time OK
     143   3 2.974E-07 7.680E-04 Time OK
     144   3 6.203E-07 7.840E-04 Time OK
     145   3 1.117E-06 8.000E-04 Time OK
     146   3 1.825E-06 8.160E-04 Time OK
     147   4 2.534E-07 8.320E-04 Time OK
     148   4 4.052E-07 8.480E-04 Time OK
     149   4 6.204E-07 8.640E-04 Time OK
     150   4 9.102E-07 8.800E-04 Time OK
     151   4 1.290E-06 8.960E-04 Time OK
     152   4 1.778E-06 9.120E-04 Time OK
     153   4 2.393E-06 9.280E-04 Time OK
     154   4 3.159E-06 9.440E-04 Time OK
     155   5 1.587E-06 9.600E-04 Time OK
     156   5 2.060E-06 9.760E-04 Time OK
     157   5 2.653E-06 9.920E-04 Time OK
     158   5 3.359E-06 1.008E-03 Time OK
     159   8 4.367E-05 3.906E-03 Steady Fail
     160 --- --------- --------- Regridding
     160 --- --------- --------- Jacobian 00015
     160   8 6.040E-04 3.906E-03 Steady Fail
     161 --- --------- --------- Regridding
     161 --- --------- --------- Jacobian 00016
     161 --- --------- --------- Timestep 1.600E-05
     161   2 5.036E-07 1.024E-03 Time OK
     162   2 2.071E-06 1.040E-03 Time OK
     163   3 2.276E-07 1.056E-03 Time OK
     164   3 5.600E-07 1.072E-03 Time OK
     165   3 1.127E-06 1.088E-03 Time OK
     166   3 1.973E-06 1.104E-03 Time OK
     167   4 3.230E-07 1.120E-03 Time OK
     168   4 5.393E-07 1.136E-03 Time OK
     169   4 8.516E-07 1.152E-03 Time OK
     170   4 1.277E-06 1.168E-03 Time OK
     171   4 1.840E-06 1.184E-03 Time OK
     172   4 2.566E-06 1.200E-03 Time OK
     173   4 3.483E-06 1.216E-03 Time OK
     174   5 1.631E-06 1.232E-03 Time OK
     175   5 2.165E-06 1.248E-03 Time OK
     176   5 2.842E-06 1.264E-03 Time OK
     177   5 3.656E-06 1.280E-03 Time OK
     178   6 2.072E-06 1.296E-03 Time OK
     179   6 2.730E-06 1.312E-03 Time OK
     180   6 3.568E-06 1.328E-03 Time OK
     181   6 4.601E-06 1.344E-03 Time OK
     182   7 2.426E-06 1.360E-03 Time OK
     183 --- --------- --------- Regridding
     183 --- --------- --------- Jacobian 00017
     183   8 3.540E-04 3.906E-03 Steady Fail
     184 --- --------- --------- Regridding
     184 --- --------- --------- Jacobian 00018
     184 --- --------- --------- Timestep 1.600E-05
     184   2 5.907E-07 1.376E-03 Time OK
     185   2 2.658E-06 1.392E-03 Time OK
     186   3 3.216E-07 1.408E-03 Time OK
     187   3 7.664E-07 1.424E-03 Time OK
     188   3 1.510E-06 1.440E-03 Time OK
     189   3 2.596E-06 1.456E-03 Time OK
     190   4 4.857E-07 1.472E-03 Time OK
     191   4 7.984E-07 1.488E-03 Time OK
     192   4 1.245E-06 1.504E-03 Time OK
     193   4 1.846E-06 1.520E-03 Time OK
     194   4 2.629E-06 1.536E-03 Time OK
     195   4 3.628E-06 1.552E-03 Time OK
     196   5 1.606E-06 1.568E-03 Time OK
     197   5 2.157E-06 1.584E-03 Time OK
     198   5 2.860E-06 1.600E-03 Time OK
     199   5 3.710E-06 1.616E-03 Time OK
     200   6 2.082E-06 1.632E-03 Time OK
     201   6 2.746E-06 1.648E-03 Time OK
     202   6 3.587E-06 1.664E-03 Time OK
     203   6 4.621E-06 1.680E-03 Time OK
     204   7 2.616E-06 1.696E-03 Time OK
     205   7 3.438E-06 1.712E-03 Time OK
     206 --- --------- --------- Regridding
     206 --- --------- --------- Jacobian 00019
     206   8 2.560E-04 3.906E-03 Steady Fail
     207 --- --------- --------- Regridding
     207 --- --------- --------- Jacobian 00020
     207 --- --------- --------- Timestep 1.600E-05
     207   2 6.014E-07 1.728E-03 Time OK
     208   2 2.780E-06 1.744E-03 Time OK
     209   3 3.495E-07 1.760E-03 Time OK
     210   3 8.218E-07 1.776E-03 Time OK
     211   3 1.601E-06 1.792E-03 Time OK
     212   3 2.726E-06 1.808E-03 Time OK
     213   4 5.402E-07 1.824E-03 Time OK
     214   8 1.582E-05 3.906E-03 Steady Fail
     215 --- --------- --------- Regridding
     215 --- --------- --------- Jacobian 00021
     215   8 3.048E-04 3.906E-03 Steady Fail
     216 --- --------- --------- Regridding
     216 --- --------- --------- Jacobian 00022
     216 --- --------- --------- Timestep 1.600E-05
     216   2 5.537E-07 1.840E-03 Time OK
     217   2 2.239E-06 1.856E-03 Time OK
     218   3 3.161E-07 1.872E-03 Time OK
     219   3 7.403E-07 1.888E-03 Time OK
     220   3 1.439E-06 1.904E-03 Time OK
     221   3 2.451E-06 1.920E-03 Time OK
     222   4 4.857E-07 1.936E-03 Time OK
     223   4 7.936E-07 1.952E-03 Time OK
     224   4 1.231E-06 1.968E-03 Time OK
     225   4 1.814E-06 1.984E-03 Time OK
     226   4 2.570E-06 2.000E-03 Time OK
     227   5 1.071E-06 2.016E-03 Time OK
     228   5 1.475E-06 2.032E-03 Time OK
     229   5 1.995E-06 2.048E-03 Time OK
     230   5 2.631E-06 2.064E-03 Time OK
     231   5 3.401E-06 2.080E-03 Time OK
     232   6 1.864E-06 2.096E-03 Time OK
     233   6 2.440E-06 2.112E-03 Time OK
     234   6 3.163E-06 2.128E-03 Time OK
     235   6 4.048E-06 2.144E-03 Time OK
     236   7 2.397E-06 2.160E-03 Time OK
     237   7 3.129E-06 2.176E-03 Time OK
     238 --- --------- --------- Regridding
     238 --- --------- --------- Jacobian 00023
     238   8 2.097E-04 3.906E-03 Steady Fail
     239 --- --------- --------- Regridding
     239 --- --------- --------- Jacobian 00024
     239 --- --------- --------- Timestep 1.600E-05
     239   2 5.208E-07 2.192E-03 Time OK
     240   2 2.383E-06 2.208E-03 Time OK
     241   3 2.961E-07 2.224E-03 Time OK
     242   3 6.929E-07 2.240E-03 Time OK
     243   3 1.344E-06 2.256E-03 Time OK
     244   3 2.278E-06 2.272E-03 Time OK
     245   4 4.566E-07 2.288E-03 Time OK
     246   4 7.424E-07 2.304E-03 Time OK
     247   4 1.146E-06 2.320E-03 Time OK
     248   4 1.681E-06 2.336E-03 Time OK
     249   4 2.371E-06 2.352E-03 Time OK
     250   4 3.238E-06 2.368E-03 Time OK
     251   5 1.313E-06 2.384E-03 Time OK
     252   5 1.747E-06 2.400E-03 Time OK
     253   5 2.298E-06 2.416E-03 Time OK
     254   5 2.959E-06 2.432E-03 Time OK
     255   5 3.744E-06 2.448E-03 Time OK
     256   6 2.060E-06 2.464E-03 Time OK
     257   6 2.633E-06 2.480E-03 Time OK
     258   6 3.340E-06 2.496E-03 Time OK
     259   7 1.947E-06 2.512E-03 Time OK
     260   7 2.516E-06 2.528E-03 Time OK
     261 --- --------- --------- Regridding
     261 --- --------- --------- Jacobian 00025
     261   8 1.815E-04 7.813E-03 Steady OK
     262   2 8.666E-04 3.906E-03 Steady Fail
     263 --- --------- --------- Regridding
     263 --- --------- --------- Jacobian 00026
     263   8 4.239E-04 3.906E-03 Steady Fail
     264 --- --------- --------- Regridding
     264 --- --------- --------- Jacobian 00027
     264 --- --------- --------- Timestep 1.600E-05
     264   3 4.021E-08 2.544E-03 Time OK
     265   3 1.373E-07 2.560E-03 Time OK
     266   3 2.599E-07 2.576E-03 Time OK
     267   3 4.329E-07 2.592E-03 Time OK
     268   3 7.533E-07 2.608E-03 Time OK
     269   3 1.252E-06 2.624E-03 Time OK
     270   3 1.956E-06 2.640E-03 Time OK
     271   8 9.117E-06 3.906E-03 Steady Fail
     272 --- --------- --------- Regridding
     272 --- --------- --------- Jacobian 00028
     272   8 2.209E-04 3.906E-03 Steady Fail
     273 --- --------- --------- Regridding
     273 --- --------- --------- Jacobian 00029
     273 --- --------- --------- Timestep 1.600E-05
     273   2 3.556E-07 2.656E-03 Time OK
     274   2 1.414E-06 2.672E-03 Time OK
     275   3 1.878E-07 2.688E-03 Time OK
     276   3 4.350E-07 2.704E-03 Time OK
     277   3 8.364E-07 2.720E-03 Time OK
     278   3 1.414E-06 2.736E-03 Time OK
     279   3 2.190E-06 2.752E-03 Time OK
     280   4 4.348E-07 2.768E-03 Time OK
     281   4 6.674E-07 2.784E-03 Time OK
     282   4 9.858E-07 2.800E-03 Time OK
     283   4 1.396E-06 2.816E-03 Time OK
     284   4 1.914E-06 2.832E-03 Time OK
     285   4 2.554E-06 2.848E-03 Time OK
     286   5 1.007E-06 2.864E-03 Time OK
     287   5 1.317E-06 2.880E-03 Time OK
     288   5 1.708E-06 2.896E-03 Time OK
     289   5 2.175E-06 2.912E-03 Time OK
     290   5 2.728E-06 2.928E-03 Time OK
     291   6 1.433E-06 2.944E-03 Time OK
     292   6 1.818E-06 2.960E-03 Time OK
     293   6 2.288E-06 2.976E-03 Time OK
     294   6 2.853E-06 2.992E-03 Time OK
     295 --- --------- --------- Regridding
     295 --- --------- --------- Jacobian 00030
     295   8 1.639E-04 3.906E-03 Steady Fail
     296 --- --------- --------- Regridding
     296 --- --------- --------- Jacobian 00031
     296 --- --------- --------- Timestep 1.600E-05
     296   2 3.192E-07 3.008E-03 Time OK
     297   2 1.405E-06 3.024E-03 Time OK
     298   3 1.558E-07 3.040E-03 Time OK
     299   3 3.662E-07 3.056E-03 Time OK
     300   3 7.131E-07 3.072E-03 Time OK
     301   3 1.210E-06 3.088E-03 Time OK
     302   3 1.875E-06 3.104E-03 Time OK
     303   4 3.684E-07 3.120E-03 Time OK
     304   4 5.631E-07 3.136E-03 Time OK
     305   4 8.278E-07 3.152E-03 Time OK
     306   4 1.168E-06 3.168E-03 Time OK
     307   4 1.593E-06 3.184E-03 Time OK
     308   4 2.117E-06 3.200E-03 Time OK
     309   5 7.987E-07 3.216E-03 Time OK
     310   5 1.043E-06 3.232E-03 Time OK
     311   5 1.347E-06 3.248E-03 Time OK
     312   5 1.708E-06 3.264E-03 Time OK
     313   5 2.130E-06 3.280E-03 Time OK
     314   5 2.623E-06 3.296E-03 Time OK
     315   6 1.363E-06 3.312E-03 Time OK
     316   6 1.693E-06 3.328E-03 Time OK
     317   6 2.093E-06 3.344E-03 Time OK
     318 --- --------- --------- Regridding
     318 --- --------- --------- Jacobian 00032
     318   8 1.450E-04 7.813E-03 Steady OK
     319   2 6.442E-04 3.906E-03 Steady Fail
     320 --- --------- --------- Regridding
     320 --- --------- --------- Jacobian 00033
     320   8 3.120E-04 3.906E-03 Steady Fail
     321 --- --------- --------- Regridding
     321 --- --------- --------- Jacobian 00034
     321 --- --------- --------- Timestep 1.600E-05
     321   3 2.759E-08 3.360E-03 Time OK
     322   3 7.906E-08 3.376E-03 Time OK
     323   3 1.438E-07 3.392E-03 Time OK
     324   3 2.301E-07 3.408E-03 Time OK
     325   3 3.925E-07 3.424E-03 Time OK
     326   3 6.463E-07 3.440E-03 Time OK
     327   3 1.004E-06 3.456E-03 Time OK
     328   8 7.372E-06 3.906E-03 Steady Fail
     329 --- --------- --------- Regridding
     329 --- --------- --------- Jacobian 00035
     329   8 1.591E-04 3.906E-03 Steady Fail
     330 --- --------- --------- Regridding
     330 --- --------- --------- Jacobian 00036
     330 --- --------- --------- Timestep 1.600E-05
     330   2 2.010E-07 3.472E-03 Time OK
     331   2 8.216E-07 3.488E-03 Time OK
     332   2 1.625E-06 3.504E-03 Time OK
     333   3 2.153E-07 3.520E-03 Time OK
     334   3 4.114E-07 3.536E-03 Time OK
     335   3 6.980E-07 3.552E-03 Time OK
     336   3 1.082E-06 3.568E-03 Time OK
     337   3 1.575E-06 3.584E-03 Time OK
     338   4 2.979E-07 3.600E-03 Time OK
     339   4 4.359E-07 3.616E-03 Time OK
     340   4 6.194E-07 3.632E-03 Time OK
     341   4 8.498E-07 3.648E-03 Time OK
     342   4 1.134E-06 3.664E-03 Time OK
     343   4 1.478E-06 3.680E-03 Time OK
     344   4 1.890E-06 3.696E-03 Time OK
     345   5 7.032E-07 3.712E-03 Time OK
     346   5 8.875E-07 3.728E-03 Time OK
     347   5 1.116E-06 3.744E-03 Time OK
     348   5 1.383E-06 3.760E-03 Time OK
     349   5 1.692E-06 3.776E-03 Time OK
     350   5 2.049E-06 3.792E-03 Time OK
     351   6 1.030E-06 3.808E-03 Time OK
     352 --- --------- --------- Regridding
     352 --- --------- --------- Jacobian 00037
     352   8 1.268E-04 3.906E-03 Steady Fail
     353 --- --------- --------- Regridding
     353 --- --------- --------- Jacobian 00038
     353 --- --------- --------- Timestep 1.600E-05
     353   2 1.690E-07 3.824E-03 Time OK
     354   2 7.599E-07 3.840E-03 Time OK
     355   2 1.380E-06 3.856E-03 Time OK
     356   3 1.664E-07 3.872E-03 Time OK
     357   3 3.235E-07 3.888E-03 Time OK
     358   3 5.520E-07 3.904E-03 Time OK
     359   3 8.570E-07 3.920E-03 Time OK
     360   3 1.247E-06 3.936E-03 Time OK
     361   4 2.298E-07 3.952E-03 Time OK
     362   4 3.356E-07 3.968E-03 Time OK
     363   4 4.753E-07 3.984E-03 Time OK
     364   4 6.504E-07 4.000E-03 Time OK
     365   4 8.655E-07 4.016E-03 Time OK
     366   4 1.126E-06 4.032E-03 Time OK
     367   4 1.435E-06 4.048E-03 Time OK
     368   4 1.799E-06 4.064E-03 Time OK
     369   5 6.510E-07 4.080E-03 Time OK
     370   5 8.073E-07 4.096E-03 Time OK
     371   5 9.996E-07 4.112E-03 Time OK
     372   5 1.221E-06 4.128E-03 Time OK
     373   5 1.474E-06 4.144E-03 Time OK
     374   5 1.763E-06 4.160E-03 Time OK
     375 --- --------- --------- Regridding
     375 --- --------- --------- Jacobian 00039
     375   8 1.106E-04 7.813E-03 Steady OK
     376   2 4.805E-04 3.906E-03 Steady Fail
     377 --- --------- --------- Regridding
     377 --- --------- --------- Jacobian 00040
     377   8 2.231E-04 3.906E-03 Steady Fail
     378 --- --------- --------- Regridding
     378 --- --------- --------- Jacobian 00041
     378 --- --------- --------- Timestep 1.600E-05
     378   3 1.757E-08 4.176E-03 Time OK
     379   3 4.073E-08 4.192E-03 Time OK
     380   3 6.867E-08 4.208E-03 Time OK
     381   3 1.035E-07 4.224E-03 Time OK
     382   3 1.739E-07 4.240E-03 Time OK
     383   3 2.853E-07 4.256E-03 Time OK
     384   8 5.054E-06 3.906E-03 Steady Fail
     385 --- --------- --------- Regridding
     385 --- --------- --------- Jacobian 00042
     385   8 1.201E-04 3.906E-03 Steady Fail
     386 --- --------- --------- Regridding
     386 --- --------- --------- Jacobian 00043
     386 --- --------- --------- Timestep 1.600E-05
     386   2 1.049E-07 4.272E-03 Time OK
     387   2 4.355E-07 4.288E-03 Time OK
     388   2 8.475E-07 4.304E-03 Time OK
     389   3 9.574E-08 4.320E-03 Time OK
     390   3 1.833E-07 4.336E-03 Time OK
     391   3 3.111E-07 4.352E-03 Time OK
     392   3 4.824E-07 4.368E-03 Time OK
     393   3 7.022E-07 4.384E-03 Time OK
     394   3 9.753E-07 4.400E-03 Time OK
     395   4 1.708E-07 4.416E-03 Time OK
     396   4 2.413E-07 4.432E-03 Time OK
     397   4 3.327E-07 4.448E-03 Time OK
     398   4 4.454E-07 4.464E-03 Time OK
     399   4 5.822E-07 4.480E-03 Time OK
     400   4 7.459E-07 4.496E-03 Time OK
     401   4 9.390E-07 4.512E-03 Time OK
     402   4 1.165E-06 4.528E-03 Time OK
     403   5 4.085E-07 4.544E-03 Time OK
     404   5 5.034E-07 4.560E-03 Time OK
     405   5 6.192E-07 4.576E-03 Time OK
     406   5 7.524E-07 4.592E-03 Time OK
     407   5 9.044E-07 4.608E-03 Time OK
     408 --- --------- --------- Regridding
     408 --- --------- --------- Jacobian 00044
     408   8 9.555E-05 7.813E-03 Steady OK
     409   2 4.229E-04 3.906E-03 Steady Fail
     410 --- --------- --------- Regridding
     410 --- --------- --------- Jacobian 00045
     410   8 1.961E-04 3.906E-03 Steady Fail
     411 --- --------- --------- Regridding
     411 --- --------- --------- Jacobian 00046
     411 --- --------- --------- Timestep 1.600E-05
     411   3 1.356E-08 4.624E-03 Time OK
     412   3 2.763E-08 4.640E-03 Time OK
     413   3 4.497E-08 4.656E-03 Time OK
     414   3 6.610E-08 4.672E-03 Time OK
     415   3 1.087E-07 4.688E-03 Time OK
     416   3 1.767E-07 4.704E-03 Time OK
     417   3 2.728E-07 4.720E-03 Time OK
     418   3 4.007E-07 4.736E-03 Time OK
     419   3 5.640E-07 4.752E-03 Time OK
     420   3 7.655E-07 4.768E-03 Time OK
     421   3 1.008E-06 4.784E-03 Time OK
     422   4 1.755E-07 4.800E-03 Time OK
     423   4 2.372E-07 4.816E-03 Time OK
     424   4 3.156E-07 4.832E-03 Time OK
     425   4 4.100E-07 4.848E-03 Time OK
     426   4 5.222E-07 4.864E-03 Time OK
     427   4 6.542E-07 4.880E-03 Time OK
     428   4 8.078E-07 4.896E-03 Time OK
     429   4 9.849E-07 4.912E-03 Time OK
     430   5 3.390E-07 4.928E-03 Time OK
     431   5 4.115E-07 4.944E-03 Time OK
     432   5 4.993E-07 4.960E-03 Time OK
     433 --- --------- --------- Regridding
     433 --- --------- --------- Jacobian 00047
     433   8 8.481E-05 7.813E-03 Steady OK
     434   2 3.683E-04 3.906E-03 Steady Fail
     435 --- --------- --------- Regridding
     435 --- --------- --------- Jacobian 00048
     435   8 1.726E-04 3.906E-03 Steady Fail
     436 --- --------- --------- Regridding
     436 --- --------- --------- Jacobian 00049
     436 --- --------- --------- Timestep 1.600E-05
     436   2 8.440E-07 4.976E-03 Time OK
     437   3 2.044E-08 4.992E-03 Time OK
     438   3 3.163E-08 5.008E-03 Time OK
     439   3 4.507E-08 5.024E-03 Time OK
     440   3 7.375E-08 5.040E-03 Time OK
     441   3 1.200E-07 5.056E-03 Time OK
     442   8 3.910E-06 3.906E-03 Steady Fail
     443 --- --------- --------- Regridding
     443 --- --------- --------- Jacobian 00050
     443   8 8.647E-05 3.906E-03 Steady Fail
     444 --- --------- --------- Regridding
     444 --- --------- --------- Jacobian 00051
     444 --- --------- --------- Timestep 1.600E-05
     444   2 5.155E-08 5.072E-03 Time OK
     445   2 2.246E-07 5.088E-03 Time OK
     446   2 4.235E-07 5.104E-03 Time OK
     447   2 6.938E-07 5.120E-03 Time OK
     448   3 7.764E-08 5.136E-03 Time OK
     449   3 1.302E-07 5.152E-03 Time OK
     450   3 2.020E-07 5.168E-03 Time OK
     451   3 2.943E-07 5.184E-03 Time OK
     452   3 4.090E-07 5.200E-03 Time OK
     453   3 5.482E-07 5.216E-03 Time OK
     454   3 7.133E-07 5.232E-03 Time OK
     455   4 1.214E-07 5.248E-03 Time OK
     456   4 1.619E-07 5.264E-03 Time OK
     457   4 2.127E-07 5.280E-03 Time OK
     458   4 2.733E-07 5.296E-03 Time OK
     459   4 3.449E-07 5.312E-03 Time OK
     460   4 4.286E-07 5.328E-03 Time OK
     461   4 5.254E-07 5.344E-03 Time OK
     462   4 6.364E-07 5.360E-03 Time OK
     463   4 7.627E-07 5.376E-03 Time OK
     464   4 9.054E-07 5.392E-03 Time OK
     465   5 3.063E-07 5.408E-03 Time OK
     466 --- --------- --------- Regridding
     466 --- --------- --------- Jacobian 00052
     466   8 7.548E-05 7.813E-03 Steady OK
     467   2 3.108E-04 3.906E-03 Steady Fail
     468 --- --------- --------- Regridding
     468 --- --------- --------- Jacobian 00053
     468   8 1.457E-04 3.906E-03 Steady Fail
     469 --- --------- --------- Regridding
     469 --- --------- --------- Jacobian 00054
     469 --- --------- --------- Timestep 1.600E-05
     469   2 6.824E-07 5.424E-03 Time OK
     470   3 1.448E-08 5.440E-03 Time OK
     471   3 2.122E-08 5.456E-03 Time OK
     472   3 2.921E-08 5.472E-03 Time OK
     473   3 4.698E-08 5.488E-03 Time OK
     474   3 7.606E-08 5.504E-03 Time OK
     475   3 1.171E-07 5.520E-03 Time OK
     476   3 1.716E-07 5.536E-03 Time OK
     477   3 2.412E-07 5.552E-03 Time OK
     478   3 3.273E-07 5.568E-03 Time OK
     479   3 4.307E-07 5.584E-03 Time OK
     480   3 5.525E-07 5.600E-03 Time OK
     481   3 6.936E-07 5.616E-03 Time OK
     482   4 1.167E-07 5.632E-03 Time OK
     483   4 1.508E-07 5.648E-03 Time OK
     484   4 1.930E-07 5.664E-03 Time OK
     485   4 2.425E-07 5.680E-03 Time OK
     486   4 3.001E-07 5.696E-03 Time OK
     487   4 3.665E-07 5.712E-03 Time OK
     488   4 4.425E-07 5.728E-03 Time OK
     489   4 5.287E-07 5.744E-03 Time OK
     490   4 6.259E-07 5.760E-03 Time OK
     491 --- --------- --------- Regridding
     491 --- --------- --------- Jacobian 00055
     491   8 6.345E-05 7.813E-03 Steady OK
     492   2 2.599E-04 3.906E-03 Steady Fail
     493 --- --------- --------- Regridding
     493 --- --------- --------- Jacobian 00056
     493   8 1.208E-04 3.906E-03 Steady Fail
     494 --- --------- --------- Regridding
     494 --- --------- --------- Jacobian 00057
     494 --- --------- --------- Timestep 3.200E-05
     494   2 2.974E-06 5.792E-03 Time OK
     495   3 1.583E-07 5.824E-03 Time OK
     496   3 3.033E-07 5.856E-03 Time OK
     497   8 4.770E-06 3.906E-03 Steady Fail
     498 --- --------- --------- Regridding
     498 --- --------- --------- Jacobian 00058
     498   8 5.951E-05 3.906E-03 Steady Fail
     499 --- --------- --------- Regridding
     499 --- --------- --------- Jacobian 00059
     499 --- --------- --------- Timestep 3.200E-05
     499   2 2.926E-07 5.888E-03 Time OK
     500   2 1.412E-06 5.920E-03 Time OK
     501   3 2.759E-07 5.952E-03 Time OK
     502   3 6.111E-07 5.984E-03 Time OK
     503   3 1.131E-06 6.016E-03 Time OK
     504   3 1.851E-06 6.048E-03 Time OK
     505   4 3.826E-07 6.080E-03 Time OK
     506   4 6.220E-07 6.112E-03 Time OK
     507   4 9.602E-07 6.144E-03 Time OK
     508   4 1.406E-06 6.176E-03 Time OK
     509   4 1.980E-06 6.208E-03 Time OK
     510   5 7.051E-07 6.240E-03 Time OK
     511   5 9.678E-07 6.272E-03 Time OK
     512   5 1.313E-06 6.304E-03 Time OK
     513   5 1.742E-06 6.336E-03 Time OK
     514   5 2.272E-06 6.368E-03 Time OK
     515   6 1.141E-06 6.400E-03 Time OK
     516   6 1.506E-06 6.432E-03 Time OK
     517   6 1.970E-06 6.464E-03 Time OK
     518   6 2.557E-06 6.496E-03 Time OK
     519   7 1.678E-06 6.528E-03 Time OK
     520   7 2.210E-06 6.560E-03 Time OK
     521 --- --------- --------- Regridding
     521 --- --------- --------- Jacobian 00060
     521   8 1.186E-04 7.813E-03 Steady OK
     522   2 1.605E-04 3.906E-03 Steady Fail
     523 --- --------- --------- Regridding
     523 --- --------- --------- Jacobian 00061
     523   8 1.203E-04 7.813E-03 Steady OK
     524   2 2.132E-04 3.906E-03 Steady Fail
     525 --- --------- --------- Regridding
     525 --- --------- --------- Jacobian 00062
     525   8 1.338E-04 3.906E-03 Steady Fail
     526 --- --------- --------- Regridding
     526 --- --------- --------- Jacobian 00063
     526 --- --------- --------- Timestep 3.200E-05
     526   3 5.280E-08 6.592E-03 Time OK
     527   3 9.720E-08 6.624E-03 Time OK
     528   3 1.626E-07 6.656E-03 Time OK
     529   3 2.741E-07 6.688E-03 Time OK
     530   3 4.570E-07 6.720E-03 Time OK
     531   3 7.218E-07 6.752E-03 Time OK
     532   3 1.083E-06 6.784E-03 Time OK
     533   3 1.551E-06 6.816E-03 Time OK
     534   4 2.937E-07 6.848E-03 Time OK
     535   4 4.403E-07 6.880E-03 Time OK
     536   4 6.388E-07 6.912E-03 Time OK
     537   4 8.900E-07 6.944E-03 Time OK
     538   4 1.203E-06 6.976E-03 Time OK
     539   4 1.586E-06 7.008E-03 Time OK
     540   5 5.346E-07 7.040E-03 Time OK
     541   5 6.949E-07 7.072E-03 Time OK
     542   5 9.008E-07 7.104E-03 Time OK
     543   5 1.148E-06 7.136E-03 Time OK
     544   5 1.444E-06 7.168E-03 Time OK
     545   5 1.797E-06 7.200E-03 Time OK
     546   6 8.607E-07 7.232E-03 Time OK
     547   6 1.091E-06 7.264E-03 Time OK
     548 --- --------- --------- Regridding
     548 --- --------- --------- Jacobian 00064
     548   8 9.514E-05 7.813E-03 Steady OK
     549   2 1.155E-04 3.906E-03 Steady Fail
     550 --- --------- --------- Regridding
     550 --- --------- --------- Jacobian 00065
     550   8 9.609E-05 7.813E-03 Steady OK
     551   2 1.458E-04 3.906E-03 Steady Fail
     552 --- --------- --------- Regridding
     552 --- --------- --------- Jacobian 00066
     552   8 1.054E-04 7.813E-03 Steady OK
     553   2 1.652E-04 3.906E-03 Steady Fail
     554 --- --------- --------- Regridding
     554 --- --------- --------- Jacobian 00067
     554   8 1.163E-04 3.906E-03 Steady Fail
     555 --- --------- --------- Regridding
     555 --- --------- --------- Jacobian 00068
     555 --- --------- --------- Timestep 3.200E-05
     555   3 3.300E-08 7.296E-03 Time OK
     556   3 4.823E-08 7.328E-03 Time OK
     557   3 6.883E-08 7.360E-03 Time OK
     558   3 1.181E-07 7.392E-03 Time OK
     559   3 1.984E-07 7.424E-03 Time OK
     560   3 3.093E-07 7.456E-03 Time OK
     561   3 4.575E-07 7.488E-03 Time OK
     562   8 4.212E-06 3.906E-03 Steady Fail
     563 --- --------- --------- Regridding
     563 --- --------- --------- Jacobian 00069
     563   8 2.999E-05 7.813E-03 Steady OK
     564   2 1.161E-04 3.906E-03 Steady Fail
     565 --- --------- --------- Regridding
     565 --- --------- --------- Jacobian 00070
     565   8 5.413E-05 3.906E-03 Steady Fail
     566 --- --------- --------- Regridding
     566 --- --------- --------- Jacobian 00071
     566 --- --------- --------- Timestep 3.200E-05
     566   3 2.893E-08 7.520E-03 Time OK
     567   3 4.269E-08 7.552E-03 Time OK
     568   3 6.027E-08 7.584E-03 Time OK
     569   3 9.178E-08 7.616E-03 Time OK
     570   3 1.496E-07 7.648E-03 Time OK
     571   3 2.361E-07 7.680E-03 Time OK
     572   3 3.541E-07 7.712E-03 Time OK
     573   3 5.067E-07 7.744E-03 Time OK
     574   3 6.963E-07 7.776E-03 Time OK
     575   3 9.247E-07 7.808E-03 Time OK
     576   4 1.729E-07 7.840E-03 Time OK
     577   4 2.396E-07 7.872E-03 Time OK
     578   4 3.259E-07 7.904E-03 Time OK
     579   4 4.304E-07 7.936E-03 Time OK
     580   4 5.560E-07 7.968E-03 Time OK
     581   4 7.051E-07 8.000E-03 Time OK
     582   4 8.800E-07 8.032E-03 Time OK
     583   5 2.716E-07 8.064E-03 Time OK
     584   5 3.379E-07 8.096E-03 Time OK
     585   5 4.207E-07 8.128E-03 Time OK
     586   5 5.172E-07 8.160E-03 Time OK
     587   5 6.296E-07 8.192E-03 Time OK
     588 --- --------- --------- Regridding
     588 --- --------- --------- Jacobian 00072
     588   7 8.012E-05 1.563E-02 Steady OK
     589   3 1.761E-04 3.906E-03 Steady Fail
     590 --- --------- --------- Regridding
     590 --- --------- --------- Jacobian 00073
     590   8 9.397E-05 3.906E-03 Steady Fail
     591 --- --------- --------- Regridding
     591 --- --------- --------- Jacobian 00074
     591 --- --------- --------- Timestep 3.200E-05
     591   3 2.091E-08 8.224E-03 Time OK
     592   3 2.685E-08 8.256E-03 Time OK
     593   3 3.088E-08 8.288E-03 Time OK
     594   3 4.434E-08 8.320E-03 Time OK
     595   3 7.307E-08 8.352E-03 Time OK
     596   3 1.144E-07 8.384E-03 Time OK
     597   3 1.694E-07 8.416E-03 Time OK
     598   3 2.399E-07 8.448E-03 Time OK
     599   3 3.269E-07 8.480E-03 Time OK
     600   3 4.316E-07 8.512E-03 Time OK
     601   3 5.548E-07 8.544E-03 Time OK
     602   3 6.970E-07 8.576E-03 Time OK
     603   4 1.314E-07 8.608E-03 Time OK
     604   4 1.728E-07 8.640E-03 Time OK
     605   4 2.246E-07 8.672E-03 Time OK
     606   4 2.853E-07 8.704E-03 Time OK
     607   4 3.565E-07 8.736E-03 Time OK
     608   4 4.392E-07 8.768E-03 Time OK
     609   4 5.341E-07 8.800E-03 Time OK
     610   4 6.422E-07 8.832E-03 Time OK
     611   4 7.645E-07 8.864E-03 Time OK
     612   5 2.245E-07 8.896E-03 Time OK
     613 --- --------- --------- Regridding
     613 --- --------- --------- Jacobian 00075
     613   7 5.817E-05 1.563E-02 Steady OK
     614   3 1.142E-04 3.906E-03 Steady Fail
     615 --- --------- --------- Regridding
     615 --- --------- --------- Jacobian 00076
     615   8 7.196E-05 7.813E-03 Steady OK
     616   2 1.018E-04 3.906E-03 Steady Fail
     617 --- --------- --------- Regridding
     617 --- --------- --------- Jacobian 00077
     617   8 8.106E-05 7.813E-03 Steady OK
     618   2 1.075E-04 3.906E-03 Steady Fail
     619 --- --------- --------- Regridding
     619 --- --------- --------- Jacobian 00078
     619   8 9.161E-05 7.813E-03 Steady OK
     620   2 1.154E-04 3.906E-03 Steady Fail
     621 --- --------- --------- Regridding
     621 --- --------- --------- Jacobian 00079
     621   8 1.011E-04 3.906E-03 Steady Fail
     622 --- --------- --------- Regridding
     622 --- --------- --------- Jacobian 00080
     622 --- --------- --------- Timestep 3.200E-05
     622   2 6.171E-07 8.928E-03 Time OK
     623   2 7.979E-07 8.960E-03 Time OK
     624   3 1.109E-08 8.992E-03 Time OK
     625   3 1.822E-08 9.024E-03 Time OK
     626   3 3.104E-08 9.056E-03 Time OK
     627   3 4.663E-08 9.088E-03 Time OK
     628   8 1.784E-06 3.906E-03 Steady Fail
     629 --- --------- --------- Regridding
     629 --- --------- --------- Jacobian 00081
     629   8 2.122E-05 7.813E-03 Steady OK
     630   2 4.594E-05 3.906E-03 Steady Fail
     631 --- --------- --------- Regridding
     631 --- --------- --------- Jacobian 00082
     631   8 2.574E-05 7.813E-03 Steady OK
     632   2 5.413E-05 3.906E-03 Steady Fail
     633 --- --------- --------- Regridding
     633 --- --------- --------- Jacobian 00083
     633   8 3.353E-05 7.813E-03 Steady OK
     634   2 5.707E-05 3.906E-03 Steady Fail
     635 --- --------- --------- Regridding
     635 --- --------- --------- Jacobian 00084
     635   8 4.191E-05 7.813E-03 Steady OK
     636   2 6.135E-05 3.906E-03 Steady Fail
     637 --- --------- --------- Regridding
     637 --- --------- --------- Jacobian 00085
     637   8 4.992E-05 7.813E-03 Steady OK
     638   2 6.614E-05 3.906E-03 Steady Fail
     639 --- --------- --------- Regridding
     639 --- --------- --------- Jacobian 00086
     639   8 5.898E-05 7.813E-03 Steady OK
     640   2 7.219E-05 3.906E-03 Steady Fail
     641 --- --------- --------- Regridding
     641 --- --------- --------- Jacobian 00087
     641   8 6.753E-05 7.813E-03 Steady OK
     642   2 7.838E-05 3.906E-03 Steady Fail
     643 --- --------- --------- Regridding
     643 --- --------- --------- Jacobian 00088
     643   7 8.543E-05 1.563E-02 Steady OK
     644   3 1.350E-04 3.906E-03 Steady Fail
     645 --- --------- --------- Regridding
     645 --- --------- --------- Jacobian 00089
     645   8 9.972E-05 7.813E-03 Steady OK
     646   2 1.235E-04 3.906E-03 Steady Fail
     647 --- --------- --------- Regridding
     647 --- --------- --------- Jacobian 00090
     647   8 1.068E-04 3.906E-03 Steady Fail
     648 --- --------- --------- Regridding
     648 --- --------- --------- Jacobian 00091
     648 --- --------- --------- Timestep 3.200E-05
     648   2 2.588E-07 9.120E-03 Time OK
     649   2 3.373E-07 9.152E-03 Time OK
     650   3 3.585E-09 9.184E-03 Time OK
     651   3 8.109E-09 9.216E-03 Time OK
     652   3 1.454E-08 9.248E-03 Time OK
     653   3 2.158E-08 9.280E-03 Time OK
     654   3 3.010E-08 9.312E-03 Time OK
     655   3 4.075E-08 9.344E-03 Time OK
     656   3 5.382E-08 9.376E-03 Time OK
     657   3 6.950E-08 9.408E-03 Time OK
     658   3 8.796E-08 9.440E-03 Time OK
     659   3 1.095E-07 9.472E-03 Time OK
     660   3 1.342E-07 9.504E-03 Time OK
     661   3 1.624E-07 9.536E-03 Time OK
     662   3 1.942E-07 9.568E-03 Time OK
     663   3 2.299E-07 9.600E-03 Time OK
     664   3 2.695E-07 9.632E-03 Time OK
     665   3 3.133E-07 9.664E-03 Time OK
     666   4 4.965E-08 9.696E-03 Time OK
     667   4 6.143E-08 9.728E-03 Time OK
     668   4 7.561E-08 9.760E-03 Time OK
     669   4 9.170E-08 9.792E-03 Time OK
     670 --- --------- --------- Regridding
     670 --- --------- --------- Jacobian 00092
     670   7 3.494E-05 1.563E-02 Steady OK
     671   3 6.270E-05 3.906E-03 Steady Fail
     672 --- --------- --------- Regridding
     672 --- --------- --------- Jacobian 00093
     672   8 3.952E-05 7.813E-03 Steady OK
     673   2 5.185E-05 3.906E-03 Steady Fail
     674 --- --------- --------- Regridding
     674 --- --------- --------- Jacobian 00094
     674   8 4.557E-05 7.813E-03 Steady OK
     675   2 5.333E-05 3.906E-03 Steady Fail
     676 --- --------- --------- Regridding
     676 --- --------- --------- Jacobian 00095
     676   7 6.249E-05 1.563E-02 Steady OK
     677   3 8.753E-05 3.906E-03 Steady Fail
     678 --- --------- --------- Regridding
     678 --- --------- --------- Jacobian 00096
     678   8 7.533E-05 7.813E-03 Steady OK
     679   2 8.479E-05 3.906E-03 Steady Fail
     680 --- --------- --------- Regridding
     680 --- --------- --------- Jacobian 00097
     680   7 8.715E-05 1.563E-02 Steady OK
     681   3 1.120E-04 3.906E-03 Steady Fail
     682 --- --------- --------- Regridding
     682 --- --------- --------- Jacobian 00098
     682   8 9.791E-05 7.813E-03 Steady OK
     683   2 1.084E-04 3.906E-03 Steady Fail
     684 --- --------- --------- Regridding
     684 --- --------- --------- Jacobian 00099
     684   8 1.013E-04 3.906E-03 Steady Fail
     685 --- --------- --------- Regridding
     685 --- --------- --------- Jacobian 00100
     685 --- --------- --------- Timestep 6.400E-05
     685   3 4.828E-08 9.856E-03 Time OK
     686   3 3.046E-08 9.920E-03 Time OK
     687   3 5.170E-08 9.984E-03 Time OK
     688   3 1.162E-07 1.005E-02 Time OK
     689   3 1.848E-07 1.011E-02 Time OK
     690   3 2.613E-07 1.018E-02 Time OK
     691   3 3.523E-07 1.024E-02 Time OK
     692   3 4.634E-07 1.030E-02 Time OK
     693   3 5.995E-07 1.037E-02 Time OK
     694   3 7.641E-07 1.043E-02 Time OK
     695   4 1.350E-07 1.050E-02 Time OK
     696   4 1.925E-07 1.056E-02 Time OK
     697   4 2.667E-07 1.062E-02 Time OK
     698   4 3.578E-07 1.069E-02 Time OK
     699   8 6.896E-06 3.906E-03 Steady Fail
     700 --- --------- --------- Regridding
     700 --- --------- --------- Jacobian 00101
     700   7 3.428E-05 1.563E-02 Steady OK
     701   3 3.875E-05 3.906E-03 Steady Fail
     702 --- --------- --------- Regridding
     702 --- --------- --------- Jacobian 00102
     702   7 3.960E-05 1.563E-02 Steady OK
     703   3 4.721E-05 3.906E-03 Steady Fail
     704 --- --------- --------- Regridding
     704 --- --------- --------- Jacobian 00103
     704   7 5.147E-05 1.563E-02 Steady OK
     705   3 5.857E-05 3.906E-03 Steady Fail
     706 --- --------- --------- Regridding
     706 --- --------- --------- Jacobian 00104
     706   7 6.194E-05 1.563E-02 Steady OK
     707   3 6.947E-05 3.906E-03 Steady Fail
     708 --- --------- --------- Regridding
     708 --- --------- --------- Jacobian 00105
     708   7 7.259E-05 1.563E-02 Steady OK
     709   3 7.931E-05 7.813E-03 Steady OK
     710   2 9.707E-05 3.906E-03 Steady Fail
     711 --- --------- --------- Regridding
     711 --- --------- --------- Jacobian 00106
     711   7 9.152E-05 1.563E-02 Steady OK
     712   3 1.020E-04 3.906E-03 Steady Fail
     713 --- --------- --------- Regridding
     713 --- --------- --------- Jacobian 00107
     713   7 9.907E-05 1.563E-02 Steady OK
     714   3 1.089E-04 3.906E-03 Steady Fail
     715 --- --------- --------- Regridding
     715 --- --------- --------- Jacobian 00108
     715   8 1.058E-04 3.906E-03 Steady Fail
     716 --- --------- --------- Regridding
     716 --- --------- --------- Jacobian 00109
     716 --- --------- --------- Timestep 6.400E-05
     716   2 6.576E-07 1.075E-02 Time OK
     717   2 7.307E-07 1.082E-02 Time OK
     718   3 1.145E-08 1.088E-02 Time OK
     719   3 2.845E-08 1.094E-02 Time OK
     720   3 4.689E-08 1.101E-02 Time OK
     721   3 6.529E-08 1.107E-02 Time OK
     722   3 8.532E-08 1.114E-02 Time OK
     723   3 1.086E-07 1.120E-02 Time OK
     724   3 1.369E-07 1.126E-02 Time OK
     725   3 1.716E-07 1.133E-02 Time OK
     726   3 2.139E-07 1.139E-02 Time OK
     727   3 2.648E-07 1.146E-02 Time OK
     728   3 3.248E-07 1.152E-02 Time OK
     729   3 3.945E-07 1.158E-02 Time OK
     730   4 7.555E-08 1.165E-02 Time OK
     731   4 9.882E-08 1.171E-02 Time OK
     732   4 1.266E-07 1.178E-02 Time OK
     733   4 1.589E-07 1.184E-02 Time OK
     734   4 1.964E-07 1.190E-02 Time OK
     735   4 2.396E-07 1.197E-02 Time OK
     736   4 2.885E-07 1.203E-02 Time OK
     737   4 3.437E-07 1.210E-02 Time OK
     738 --- --------- --------- Regridding
     738 --- --------- --------- Jacobian 00110
     738   6 3.573E-05 3.125E-02 Steady OK
     739   4 3.989E-05 3.906E-03 Steady Fail
     740 --- --------- --------- Regridding
     740 --- --------- --------- Jacobian 00111
     740   6 4.366E-05 3.125E-02 Steady OK
     741   4 5.164E-05 3.906E-03 Steady Fail
     742 --- --------- --------- Regridding
     742 --- --------- --------- Jacobian 00112
     742   7 5.390E-05 1.563E-02 Steady OK
     743   3 5.600E-05 7.813E-03 Steady OK
     744   2 6.067E-05 7.813E-03 Steady OK
     745   2 6.880E-05 3.906E-03 Steady Fail
     746 --- --------- --------- Regridding
     746 --- --------- --------- Jacobian 00113
     746   7 6.821E-05 1.563E-02 Steady OK
     747   3 7.047E-05 7.813E-03 Steady OK
     748   2 7.497E-05 7.813E-03 Steady OK
     749   2 8.245E-05 7.813E-03 Steady OK
     750   2 9.341E-05 3.906E-03 Steady Fail
     751 --- --------- --------- Regridding
     751 --- --------- --------- Jacobian 00114
     751   7 8.921E-05 1.563E-02 Steady OK
     752   2 9.795E-05 1.563E-02 Steady OK
     753   3 1.060E-04 3.906E-03 Steady Fail
     754 --- --------- --------- Regridding
     754 --- --------- --------- Jacobian 00115
     754   8 1.017E-04 3.906E-03 Steady Fail
     755 --- --------- --------- Regridding
     755 --- --------- --------- Jacobian 00116
     755 --- --------- --------- Timestep 1.280E-04
     755   3 7.557E-08 1.222E-02 Time OK
     756   3 2.711E-08 1.235E-02 Time OK
     757   3 7.023E-08 1.248E-02 Time OK
     758   3 1.437E-07 1.261E-02 Time OK
     759   3 2.006E-07 1.274E-02 Time OK
     760   2 5.915E-07 1.286E-02 Time OK
     761   3 3.157E-07 1.299E-02 Time OK
     762   3 4.058E-07 1.312E-02 Time OK
     763   3 5.401E-07 1.325E-02 Time OK
     764   4 1.015E-07 1.338E-02 Time OK
     765   4 1.455E-07 1.350E-02 Time OK
     766   4 1.996E-07 1.363E-02 Time OK
     767   4 2.642E-07 1.376E-02 Time OK
     768   4 3.399E-07 1.389E-02 Time OK
     769   4 4.264E-07 1.402E-02 Time OK
     770   8 4.603E-06 3.906E-03 Steady Fail
     771 --- --------- --------- Regridding
     771 --- --------- --------- Jacobian 00117
     771   5 3.022E-05 6.250E-02 Steady OK
     772   5 3.174E-05 7.813E-03 Steady OK
     773   2 3.462E-05 7.813E-03 Steady OK
     774   2 3.886E-05 3.906E-03 Steady Fail
     775 --- --------- --------- Regridding
     775 --- --------- --------- Jacobian 00118
     775   6 3.526E-05 3.125E-02 Steady OK
     776   3 3.781E-05 1.563E-02 Steady OK
     777   3 3.998E-05 7.813E-03 Steady OK
     778   2 4.284E-05 7.813E-03 Steady OK
     779   2 4.644E-05 7.813E-03 Steady OK
     780   2 5.079E-05 7.813E-03 Steady OK
     781   2 5.588E-05 3.906E-03 Steady Fail
     782 --- --------- --------- Regridding
     782 --- --------- --------- Jacobian 00119
     782   6 5.228E-05 3.125E-02 Steady OK
     783   3 5.516E-05 1.563E-02 Steady OK
     784   2 5.999E-05 1.563E-02 Steady OK
     785   3 6.319E-05 7.813E-03 Steady OK
     786   2 6.694E-05 7.813E-03 Steady OK
     787   2 7.126E-05 7.813E-03 Steady OK
     788   2 7.614E-05 7.813E-03 Steady OK
     789   2 8.157E-05 7.813E-03 Steady OK
     790   2 8.754E-05 7.813E-03 Steady OK
     791   2 9.404E-05 7.813E-03 Steady OK
     792   2 1.010E-04 3.906E-03 Steady Fail
     793 --- --------- --------- Regridding
     793 --- --------- --------- Jacobian 00120
     793   5 9.727E-05 6.250E-02 Steady OK
     794   5 1.001E-04 3.906E-03 Steady Fail
     795 --- --------- --------- Regridding
     795 --- --------- --------- Jacobian 00121
     795   5 9.739E-05 6.250E-02 Steady OK
     796   5 9.966E-05 7.813E-03 Steady OK
     797   2 1.023E-04 3.906E-03 Steady Fail
     798 --- --------- --------- Regridding
     798 --- --------- --------- Jacobian 00122
     798   6 9.595E-05 3.125E-02 Steady OK
     799   2 9.993E-05 3.125E-02 Steady OK
     800   4 1.016E-04 3.906E-03 Steady Fail
     801 --- --------- --------- Regridding
     801 --- --------- --------- Jacobian 00123
     801   5 9.848E-05 6.250E-02 Steady OK
     802   5 9.980E-05 7.813E-03 Steady OK
     803   2 1.014E-04 3.906E-03 Steady Fail
     804 --- --------- --------- Regridding
     804 --- --------- --------- Jacobian 00124
     804   5 9.869E-05 6.250E-02 Steady OK
     805   5 9.960E-05 7.813E-03 Steady OK
     806   2 1.007E-04 3.906E-03 Steady Fail
     807 --- --------- --------- Regridding
     807 --- --------- --------- Jacobian 00125
     807   5 9.734E-05 6.250E-02 Steady OK
     808   4 9.868E-05 1.563E-02 Steady OK
     809   3 9.962E-05 7.813E-03 Steady OK
     810   2 1.007E-04 3.906E-03 Steady Fail
     811 --- --------- --------- Regridding
     811 --- --------- --------- Jacobian 00126
     811   5 9.865E-05 6.250E-02 Steady OK
     812   4 9.935E-05 1.563E-02 Steady OK
     813   3 9.991E-05 7.813E-03 Steady OK
     814   2 1.006E-04 3.906E-03 Steady Fail
     815 --- --------- --------- Regridding
     815 --- --------- --------- Jacobian 00127
     815   5 9.729E-05 6.250E-02 Steady OK
     816   3 9.818E-05 3.125E-02 Steady OK
     817   3 9.936E-05 1.563E-02 Steady OK
     818   3 1.001E-04 3.906E-03 Steady Fail
     819 --- --------- --------- Regridding
     819 --- --------- --------- Jacobian 00128
     819   4 1.003E-04 1.250E-01 Steady OK
     820   6 1.010E-04 3.906E-03 Steady Fail
     821 --- --------- --------- Regridding
     821 --- --------- --------- Jacobian 00129
     821   4 9.910E-05 1.250E-01 Steady OK
     822   5 9.984E-05 1.563E-02 Steady OK
     823   3 1.003E-04 3.906E-03 Steady Fail
     824 --- --------- --------- Regridding
     824 --- --------- --------- Jacobian 00130
     824   4 9.926E-05 1.250E-01 Steady OK
     825   4 9.969E-05 3.125E-02 Steady OK
     826   4 9.992E-05 7.813E-03 Steady OK
     827   2 1.002E-04 3.906E-03 Steady Fail
     828 --- --------- --------- Regridding
     828 --- --------- --------- Jacobian 00131
     828   3 9.603E-05 2.500E-01 Steady OK
     829   5 9.866E-05 3.125E-02 Steady OK
     830   4 9.938E-05 7.813E-03 Steady OK
     831   2 1.001E-04 3.906E-03 Steady Fail
     832 --- --------- --------- Regridding
     832 --- --------- --------- Jacobian 00132
     832   3 8.808E-05 2.500E-01 Steady OK
     833   3 9.145E-05 1.250E-01 Steady OK
     834   2 9.839E-05 1.250E-01 Steady OK
     835   5 9.923E-05 1.563E-02 Steady OK
     836   3 9.965E-05 7.813E-03 Steady OK
     837   2 1.001E-04 3.906E-03 Steady Fail
     838 --- --------- --------- Regridding
     838 --- --------- --------- Jacobian 00133
     838   1 9.714E-05 1.000E+00 Steady OK
     839   1 2.304E-05 1.000E+00 Steady OK
     840   1 5.108E-06 1.000E+00 Steady OK
     841   1 9.923E-07 1.000E+00 Steady OK
     842   1 3.337E-07 1.000E+00 Steady OK
     843   1 1.921E-07 1.000E+00 Steady OK
     844   1 3.271E-08 1.000E+00 Steady OK
     845   1 3.801E-09 1.000E+00 Steady OK
     846   1 2.468E-09 1.000E+00 Steady OK
     847   1 2.533E-10 1.000E+00 Steady OK
     848   1 1.292E-10 1.000E+00 Steady OK
     849   1 5.010E-11 1.000E+00 Steady OK
 
------------------------------------------------------------------------
 
Simulation stopped:
  => Converged!
 
------------------------------------------------------------------------
 
Postprocessing output:
  => Position reaction layer      : -1.1439498E-01 cm
  => Temperature reaction layer   :  1.4540184E+03 K
  => Mass burning rate            :  1.5197095E-03 gr/(cm2s)
  => Burning velocity (unburnt)   :  1.3493867E+00 cm/s
  => Maximum temperature          :  1.6697860E+03 K
  => Minimum temperature          :  2.9999984E+02 K
  => Flame thickness (max grad T) :  7.6401634E-02 cm
  => Stoichiometric mixture frac. :  0.0000000E+00 -
  => Position stoich mixture      : -1.3974123E-01 cm
  => Temperature at stoich mixture:  1.0513876E+03 K
  => Scalar dissipation at stoich :  0.0000000E+00 1/s
 
========================================================================
 
==> LogClose : Closing logfile
