==> LogWrite : Opening logfile
 
========================================================================
 
 
OOOOOOOOOOOOOOOOOOOOOOOOOOOOOOOOOOOOOOOOOOOOOO
O                                            O
O     @@@@  @  @  @@@@  @   @    @  @@@b     O
O     @     @  @  @     @@ @@   @@  @  @     O
O     @     @@@@  @@@@  @ @ @    @  @  @     O
O     @     @  @  @     @   @    @  @  @     O
O     @@@@  @  @  @@@@  @   @    @  @@@P     O
O                                            O
O     A ONE DIMENSIONAL FLAME CODE           O
O                                            O
O     Version:                               O
O     Release: 2012-06-01 08:38:57 +0200     O
O                                            O
OOOOOOOOOOOOOOOOOOOOOOOOOOOOOOOOOOOOOOOOOOOOOO
 
 
 
* Developed at the Eindhoven University of Technology
 
* http://www.combustion.tue.nl
 
========================================================================
 
Reading CHEM1D input files
    => Start reading chemistry 
    ==> CheckTroeData : Started
    ==> CheckTroeData : Finished
    => Finished reading chemistry
    => Thermodynamical Data   [OK]
    ElementName        Mass
    1  O                 1.5999400E+01
    2  H                 1.0079700E+00
    3  C                 1.2011200E+01
    4  N                 1.4006700E+01
    5  AR                3.9948000E+01

    SpeciesName        Mass
    1  H2                2.0159400E+00
    2  H                 1.0079700E+00
    3  O                 1.5999400E+01
    4  O2                3.1998800E+01
    5  OH                1.7007370E+01
    6  H2O               1.8015340E+01
    7  HO2               3.3006770E+01
    8  CH2               1.4027140E+01
    9  CH2(S)            1.4027140E+01
   10  CH3               1.5035110E+01
   11  CH4               1.6043080E+01
   12  CO                2.8010600E+01
   13  CO2               4.4010000E+01
   14  HCO               2.9018570E+01
   15  CH2O              3.0026540E+01
   16  CH3O              3.1034510E+01
   17  C2H4              2.8054280E+01
   18  C2H5              2.9062250E+01
   19  C2H6              3.0070220E+01
   20  N                 1.4006700E+01
   21  NO                3.0006100E+01
   22  N2                2.8013400E+01
   23  AR                3.9948000E+01

    => Reactions + rate coefficients 

       (1) O + H + M = OH + M
             A =  5.000E+17  beta = -1.000E+00  Ea/R =  0.000E+00   K
      Enhanced by:
      H2          2.00
      H2O         6.00
      CH4         2.00
      CO          1.50
      CO2         2.00
      C2H6        3.00
      AR          0.70

       (2) O + H2 = H + OH
             A =  5.000E+04  beta =  2.670E+00  Ea/R =  3.167E+03   K

       (3) O + HO2 = OH + O2
             A =  2.000E+13  beta =  0.000E+00  Ea/R =  0.000E+00   K

       (4) O + CH2 = H + HCO
             A =  8.000E+13  beta =  0.000E+00  Ea/R =  0.000E+00   K

       (5) O + CH2(S) = H + HCO
             A =  1.500E+13  beta =  0.000E+00  Ea/R =  0.000E+00   K

       (6) O + CH3 = H + CH2O
             A =  8.430E+13  beta =  0.000E+00  Ea/R =  0.000E+00   K

       (7) O + CH4 = OH + CH3
             A =  1.020E+09  beta =  1.500E+00  Ea/R =  4.331E+03   K

       (8) O + CO + M = CO2 + M
             A =  6.020E+14  beta =  0.000E+00  Ea/R =  1.511E+03   K
      Enhanced by:
      H2          2.00
      O2          6.00
      H2O         6.00
      CH4         2.00
      CO          1.50
      CO2         3.50
      C2H6        3.00
      AR          0.50

       (9) O + HCO = OH + CO
             A =  3.000E+13  beta =  0.000E+00  Ea/R =  0.000E+00   K

       (10) O + HCO = H + CO2
             A =  3.000E+13  beta =  0.000E+00  Ea/R =  0.000E+00   K

       (11) O + CH2O = OH + HCO
             A =  3.900E+13  beta =  0.000E+00  Ea/R =  1.783E+03   K

       (12) O + C2H4 = CH3 + HCO
             A =  1.920E+07  beta =  1.830E+00  Ea/R =  1.108E+02   K

       (13) O + C2H5 = CH3 + CH2O
             A =  1.320E+14  beta =  0.000E+00  Ea/R =  0.000E+00   K

       (14) O + C2H6 = OH + C2H5
             A =  8.980E+07  beta =  1.920E+00  Ea/R =  2.865E+03   K

       (15) O2 + CO = O + CO2
             A =  2.500E+12  beta =  0.000E+00  Ea/R =  2.407E+04   K

       (16) O2 + CH2O = HO2 + HCO
             A =  1.000E+14  beta =  0.000E+00  Ea/R =  2.014E+04   K

       (17) H + O2 + M = HO2 + M
             A =  2.800E+18  beta = -8.600E-01  Ea/R =  0.000E+00   K
      Enhanced by:
      O2          0.00
      H2O         0.00
      CO          0.75
      CO2         1.50
      C2H6        1.50
      N2          0.00
      AR          0.00

       (18) H + O2 + O2 = HO2 + O2
             A =  3.000E+20  beta = -1.720E+00  Ea/R =  0.000E+00   K

       (19) H + O2 + H2O = HO2 + H2O
             A =  9.380E+18  beta = -7.600E-01  Ea/R =  0.000E+00   K

       (20) H + O2 + N2 = HO2 + N2
             A =  3.750E+20  beta = -1.720E+00  Ea/R =  0.000E+00   K

       (21) H + O2 + AR = HO2 + AR
             A =  7.000E+17  beta = -8.000E-01  Ea/R =  0.000E+00   K

       (22) H + O2 = O + OH
             A =  8.300E+13  beta =  0.000E+00  Ea/R =  7.258E+03   K

       (23) H + H + M = H2 + M
             A =  1.000E+18  beta = -1.000E+00  Ea/R =  0.000E+00   K
      Enhanced by:
      H2          0.00
      H2O         0.00
      CH4         2.00
      CO2         0.00
      C2H6        3.00
      AR          0.63

       (24) H + H + H2 = H2 + H2
             A =  9.000E+16  beta = -6.000E-01  Ea/R =  0.000E+00   K

       (25) H + H + H2O = H2 + H2O
             A =  6.000E+19  beta = -1.250E+00  Ea/R =  0.000E+00   K

       (26) H + H + CO2 = H2 + CO2
             A =  5.500E+20  beta = -2.000E+00  Ea/R =  0.000E+00   K

       (27) H + OH + M = H2O + M
             A =  2.200E+22  beta = -2.000E+00  Ea/R =  0.000E+00   K
      Enhanced by:
      H2          0.73
      H2O         3.65
      CH4         2.00
      C2H6        3.00
      AR          0.38

       (28) H + HO2 = O2 + H2
             A =  2.800E+13  beta =  0.000E+00  Ea/R =  5.378E+02   K

       (29) H + HO2 = OH + OH
             A =  1.340E+14  beta =  0.000E+00  Ea/R =  3.198E+02   K

       (30) H + CH2 + M = CH3 + M
             A =  2.500E+16  beta = -8.000E-01  Ea/R =  0.000E+00   K
      LOW pressure limit: 
      A =  3.200E+27  beta = -3.140E+00  Ea/R =  6.194E+02   K
      TROE centering:
          a = 0.680E+00
       T*** = 0.780E+02 K
         T* = 0.200E+04 K
        T** = 0.559E+04 K
      Enhanced by:
      H2          2.00
      H2O         6.00
      CH4         2.00
      CO          1.50
      CO2         2.00
      C2H6        3.00
      AR          0.70

       (31) H + CH3 + M = CH4 + M
             A =  1.270E+16  beta = -6.300E-01  Ea/R =  1.929E+02   K
      LOW pressure limit: 
      A =  2.477E+33  beta = -4.760E+00  Ea/R =  1.229E+03   K
      TROE centering:
          a = 0.783E+00
       T*** = 0.740E+02 K
         T* = 0.294E+04 K
        T** = 0.696E+04 K
      Enhanced by:
      H2          2.00
      H2O         6.00
      CH4         2.00
      CO          1.50
      CO2         2.00
      C2H6        3.00
      AR          0.70

       (32) H + CH4 = CH3 + H2
             A =  6.600E+08  beta =  1.620E+00  Ea/R =  5.459E+03   K

       (33) H + HCO + M = CH2O + M
             A =  1.090E+12  beta =  4.800E-01  Ea/R = -1.309E+02   K
      LOW pressure limit: 
      A =  1.350E+24  beta = -2.570E+00  Ea/R =  7.176E+02   K
      TROE centering:
          a = 0.782E+00
       T*** = 0.271E+03 K
         T* = 0.276E+04 K
        T** = 0.657E+04 K
      Enhanced by:
      H2          2.00
      H2O         6.00
      CH4         2.00
      CO          1.50
      CO2         2.00
      C2H6        3.00
      AR          0.70

       (34) H + HCO = H2 + CO
             A =  7.340E+13  beta =  0.000E+00  Ea/R =  0.000E+00   K

       (35) H + CH2O + M = CH3O + M
             A =  5.400E+11  beta =  4.540E-01  Ea/R =  1.309E+03   K
      LOW pressure limit: 
      A =  2.200E+30  beta = -4.800E+00  Ea/R =  2.800E+03   K
      TROE centering:
          a = 0.758E+00
       T*** = 0.940E+02 K
         T* = 0.156E+04 K
        T** = 0.420E+04 K
      Enhanced by:
      H2          2.00
      H2O         6.00
      CH4         2.00
      CO          1.50
      CO2         2.00
      C2H6        3.00

       (36) H + CH2O = HCO + H2
             A =  2.300E+10  beta =  1.050E+00  Ea/R =  1.649E+03   K

       (37) H + CH3O = OH + CH3
             A =  3.200E+13  beta =  0.000E+00  Ea/R =  0.000E+00   K

       (38) H + C2H4 + M = C2H5 + M
             A =  1.080E+12  beta =  4.540E-01  Ea/R =  9.165E+02   K
      LOW pressure limit: 
      A =  1.200E+42  beta = -7.620E+00  Ea/R =  3.510E+03   K
      TROE centering:
          a = 0.975E+00
       T*** = 0.210E+03 K
         T* = 0.984E+03 K
        T** = 0.437E+04 K
      Enhanced by:
      H2          2.00
      H2O         6.00
      CH4         2.00
      CO          1.50
      CO2         2.00
      C2H6        3.00
      AR          0.70

       (39) H + C2H5 + M = C2H6 + M
             A =  5.210E+17  beta = -9.900E-01  Ea/R =  7.956E+02   K
      LOW pressure limit: 
      A =  1.990E+41  beta = -7.080E+00  Ea/R =  3.366E+03   K
      TROE centering:
          a = 0.842E+00
       T*** = 0.125E+03 K
         T* = 0.222E+04 K
        T** = 0.688E+04 K
      Enhanced by:
      H2          2.00
      H2O         6.00
      CH4         2.00
      CO          1.50
      CO2         2.00
      C2H6        3.00
      AR          0.70

       (40) H + C2H6 = C2H5 + H2
             A =  1.150E+08  beta =  1.900E+00  Ea/R =  3.792E+03   K

       (41) H2 + CO + M = CH2O + M
             A =  4.300E+07  beta =  1.500E+00  Ea/R =  4.008E+04   K
      LOW pressure limit: 
      A =  5.070E+27  beta = -3.420E+00  Ea/R =  4.248E+04   K
      TROE centering:
          a = 0.932E+00
       T*** = 0.197E+03 K
         T* = 0.154E+04 K
        T** = 0.103E+05 K
      Enhanced by:
      H2          2.00
      H2O         6.00
      CH4         2.00
      CO          1.50
      CO2         2.00
      C2H6        3.00
      AR          0.70

       (42) OH + H2 = H + H2O
             A =  2.160E+08  beta =  1.510E+00  Ea/R =  1.727E+03   K

       (43) OH + OH = O + H2O
             A =  3.570E+04  beta =  2.400E+00  Ea/R = -1.063E+03   K

       (44) OH + HO2 = O2 + H2O
             A =  2.900E+13  beta =  0.000E+00  Ea/R = -2.518E+02   K

       (45) OH + CH2 = H + CH2O
             A =  2.000E+13  beta =  0.000E+00  Ea/R =  0.000E+00   K

       (46) OH + CH2(S) = H + CH2O
             A =  3.000E+13  beta =  0.000E+00  Ea/R =  0.000E+00   K

       (47) OH + CH3 = CH2 + H2O
             A =  5.600E+07  beta =  1.600E+00  Ea/R =  2.729E+03   K

       (48) OH + CH3 = CH2(S) + H2O
             A =  2.501E+13  beta =  0.000E+00  Ea/R =  0.000E+00   K

       (49) OH + CH4 = CH3 + H2O
             A =  1.000E+08  beta =  1.600E+00  Ea/R =  1.571E+03   K

       (50) OH + CO = H + CO2
             A =  4.760E+07  beta =  1.228E+00  Ea/R =  3.525E+01   K

       (51) OH + HCO = H2O + CO
             A =  5.000E+13  beta =  0.000E+00  Ea/R =  0.000E+00   K

       (52) OH + CH2O = HCO + H2O
             A =  3.430E+09  beta =  1.180E+00  Ea/R = -2.251E+02   K

       (53) OH + C2H6 = C2H5 + H2O
             A =  3.540E+06  beta =  2.120E+00  Ea/R =  4.381E+02   K

       (54) HO2 + CH2 = OH + CH2O
             A =  2.000E+13  beta =  0.000E+00  Ea/R =  0.000E+00   K

       (55) HO2 + CH3 = O2 + CH4
             A =  1.000E+12  beta =  0.000E+00  Ea/R =  0.000E+00   K

       (56) HO2 + CH3 = OH + CH3O
             A =  2.000E+13  beta =  0.000E+00  Ea/R =  0.000E+00   K

       (57) HO2 + CO = OH + CO2
             A =  1.500E+14  beta =  0.000E+00  Ea/R =  1.188E+04   K

       (58) CH2 + O2 = OH + HCO
             A =  1.320E+13  beta =  0.000E+00  Ea/R =  7.553E+02   K

       (59) CH2 + H2 = H + CH3
             A =  5.000E+05  beta =  2.000E+00  Ea/R =  3.641E+03   K

       (60) CH2 + CH3 = H + C2H4
             A =  4.000E+13  beta =  0.000E+00  Ea/R =  0.000E+00   K

       (61) CH2 + CH4 = CH3 + CH3
             A =  2.460E+06  beta =  2.000E+00  Ea/R =  4.164E+03   K

       (62) CH2(S) + N2 = CH2 + N2
             A =  1.500E+13  beta =  0.000E+00  Ea/R =  3.021E+02   K

       (63) CH2(S) + AR = CH2 + AR
             A =  9.000E+12  beta =  0.000E+00  Ea/R =  3.021E+02   K

       (64) CH2(S) + O2 = H + OH + CO
             A =  2.800E+13  beta =  0.000E+00  Ea/R =  0.000E+00   K

       (65) CH2(S) + O2 = CO + H2O
             A =  1.200E+13  beta =  0.000E+00  Ea/R =  0.000E+00   K

       (66) CH2(S) + H2 = CH3 + H
             A =  7.000E+13  beta =  0.000E+00  Ea/R =  0.000E+00   K

       (67) CH2(S) + H2O = CH2 + H2O
             A =  3.000E+13  beta =  0.000E+00  Ea/R =  0.000E+00   K

       (68) CH2(S) + CH3 = H + C2H4
             A =  1.200E+13  beta =  0.000E+00  Ea/R = -2.870E+02   K

       (69) CH2(S) + CH4 = CH3 + CH3
             A =  1.600E+13  beta =  0.000E+00  Ea/R = -2.870E+02   K

       (70) CH2(S) + CO = CH2 + CO
             A =  9.000E+12  beta =  0.000E+00  Ea/R =  0.000E+00   K

       (71) CH2(S) + CO2 = CH2 + CO2
             A =  7.000E+12  beta =  0.000E+00  Ea/R =  0.000E+00   K

       (72) CH2(S) + CO2 = CO + CH2O
             A =  1.400E+13  beta =  0.000E+00  Ea/R =  0.000E+00   K

       (73) CH3 + O2 = O + CH3O
             A =  2.675E+13  beta =  0.000E+00  Ea/R =  1.450E+04   K

       (74) CH3 + O2 = OH + CH2O
             A =  3.600E+10  beta =  0.000E+00  Ea/R =  4.502E+03   K

       (75) CH3 + CH3 + M = C2H6 + M
             A =  2.120E+16  beta = -9.700E-01  Ea/R =  3.122E+02   K
      LOW pressure limit: 
      A =  1.770E+50  beta = -9.670E+00  Ea/R =  3.132E+03   K
      TROE centering:
          a = 0.532E+00
       T*** = 0.151E+03 K
         T* = 0.104E+04 K
        T** = 0.497E+04 K
      Enhanced by:
      H2          2.00
      H2O         6.00
      CH4         2.00
      CO          1.50
      CO2         2.00
      C2H6        3.00
      AR          0.70

       (76) CH3 + CH3 = H + C2H5
             A =  4.990E+12  beta =  1.000E-01  Ea/R =  5.338E+03   K

       (77) CH3 + HCO = CH4 + CO
             A =  2.648E+13  beta =  0.000E+00  Ea/R =  0.000E+00   K

       (78) CH3 + CH2O = HCO + CH4
             A =  3.320E+03  beta =  2.810E+00  Ea/R =  2.951E+03   K

       (79) CH3 + C2H6 = C2H5 + CH4
             A =  6.140E+06  beta =  1.740E+00  Ea/R =  5.262E+03   K

       (80) HCO + H2O = H + CO + H2O
             A =  2.244E+18  beta = -1.000E+00  Ea/R =  8.561E+03   K

       (81) HCO + M = H + CO + M
             A =  1.870E+17  beta = -1.000E+00  Ea/R =  8.561E+03   K
      Enhanced by:
      H2          2.00
      H2O         0.00
      CH4         2.00
      CO          1.50
      CO2         2.00
      C2H6        3.00

       (82) HCO + O2 = HO2 + CO
             A =  7.600E+12  beta =  0.000E+00  Ea/R =  2.014E+02   K

       (83) CH3O + O2 = HO2 + CH2O
             A =  4.280E-13  beta =  7.600E+00  Ea/R = -1.778E+03   K

       (84) C2H5 + O2 = HO2 + C2H4
             A =  8.400E+11  beta =  0.000E+00  Ea/R =  1.951E+03   K

       (85) N + NO = N2 + O
             A =  2.700E+13  beta =  0.000E+00  Ea/R =  1.788E+02   K

       (86) N + O2 = NO + O
             A =  9.000E+09  beta =  1.000E+00  Ea/R =  3.273E+03   K

       (87) N + OH = NO + H
             A =  3.360E+13  beta =  0.000E+00  Ea/R =  1.939E+02   K

    => Defaultsfile           [OK]
    => Settingsfile           [OK]
    => Commandline options    [OK]
    => Start reading .chm file
        [MSG] Transport parameters    [OK]
        [MSG] Conductivity parameters [OK]
        [MSG] Viscosity parameters    [OK]
        [MSG] Difusivity parameters   [OK]
        [MSG] Thermal parameters      [OK]
    => Reading .chm file      [OK]
    => CHEM1D datafile        [OK]
    => Setting grid weights :
        DENSITY            1.00000
        TEMP               1.00000
        CH4                1.00000
        HEATREL            1.00000
 
 
------------------------------------------------------------------------
 
Simulation settings:
    => Counterflow flame
    => Stationary solution
    => Detailed chemistry model
    => Mixture averaged diffusion model
    => No radiation model
    => No model for heat exchanger
 
------------------------------------------------------------------------
 
Variables:
       Name              BC_Left      BC_Right     Unit
  1) * H2                0.00000E+00  0.00000E+00  Mass frac.
  2) * H                 0.00000E+00  0.00000E+00  Mass frac.
  3) * O                 0.00000E+00  0.00000E+00  Mass frac.
  4) * O2                2.26592E-01  9.81491E-02  Mass frac.
  5) * OH                0.00000E+00  0.00000E+00  Mass frac.
  6) * H2O               0.00000E+00  0.00000E+00  Mass frac.
  7) * HO2               0.00000E+00  0.00000E+00  Mass frac.
  8) * CH2               0.00000E+00  0.00000E+00  Mass frac.
  9) * CH2(S)            0.00000E+00  0.00000E+00  Mass frac.
 10) * CH3               0.00000E+00  0.00000E+00  Mass frac.
 11) * CH4               3.40818E-02  0.00000E+00  Mass frac.
 12) * CO                0.00000E+00  0.00000E+00  Mass frac.
 13) * CO2               0.00000E+00  1.01244E-01  Mass frac.
 14) * HCO               0.00000E+00  0.00000E+00  Mass frac.
 15) * CH2O              0.00000E+00  0.00000E+00  Mass frac.
 16) * CH3O              0.00000E+00  0.00000E+00  Mass frac.
 17) * C2H4              0.00000E+00  0.00000E+00  Mass frac.
 18) * C2H5              0.00000E+00  0.00000E+00  Mass frac.
 19) * C2H6              0.00000E+00  0.00000E+00  Mass frac.
 20) * N                 0.00000E+00  0.00000E+00  Mass frac.
 21) * NO                0.00000E+00  0.00000E+00  Mass frac.
 22) * N2                7.39326E-01  8.00607E-01  Mass frac.
 23) * AR                0.00000E+00  0.00000E+00  Mass frac.
 24) * Temp              3.00000E+02  1.66600E+03  K
 25) * Massflow          1.35147E-02  2.55192E-03  gr/(cm2 s)
 26) * Enthalpy         -1.56496E+02  6.66297E+02  J/gr
 27) * MixFrac           1.00000E+00  1.00000E+00  -
 28) * Stretch           2.17271E+03  5.00000E+03  1/s
 29)   Press             1.00000E+05  1.00000E+05  Pa
 30)   Density           1.12622E-03  2.12660E-04  gr/cm3
 31)   MeanMass          2.80918E+01  2.94575E+01  gr/mol
 32)   Surface           0.00000E+00  0.00000E+00  cm2
 33)   Porosity          0.00000E+00  0.00000E+00  -
 34)   Tsolid            0.00000E+00  0.00000E+00  K
 35)   HeatRel           0.00000E+00  0.00000E+00  J/(cm3 s)
 36)   Dissipation       0.00000E+00  0.00000E+00  -
 
------------------------------------------------------------------------
 
       0 --- --------- --------- Start solver
       1 --- --------- --------- Regridding
       1 --- --------- --------- Jacobian 00001
       1   8 6.421E-04 3.906E-03 Steady Fail
       2 --- --------- --------- Regridding
       2 --- --------- --------- Jacobian 00002
       2 --- --------- --------- Timestep 1.000E-06
       2   2 3.146E-08 1.000E-06 Time OK
       3   4 3.816E-06 2.000E-06 Time OK
       4   7 1.735E-07 3.000E-06 Time OK
       5   7 1.921E-07 4.000E-06 Time OK
       6   7 2.017E-07 5.000E-06 Time OK
       7   7 2.077E-07 6.000E-06 Time OK
       8   7 2.121E-07 7.000E-06 Time OK
       9   7 2.157E-07 8.000E-06 Time OK
      10   7 2.186E-07 9.000E-06 Time OK
      11   7 2.211E-07 1.000E-05 Time OK
      12   7 2.230E-07 1.100E-05 Time OK
      13   7 2.243E-07 1.200E-05 Time OK
      14   7 2.252E-07 1.300E-05 Time OK
      15   7 2.256E-07 1.400E-05 Time OK
      16   7 2.255E-07 1.500E-05 Time OK
      17   7 2.250E-07 1.600E-05 Time OK
      18   7 2.241E-07 1.700E-05 Time OK
      19   7 2.229E-07 1.800E-05 Time OK
      20   7 2.213E-07 1.900E-05 Time OK
      21   7 2.195E-07 2.000E-05 Time OK
      22   7 2.174E-07 2.100E-05 Time OK
      23   7 2.152E-07 2.200E-05 Time OK
      24 --- --------- --------- Regridding
      24 --- --------- --------- Jacobian 00003
      24   8 1.858E-03 3.906E-03 Steady Fail
      25 --- --------- --------- Regridding
      25 --- --------- --------- Jacobian 00004
      25 --- --------- --------- Timestep 1.000E-06
      25   1 1.916E-08 2.300E-05 Time OK
      26   1 4.365E-08 2.400E-05 Time OK
      27   1 6.586E-09 2.500E-05 Time OK
      28   1 1.124E-08 2.600E-05 Time OK
      29   1 1.428E-08 2.700E-05 Time OK
      30   1 1.637E-08 2.800E-05 Time OK
      31   1 1.810E-08 2.900E-05 Time OK
      32   1 1.980E-08 3.000E-05 Time OK
      33   2 2.325E-10 3.100E-05 Time OK
      34   2 2.611E-10 3.200E-05 Time OK
      35   2 2.922E-10 3.300E-05 Time OK
      36   2 3.285E-10 3.400E-05 Time OK
      37   2 3.710E-10 3.500E-05 Time OK
      38   2 4.201E-10 3.600E-05 Time OK
      39   2 4.758E-10 3.700E-05 Time OK
      40   2 5.379E-10 3.800E-05 Time OK
      41   2 6.065E-10 3.900E-05 Time OK
      42   2 6.817E-10 4.000E-05 Time OK
      43   2 7.636E-10 4.100E-05 Time OK
      44   2 8.523E-10 4.200E-05 Time OK
      45   2 9.481E-10 4.300E-05 Time OK
      46   2 1.051E-09 4.400E-05 Time OK
      47 --- --------- --------- Regridding
      47 --- --------- --------- Jacobian 00005
      47   8 5.364E-04 3.906E-03 Steady Fail
      48 --- --------- --------- Regridding
      48 --- --------- --------- Jacobian 00006
      48 --- --------- --------- Timestep 2.000E-06
      48   1 2.079E-08 4.600E-05 Time OK
      49   1 3.809E-08 4.800E-05 Time OK
      50   2 6.164E-10 5.000E-05 Time OK
      51   2 1.092E-09 5.200E-05 Time OK
      52   2 1.711E-09 5.400E-05 Time OK
      53   2 2.488E-09 5.600E-05 Time OK
      54   2 3.439E-09 5.800E-05 Time OK
      55   2 4.577E-09 6.000E-05 Time OK
      56   2 5.917E-09 6.200E-05 Time OK
      57   2 7.469E-09 6.400E-05 Time OK
      58   2 9.245E-09 6.600E-05 Time OK
      59   2 1.126E-08 6.800E-05 Time OK
      60   2 1.351E-08 7.000E-05 Time OK
      61   2 1.603E-08 7.200E-05 Time OK
      62   2 1.881E-08 7.400E-05 Time OK
      63   2 2.187E-08 7.600E-05 Time OK
      64   2 2.521E-08 7.800E-05 Time OK
      65   3 8.600E-10 8.000E-05 Time OK
      66   3 1.028E-09 8.200E-05 Time OK
      67   3 1.221E-09 8.400E-05 Time OK
      68   3 1.437E-09 8.600E-05 Time OK
      69   3 1.678E-09 8.800E-05 Time OK
      70 --- --------- --------- Regridding
      70 --- --------- --------- Jacobian 00007
      70   8 1.113E-04 3.906E-03 Steady Fail
      71 --- --------- --------- Regridding
      71 --- --------- --------- Jacobian 00008
      71 --- --------- --------- Timestep 4.000E-06
      71   2 2.897E-09 9.200E-05 Time OK
      72   2 1.041E-08 9.600E-05 Time OK
      73   2 2.361E-08 1.000E-04 Time OK
      74   2 4.150E-08 1.040E-04 Time OK
      75   3 1.445E-09 1.080E-04 Time OK
      76   3 2.547E-09 1.120E-04 Time OK
      77   3 4.138E-09 1.160E-04 Time OK
      78   3 6.318E-09 1.200E-04 Time OK
      79   3 9.192E-09 1.240E-04 Time OK
      80   3 1.288E-08 1.280E-04 Time OK
      81   3 1.749E-08 1.320E-04 Time OK
      82   3 2.316E-08 1.360E-04 Time OK
      83   3 3.003E-08 1.400E-04 Time OK
      84   3 3.823E-08 1.440E-04 Time OK
      85   3 4.794E-08 1.480E-04 Time OK
      86   3 5.930E-08 1.520E-04 Time OK
      87   3 7.249E-08 1.560E-04 Time OK
      88   4 8.783E-09 1.600E-04 Time OK
      89   4 1.142E-08 1.640E-04 Time OK
      90   4 1.467E-08 1.680E-04 Time OK
      91   4 1.875E-08 1.720E-04 Time OK
      92   4 2.379E-08 1.760E-04 Time OK
      93 --- --------- --------- Regridding
      93 --- --------- --------- Jacobian 00009
      93   8 2.472E-05 3.906E-03 Steady Fail
      94 --- --------- --------- Regridding
      94 --- --------- --------- Jacobian 00010
      94 --- --------- --------- Timestep 8.000E-06
      94   2 6.997E-08 1.840E-04 Time OK
      95   2 2.373E-07 1.920E-04 Time OK
      96   3 2.530E-08 2.000E-04 Time OK
      97   3 6.123E-08 2.080E-04 Time OK
      98   3 1.213E-07 2.160E-04 Time OK
      99   3 2.102E-07 2.240E-04 Time OK
     100   4 4.794E-08 2.320E-04 Time OK
     101   4 8.136E-08 2.400E-04 Time OK
     102   4 1.300E-07 2.480E-04 Time OK
     103   4 1.979E-07 2.560E-04 Time OK
     104   4 2.897E-07 2.640E-04 Time OK
     105   5 1.441E-07 2.720E-04 Time OK
     106   5 2.055E-07 2.800E-04 Time OK
     107   5 2.922E-07 2.880E-04 Time OK
     108   6 1.637E-07 2.960E-04 Time OK
     109   6 2.523E-07 3.040E-04 Time OK
     110   7 1.834E-07 3.120E-04 Time OK
     111   7 2.607E-07 3.200E-04 Time OK
     112   8 2.411E-07 3.280E-04 Time OK
     113   9 2.788E-07 3.360E-04 Time OK
     114   9 3.512E-07 3.440E-04 Time OK
     115  12 3.561E-07 3.520E-04 Time OK
     116 --- --------- --------- Regridding
     116 --- --------- --------- Jacobian 00011
     116   8 8.230E-06 7.813E-03 Steady OK
     117   2 2.808E-05 3.906E-03 Steady Fail
     118 --- --------- --------- Regridding
     118 --- --------- --------- Jacobian 00012
     118   8 1.233E-05 3.906E-03 Steady Fail
     119 --- --------- --------- Regridding
     119 --- --------- --------- Jacobian 00013
     119 --- --------- --------- Timestep 4.000E-06
     119   2 1.119E-08 3.560E-04 Time OK
     120   2 5.103E-08 3.600E-04 Time OK
     121   3 8.244E-10 3.640E-04 Time OK
     122   2 4.447E-08 3.680E-04 Time OK
     123   2 3.815E-08 3.720E-04 Time OK
     124   2 4.273E-08 3.760E-04 Time OK
     125   3 2.650E-09 3.800E-04 Time OK
     126   3 4.016E-09 3.840E-04 Time OK
     127   3 5.750E-09 3.880E-04 Time OK
     128   3 7.877E-09 3.920E-04 Time OK
     129   3 1.044E-08 3.960E-04 Time OK
     130   3 1.347E-08 4.000E-04 Time OK
     131   3 1.699E-08 4.040E-04 Time OK
     132   3 2.104E-08 4.080E-04 Time OK
     133   3 2.563E-08 4.120E-04 Time OK
     134   3 3.079E-08 4.160E-04 Time OK
     135   3 3.651E-08 4.200E-04 Time OK
     136   3 4.281E-08 4.240E-04 Time OK
     137   4 9.855E-09 4.280E-04 Time OK
     138   4 1.200E-08 4.320E-04 Time OK
     139   4 1.436E-08 4.360E-04 Time OK
     140   4 1.706E-08 4.400E-04 Time OK
     141 --- --------- --------- Regridding
     141 --- --------- --------- Jacobian 00014
     141   8 5.394E-06 3.906E-03 Steady Fail
     142 --- --------- --------- Regridding
     142 --- --------- --------- Jacobian 00015
     142 --- --------- --------- Timestep 8.000E-06
     142   2 2.010E-08 4.480E-04 Time OK
     143   2 6.372E-08 4.560E-04 Time OK
     144   2 1.532E-07 4.640E-04 Time OK
     145   3 1.689E-08 4.720E-04 Time OK
     146   3 3.106E-08 4.800E-04 Time OK
     147   3 5.095E-08 4.880E-04 Time OK
     148   3 7.669E-08 4.960E-04 Time OK
     149   3 1.084E-07 5.040E-04 Time OK
     150   3 1.460E-07 5.120E-04 Time OK
     151   4 4.773E-08 5.200E-04 Time OK
     152   4 6.562E-08 5.280E-04 Time OK
     153   4 8.767E-08 5.360E-04 Time OK
     154   4 1.141E-07 5.440E-04 Time OK
     155   5 3.070E-08 5.520E-04 Time OK
     156   5 3.948E-08 5.600E-04 Time OK
     157   5 5.056E-08 5.680E-04 Time OK
     158   5 6.323E-08 5.760E-04 Time OK
     159   5 7.857E-08 5.840E-04 Time OK
     160   5 9.518E-08 5.920E-04 Time OK
     161   5 1.164E-07 6.000E-04 Time OK
     162   6 6.071E-08 6.080E-04 Time OK
     163   6 7.580E-08 6.160E-04 Time OK
     164 --- --------- --------- Regridding
     164 --- --------- --------- Jacobian 00016
     164   8 4.895E-06 7.813E-03 Steady OK
     165   2 1.139E-05 3.906E-03 Steady Fail
     166 --- --------- --------- Regridding
     166 --- --------- --------- Jacobian 00017
     166   8 6.509E-06 3.906E-03 Steady Fail
     167 --- --------- --------- Regridding
     167 --- --------- --------- Jacobian 00018
     167 --- --------- --------- Timestep 8.000E-06
     167   3 7.894E-10 6.240E-04 Time OK
     168   3 2.605E-09 6.320E-04 Time OK
     169   3 3.974E-09 6.400E-04 Time OK
     170   3 4.272E-09 6.480E-04 Time OK
     171   3 5.984E-09 6.560E-04 Time OK
     172   3 9.758E-09 6.640E-04 Time OK
     173   3 1.505E-08 6.720E-04 Time OK
     174   3 2.169E-08 6.800E-04 Time OK
     175   3 2.967E-08 6.880E-04 Time OK
     176   3 3.900E-08 6.960E-04 Time OK
     177   3 4.964E-08 7.040E-04 Time OK
     178   3 6.157E-08 7.120E-04 Time OK
     179   3 7.475E-08 7.200E-04 Time OK
     180   4 2.823E-08 7.280E-04 Time OK
     181   4 3.528E-08 7.360E-04 Time OK
     182   4 4.346E-08 7.440E-04 Time OK
     183   4 5.272E-08 7.520E-04 Time OK
     184   4 6.301E-08 7.600E-04 Time OK
     185   5 1.128E-08 7.680E-04 Time OK
     186   5 1.335E-08 7.760E-04 Time OK
     187   5 1.612E-08 7.840E-04 Time OK
     188   5 1.875E-08 7.920E-04 Time OK
     189 --- --------- --------- Regridding
     189 --- --------- --------- Jacobian 00019
     189   8 8.508E-06 7.813E-03 Steady OK
     190   2 1.017E-05 3.906E-03 Steady Fail
     191 --- --------- --------- Regridding
     191 --- --------- --------- Jacobian 00020
     191   8 1.062E-05 7.813E-03 Steady OK
     192   2 1.257E-05 3.906E-03 Steady Fail
     193 --- --------- --------- Regridding
     193 --- --------- --------- Jacobian 00021
     193   8 1.247E-05 7.813E-03 Steady OK
     194   2 1.439E-05 3.906E-03 Steady Fail
     195 --- --------- --------- Regridding
     195 --- --------- --------- Jacobian 00022
     195   8 1.810E-05 7.813E-03 Steady OK
     196   2 1.975E-05 7.813E-03 Steady OK
     197   2 2.418E-05 3.906E-03 Steady Fail
     198 --- --------- --------- Regridding
     198 --- --------- --------- Jacobian 00023
     198   8 2.117E-05 7.813E-03 Steady OK
     199   2 2.353E-05 3.906E-03 Steady Fail
     200 --- --------- --------- Regridding
     200 --- --------- --------- Jacobian 00024
     200   8 2.536E-05 7.813E-03 Steady OK
     201   2 2.743E-05 7.813E-03 Steady OK
     202   2 3.182E-05 3.906E-03 Steady Fail
     203 --- --------- --------- Regridding
     203 --- --------- --------- Jacobian 00025
     203   7 3.585E-05 1.563E-02 Steady OK
     204   3 3.994E-05 3.906E-03 Steady Fail
     205 --- --------- --------- Regridding
     205 --- --------- --------- Jacobian 00026
     205   7 4.030E-05 1.563E-02 Steady OK
     206   3 4.440E-05 3.906E-03 Steady Fail
     207 --- --------- --------- Regridding
     207 --- --------- --------- Jacobian 00027
     207   7 4.572E-05 1.563E-02 Steady OK
     208   3 4.967E-05 7.813E-03 Steady OK
     209   2 5.574E-05 3.906E-03 Steady Fail
     210 --- --------- --------- Regridding
     210 --- --------- --------- Jacobian 00028
     210   7 5.404E-05 1.563E-02 Steady OK
     211   3 5.801E-05 7.813E-03 Steady OK
     212   2 6.391E-05 3.906E-03 Steady Fail
     213 --- --------- --------- Regridding
     213 --- --------- --------- Jacobian 00029
     213   7 6.240E-05 1.563E-02 Steady OK
     214   3 6.617E-05 7.813E-03 Steady OK
     215   2 7.172E-05 7.813E-03 Steady OK
     216   2 7.910E-05 3.906E-03 Steady Fail
     217 --- --------- --------- Regridding
     217 --- --------- --------- Jacobian 00030
     217   7 7.741E-05 1.563E-02 Steady OK
     218   3 8.079E-05 7.813E-03 Steady OK
     219   2 8.577E-05 7.813E-03 Steady OK
     220   2 9.235E-05 7.813E-03 Steady OK
     221   2 1.005E-04 3.906E-03 Steady Fail
     222 --- --------- --------- Regridding
     222 --- --------- --------- Jacobian 00031
     222   7 9.918E-05 1.563E-02 Steady OK
     223   3 1.020E-04 3.906E-03 Steady Fail
     224 --- --------- --------- Regridding
     224 --- --------- --------- Jacobian 00032
     224   8 1.041E-04 3.906E-03 Steady Fail
     225 --- --------- --------- Regridding
     225 --- --------- --------- Jacobian 00033
     225 --- --------- --------- Timestep 8.000E-06
     225   1 5.418E-07 8.000E-04 Time OK
     226   4 1.408E-07 8.080E-04 Time OK
     227  27 3.280E-09 8.160E-04 Time OK
     228   2 8.080E-09 8.240E-04 Time OK
     229   2 1.780E-08 8.320E-04 Time OK
     230   3 1.505E-09 8.400E-04 Time OK
     231   3 1.250E-09 8.480E-04 Time OK
     232   3 1.152E-09 8.560E-04 Time OK
     233   3 1.239E-09 8.640E-04 Time OK
     234   3 1.499E-09 8.720E-04 Time OK
     235   3 1.874E-09 8.800E-04 Time OK
     236   3 2.316E-09 8.880E-04 Time OK
     237   3 2.796E-09 8.960E-04 Time OK
     238   3 3.296E-09 9.040E-04 Time OK
     239   3 3.809E-09 9.120E-04 Time OK
     240   3 4.332E-09 9.200E-04 Time OK
     241   3 4.866E-09 9.280E-04 Time OK
     242   3 5.416E-09 9.360E-04 Time OK
     243   3 5.987E-09 9.440E-04 Time OK
     244   3 6.588E-09 9.520E-04 Time OK
     245   3 7.230E-09 9.600E-04 Time OK
     246   3 7.921E-09 9.680E-04 Time OK
     247 --- --------- --------- Regridding
     247 --- --------- --------- Jacobian 00034
     247   6 1.881E-05 3.125E-02 Steady OK
     248   4 2.067E-05 7.813E-03 Steady OK
     249   2 2.348E-05 3.906E-03 Steady Fail
     250 --- --------- --------- Regridding
     250 --- --------- --------- Jacobian 00035
     250   7 2.388E-05 1.563E-02 Steady OK
     251   3 2.495E-05 7.813E-03 Steady OK
     252   2 2.662E-05 7.813E-03 Steady OK
     253   2 2.894E-05 7.813E-03 Steady OK
     254   2 3.197E-05 3.906E-03 Steady Fail
     255 --- --------- --------- Regridding
     255 --- --------- --------- Jacobian 00036
     255   7 3.350E-05 1.563E-02 Steady OK
     256   2 3.630E-05 1.563E-02 Steady OK
     257   3 3.855E-05 7.813E-03 Steady OK
     258   2 4.141E-05 7.813E-03 Steady OK
     259   2 4.487E-05 7.813E-03 Steady OK
     260   2 4.893E-05 7.813E-03 Steady OK
     261   2 5.358E-05 7.813E-03 Steady OK
     262   2 5.881E-05 7.813E-03 Steady OK
     263   2 6.459E-05 7.813E-03 Steady OK
     264   2 7.091E-05 7.813E-03 Steady OK
     265   2 7.773E-05 7.813E-03 Steady OK
     266   2 8.504E-05 7.813E-03 Steady OK
     267   2 9.281E-05 7.813E-03 Steady OK
     268   2 1.010E-04 3.906E-03 Steady Fail
     269 --- --------- --------- Regridding
     269 --- --------- --------- Jacobian 00037
     269   8 1.104E-04 3.906E-03 Steady Fail
     270 --- --------- --------- Regridding
     270 --- --------- --------- Jacobian 00038
     270 --- --------- --------- Timestep 1.600E-05
     270   1 1.126E-06 9.840E-04 Time OK
     271   2 4.405E-08 1.000E-03 Time OK
     272   2 1.156E-08 1.016E-03 Time OK
     273   6 8.899E-07 3.125E-02 Steady OK
     274   2 9.610E-07 3.125E-02 Steady OK
     275   3 1.010E-06 1.563E-02 Steady OK
     276   2 1.065E-06 1.563E-02 Steady OK
     277   2 1.127E-06 1.563E-02 Steady OK
     278   2 1.192E-06 1.563E-02 Steady OK
     279   2 1.261E-06 1.563E-02 Steady OK
     280   2 1.333E-06 1.563E-02 Steady OK
     281   2 1.407E-06 1.563E-02 Steady OK
     282   2 1.482E-06 1.563E-02 Steady OK
     283   2 1.559E-06 1.563E-02 Steady OK
     284   2 1.636E-06 1.563E-02 Steady OK
     285   1 1.793E-06 3.125E-02 Steady OK
     286   2 1.951E-06 3.125E-02 Steady OK
     287   2 2.109E-06 3.125E-02 Steady OK
     288   2 2.265E-06 3.125E-02 Steady OK
     289   2 2.419E-06 3.125E-02 Steady OK
     290   2 2.571E-06 3.125E-02 Steady OK
     291   2 2.722E-06 3.125E-02 Steady OK
     292 --- --------- --------- Regridding
     292 --- --------- --------- Jacobian 00039
     292   7 1.605E-05 1.563E-02 Steady OK
     293   2 1.741E-05 1.563E-02 Steady OK
     294   3 1.868E-05 7.813E-03 Steady OK
     295   2 2.044E-05 7.813E-03 Steady OK
     296   2 2.271E-05 3.906E-03 Steady Fail
     297 --- --------- --------- Regridding
     297 --- --------- --------- Jacobian 00040
     297   6 3.805E-05 3.125E-02 Steady OK
     298   3 4.041E-05 1.563E-02 Steady OK
     299   2 4.432E-05 1.563E-02 Steady OK
     300   3 4.689E-05 7.813E-03 Steady OK
     301   2 4.988E-05 7.813E-03 Steady OK
     302   2 5.331E-05 7.813E-03 Steady OK
     303   2 5.715E-05 7.813E-03 Steady OK
     304   2 6.140E-05 7.813E-03 Steady OK
     305   2 6.605E-05 7.813E-03 Steady OK
     306   2 7.107E-05 7.813E-03 Steady OK
     307   2 7.645E-05 7.813E-03 Steady OK
     308   2 8.217E-05 7.813E-03 Steady OK
     309   2 8.822E-05 7.813E-03 Steady OK
     310   2 9.457E-05 7.813E-03 Steady OK
     311   2 1.012E-04 3.906E-03 Steady Fail
     312 --- --------- --------- Regridding
     312 --- --------- --------- Jacobian 00041
     312   8 1.284E-04 3.906E-03 Steady Fail
     313 --- --------- --------- Regridding
     313 --- --------- --------- Jacobian 00042
     313 --- --------- --------- Timestep 1.600E-05
     313   1 7.726E-07 1.032E-03 Time OK
     314   2 9.160E-07 1.048E-03 Time OK
     315  16 1.932E-08 1.064E-03 Time OK
     316   2 6.682E-09 1.080E-03 Time OK
     317   2 1.090E-08 1.096E-03 Time OK
     318   3 1.039E-09 1.112E-03 Time OK
     319   3 1.649E-09 1.128E-03 Time OK
     320   3 2.156E-09 1.144E-03 Time OK
     321   3 2.478E-09 1.160E-03 Time OK
     322   3 2.611E-09 1.176E-03 Time OK
     323   3 2.593E-09 1.192E-03 Time OK
     324   3 2.485E-09 1.208E-03 Time OK
     325   3 2.365E-09 1.224E-03 Time OK
     326   3 2.314E-09 1.240E-03 Time OK
     327   3 2.399E-09 1.256E-03 Time OK
     328   3 2.651E-09 1.272E-03 Time OK
     329   3 3.061E-09 1.288E-03 Time OK
     330   3 3.610E-09 1.304E-03 Time OK
     331   3 4.286E-09 1.320E-03 Time OK
     332   3 5.093E-09 1.336E-03 Time OK
     333   3 6.053E-09 1.352E-03 Time OK
     334   3 7.203E-09 1.368E-03 Time OK
     335 --- --------- --------- Regridding
     335 --- --------- --------- Jacobian 00043
     335   1 1.980E-05 1.000E+00 Steady OK
     336   4 1.170E-05 1.250E-01 Steady OK
     337   2 1.284E-05 1.250E-01 Steady OK
     338   1 1.229E-05 2.500E-01 Steady OK
     339   1 9.388E-06 5.000E-01 Steady OK
     340   2 1.013E-05 5.000E-01 Steady OK
     341   1 6.597E-06 1.000E+00 Steady OK
     342   4 5.516E-06 1.250E-01 Steady OK
     343   2 5.714E-06 1.250E-01 Steady OK
     344   1 5.644E-06 2.500E-01 Steady OK
     345   1 4.794E-06 5.000E-01 Steady OK
     346   2 4.484E-06 5.000E-01 Steady OK
     347   1 3.523E-06 1.000E+00 Steady OK
     348   4 3.482E-06 1.250E-01 Steady OK
     349   2 3.574E-06 1.250E-01 Steady OK
     350   5 3.773E-06 1.563E-02 Steady OK
     351   2 4.030E-06 1.563E-02 Steady OK
     352   2 4.332E-06 1.563E-02 Steady OK
     353   2 4.658E-06 1.563E-02 Steady OK
     354   2 5.006E-06 1.563E-02 Steady OK
     355   2 5.362E-06 1.563E-02 Steady OK
     356   2 5.723E-06 1.563E-02 Steady OK
     357 --- --------- --------- Regridding
     357 --- --------- --------- Jacobian 00044
     357   1 5.135E-06 1.000E+00 Steady OK
     358   1 5.137E-07 1.000E+00 Steady OK
     359   1 2.084E-07 1.000E+00 Steady OK
     360   1 8.318E-08 1.000E+00 Steady OK
     361   1 4.122E-08 1.000E+00 Steady OK
     362   1 3.271E-08 1.000E+00 Steady OK
     363   1 2.887E-08 1.000E+00 Steady OK
     364   1 2.429E-08 1.000E+00 Steady OK
     365   1 1.278E-08 1.000E+00 Steady OK
     366   1 5.485E-10 1.000E+00 Steady OK
     367   1 2.468E-10 1.000E+00 Steady OK
     368   1 1.154E-10 1.000E+00 Steady OK
     369   1 5.368E-11 1.000E+00 Steady OK
 
------------------------------------------------------------------------
 
Simulation stopped:
  => Converged!
 
------------------------------------------------------------------------
 
Postprocessing output:
  => Position reaction layer      :  1.1028065E-02 cm
  => Temperature reaction layer   :  1.2629681E+03 K
  => Mass burning rate            :  9.7878105E-02 gr/(cm2s)
  => Burning velocity (unburnt)   :  8.6908328E+01 cm/s
  => Maximum temperature          :  1.6660000E+03 K
  => Minimum temperature          :  3.0000000E+02 K
  => Flame thickness (max grad T) :  5.0445588E-02 cm
  => Stoichiometric mixture frac. :  0.0000000E+00 -
  => Position stoich mixture      : -1.2746362E-02 cm
  => Temperature at stoich mixture:  6.8444706E+02 K
  => Scalar dissipation at stoich :  0.0000000E+00 1/s
 
========================================================================
 
==> LogClose : Closing logfile
