==> LogWrite : Opening logfile
 
========================================================================
 
 
OOOOOOOOOOOOOOOOOOOOOOOOOOOOOOOOOOOOOOOOOOOOOO
O                                            O
O     @@@@  @  @  @@@@  @   @    @  @@@b     O
O     @     @  @  @     @@ @@   @@  @  @     O
O     @     @@@@  @@@@  @ @ @    @  @  @     O
O     @     @  @  @     @   @    @  @  @     O
O     @@@@  @  @  @@@@  @   @    @  @@@P     O
O                                            O
O     A ONE DIMENSIONAL FLAME CODE           O
O                                            O
O     Version:                               O
O     Release: 2012-06-01 08:38:57 +0200     O
O                                            O
OOOOOOOOOOOOOOOOOOOOOOOOOOOOOOOOOOOOOOOOOOOOOO
 
 
 
* Developed at the Eindhoven University of Technology
 
* http://www.combustion.tue.nl
 
========================================================================
 
Reading CHEM1D input files
    => Start reading chemistry 
    ==> CheckTroeData : Started
    ==> CheckTroeData : Finished
    => Finished reading chemistry
    => Thermodynamical Data   [OK]
    ElementName        Mass
    1  O                 1.5999400E+01
    2  H                 1.0079700E+00
    3  C                 1.2011200E+01
    4  N                 1.4006700E+01
    5  AR                3.9948000E+01

    SpeciesName        Mass
    1  H2                2.0159400E+00
    2  H                 1.0079700E+00
    3  O                 1.5999400E+01
    4  O2                3.1998800E+01
    5  OH                1.7007370E+01
    6  H2O               1.8015340E+01
    7  HO2               3.3006770E+01
    8  CH2               1.4027140E+01
    9  CH2(S)            1.4027140E+01
   10  CH3               1.5035110E+01
   11  CH4               1.6043080E+01
   12  CO                2.8010600E+01
   13  CO2               4.4010000E+01
   14  HCO               2.9018570E+01
   15  CH2O              3.0026540E+01
   16  CH3O              3.1034510E+01
   17  C2H4              2.8054280E+01
   18  C2H5              2.9062250E+01
   19  C2H6              3.0070220E+01
   20  N                 1.4006700E+01
   21  NO                3.0006100E+01
   22  N2                2.8013400E+01
   23  AR                3.9948000E+01

    => Reactions + rate coefficients 

       (1) O + H + M = OH + M
             A =  5.000E+17  beta = -1.000E+00  Ea/R =  0.000E+00   K
      Enhanced by:
      H2          2.00
      H2O         6.00
      CH4         2.00
      CO          1.50
      CO2         2.00
      C2H6        3.00
      AR          0.70

       (2) O + H2 = H + OH
             A =  5.000E+04  beta =  2.670E+00  Ea/R =  3.167E+03   K

       (3) O + HO2 = OH + O2
             A =  2.000E+13  beta =  0.000E+00  Ea/R =  0.000E+00   K

       (4) O + CH2 = H + HCO
             A =  8.000E+13  beta =  0.000E+00  Ea/R =  0.000E+00   K

       (5) O + CH2(S) = H + HCO
             A =  1.500E+13  beta =  0.000E+00  Ea/R =  0.000E+00   K

       (6) O + CH3 = H + CH2O
             A =  8.430E+13  beta =  0.000E+00  Ea/R =  0.000E+00   K

       (7) O + CH4 = OH + CH3
             A =  1.020E+09  beta =  1.500E+00  Ea/R =  4.331E+03   K

       (8) O + CO + M = CO2 + M
             A =  6.020E+14  beta =  0.000E+00  Ea/R =  1.511E+03   K
      Enhanced by:
      H2          2.00
      O2          6.00
      H2O         6.00
      CH4         2.00
      CO          1.50
      CO2         3.50
      C2H6        3.00
      AR          0.50

       (9) O + HCO = OH + CO
             A =  3.000E+13  beta =  0.000E+00  Ea/R =  0.000E+00   K

       (10) O + HCO = H + CO2
             A =  3.000E+13  beta =  0.000E+00  Ea/R =  0.000E+00   K

       (11) O + CH2O = OH + HCO
             A =  3.900E+13  beta =  0.000E+00  Ea/R =  1.783E+03   K

       (12) O + C2H4 = CH3 + HCO
             A =  1.920E+07  beta =  1.830E+00  Ea/R =  1.108E+02   K

       (13) O + C2H5 = CH3 + CH2O
             A =  1.320E+14  beta =  0.000E+00  Ea/R =  0.000E+00   K

       (14) O + C2H6 = OH + C2H5
             A =  8.980E+07  beta =  1.920E+00  Ea/R =  2.865E+03   K

       (15) O2 + CO = O + CO2
             A =  2.500E+12  beta =  0.000E+00  Ea/R =  2.407E+04   K

       (16) O2 + CH2O = HO2 + HCO
             A =  1.000E+14  beta =  0.000E+00  Ea/R =  2.014E+04   K

       (17) H + O2 + M = HO2 + M
             A =  2.800E+18  beta = -8.600E-01  Ea/R =  0.000E+00   K
      Enhanced by:
      O2          0.00
      H2O         0.00
      CO          0.75
      CO2         1.50
      C2H6        1.50
      N2          0.00
      AR          0.00

       (18) H + O2 + O2 = HO2 + O2
             A =  3.000E+20  beta = -1.720E+00  Ea/R =  0.000E+00   K

       (19) H + O2 + H2O = HO2 + H2O
             A =  9.380E+18  beta = -7.600E-01  Ea/R =  0.000E+00   K

       (20) H + O2 + N2 = HO2 + N2
             A =  3.750E+20  beta = -1.720E+00  Ea/R =  0.000E+00   K

       (21) H + O2 + AR = HO2 + AR
             A =  7.000E+17  beta = -8.000E-01  Ea/R =  0.000E+00   K

       (22) H + O2 = O + OH
             A =  8.300E+13  beta =  0.000E+00  Ea/R =  7.258E+03   K

       (23) H + H + M = H2 + M
             A =  1.000E+18  beta = -1.000E+00  Ea/R =  0.000E+00   K
      Enhanced by:
      H2          0.00
      H2O         0.00
      CH4         2.00
      CO2         0.00
      C2H6        3.00
      AR          0.63

       (24) H + H + H2 = H2 + H2
             A =  9.000E+16  beta = -6.000E-01  Ea/R =  0.000E+00   K

       (25) H + H + H2O = H2 + H2O
             A =  6.000E+19  beta = -1.250E+00  Ea/R =  0.000E+00   K

       (26) H + H + CO2 = H2 + CO2
             A =  5.500E+20  beta = -2.000E+00  Ea/R =  0.000E+00   K

       (27) H + OH + M = H2O + M
             A =  2.200E+22  beta = -2.000E+00  Ea/R =  0.000E+00   K
      Enhanced by:
      H2          0.73
      H2O         3.65
      CH4         2.00
      C2H6        3.00
      AR          0.38

       (28) H + HO2 = O2 + H2
             A =  2.800E+13  beta =  0.000E+00  Ea/R =  5.378E+02   K

       (29) H + HO2 = OH + OH
             A =  1.340E+14  beta =  0.000E+00  Ea/R =  3.198E+02   K

       (30) H + CH2 + M = CH3 + M
             A =  2.500E+16  beta = -8.000E-01  Ea/R =  0.000E+00   K
      LOW pressure limit: 
      A =  3.200E+27  beta = -3.140E+00  Ea/R =  6.194E+02   K
      TROE centering:
          a = 0.680E+00
       T*** = 0.780E+02 K
         T* = 0.200E+04 K
        T** = 0.559E+04 K
      Enhanced by:
      H2          2.00
      H2O         6.00
      CH4         2.00
      CO          1.50
      CO2         2.00
      C2H6        3.00
      AR          0.70

       (31) H + CH3 + M = CH4 + M
             A =  1.270E+16  beta = -6.300E-01  Ea/R =  1.929E+02   K
      LOW pressure limit: 
      A =  2.477E+33  beta = -4.760E+00  Ea/R =  1.229E+03   K
      TROE centering:
          a = 0.783E+00
       T*** = 0.740E+02 K
         T* = 0.294E+04 K
        T** = 0.696E+04 K
      Enhanced by:
      H2          2.00
      H2O         6.00
      CH4         2.00
      CO          1.50
      CO2         2.00
      C2H6        3.00
      AR          0.70

       (32) H + CH4 = CH3 + H2
             A =  6.600E+08  beta =  1.620E+00  Ea/R =  5.459E+03   K

       (33) H + HCO + M = CH2O + M
             A =  1.090E+12  beta =  4.800E-01  Ea/R = -1.309E+02   K
      LOW pressure limit: 
      A =  1.350E+24  beta = -2.570E+00  Ea/R =  7.176E+02   K
      TROE centering:
          a = 0.782E+00
       T*** = 0.271E+03 K
         T* = 0.276E+04 K
        T** = 0.657E+04 K
      Enhanced by:
      H2          2.00
      H2O         6.00
      CH4         2.00
      CO          1.50
      CO2         2.00
      C2H6        3.00
      AR          0.70

       (34) H + HCO = H2 + CO
             A =  7.340E+13  beta =  0.000E+00  Ea/R =  0.000E+00   K

       (35) H + CH2O + M = CH3O + M
             A =  5.400E+11  beta =  4.540E-01  Ea/R =  1.309E+03   K
      LOW pressure limit: 
      A =  2.200E+30  beta = -4.800E+00  Ea/R =  2.800E+03   K
      TROE centering:
          a = 0.758E+00
       T*** = 0.940E+02 K
         T* = 0.156E+04 K
        T** = 0.420E+04 K
      Enhanced by:
      H2          2.00
      H2O         6.00
      CH4         2.00
      CO          1.50
      CO2         2.00
      C2H6        3.00

       (36) H + CH2O = HCO + H2
             A =  2.300E+10  beta =  1.050E+00  Ea/R =  1.649E+03   K

       (37) H + CH3O = OH + CH3
             A =  3.200E+13  beta =  0.000E+00  Ea/R =  0.000E+00   K

       (38) H + C2H4 + M = C2H5 + M
             A =  1.080E+12  beta =  4.540E-01  Ea/R =  9.165E+02   K
      LOW pressure limit: 
      A =  1.200E+42  beta = -7.620E+00  Ea/R =  3.510E+03   K
      TROE centering:
          a = 0.975E+00
       T*** = 0.210E+03 K
         T* = 0.984E+03 K
        T** = 0.437E+04 K
      Enhanced by:
      H2          2.00
      H2O         6.00
      CH4         2.00
      CO          1.50
      CO2         2.00
      C2H6        3.00
      AR          0.70

       (39) H + C2H5 + M = C2H6 + M
             A =  5.210E+17  beta = -9.900E-01  Ea/R =  7.956E+02   K
      LOW pressure limit: 
      A =  1.990E+41  beta = -7.080E+00  Ea/R =  3.366E+03   K
      TROE centering:
          a = 0.842E+00
       T*** = 0.125E+03 K
         T* = 0.222E+04 K
        T** = 0.688E+04 K
      Enhanced by:
      H2          2.00
      H2O         6.00
      CH4         2.00
      CO          1.50
      CO2         2.00
      C2H6        3.00
      AR          0.70

       (40) H + C2H6 = C2H5 + H2
             A =  1.150E+08  beta =  1.900E+00  Ea/R =  3.792E+03   K

       (41) H2 + CO + M = CH2O + M
             A =  4.300E+07  beta =  1.500E+00  Ea/R =  4.008E+04   K
      LOW pressure limit: 
      A =  5.070E+27  beta = -3.420E+00  Ea/R =  4.248E+04   K
      TROE centering:
          a = 0.932E+00
       T*** = 0.197E+03 K
         T* = 0.154E+04 K
        T** = 0.103E+05 K
      Enhanced by:
      H2          2.00
      H2O         6.00
      CH4         2.00
      CO          1.50
      CO2         2.00
      C2H6        3.00
      AR          0.70

       (42) OH + H2 = H + H2O
             A =  2.160E+08  beta =  1.510E+00  Ea/R =  1.727E+03   K

       (43) OH + OH = O + H2O
             A =  3.570E+04  beta =  2.400E+00  Ea/R = -1.063E+03   K

       (44) OH + HO2 = O2 + H2O
             A =  2.900E+13  beta =  0.000E+00  Ea/R = -2.518E+02   K

       (45) OH + CH2 = H + CH2O
             A =  2.000E+13  beta =  0.000E+00  Ea/R =  0.000E+00   K

       (46) OH + CH2(S) = H + CH2O
             A =  3.000E+13  beta =  0.000E+00  Ea/R =  0.000E+00   K

       (47) OH + CH3 = CH2 + H2O
             A =  5.600E+07  beta =  1.600E+00  Ea/R =  2.729E+03   K

       (48) OH + CH3 = CH2(S) + H2O
             A =  2.501E+13  beta =  0.000E+00  Ea/R =  0.000E+00   K

       (49) OH + CH4 = CH3 + H2O
             A =  1.000E+08  beta =  1.600E+00  Ea/R =  1.571E+03   K

       (50) OH + CO = H + CO2
             A =  4.760E+07  beta =  1.228E+00  Ea/R =  3.525E+01   K

       (51) OH + HCO = H2O + CO
             A =  5.000E+13  beta =  0.000E+00  Ea/R =  0.000E+00   K

       (52) OH + CH2O = HCO + H2O
             A =  3.430E+09  beta =  1.180E+00  Ea/R = -2.251E+02   K

       (53) OH + C2H6 = C2H5 + H2O
             A =  3.540E+06  beta =  2.120E+00  Ea/R =  4.381E+02   K

       (54) HO2 + CH2 = OH + CH2O
             A =  2.000E+13  beta =  0.000E+00  Ea/R =  0.000E+00   K

       (55) HO2 + CH3 = O2 + CH4
             A =  1.000E+12  beta =  0.000E+00  Ea/R =  0.000E+00   K

       (56) HO2 + CH3 = OH + CH3O
             A =  2.000E+13  beta =  0.000E+00  Ea/R =  0.000E+00   K

       (57) HO2 + CO = OH + CO2
             A =  1.500E+14  beta =  0.000E+00  Ea/R =  1.188E+04   K

       (58) CH2 + O2 = OH + HCO
             A =  1.320E+13  beta =  0.000E+00  Ea/R =  7.553E+02   K

       (59) CH2 + H2 = H + CH3
             A =  5.000E+05  beta =  2.000E+00  Ea/R =  3.641E+03   K

       (60) CH2 + CH3 = H + C2H4
             A =  4.000E+13  beta =  0.000E+00  Ea/R =  0.000E+00   K

       (61) CH2 + CH4 = CH3 + CH3
             A =  2.460E+06  beta =  2.000E+00  Ea/R =  4.164E+03   K

       (62) CH2(S) + N2 = CH2 + N2
             A =  1.500E+13  beta =  0.000E+00  Ea/R =  3.021E+02   K

       (63) CH2(S) + AR = CH2 + AR
             A =  9.000E+12  beta =  0.000E+00  Ea/R =  3.021E+02   K

       (64) CH2(S) + O2 = H + OH + CO
             A =  2.800E+13  beta =  0.000E+00  Ea/R =  0.000E+00   K

       (65) CH2(S) + O2 = CO + H2O
             A =  1.200E+13  beta =  0.000E+00  Ea/R =  0.000E+00   K

       (66) CH2(S) + H2 = CH3 + H
             A =  7.000E+13  beta =  0.000E+00  Ea/R =  0.000E+00   K

       (67) CH2(S) + H2O = CH2 + H2O
             A =  3.000E+13  beta =  0.000E+00  Ea/R =  0.000E+00   K

       (68) CH2(S) + CH3 = H + C2H4
             A =  1.200E+13  beta =  0.000E+00  Ea/R = -2.870E+02   K

       (69) CH2(S) + CH4 = CH3 + CH3
             A =  1.600E+13  beta =  0.000E+00  Ea/R = -2.870E+02   K

       (70) CH2(S) + CO = CH2 + CO
             A =  9.000E+12  beta =  0.000E+00  Ea/R =  0.000E+00   K

       (71) CH2(S) + CO2 = CH2 + CO2
             A =  7.000E+12  beta =  0.000E+00  Ea/R =  0.000E+00   K

       (72) CH2(S) + CO2 = CO + CH2O
             A =  1.400E+13  beta =  0.000E+00  Ea/R =  0.000E+00   K

       (73) CH3 + O2 = O + CH3O
             A =  2.675E+13  beta =  0.000E+00  Ea/R =  1.450E+04   K

       (74) CH3 + O2 = OH + CH2O
             A =  3.600E+10  beta =  0.000E+00  Ea/R =  4.502E+03   K

       (75) CH3 + CH3 + M = C2H6 + M
             A =  2.120E+16  beta = -9.700E-01  Ea/R =  3.122E+02   K
      LOW pressure limit: 
      A =  1.770E+50  beta = -9.670E+00  Ea/R =  3.132E+03   K
      TROE centering:
          a = 0.532E+00
       T*** = 0.151E+03 K
         T* = 0.104E+04 K
        T** = 0.497E+04 K
      Enhanced by:
      H2          2.00
      H2O         6.00
      CH4         2.00
      CO          1.50
      CO2         2.00
      C2H6        3.00
      AR          0.70

       (76) CH3 + CH3 = H + C2H5
             A =  4.990E+12  beta =  1.000E-01  Ea/R =  5.338E+03   K

       (77) CH3 + HCO = CH4 + CO
             A =  2.648E+13  beta =  0.000E+00  Ea/R =  0.000E+00   K

       (78) CH3 + CH2O = HCO + CH4
             A =  3.320E+03  beta =  2.810E+00  Ea/R =  2.951E+03   K

       (79) CH3 + C2H6 = C2H5 + CH4
             A =  6.140E+06  beta =  1.740E+00  Ea/R =  5.262E+03   K

       (80) HCO + H2O = H + CO + H2O
             A =  2.244E+18  beta = -1.000E+00  Ea/R =  8.561E+03   K

       (81) HCO + M = H + CO + M
             A =  1.870E+17  beta = -1.000E+00  Ea/R =  8.561E+03   K
      Enhanced by:
      H2          2.00
      H2O         0.00
      CH4         2.00
      CO          1.50
      CO2         2.00
      C2H6        3.00

       (82) HCO + O2 = HO2 + CO
             A =  7.600E+12  beta =  0.000E+00  Ea/R =  2.014E+02   K

       (83) CH3O + O2 = HO2 + CH2O
             A =  4.280E-13  beta =  7.600E+00  Ea/R = -1.778E+03   K

       (84) C2H5 + O2 = HO2 + C2H4
             A =  8.400E+11  beta =  0.000E+00  Ea/R =  1.951E+03   K

       (85) N + NO = N2 + O
             A =  2.700E+13  beta =  0.000E+00  Ea/R =  1.788E+02   K

       (86) N + O2 = NO + O
             A =  9.000E+09  beta =  1.000E+00  Ea/R =  3.273E+03   K

       (87) N + OH = NO + H
             A =  3.360E+13  beta =  0.000E+00  Ea/R =  1.939E+02   K

    => Defaultsfile           [OK]
    => Settingsfile           [OK]
    => Commandline options    [OK]
    => Start reading .chm file
        [MSG] Transport parameters    [OK]
        [MSG] Conductivity parameters [OK]
        [MSG] Viscosity parameters    [OK]
        [MSG] Difusivity parameters   [OK]
        [MSG] Thermal parameters      [OK]
    => Reading .chm file      [OK]
    => CHEM1D datafile        [OK]
    => Setting grid weights :
        DENSITY            1.00000
        TEMP               1.00000
        CH4                1.00000
        HEATREL            1.00000
 
 
------------------------------------------------------------------------
 
Simulation settings:
    => Counterflow flame
    => Stationary solution
    => Detailed chemistry model
    => Mixture averaged diffusion model
    => No radiation model
    => No model for heat exchanger
 
------------------------------------------------------------------------
 
Variables:
       Name              BC_Left      BC_Right     Unit
  1) * H2                0.00000E+00  0.00000E+00  Mass frac.
  2) * H                 0.00000E+00  0.00000E+00  Mass frac.
  3) * O                 0.00000E+00  0.00000E+00  Mass frac.
  4) * O2                2.26592E-01  9.06365E-02  Mass frac.
  5) * OH                0.00000E+00  0.00000E+00  Mass frac.
  6) * H2O               0.00000E+00  7.65426E-02  Mass frac.
  7) * HO2               0.00000E+00  0.00000E+00  Mass frac.
  8) * CH2               0.00000E+00  0.00000E+00  Mass frac.
  9) * CH2(S)            0.00000E+00  0.00000E+00  Mass frac.
 10) * CH3               0.00000E+00  0.00000E+00  Mass frac.
 11) * CH4               3.40818E-02  0.00000E+00  Mass frac.
 12) * CO                0.00000E+00  0.00000E+00  Mass frac.
 13) * CO2               0.00000E+00  9.34944E-02  Mass frac.
 14) * HCO               0.00000E+00  0.00000E+00  Mass frac.
 15) * CH2O              0.00000E+00  0.00000E+00  Mass frac.
 16) * CH3O              0.00000E+00  0.00000E+00  Mass frac.
 17) * C2H4              0.00000E+00  0.00000E+00  Mass frac.
 18) * C2H5              0.00000E+00  0.00000E+00  Mass frac.
 19) * C2H6              0.00000E+00  0.00000E+00  Mass frac.
 20) * N                 0.00000E+00  0.00000E+00  Mass frac.
 21) * NO                0.00000E+00  0.00000E+00  Mass frac.
 22) * N2                7.39326E-01  7.39326E-01  Mass frac.
 23) * AR                0.00000E+00  0.00000E+00  Mass frac.
 24) * Temp              3.00000E+02  1.66600E+03  K
 25) * Massflow          1.35147E-02  2.43361E-03  gr/(cm2 s)
 26) * Enthalpy         -1.56496E+02 -1.73365E+02  J/gr
 27) * MixFrac           1.00000E+00  1.00000E+00  -
 28) * Stretch           4.24349E+01  1.00000E+02  1/s
 29)   Press             1.00000E+05  1.00000E+05  Pa
 30)   Density           1.12622E-03  2.02801E-04  gr/cm3
 31)   MeanMass          2.80918E+01  2.80918E+01  gr/mol
 32)   Surface           0.00000E+00  0.00000E+00  cm2
 33)   Porosity          0.00000E+00  0.00000E+00  -
 34)   Tsolid            0.00000E+00  0.00000E+00  K
 35)   HeatRel           0.00000E+00  0.00000E+00  J/(cm3 s)
 36)   Dissipation       0.00000E+00  0.00000E+00  -
 
------------------------------------------------------------------------
 
       0 --- --------- --------- Start solver
       1 --- --------- --------- Regridding
       1 --- --------- --------- Jacobian 00001
       1   8 1.181E-02 3.906E-03 Steady Fail
       2 --- --------- --------- Regridding
       2 --- --------- --------- Jacobian 00002
       2 --- --------- --------- Timestep 1.000E-06
       2   1 3.288E-08 1.000E-06 Time OK
       3   1 2.952E-07 2.000E-06 Time OK
       4   7 6.177E-09 3.000E-06 Time OK
       5   7 7.727E-09 4.000E-06 Time OK
       6   7 8.208E-09 5.000E-06 Time OK
       7   7 8.337E-09 6.000E-06 Time OK
       8   7 8.350E-09 7.000E-06 Time OK
       9   7 8.326E-09 8.000E-06 Time OK
      10   7 8.289E-09 9.000E-06 Time OK
      11   7 8.248E-09 1.000E-05 Time OK
      12   7 8.206E-09 1.100E-05 Time OK
      13   7 8.164E-09 1.200E-05 Time OK
      14   7 8.122E-09 1.300E-05 Time OK
      15   7 8.080E-09 1.400E-05 Time OK
      16   7 8.039E-09 1.500E-05 Time OK
      17   7 7.997E-09 1.600E-05 Time OK
      18   7 7.956E-09 1.700E-05 Time OK
      19   7 7.916E-09 1.800E-05 Time OK
      20   7 7.875E-09 1.900E-05 Time OK
      21   7 7.835E-09 2.000E-05 Time OK
      22   7 7.795E-09 2.100E-05 Time OK
      23   7 7.755E-09 2.200E-05 Time OK
      24 --- --------- --------- Regridding
      24 --- --------- --------- Jacobian 00003
      24   8 4.724E+05 3.906E-03 Steady Fail
      25 --- --------- --------- Regridding
      25 --- --------- --------- Jacobian 00004
      25 --- --------- --------- Timestep 1.000E-06
      25   1 2.780E-06 2.300E-05 Time OK
      26   1 5.157E-06 2.400E-05 Time OK
      27   1 1.954E-06 2.500E-05 Time OK
      28   1 1.362E-06 2.600E-05 Time OK
      29   2 3.861E-10 2.700E-05 Time OK
      30   2 3.061E-10 2.800E-05 Time OK
      31   2 2.642E-10 2.900E-05 Time OK
      32   2 2.345E-10 3.000E-05 Time OK
      33   2 2.074E-10 3.100E-05 Time OK
      34   2 1.824E-10 3.200E-05 Time OK
      35   2 1.599E-10 3.300E-05 Time OK
      36   2 1.401E-10 3.400E-05 Time OK
      37   1 3.142E-07 3.500E-05 Time OK
      38   1 2.684E-07 3.600E-05 Time OK
      39   1 2.300E-07 3.700E-05 Time OK
      40   1 1.977E-07 3.800E-05 Time OK
      41   1 1.704E-07 3.900E-05 Time OK
      42   1 1.475E-07 4.000E-05 Time OK
      43   1 1.281E-07 4.100E-05 Time OK
      44   1 1.118E-07 4.200E-05 Time OK
      45   1 9.808E-08 4.300E-05 Time OK
      46   1 8.645E-08 4.400E-05 Time OK
      47 --- --------- --------- Regridding
      47 --- --------- --------- Jacobian 00005
      47   8       NaN 3.906E-03 Steady Fail
      48 --- --------- --------- Regridding
      48 --- --------- --------- Jacobian 00006
      48 --- --------- --------- Timestep 2.000E-06
      48   1 4.216E-07 4.600E-05 Time OK
      49   1 3.164E-07 4.800E-05 Time OK
      50   1 4.270E-07 5.000E-05 Time OK
      51   1 7.168E-07 5.200E-05 Time OK
      52   2 4.354E-10 5.400E-05 Time OK
      53   2 3.058E-10 5.600E-05 Time OK
      54   2 2.227E-10 5.800E-05 Time OK
      55   2 1.677E-10 6.000E-05 Time OK
      56   1 2.457E-07 6.200E-05 Time OK
      57   1 1.843E-07 6.400E-05 Time OK
      58   1 1.421E-07 6.600E-05 Time OK
      59   1 1.129E-07 6.800E-05 Time OK
      60   1 9.260E-08 7.000E-05 Time OK
      61   1 7.817E-08 7.200E-05 Time OK
      62   1 6.771E-08 7.400E-05 Time OK
      63   1 5.995E-08 7.600E-05 Time OK
      64   1 5.402E-08 7.800E-05 Time OK
      65   1 4.938E-08 8.000E-05 Time OK
      66   1 4.565E-08 8.200E-05 Time OK
      67   1 4.259E-08 8.400E-05 Time OK
      68   1 4.001E-08 8.600E-05 Time OK
      69   1 3.782E-08 8.800E-05 Time OK
      70 --- --------- --------- Regridding
      70 --- --------- --------- Jacobian 00007
      70   8       NaN 3.906E-03 Steady Fail
      71 --- --------- --------- Regridding
      71 --- --------- --------- Jacobian 00008
      71 --- --------- --------- Timestep 4.000E-06
      71   1 1.433E-07 9.200E-05 Time OK
      72   1 1.854E-07 9.600E-05 Time OK
      73   1 1.572E-07 1.000E-04 Time OK
      74   1 1.023E-07 1.040E-04 Time OK
      75   1 7.765E-08 1.080E-04 Time OK
      76   1 6.906E-08 1.120E-04 Time OK
      77   1 6.416E-08 1.160E-04 Time OK
      78   1 6.258E-08 1.200E-04 Time OK
      79   1 6.414E-08 1.240E-04 Time OK
      80   1 6.756E-08 1.280E-04 Time OK
      81   1 7.180E-08 1.320E-04 Time OK
      82   1 7.634E-08 1.360E-04 Time OK
      83   1 8.093E-08 1.400E-04 Time OK
      84   1 8.546E-08 1.440E-04 Time OK
      85   1 8.981E-08 1.480E-04 Time OK
      86   1 9.393E-08 1.520E-04 Time OK
      87   1 9.778E-08 1.560E-04 Time OK
      88   1 1.013E-07 1.600E-04 Time OK
      89   1 1.045E-07 1.640E-04 Time OK
      90   1 1.074E-07 1.680E-04 Time OK
      91   2 9.559E-10 1.720E-04 Time OK
      92   2 1.016E-09 1.760E-04 Time OK
      93 --- --------- --------- Regridding
      93 --- --------- --------- Jacobian 00009
      93   8       NaN 3.906E-03 Steady Fail
      94 --- --------- --------- Regridding
      94 --- --------- --------- Jacobian 00010
      94 --- --------- --------- Timestep 8.000E-06
      94   1 2.718E-07 1.840E-04 Time OK
      95   1 3.888E-07 1.920E-04 Time OK
      96   1 1.793E-07 2.000E-04 Time OK
      97   1 1.073E-07 2.080E-04 Time OK
      98   2 2.629E-09 2.160E-04 Time OK
      99   2 2.893E-09 2.240E-04 Time OK
     100   2 3.283E-09 2.320E-04 Time OK
     101   2 3.726E-09 2.400E-04 Time OK
     102   2 4.161E-09 2.480E-04 Time OK
     103   2 4.555E-09 2.560E-04 Time OK
     104   2 4.897E-09 2.640E-04 Time OK
     105   2 5.183E-09 2.720E-04 Time OK
     106   2 5.415E-09 2.800E-04 Time OK
     107   2 5.595E-09 2.880E-04 Time OK
     108   2 5.723E-09 2.960E-04 Time OK
     109   2 5.804E-09 3.040E-04 Time OK
     110   2 5.840E-09 3.120E-04 Time OK
     111   2 5.835E-09 3.200E-04 Time OK
     112   2 5.791E-09 3.280E-04 Time OK
     113   2 5.712E-09 3.360E-04 Time OK
     114   2 5.602E-09 3.440E-04 Time OK
     115   2 5.463E-09 3.520E-04 Time OK
     116 --- --------- --------- Regridding
     116 --- --------- --------- Jacobian 00011
     116   8 7.534E-01 3.906E-03 Steady Fail
     117 --- --------- --------- Regridding
     117 --- --------- --------- Jacobian 00012
     117 --- --------- --------- Timestep 1.600E-05
     117   1 1.960E-06 3.680E-04 Time OK
     118   1 3.999E-06 3.840E-04 Time OK
     119   2 6.670E-09 4.000E-04 Time OK
     120   2 6.558E-09 4.160E-04 Time OK
     121   2 3.517E-09 4.320E-04 Time OK
     122   2 1.539E-09 4.480E-04 Time OK
     123   2 5.755E-09 4.640E-04 Time OK
     124   2 8.915E-09 4.800E-04 Time OK
     125   2 1.095E-08 4.960E-04 Time OK
     126   2 1.206E-08 5.120E-04 Time OK
     127   2 1.248E-08 5.280E-04 Time OK
     128   2 1.236E-08 5.440E-04 Time OK
     129   2 1.185E-08 5.600E-04 Time OK
     130   2 1.106E-08 5.760E-04 Time OK
     131   2 1.009E-08 5.920E-04 Time OK
     132   2 9.002E-09 6.080E-04 Time OK
     133   2 7.878E-09 6.240E-04 Time OK
     134   2 6.776E-09 6.400E-04 Time OK
     135   2 5.755E-09 6.560E-04 Time OK
     136   2 4.875E-09 6.720E-04 Time OK
     137   2 4.191E-09 6.880E-04 Time OK
     138   2 3.746E-09 7.040E-04 Time OK
     139 --- --------- --------- Regridding
     139 --- --------- --------- Jacobian 00013
     139   8 6.045E-02 3.906E-03 Steady Fail
     140 --- --------- --------- Regridding
     140 --- --------- --------- Jacobian 00014
     140 --- --------- --------- Timestep 3.200E-05
     140   1 1.955E-06 7.360E-04 Time OK
     141   1 5.267E-06 7.680E-04 Time OK
     142   2 3.299E-08 8.000E-04 Time OK
     143   2 1.824E-08 8.320E-04 Time OK
     144   2 8.926E-09 8.640E-04 Time OK
     145   2 3.048E-08 8.960E-04 Time OK
     146   2 4.335E-08 9.280E-04 Time OK
     147   2 4.804E-08 9.600E-04 Time OK
     148   2 4.699E-08 9.920E-04 Time OK
     149   2 4.259E-08 1.024E-03 Time OK
     150   8 1.855E-04 3.906E-03 Steady Fail
     151 --- --------- --------- Regridding
     151 --- --------- --------- Jacobian 00015
     151   8 7.018E-03 3.906E-03 Steady Fail
     152 --- --------- --------- Regridding
     152 --- --------- --------- Jacobian 00016
     152 --- --------- --------- Timestep 3.200E-05
     152   1 1.592E-06 1.056E-03 Time OK
     153   1 4.239E-06 1.088E-03 Time OK
     154   2 2.291E-08 1.120E-03 Time OK
     155   2 1.069E-08 1.152E-03 Time OK
     156   2 1.042E-08 1.184E-03 Time OK
     157   2 2.686E-08 1.216E-03 Time OK
     158   2 3.615E-08 1.248E-03 Time OK
     159   2 3.908E-08 1.280E-03 Time OK
     160   2 3.760E-08 1.312E-03 Time OK
     161   2 3.355E-08 1.344E-03 Time OK
     162   2 2.838E-08 1.376E-03 Time OK
     163   2 2.308E-08 1.408E-03 Time OK
     164   2 1.827E-08 1.440E-03 Time OK
     165   2 1.428E-08 1.472E-03 Time OK
     166   2 1.128E-08 1.504E-03 Time OK
     167   2 9.267E-09 1.536E-03 Time OK
     168   2 8.153E-09 1.568E-03 Time OK
     169   2 7.769E-09 1.600E-03 Time OK
     170   2 7.884E-09 1.632E-03 Time OK
     171   2 8.430E-09 1.664E-03 Time OK
     172   2 9.375E-09 1.696E-03 Time OK
     173   2 1.068E-08 1.728E-03 Time OK
     174 --- --------- --------- Regridding
     174 --- --------- --------- Jacobian 00017
     174   8 3.863E-04 7.813E-03 Steady OK
     175   2 1.873E-03 3.906E-03 Steady Fail
     176 --- --------- --------- Regridding
     176 --- --------- --------- Jacobian 00018
     176   8 5.515E-04 7.813E-03 Steady OK
     177   2 8.368E-04 3.906E-03 Steady Fail
     178 --- --------- --------- Regridding
     178 --- --------- --------- Jacobian 00019
     178   7 9.366E-04 1.563E-02 Steady OK
     179   3 1.308E-03 3.906E-03 Steady Fail
     180 --- --------- --------- Regridding
     180 --- --------- --------- Jacobian 00020
     180   8 1.041E-03 7.813E-03 Steady OK
     181   2 1.070E-03 3.906E-03 Steady Fail
     182 --- --------- --------- Regridding
     182 --- --------- --------- Jacobian 00021
     182   7 1.062E-03 1.563E-02 Steady OK
     183   3 1.124E-03 3.906E-03 Steady Fail
     184 --- --------- --------- Regridding
     184 --- --------- --------- Jacobian 00022
     184   7 1.072E-03 1.563E-02 Steady OK
     185   3 1.086E-03 3.906E-03 Steady Fail
     186 --- --------- --------- Regridding
     186 --- --------- --------- Jacobian 00023
     186   7 1.069E-03 1.563E-02 Steady OK
     187   3 1.057E-03 7.813E-03 Steady OK
     188   2 1.116E-03 3.906E-03 Steady Fail
     189 --- --------- --------- Regridding
     189 --- --------- --------- Jacobian 00024
     189   7 1.120E-03 1.563E-02 Steady OK
     190   3 1.114E-03 3.906E-03 Steady Fail
     191 --- --------- --------- Regridding
     191 --- --------- --------- Jacobian 00025
     191   6 1.207E-03 3.125E-02 Steady OK
     192   4 1.241E-03 3.906E-03 Steady Fail
     193 --- --------- --------- Regridding
     193 --- --------- --------- Jacobian 00026
     193   6 1.312E-03 3.125E-02 Steady OK
     194   4 1.338E-03 3.906E-03 Steady Fail
     195 --- --------- --------- Regridding
     195 --- --------- --------- Jacobian 00027
     195   6 1.414E-03 3.125E-02 Steady OK
     196   4 1.428E-03 3.906E-03 Steady Fail
     197 --- --------- --------- Regridding
     197 --- --------- --------- Jacobian 00028
     197   6 1.508E-03 3.125E-02 Steady OK
     198   4 1.512E-03 3.906E-03 Steady Fail
     199 --- --------- --------- Regridding
     199 --- --------- --------- Jacobian 00029
     199   6 1.595E-03 3.125E-02 Steady OK
     200   4 1.592E-03 3.906E-03 Steady Fail
     201 --- --------- --------- Regridding
     201 --- --------- --------- Jacobian 00030
     201   5 1.639E-03 6.250E-02 Steady OK
     202   5 1.663E-03 3.906E-03 Steady Fail
     203 --- --------- --------- Regridding
     203 --- --------- --------- Jacobian 00031
     203   5 1.575E-03 6.250E-02 Steady OK
     204   5 1.594E-03 3.906E-03 Steady Fail
     205 --- --------- --------- Regridding
     205 --- --------- --------- Jacobian 00032
     205   5 1.525E-03 6.250E-02 Steady OK
     206   5 1.537E-03 3.906E-03 Steady Fail
     207 --- --------- --------- Regridding
     207 --- --------- --------- Jacobian 00033
     207   5 1.473E-03 6.250E-02 Steady OK
     208   5 1.479E-03 3.906E-03 Steady Fail
     209 --- --------- --------- Regridding
     209 --- --------- --------- Jacobian 00034
     209   5 1.476E-03 6.250E-02 Steady OK
     210   5 1.477E-03 3.906E-03 Steady Fail
     211 --- --------- --------- Regridding
     211 --- --------- --------- Jacobian 00035
     211   4 1.468E-03 1.250E-01 Steady OK
     212   6 1.481E-03 3.906E-03 Steady Fail
     213 --- --------- --------- Regridding
     213 --- --------- --------- Jacobian 00036
     213   4 1.383E-03 1.250E-01 Steady OK
     214   6 1.386E-03 3.906E-03 Steady Fail
     215 --- --------- --------- Regridding
     215 --- --------- --------- Jacobian 00037
     215   4 1.265E-03 1.250E-01 Steady OK
     216   6 1.263E-03 3.906E-03 Steady Fail
     217 --- --------- --------- Regridding
     217 --- --------- --------- Jacobian 00038
     217   3 1.143E-03 2.500E-01 Steady OK
     218   7 1.143E-03 3.906E-03 Steady Fail
     219 --- --------- --------- Regridding
     219 --- --------- --------- Jacobian 00039
     219   2 8.660E-04 5.000E-01 Steady OK
     220   1 6.501E-04 1.000E+00 Steady OK
     221   2 1.818E-04 5.000E-01 Steady OK
     222   2 1.686E-04 5.000E-01 Steady OK
     223   1 6.349E-05 1.000E+00 Steady OK
     224   1 3.196E-05 1.000E+00 Steady OK
     225   1 7.047E-06 1.000E+00 Steady OK
     226   1 6.753E-07 1.000E+00 Steady OK
     227   1 2.340E-08 1.000E+00 Steady OK
     228   1 3.214E-09 1.000E+00 Steady OK
     229   8 3.216E-09 3.906E-03 Steady Fail
     230 --- --------- --------- Regridding
     230 --- --------- --------- Jacobian 00040
     230   1 9.638E-08 1.000E+00 Steady OK
     231   1 8.259E-09 1.000E+00 Steady OK
     232   1 5.713E-10 1.000E+00 Steady OK
     233   1 3.442E-10 1.000E+00 Steady OK
     234   1 9.287E-11 1.000E+00 Steady OK
 
------------------------------------------------------------------------
 
Simulation stopped:
  => Converged!
 
------------------------------------------------------------------------
 
Postprocessing output:
  => Position reaction layer      : -4.6101696E-01 cm
  => Temperature reaction layer   :  1.5103845E+03 K
  => Mass burning rate            :  6.4183423E-03 gr/(cm2s)
  => Burning velocity (unburnt)   :  5.6990008E+00 cm/s
  => Maximum temperature          :  1.8070942E+03 K
  => Minimum temperature          :  3.0000000E+02 K
  => Flame thickness (max grad T) :  2.4763448E-02 cm
  => Stoichiometric mixture frac. :  0.0000000E+00 -
  => Position stoich mixture      :  1.7069558E+00 cm
  => Temperature at stoich mixture:  1.6656877E+03 K
  => Scalar dissipation at stoich :  1.4447265E-29 1/s
 
========================================================================
 
==> LogClose : Closing logfile
