==> LogWrite : Opening logfile
 
========================================================================
 
 
OOOOOOOOOOOOOOOOOOOOOOOOOOOOOOOOOOOOOOOOOOOOOO
O                                            O
O     @@@@  @  @  @@@@  @   @    @  @@@b     O
O     @     @  @  @     @@ @@   @@  @  @     O
O     @     @@@@  @@@@  @ @ @    @  @  @     O
O     @     @  @  @     @   @    @  @  @     O
O     @@@@  @  @  @@@@  @   @    @  @@@P     O
O                                            O
O     A ONE DIMENSIONAL FLAME CODE           O
O                                            O
O     Version:                               O
O     Release: 2012-06-01 08:38:57 +0200     O
O                                            O
OOOOOOOOOOOOOOOOOOOOOOOOOOOOOOOOOOOOOOOOOOOOOO
 
 
 
* Developed at the Eindhoven University of Technology
 
* http://www.combustion.tue.nl
 
========================================================================
 
Reading CHEM1D input files
    => Start reading chemistry 
    ==> CheckTroeData : Started
    ==> CheckTroeData : Finished
    => Finished reading chemistry
    => Thermodynamical Data   [OK]
    ElementName        Mass
    1  O                 1.5999400E+01
    2  H                 1.0079700E+00
    3  C                 1.2011200E+01
    4  N                 1.4006700E+01
    5  AR                3.9948000E+01

    SpeciesName        Mass
    1  H2                2.0159400E+00
    2  H                 1.0079700E+00
    3  O                 1.5999400E+01
    4  O2                3.1998800E+01
    5  OH                1.7007370E+01
    6  H2O               1.8015340E+01
    7  HO2               3.3006770E+01
    8  CH2               1.4027140E+01
    9  CH2(S)            1.4027140E+01
   10  CH3               1.5035110E+01
   11  CH4               1.6043080E+01
   12  CO                2.8010600E+01
   13  CO2               4.4010000E+01
   14  HCO               2.9018570E+01
   15  CH2O              3.0026540E+01
   16  CH3O              3.1034510E+01
   17  C2H4              2.8054280E+01
   18  C2H5              2.9062250E+01
   19  C2H6              3.0070220E+01
   20  N                 1.4006700E+01
   21  NO                3.0006100E+01
   22  N2                2.8013400E+01
   23  AR                3.9948000E+01

    => Reactions + rate coefficients 

       (1) O + H + M = OH + M
             A =  5.000E+17  beta = -1.000E+00  Ea/R =  0.000E+00   K
      Enhanced by:
      H2          2.00
      H2O         6.00
      CH4         2.00
      CO          1.50
      CO2         2.00
      C2H6        3.00
      AR          0.70

       (2) O + H2 = H + OH
             A =  5.000E+04  beta =  2.670E+00  Ea/R =  3.167E+03   K

       (3) O + HO2 = OH + O2
             A =  2.000E+13  beta =  0.000E+00  Ea/R =  0.000E+00   K

       (4) O + CH2 = H + HCO
             A =  8.000E+13  beta =  0.000E+00  Ea/R =  0.000E+00   K

       (5) O + CH2(S) = H + HCO
             A =  1.500E+13  beta =  0.000E+00  Ea/R =  0.000E+00   K

       (6) O + CH3 = H + CH2O
             A =  8.430E+13  beta =  0.000E+00  Ea/R =  0.000E+00   K

       (7) O + CH4 = OH + CH3
             A =  1.020E+09  beta =  1.500E+00  Ea/R =  4.331E+03   K

       (8) O + CO + M = CO2 + M
             A =  6.020E+14  beta =  0.000E+00  Ea/R =  1.511E+03   K
      Enhanced by:
      H2          2.00
      O2          6.00
      H2O         6.00
      CH4         2.00
      CO          1.50
      CO2         3.50
      C2H6        3.00
      AR          0.50

       (9) O + HCO = OH + CO
             A =  3.000E+13  beta =  0.000E+00  Ea/R =  0.000E+00   K

       (10) O + HCO = H + CO2
             A =  3.000E+13  beta =  0.000E+00  Ea/R =  0.000E+00   K

       (11) O + CH2O = OH + HCO
             A =  3.900E+13  beta =  0.000E+00  Ea/R =  1.783E+03   K

       (12) O + C2H4 = CH3 + HCO
             A =  1.920E+07  beta =  1.830E+00  Ea/R =  1.108E+02   K

       (13) O + C2H5 = CH3 + CH2O
             A =  1.320E+14  beta =  0.000E+00  Ea/R =  0.000E+00   K

       (14) O + C2H6 = OH + C2H5
             A =  8.980E+07  beta =  1.920E+00  Ea/R =  2.865E+03   K

       (15) O2 + CO = O + CO2
             A =  2.500E+12  beta =  0.000E+00  Ea/R =  2.407E+04   K

       (16) O2 + CH2O = HO2 + HCO
             A =  1.000E+14  beta =  0.000E+00  Ea/R =  2.014E+04   K

       (17) H + O2 + M = HO2 + M
             A =  2.800E+18  beta = -8.600E-01  Ea/R =  0.000E+00   K
      Enhanced by:
      O2          0.00
      H2O         0.00
      CO          0.75
      CO2         1.50
      C2H6        1.50
      N2          0.00
      AR          0.00

       (18) H + O2 + O2 = HO2 + O2
             A =  3.000E+20  beta = -1.720E+00  Ea/R =  0.000E+00   K

       (19) H + O2 + H2O = HO2 + H2O
             A =  9.380E+18  beta = -7.600E-01  Ea/R =  0.000E+00   K

       (20) H + O2 + N2 = HO2 + N2
             A =  3.750E+20  beta = -1.720E+00  Ea/R =  0.000E+00   K

       (21) H + O2 + AR = HO2 + AR
             A =  7.000E+17  beta = -8.000E-01  Ea/R =  0.000E+00   K

       (22) H + O2 = O + OH
             A =  8.300E+13  beta =  0.000E+00  Ea/R =  7.258E+03   K

       (23) H + H + M = H2 + M
             A =  1.000E+18  beta = -1.000E+00  Ea/R =  0.000E+00   K
      Enhanced by:
      H2          0.00
      H2O         0.00
      CH4         2.00
      CO2         0.00
      C2H6        3.00
      AR          0.63

       (24) H + H + H2 = H2 + H2
             A =  9.000E+16  beta = -6.000E-01  Ea/R =  0.000E+00   K

       (25) H + H + H2O = H2 + H2O
             A =  6.000E+19  beta = -1.250E+00  Ea/R =  0.000E+00   K

       (26) H + H + CO2 = H2 + CO2
             A =  5.500E+20  beta = -2.000E+00  Ea/R =  0.000E+00   K

       (27) H + OH + M = H2O + M
             A =  2.200E+22  beta = -2.000E+00  Ea/R =  0.000E+00   K
      Enhanced by:
      H2          0.73
      H2O         3.65
      CH4         2.00
      C2H6        3.00
      AR          0.38

       (28) H + HO2 = O2 + H2
             A =  2.800E+13  beta =  0.000E+00  Ea/R =  5.378E+02   K

       (29) H + HO2 = OH + OH
             A =  1.340E+14  beta =  0.000E+00  Ea/R =  3.198E+02   K

       (30) H + CH2 + M = CH3 + M
             A =  2.500E+16  beta = -8.000E-01  Ea/R =  0.000E+00   K
      LOW pressure limit: 
      A =  3.200E+27  beta = -3.140E+00  Ea/R =  6.194E+02   K
      TROE centering:
          a = 0.680E+00
       T*** = 0.780E+02 K
         T* = 0.200E+04 K
        T** = 0.559E+04 K
      Enhanced by:
      H2          2.00
      H2O         6.00
      CH4         2.00
      CO          1.50
      CO2         2.00
      C2H6        3.00
      AR          0.70

       (31) H + CH3 + M = CH4 + M
             A =  1.270E+16  beta = -6.300E-01  Ea/R =  1.929E+02   K
      LOW pressure limit: 
      A =  2.477E+33  beta = -4.760E+00  Ea/R =  1.229E+03   K
      TROE centering:
          a = 0.783E+00
       T*** = 0.740E+02 K
         T* = 0.294E+04 K
        T** = 0.696E+04 K
      Enhanced by:
      H2          2.00
      H2O         6.00
      CH4         2.00
      CO          1.50
      CO2         2.00
      C2H6        3.00
      AR          0.70

       (32) H + CH4 = CH3 + H2
             A =  6.600E+08  beta =  1.620E+00  Ea/R =  5.459E+03   K

       (33) H + HCO + M = CH2O + M
             A =  1.090E+12  beta =  4.800E-01  Ea/R = -1.309E+02   K
      LOW pressure limit: 
      A =  1.350E+24  beta = -2.570E+00  Ea/R =  7.176E+02   K
      TROE centering:
          a = 0.782E+00
       T*** = 0.271E+03 K
         T* = 0.276E+04 K
        T** = 0.657E+04 K
      Enhanced by:
      H2          2.00
      H2O         6.00
      CH4         2.00
      CO          1.50
      CO2         2.00
      C2H6        3.00
      AR          0.70

       (34) H + HCO = H2 + CO
             A =  7.340E+13  beta =  0.000E+00  Ea/R =  0.000E+00   K

       (35) H + CH2O + M = CH3O + M
             A =  5.400E+11  beta =  4.540E-01  Ea/R =  1.309E+03   K
      LOW pressure limit: 
      A =  2.200E+30  beta = -4.800E+00  Ea/R =  2.800E+03   K
      TROE centering:
          a = 0.758E+00
       T*** = 0.940E+02 K
         T* = 0.156E+04 K
        T** = 0.420E+04 K
      Enhanced by:
      H2          2.00
      H2O         6.00
      CH4         2.00
      CO          1.50
      CO2         2.00
      C2H6        3.00

       (36) H + CH2O = HCO + H2
             A =  2.300E+10  beta =  1.050E+00  Ea/R =  1.649E+03   K

       (37) H + CH3O = OH + CH3
             A =  3.200E+13  beta =  0.000E+00  Ea/R =  0.000E+00   K

       (38) H + C2H4 + M = C2H5 + M
             A =  1.080E+12  beta =  4.540E-01  Ea/R =  9.165E+02   K
      LOW pressure limit: 
      A =  1.200E+42  beta = -7.620E+00  Ea/R =  3.510E+03   K
      TROE centering:
          a = 0.975E+00
       T*** = 0.210E+03 K
         T* = 0.984E+03 K
        T** = 0.437E+04 K
      Enhanced by:
      H2          2.00
      H2O         6.00
      CH4         2.00
      CO          1.50
      CO2         2.00
      C2H6        3.00
      AR          0.70

       (39) H + C2H5 + M = C2H6 + M
             A =  5.210E+17  beta = -9.900E-01  Ea/R =  7.956E+02   K
      LOW pressure limit: 
      A =  1.990E+41  beta = -7.080E+00  Ea/R =  3.366E+03   K
      TROE centering:
          a = 0.842E+00
       T*** = 0.125E+03 K
         T* = 0.222E+04 K
        T** = 0.688E+04 K
      Enhanced by:
      H2          2.00
      H2O         6.00
      CH4         2.00
      CO          1.50
      CO2         2.00
      C2H6        3.00
      AR          0.70

       (40) H + C2H6 = C2H5 + H2
             A =  1.150E+08  beta =  1.900E+00  Ea/R =  3.792E+03   K

       (41) H2 + CO + M = CH2O + M
             A =  4.300E+07  beta =  1.500E+00  Ea/R =  4.008E+04   K
      LOW pressure limit: 
      A =  5.070E+27  beta = -3.420E+00  Ea/R =  4.248E+04   K
      TROE centering:
          a = 0.932E+00
       T*** = 0.197E+03 K
         T* = 0.154E+04 K
        T** = 0.103E+05 K
      Enhanced by:
      H2          2.00
      H2O         6.00
      CH4         2.00
      CO          1.50
      CO2         2.00
      C2H6        3.00
      AR          0.70

       (42) OH + H2 = H + H2O
             A =  2.160E+08  beta =  1.510E+00  Ea/R =  1.727E+03   K

       (43) OH + OH = O + H2O
             A =  3.570E+04  beta =  2.400E+00  Ea/R = -1.063E+03   K

       (44) OH + HO2 = O2 + H2O
             A =  2.900E+13  beta =  0.000E+00  Ea/R = -2.518E+02   K

       (45) OH + CH2 = H + CH2O
             A =  2.000E+13  beta =  0.000E+00  Ea/R =  0.000E+00   K

       (46) OH + CH2(S) = H + CH2O
             A =  3.000E+13  beta =  0.000E+00  Ea/R =  0.000E+00   K

       (47) OH + CH3 = CH2 + H2O
             A =  5.600E+07  beta =  1.600E+00  Ea/R =  2.729E+03   K

       (48) OH + CH3 = CH2(S) + H2O
             A =  2.501E+13  beta =  0.000E+00  Ea/R =  0.000E+00   K

       (49) OH + CH4 = CH3 + H2O
             A =  1.000E+08  beta =  1.600E+00  Ea/R =  1.571E+03   K

       (50) OH + CO = H + CO2
             A =  4.760E+07  beta =  1.228E+00  Ea/R =  3.525E+01   K

       (51) OH + HCO = H2O + CO
             A =  5.000E+13  beta =  0.000E+00  Ea/R =  0.000E+00   K

       (52) OH + CH2O = HCO + H2O
             A =  3.430E+09  beta =  1.180E+00  Ea/R = -2.251E+02   K

       (53) OH + C2H6 = C2H5 + H2O
             A =  3.540E+06  beta =  2.120E+00  Ea/R =  4.381E+02   K

       (54) HO2 + CH2 = OH + CH2O
             A =  2.000E+13  beta =  0.000E+00  Ea/R =  0.000E+00   K

       (55) HO2 + CH3 = O2 + CH4
             A =  1.000E+12  beta =  0.000E+00  Ea/R =  0.000E+00   K

       (56) HO2 + CH3 = OH + CH3O
             A =  2.000E+13  beta =  0.000E+00  Ea/R =  0.000E+00   K

       (57) HO2 + CO = OH + CO2
             A =  1.500E+14  beta =  0.000E+00  Ea/R =  1.188E+04   K

       (58) CH2 + O2 = OH + HCO
             A =  1.320E+13  beta =  0.000E+00  Ea/R =  7.553E+02   K

       (59) CH2 + H2 = H + CH3
             A =  5.000E+05  beta =  2.000E+00  Ea/R =  3.641E+03   K

       (60) CH2 + CH3 = H + C2H4
             A =  4.000E+13  beta =  0.000E+00  Ea/R =  0.000E+00   K

       (61) CH2 + CH4 = CH3 + CH3
             A =  2.460E+06  beta =  2.000E+00  Ea/R =  4.164E+03   K

       (62) CH2(S) + N2 = CH2 + N2
             A =  1.500E+13  beta =  0.000E+00  Ea/R =  3.021E+02   K

       (63) CH2(S) + AR = CH2 + AR
             A =  9.000E+12  beta =  0.000E+00  Ea/R =  3.021E+02   K

       (64) CH2(S) + O2 = H + OH + CO
             A =  2.800E+13  beta =  0.000E+00  Ea/R =  0.000E+00   K

       (65) CH2(S) + O2 = CO + H2O
             A =  1.200E+13  beta =  0.000E+00  Ea/R =  0.000E+00   K

       (66) CH2(S) + H2 = CH3 + H
             A =  7.000E+13  beta =  0.000E+00  Ea/R =  0.000E+00   K

       (67) CH2(S) + H2O = CH2 + H2O
             A =  3.000E+13  beta =  0.000E+00  Ea/R =  0.000E+00   K

       (68) CH2(S) + CH3 = H + C2H4
             A =  1.200E+13  beta =  0.000E+00  Ea/R = -2.870E+02   K

       (69) CH2(S) + CH4 = CH3 + CH3
             A =  1.600E+13  beta =  0.000E+00  Ea/R = -2.870E+02   K

       (70) CH2(S) + CO = CH2 + CO
             A =  9.000E+12  beta =  0.000E+00  Ea/R =  0.000E+00   K

       (71) CH2(S) + CO2 = CH2 + CO2
             A =  7.000E+12  beta =  0.000E+00  Ea/R =  0.000E+00   K

       (72) CH2(S) + CO2 = CO + CH2O
             A =  1.400E+13  beta =  0.000E+00  Ea/R =  0.000E+00   K

       (73) CH3 + O2 = O + CH3O
             A =  2.675E+13  beta =  0.000E+00  Ea/R =  1.450E+04   K

       (74) CH3 + O2 = OH + CH2O
             A =  3.600E+10  beta =  0.000E+00  Ea/R =  4.502E+03   K

       (75) CH3 + CH3 + M = C2H6 + M
             A =  2.120E+16  beta = -9.700E-01  Ea/R =  3.122E+02   K
      LOW pressure limit: 
      A =  1.770E+50  beta = -9.670E+00  Ea/R =  3.132E+03   K
      TROE centering:
          a = 0.532E+00
       T*** = 0.151E+03 K
         T* = 0.104E+04 K
        T** = 0.497E+04 K
      Enhanced by:
      H2          2.00
      H2O         6.00
      CH4         2.00
      CO          1.50
      CO2         2.00
      C2H6        3.00
      AR          0.70

       (76) CH3 + CH3 = H + C2H5
             A =  4.990E+12  beta =  1.000E-01  Ea/R =  5.338E+03   K

       (77) CH3 + HCO = CH4 + CO
             A =  2.648E+13  beta =  0.000E+00  Ea/R =  0.000E+00   K

       (78) CH3 + CH2O = HCO + CH4
             A =  3.320E+03  beta =  2.810E+00  Ea/R =  2.951E+03   K

       (79) CH3 + C2H6 = C2H5 + CH4
             A =  6.140E+06  beta =  1.740E+00  Ea/R =  5.262E+03   K

       (80) HCO + H2O = H + CO + H2O
             A =  2.244E+18  beta = -1.000E+00  Ea/R =  8.561E+03   K

       (81) HCO + M = H + CO + M
             A =  1.870E+17  beta = -1.000E+00  Ea/R =  8.561E+03   K
      Enhanced by:
      H2          2.00
      H2O         0.00
      CH4         2.00
      CO          1.50
      CO2         2.00
      C2H6        3.00

       (82) HCO + O2 = HO2 + CO
             A =  7.600E+12  beta =  0.000E+00  Ea/R =  2.014E+02   K

       (83) CH3O + O2 = HO2 + CH2O
             A =  4.280E-13  beta =  7.600E+00  Ea/R = -1.778E+03   K

       (84) C2H5 + O2 = HO2 + C2H4
             A =  8.400E+11  beta =  0.000E+00  Ea/R =  1.951E+03   K

       (85) N + NO = N2 + O
             A =  2.700E+13  beta =  0.000E+00  Ea/R =  1.788E+02   K

       (86) N + O2 = NO + O
             A =  9.000E+09  beta =  1.000E+00  Ea/R =  3.273E+03   K

       (87) N + OH = NO + H
             A =  3.360E+13  beta =  0.000E+00  Ea/R =  1.939E+02   K

    => Defaultsfile           [OK]
    => Settingsfile           [OK]
    => Commandline options    [OK]
    => Start reading .chm file
        [MSG] Transport parameters    [OK]
        [MSG] Conductivity parameters [OK]
        [MSG] Viscosity parameters    [OK]
        [MSG] Difusivity parameters   [OK]
        [MSG] Thermal parameters      [OK]
    => Reading .chm file      [OK]
    => CHEM1D datafile        [OK]
    => Setting grid weights :
        DENSITY            1.00000
        TEMP               1.00000
        CH4                1.00000
        HEATREL            1.00000
 
 
------------------------------------------------------------------------
 
Simulation settings:
    => Counterflow flame
    => Stationary solution
    => Detailed chemistry model
    => Mixture averaged diffusion model
    => No radiation model
    => No model for heat exchanger
 
------------------------------------------------------------------------
 
Variables:
       Name              BC_Left      BC_Right     Unit
  1) * H2                0.00000E+00  0.00000E+00  Mass frac.
  2) * H                 0.00000E+00  0.00000E+00  Mass frac.
  3) * O                 0.00000E+00  0.00000E+00  Mass frac.
  4) * O2                2.26592E-01  9.81491E-02  Mass frac.
  5) * OH                0.00000E+00  0.00000E+00  Mass frac.
  6) * H2O               0.00000E+00  0.00000E+00  Mass frac.
  7) * HO2               0.00000E+00  0.00000E+00  Mass frac.
  8) * CH2               0.00000E+00  0.00000E+00  Mass frac.
  9) * CH2(S)            0.00000E+00  0.00000E+00  Mass frac.
 10) * CH3               0.00000E+00  0.00000E+00  Mass frac.
 11) * CH4               3.40818E-02  0.00000E+00  Mass frac.
 12) * CO                0.00000E+00  0.00000E+00  Mass frac.
 13) * CO2               0.00000E+00  1.01244E-01  Mass frac.
 14) * HCO               0.00000E+00  0.00000E+00  Mass frac.
 15) * CH2O              0.00000E+00  0.00000E+00  Mass frac.
 16) * CH3O              0.00000E+00  0.00000E+00  Mass frac.
 17) * C2H4              0.00000E+00  0.00000E+00  Mass frac.
 18) * C2H5              0.00000E+00  0.00000E+00  Mass frac.
 19) * C2H6              0.00000E+00  0.00000E+00  Mass frac.
 20) * N                 0.00000E+00  0.00000E+00  Mass frac.
 21) * NO                0.00000E+00  0.00000E+00  Mass frac.
 22) * N2                7.39326E-01  8.00607E-01  Mass frac.
 23) * AR                0.00000E+00  0.00000E+00  Mass frac.
 24) * Temp              3.00000E+02  1.66600E+03  K
 25) * Massflow          1.35147E-02  2.55192E-03  gr/(cm2 s)
 26) * Enthalpy         -1.56496E+02  6.66297E+02  J/gr
 27) * MixFrac           1.00000E+00  1.00000E+00  -
 28) * Stretch           8.69083E+01  2.00000E+02  1/s
 29)   Press             1.00000E+05  1.00000E+05  Pa
 30)   Density           1.12622E-03  2.12660E-04  gr/cm3
 31)   MeanMass          2.80918E+01  2.94575E+01  gr/mol
 32)   Surface           0.00000E+00  0.00000E+00  cm2
 33)   Porosity          0.00000E+00  0.00000E+00  -
 34)   Tsolid            0.00000E+00  0.00000E+00  K
 35)   HeatRel           0.00000E+00  0.00000E+00  J/(cm3 s)
 36)   Dissipation       0.00000E+00  0.00000E+00  -
 
------------------------------------------------------------------------
 
       0 --- --------- --------- Start solver
       1 --- --------- --------- Regridding
       1 --- --------- --------- Jacobian 00001
       1   5 1.199E-04 6.250E-02 Steady OK
       2   5 1.199E-04 3.906E-03 Steady Fail
       3 --- --------- --------- Regridding
       3 --- --------- --------- Jacobian 00002
       3   8 2.567E-03 3.906E-03 Steady Fail
       4 --- --------- --------- Regridding
       4 --- --------- --------- Jacobian 00003
       4 --- --------- --------- Timestep 1.000E-06
       4   1 1.844E-06 1.000E-06 Time OK
       5   1 1.410E-05 2.000E-06 Time OK
       6   3 2.430E-07 3.000E-06 Time OK
       7   5 4.186E-08 4.000E-06 Time OK
       8   6 1.877E-08 5.000E-06 Time OK
       9   6 1.861E-08 6.000E-06 Time OK
      10   7 8.776E-09 7.000E-06 Time OK
      11   7 8.513E-09 8.000E-06 Time OK
      12   7 8.350E-09 9.000E-06 Time OK
      13   7 8.235E-09 1.000E-05 Time OK
      14   7 8.144E-09 1.100E-05 Time OK
      15   7 8.064E-09 1.200E-05 Time OK
      16   7 7.991E-09 1.300E-05 Time OK
      17   7 7.923E-09 1.400E-05 Time OK
      18   7 7.857E-09 1.500E-05 Time OK
      19   7 7.794E-09 1.600E-05 Time OK
      20   7 7.732E-09 1.700E-05 Time OK
      21   7 7.672E-09 1.800E-05 Time OK
      22   7 7.613E-09 1.900E-05 Time OK
      23   7 7.555E-09 2.000E-05 Time OK
      24   7 7.498E-09 2.100E-05 Time OK
      25   7 7.441E-09 2.200E-05 Time OK
      26 --- --------- --------- Regridding
      26 --- --------- --------- Jacobian 00004
      26   8 8.013E-05 7.813E-03 Steady OK
      27   2 1.065E-04 3.906E-03 Steady Fail
      28 --- --------- --------- Regridding
      28 --- --------- --------- Jacobian 00005
      28   8 8.072E-05 7.813E-03 Steady OK
      29   2 1.154E-04 3.906E-03 Steady Fail
      30 --- --------- --------- Regridding
      30 --- --------- --------- Jacobian 00006
      30   8 1.209E-04 7.813E-03 Steady OK
      31   2 1.378E-04 3.906E-03 Steady Fail
      32 --- --------- --------- Regridding
      32 --- --------- --------- Jacobian 00007
      32   8 1.884E-04 7.813E-03 Steady OK
      33   2 1.986E-04 3.906E-03 Steady Fail
      34 --- --------- --------- Regridding
      34 --- --------- --------- Jacobian 00008
      34   7 2.278E-04 1.563E-02 Steady OK
      35   3 3.001E-04 3.906E-03 Steady Fail
      36 --- --------- --------- Regridding
      36 --- --------- --------- Jacobian 00009
      36   8 3.102E-04 7.813E-03 Steady OK
      37   2 3.250E-04 3.906E-03 Steady Fail
      38 --- --------- --------- Regridding
      38 --- --------- --------- Jacobian 00010
      38   7 3.465E-04 1.563E-02 Steady OK
      39   3 4.065E-04 3.906E-03 Steady Fail
      40 --- --------- --------- Regridding
      40 --- --------- --------- Jacobian 00011
      40   8 4.129E-04 3.906E-03 Steady Fail
      41 --- --------- --------- Regridding
      41 --- --------- --------- Jacobian 00012
      41 --- --------- --------- Timestep 1.000E-06
      41   1 5.684E-08 2.300E-05 Time OK
      42   1 1.190E-07 2.400E-05 Time OK
      43   1 5.584E-08 2.500E-05 Time OK
      44   2 3.093E-11 2.600E-05 Time OK
      45   2 4.951E-11 2.700E-05 Time OK
      46   2 7.295E-11 2.800E-05 Time OK
      47   2 8.681E-11 2.900E-05 Time OK
      48   2 9.187E-11 3.000E-05 Time OK
      49   2 9.149E-11 3.100E-05 Time OK
      50   2 8.817E-11 3.200E-05 Time OK
      51   2 8.334E-11 3.300E-05 Time OK
      52   2 7.783E-11 3.400E-05 Time OK
      53   2 7.219E-11 3.500E-05 Time OK
      54   2 6.679E-11 3.600E-05 Time OK
      55   2 6.191E-11 3.700E-05 Time OK
      56   2 5.774E-11 3.800E-05 Time OK
      57   2 5.442E-11 3.900E-05 Time OK
      58   2 5.199E-11 4.000E-05 Time OK
      59   2 5.047E-11 4.100E-05 Time OK
      60   2 4.981E-11 4.200E-05 Time OK
      61   2 4.995E-11 4.300E-05 Time OK
      62   2 5.079E-11 4.400E-05 Time OK
      63 --- --------- --------- Regridding
      63 --- --------- --------- Jacobian 00013
      63   8 9.621E-05 7.813E-03 Steady OK
      64   2 1.146E-04 3.906E-03 Steady Fail
      65 --- --------- --------- Regridding
      65 --- --------- --------- Jacobian 00014
      65   7 1.365E-04 1.563E-02 Steady OK
      66   3 2.221E-04 3.906E-03 Steady Fail
      67 --- --------- --------- Regridding
      67 --- --------- --------- Jacobian 00015
      67   8 1.969E-04 7.813E-03 Steady OK
      68   2 2.149E-04 3.906E-03 Steady Fail
      69 --- --------- --------- Regridding
      69 --- --------- --------- Jacobian 00016
      69   8 2.224E-04 7.813E-03 Steady OK
      70   2 2.275E-04 3.906E-03 Steady Fail
      71 --- --------- --------- Regridding
      71 --- --------- --------- Jacobian 00017
      71   7 2.478E-04 1.563E-02 Steady OK
      72   3 2.983E-04 3.906E-03 Steady Fail
      73 --- --------- --------- Regridding
      73 --- --------- --------- Jacobian 00018
      73   8 3.033E-04 7.813E-03 Steady OK
      74   2 3.114E-04 3.906E-03 Steady Fail
      75 --- --------- --------- Regridding
      75 --- --------- --------- Jacobian 00019
      75   7 3.283E-04 1.563E-02 Steady OK
      76   3 3.719E-04 3.906E-03 Steady Fail
      77 --- --------- --------- Regridding
      77 --- --------- --------- Jacobian 00020
      77   8 3.802E-04 3.906E-03 Steady Fail
      78 --- --------- --------- Regridding
      78 --- --------- --------- Jacobian 00021
      78 --- --------- --------- Timestep 2.000E-06
      78   2 7.109E-07 4.600E-05 Time OK
      79   2 2.222E-07 4.800E-05 Time OK
      80   2 6.228E-08 5.000E-05 Time OK
      81   2 1.688E-08 5.200E-05 Time OK
      82   2 4.626E-09 5.400E-05 Time OK
      83   2 1.539E-09 5.600E-05 Time OK
      84   2 8.202E-10 5.800E-05 Time OK
      85   2 5.744E-10 6.000E-05 Time OK
      86   2 4.367E-10 6.200E-05 Time OK
      87   2 3.561E-10 6.400E-05 Time OK
      88   2 3.160E-10 6.600E-05 Time OK
      89   2 3.022E-10 6.800E-05 Time OK
      90   2 3.024E-10 7.000E-05 Time OK
      91   2 3.088E-10 7.200E-05 Time OK
      92   2 3.174E-10 7.400E-05 Time OK
      93   2 3.268E-10 7.600E-05 Time OK
      94   2 3.368E-10 7.800E-05 Time OK
      95   2 3.476E-10 8.000E-05 Time OK
      96   2 3.597E-10 8.200E-05 Time OK
      97   2 3.736E-10 8.400E-05 Time OK
      98   2 3.897E-10 8.600E-05 Time OK
      99   2 4.083E-10 8.800E-05 Time OK
     100 --- --------- --------- Regridding
     100 --- --------- --------- Jacobian 00022
     100   7 7.740E-05 1.563E-02 Steady OK
     101   3 1.791E-04 3.906E-03 Steady Fail
     102 --- --------- --------- Regridding
     102 --- --------- --------- Jacobian 00023
     102   8 1.254E-04 3.906E-03 Steady Fail
     103 --- --------- --------- Regridding
     103 --- --------- --------- Jacobian 00024
     103 --- --------- --------- Timestep 4.000E-06
     103   2 6.972E-07 9.200E-05 Time OK
     104   2 2.128E-07 9.600E-05 Time OK
     105   2 5.370E-08 1.000E-04 Time OK
     106   2 1.188E-08 1.040E-04 Time OK
     107   2 2.074E-09 1.080E-04 Time OK
     108   2 2.492E-10 1.120E-04 Time OK
     109   2 1.711E-10 1.160E-04 Time OK
     110   2 2.632E-10 1.200E-04 Time OK
     111   2 4.216E-10 1.240E-04 Time OK
     112   2 5.597E-10 1.280E-04 Time OK
     113   2 6.724E-10 1.320E-04 Time OK
     114   2 7.681E-10 1.360E-04 Time OK
     115   2 8.544E-10 1.400E-04 Time OK
     116   2 9.364E-10 1.440E-04 Time OK
     117   2 1.017E-09 1.480E-04 Time OK
     118   2 1.098E-09 1.520E-04 Time OK
     119   2 1.180E-09 1.560E-04 Time OK
     120   2 1.262E-09 1.600E-04 Time OK
     121   2 1.343E-09 1.640E-04 Time OK
     122   2 1.422E-09 1.680E-04 Time OK
     123   2 1.499E-09 1.720E-04 Time OK
     124   2 1.572E-09 1.760E-04 Time OK
     125 --- --------- --------- Regridding
     125 --- --------- --------- Jacobian 00025
     125   7 7.592E-05 1.563E-02 Steady OK
     126   3 1.630E-04 3.906E-03 Steady Fail
     127 --- --------- --------- Regridding
     127 --- --------- --------- Jacobian 00026
     127   8 1.134E-04 3.906E-03 Steady Fail
     128 --- --------- --------- Regridding
     128 --- --------- --------- Jacobian 00027
     128 --- --------- --------- Timestep 8.000E-06
     128   2 8.224E-07 1.840E-04 Time OK
     129   2 2.721E-07 1.920E-04 Time OK
     130   2 7.228E-08 2.000E-04 Time OK
     131   2 1.625E-08 2.080E-04 Time OK
     132   2 2.299E-09 2.160E-04 Time OK
     133   2 7.389E-10 2.240E-04 Time OK
     134   2 9.460E-10 2.320E-04 Time OK
     135   2 6.713E-10 2.400E-04 Time OK
     136   2 4.143E-10 2.480E-04 Time OK
     137   2 3.333E-10 2.560E-04 Time OK
     138   2 3.978E-10 2.640E-04 Time OK
     139   2 4.829E-10 2.720E-04 Time OK
     140   2 5.438E-10 2.800E-04 Time OK
     141   2 5.744E-10 2.880E-04 Time OK
     142   2 5.775E-10 2.960E-04 Time OK
     143   2 5.575E-10 3.040E-04 Time OK
     144   2 5.194E-10 3.120E-04 Time OK
     145   2 4.684E-10 3.200E-04 Time OK
     146   2 4.111E-10 3.280E-04 Time OK
     147   2 3.578E-10 3.360E-04 Time OK
     148   2 3.258E-10 3.440E-04 Time OK
     149   2 3.362E-10 3.520E-04 Time OK
     150 --- --------- --------- Regridding
     150 --- --------- --------- Jacobian 00028
     150   7 7.287E-05 1.563E-02 Steady OK
     151   3 1.372E-04 3.906E-03 Steady Fail
     152 --- --------- --------- Regridding
     152 --- --------- --------- Jacobian 00029
     152   8 9.762E-05 7.813E-03 Steady OK
     153   2 1.144E-04 3.906E-03 Steady Fail
     154 --- --------- --------- Regridding
     154 --- --------- --------- Jacobian 00030
     154   8 1.022E-04 7.813E-03 Steady OK
     155   2 1.125E-04 3.906E-03 Steady Fail
     156 --- --------- --------- Regridding
     156 --- --------- --------- Jacobian 00031
     156   7 1.330E-04 1.563E-02 Steady OK
     157   3 1.716E-04 3.906E-03 Steady Fail
     158 --- --------- --------- Regridding
     158 --- --------- --------- Jacobian 00032
     158   8 1.452E-04 7.813E-03 Steady OK
     159   2 1.541E-04 3.906E-03 Steady Fail
     160 --- --------- --------- Regridding
     160 --- --------- --------- Jacobian 00033
     160   8 1.511E-04 7.813E-03 Steady OK
     161   2 1.556E-04 3.906E-03 Steady Fail
     162 --- --------- --------- Regridding
     162 --- --------- --------- Jacobian 00034
     162   7 1.847E-04 1.563E-02 Steady OK
     163   3 2.100E-04 3.906E-03 Steady Fail
     164 --- --------- --------- Regridding
     164 --- --------- --------- Jacobian 00035
     164   8 2.057E-04 7.813E-03 Steady OK
     165   2 2.086E-04 3.906E-03 Steady Fail
     166 --- --------- --------- Regridding
     166 --- --------- --------- Jacobian 00036
     166   7 2.134E-04 1.563E-02 Steady OK
     167   3 2.390E-04 3.906E-03 Steady Fail
     168 --- --------- --------- Regridding
     168 --- --------- --------- Jacobian 00037
     168   8 2.377E-04 3.906E-03 Steady Fail
     169 --- --------- --------- Regridding
     169 --- --------- --------- Jacobian 00038
     169 --- --------- --------- Timestep 1.600E-05
     169   2 6.703E-07 3.680E-04 Time OK
     170   2 1.374E-07 3.840E-04 Time OK
     171   2 2.176E-08 4.000E-04 Time OK
     172   2 8.088E-09 4.160E-04 Time OK
     173   2 8.193E-09 4.320E-04 Time OK
     174   3 1.738E-10 4.480E-04 Time OK
     175   3 1.966E-10 4.640E-04 Time OK
     176   3 2.009E-10 4.800E-04 Time OK
     177   3 1.898E-10 4.960E-04 Time OK
     178   3 1.689E-10 5.120E-04 Time OK
     179   2 6.581E-09 5.280E-04 Time OK
     180   2 4.219E-09 5.440E-04 Time OK
     181   2 2.954E-09 5.600E-04 Time OK
     182   2 4.223E-09 5.760E-04 Time OK
     183   2 6.836E-09 5.920E-04 Time OK
     184   2 9.862E-09 6.080E-04 Time OK
     185   3 2.312E-10 6.240E-04 Time OK
     186   3 3.007E-10 6.400E-04 Time OK
     187   3 3.760E-10 6.560E-04 Time OK
     188   3 4.560E-10 6.720E-04 Time OK
     189   3 5.398E-10 6.880E-04 Time OK
     190   3 6.270E-10 7.040E-04 Time OK
     191 --- --------- --------- Regridding
     191 --- --------- --------- Jacobian 00039
     191   7 5.017E-05 1.563E-02 Steady OK
     192   3 1.001E-04 3.906E-03 Steady Fail
     193 --- --------- --------- Regridding
     193 --- --------- --------- Jacobian 00040
     193   8 8.622E-05 7.813E-03 Steady OK
     194   2 9.634E-05 3.906E-03 Steady Fail
     195 --- --------- --------- Regridding
     195 --- --------- --------- Jacobian 00041
     195   7 9.560E-05 1.563E-02 Steady OK
     196   3 1.335E-04 3.906E-03 Steady Fail
     197 --- --------- --------- Regridding
     197 --- --------- --------- Jacobian 00042
     197   8 1.305E-04 3.906E-03 Steady Fail
     198 --- --------- --------- Regridding
     198 --- --------- --------- Jacobian 00043
     198 --- --------- --------- Timestep 3.200E-05
     198   2 1.169E-06 7.360E-04 Time OK
     199   2 5.942E-07 7.680E-04 Time OK
     200   3 6.943E-09 8.000E-04 Time OK
     201   2 2.577E-08 8.320E-04 Time OK
     202   3 2.397E-09 8.640E-04 Time OK
     203   3 2.335E-09 8.960E-04 Time OK
     204   3 3.381E-09 9.280E-04 Time OK
     205   3 4.685E-09 9.600E-04 Time OK
     206   3 6.015E-09 9.920E-04 Time OK
     207   3 7.338E-09 1.024E-03 Time OK
     208   5 1.121E-05 6.250E-02 Steady OK
     209   3 1.220E-05 3.125E-02 Steady OK
     210   2 1.340E-05 3.125E-02 Steady OK
     211   3 1.406E-05 1.563E-02 Steady OK
     212   1 1.546E-05 3.125E-02 Steady OK
     213   2 1.693E-05 3.125E-02 Steady OK
     214   2 1.843E-05 3.125E-02 Steady OK
     215   2 1.994E-05 3.125E-02 Steady OK
     216   2 2.146E-05 3.125E-02 Steady OK
     217   2 2.296E-05 3.125E-02 Steady OK
     218   2 2.444E-05 3.125E-02 Steady OK
     219   2 2.590E-05 3.125E-02 Steady OK
     220 --- --------- --------- Regridding
     220 --- --------- --------- Jacobian 00044
     220   8 4.028E-05 7.813E-03 Steady OK
     221   2 5.811E-05 3.906E-03 Steady Fail
     222 --- --------- --------- Regridding
     222 --- --------- --------- Jacobian 00045
     222   7 7.266E-05 1.563E-02 Steady OK
     223   3 1.097E-04 3.906E-03 Steady Fail
     224 --- --------- --------- Regridding
     224 --- --------- --------- Jacobian 00046
     224   8 9.214E-05 7.813E-03 Steady OK
     225   2 1.043E-04 3.906E-03 Steady Fail
     226 --- --------- --------- Regridding
     226 --- --------- --------- Jacobian 00047
     226   8 1.045E-04 3.906E-03 Steady Fail
     227 --- --------- --------- Regridding
     227 --- --------- --------- Jacobian 00048
     227 --- --------- --------- Timestep 3.200E-05
     227   2 1.306E-07 1.056E-03 Time OK
     228   2 1.290E-07 1.088E-03 Time OK
     229   3 1.028E-09 1.120E-03 Time OK
     230   3 6.874E-10 1.152E-03 Time OK
     231   3 1.165E-09 1.184E-03 Time OK
     232   3 1.577E-09 1.216E-03 Time OK
     233   3 2.049E-09 1.248E-03 Time OK
     234   3 2.645E-09 1.280E-03 Time OK
     235   3 3.360E-09 1.312E-03 Time OK
     236   3 4.203E-09 1.344E-03 Time OK
     237   3 5.213E-09 1.376E-03 Time OK
     238   3 6.452E-09 1.408E-03 Time OK
     239   3 7.981E-09 1.440E-03 Time OK
     240   3 9.849E-09 1.472E-03 Time OK
     241   3 1.210E-08 1.504E-03 Time OK
     242   3 1.474E-08 1.536E-03 Time OK
     243   3 1.781E-08 1.568E-03 Time OK
     244   3 2.132E-08 1.600E-03 Time OK
     245   3 2.528E-08 1.632E-03 Time OK
     246   3 2.973E-08 1.664E-03 Time OK
     247   3 3.468E-08 1.696E-03 Time OK
     248   3 4.014E-08 1.728E-03 Time OK
     249 --- --------- --------- Regridding
     249 --- --------- --------- Jacobian 00049
     249   7 4.137E-05 1.563E-02 Steady OK
     250   3 7.120E-05 3.906E-03 Steady Fail
     251 --- --------- --------- Regridding
     251 --- --------- --------- Jacobian 00050
     251   8 5.122E-05 7.813E-03 Steady OK
     252   2 6.426E-05 3.906E-03 Steady Fail
     253 --- --------- --------- Regridding
     253 --- --------- --------- Jacobian 00051
     253   8 5.255E-05 7.813E-03 Steady OK
     254   2 6.081E-05 3.906E-03 Steady Fail
     255 --- --------- --------- Regridding
     255 --- --------- --------- Jacobian 00052
     255   7 6.045E-05 1.563E-02 Steady OK
     256   3 8.824E-05 3.906E-03 Steady Fail
     257 --- --------- --------- Regridding
     257 --- --------- --------- Jacobian 00053
     257   7 8.427E-05 1.563E-02 Steady OK
     258   3 1.119E-04 3.906E-03 Steady Fail
     259 --- --------- --------- Regridding
     259 --- --------- --------- Jacobian 00054
     259   8 1.042E-04 3.906E-03 Steady Fail
     260 --- --------- --------- Regridding
     260 --- --------- --------- Jacobian 00055
     260 --- --------- --------- Timestep 6.400E-05
     260   2 4.230E-07 1.792E-03 Time OK
     261   2 3.421E-07 1.856E-03 Time OK
     262   2 2.036E-07 1.920E-03 Time OK
     263   3 6.171E-08 1.984E-03 Time OK
     264   3 6.933E-08 2.048E-03 Time OK
     265   3 7.355E-08 2.112E-03 Time OK
     266   3 7.955E-08 2.176E-03 Time OK
     267   3 9.163E-08 2.240E-03 Time OK
     268   3 1.126E-07 2.304E-03 Time OK
     269   3 1.439E-07 2.368E-03 Time OK
     270   3 1.853E-07 2.432E-03 Time OK
     271   3 2.365E-07 2.496E-03 Time OK
     272   3 2.971E-07 2.560E-03 Time OK
     273   3 3.671E-07 2.624E-03 Time OK
     274   3 4.465E-07 2.688E-03 Time OK
     275   8 5.744E-06 3.906E-03 Steady Fail
     276 --- --------- --------- Regridding
     276 --- --------- --------- Jacobian 00056
     276   7 4.280E-05 1.563E-02 Steady OK
     277   3 5.931E-05 3.906E-03 Steady Fail
     278 --- --------- --------- Regridding
     278 --- --------- --------- Jacobian 00057
     278   7 7.022E-05 1.563E-02 Steady OK
     279   3 8.357E-05 3.906E-03 Steady Fail
     280 --- --------- --------- Regridding
     280 --- --------- --------- Jacobian 00058
     280   8 1.020E-04 7.813E-03 Steady OK
     281   2 1.028E-04 3.906E-03 Steady Fail
     282 --- --------- --------- Regridding
     282 --- --------- --------- Jacobian 00059
     282   7 1.026E-04 1.563E-02 Steady OK
     283   3 1.122E-04 3.906E-03 Steady Fail
     284 --- --------- --------- Regridding
     284 --- --------- --------- Jacobian 00060
     284   7 1.110E-04 1.563E-02 Steady OK
     285   3 1.227E-04 3.906E-03 Steady Fail
     286 --- --------- --------- Regridding
     286 --- --------- --------- Jacobian 00061
     286   8 1.214E-04 7.813E-03 Steady OK
     287   2 1.226E-04 3.906E-03 Steady Fail
     288 --- --------- --------- Regridding
     288 --- --------- --------- Jacobian 00062
     288   7 1.252E-04 1.563E-02 Steady OK
     289   3 1.345E-04 3.906E-03 Steady Fail
     290 --- --------- --------- Regridding
     290 --- --------- --------- Jacobian 00063
     290   7 1.372E-04 1.563E-02 Steady OK
     291   3 1.475E-04 3.906E-03 Steady Fail
     292 --- --------- --------- Regridding
     292 --- --------- --------- Jacobian 00064
     292   8 1.503E-04 3.906E-03 Steady Fail
     293 --- --------- --------- Regridding
     293 --- --------- --------- Jacobian 00065
     293 --- --------- --------- Timestep 6.400E-05
     293   2 3.006E-07 2.752E-03 Time OK
     294   2 3.272E-07 2.816E-03 Time OK
     295   8 6.264E-08 2.880E-03 Time OK
     296   3 2.746E-08 2.944E-03 Time OK
     297   3 3.512E-08 3.008E-03 Time OK
     298   3 3.924E-08 3.072E-03 Time OK
     299   3 4.248E-08 3.136E-03 Time OK
     300   3 4.744E-08 3.200E-03 Time OK
     301   3 5.641E-08 3.264E-03 Time OK
     302   3 7.103E-08 3.328E-03 Time OK
     303   3 9.197E-08 3.392E-03 Time OK
     304   3 1.192E-07 3.456E-03 Time OK
     305   3 1.526E-07 3.520E-03 Time OK
     306   3 1.917E-07 3.584E-03 Time OK
     307   3 2.366E-07 3.648E-03 Time OK
     308   3 2.873E-07 3.712E-03 Time OK
     309   3 3.440E-07 3.776E-03 Time OK
     310   3 4.069E-07 3.840E-03 Time OK
     311   3 4.763E-07 3.904E-03 Time OK
     312   4 7.631E-08 3.968E-03 Time OK
     313   4 9.428E-08 4.032E-03 Time OK
     314   4 1.150E-07 4.096E-03 Time OK
     315 --- --------- --------- Regridding
     315 --- --------- --------- Jacobian 00066
     315   7 5.120E-05 1.563E-02 Steady OK
     316   3 5.462E-05 7.813E-03 Steady OK
     317   2 8.153E-05 3.906E-03 Steady Fail
     318 --- --------- --------- Regridding
     318 --- --------- --------- Jacobian 00067
     318   7 7.449E-05 1.563E-02 Steady OK
     319   3 8.886E-05 3.906E-03 Steady Fail
     320 --- --------- --------- Regridding
     320 --- --------- --------- Jacobian 00068
     320   7 9.100E-05 1.563E-02 Steady OK
     321   3 1.032E-04 3.906E-03 Steady Fail
     322 --- --------- --------- Regridding
     322 --- --------- --------- Jacobian 00069
     322   8 1.100E-04 3.906E-03 Steady Fail
     323 --- --------- --------- Regridding
     323 --- --------- --------- Jacobian 00070
     323 --- --------- --------- Timestep 1.280E-04
     323   3 1.902E-07 4.224E-03 Time OK
     324   3 6.375E-08 4.352E-03 Time OK
     325   3 2.905E-07 4.480E-03 Time OK
     326   3 4.571E-07 4.608E-03 Time OK
     327   3 5.651E-07 4.736E-03 Time OK
     328   3 6.857E-07 4.864E-03 Time OK
     329   3 8.860E-07 4.992E-03 Time OK
     330   3 1.191E-06 5.120E-03 Time OK
     331   4 1.988E-07 5.248E-03 Time OK
     332   4 2.961E-07 5.376E-03 Time OK
     333   4 4.236E-07 5.504E-03 Time OK
     334   4 5.855E-07 5.632E-03 Time OK
     335   4 7.879E-07 5.760E-03 Time OK
     336   4 1.036E-06 5.888E-03 Time OK
     337   4 1.337E-06 6.016E-03 Time OK
     338   8 1.314E-05 3.906E-03 Steady Fail
     339 --- --------- --------- Regridding
     339 --- --------- --------- Jacobian 00071
     339   6 7.519E-05 3.125E-02 Steady OK
     340   4 1.030E-04 3.906E-03 Steady Fail
     341 --- --------- --------- Regridding
     341 --- --------- --------- Jacobian 00072
     341   7 8.639E-05 1.563E-02 Steady OK
     342   3 9.887E-05 3.906E-03 Steady Fail
     343 --- --------- --------- Regridding
     343 --- --------- --------- Jacobian 00073
     343   8 1.031E-04 3.906E-03 Steady Fail
     344 --- --------- --------- Regridding
     344 --- --------- --------- Jacobian 00074
     344 --- --------- --------- Timestep 1.280E-04
     344   3 8.216E-08 6.144E-03 Time OK
     345   3 5.868E-08 6.272E-03 Time OK
     346   3 1.458E-07 6.400E-03 Time OK
     347   3 2.329E-07 6.528E-03 Time OK
     348   3 2.855E-07 6.656E-03 Time OK
     349   2 1.029E-06 6.784E-03 Time OK
     350   3 4.383E-07 6.912E-03 Time OK
     351   3 5.841E-07 7.040E-03 Time OK
     352   3 7.907E-07 7.168E-03 Time OK
     353   3 1.039E-06 7.296E-03 Time OK
     354   4 1.808E-07 7.424E-03 Time OK
     355   4 2.484E-07 7.552E-03 Time OK
     356   4 3.321E-07 7.680E-03 Time OK
     357   4 4.332E-07 7.808E-03 Time OK
     358   4 5.548E-07 7.936E-03 Time OK
     359   4 6.991E-07 8.064E-03 Time OK
     360   4 8.681E-07 8.192E-03 Time OK
     361   4 1.065E-06 8.320E-03 Time OK
     362   5 3.629E-07 8.448E-03 Time OK
     363   5 4.556E-07 8.576E-03 Time OK
     364   5 5.715E-07 8.704E-03 Time OK
     365   5 7.074E-07 8.832E-03 Time OK
     366 --- --------- --------- Regridding
     366 --- --------- --------- Jacobian 00075
     366   6 9.169E-05 3.125E-02 Steady OK
     367   4 9.793E-05 7.813E-03 Steady OK
     368   2 1.204E-04 3.906E-03 Steady Fail
     369 --- --------- --------- Regridding
     369 --- --------- --------- Jacobian 00076
     369   8 1.187E-04 3.906E-03 Steady Fail
     370 --- --------- --------- Regridding
     370 --- --------- --------- Jacobian 00077
     370 --- --------- --------- Timestep 1.280E-04
     370   3 5.100E-08 8.960E-03 Time OK
     371   3 3.464E-08 9.088E-03 Time OK
     372   3 7.300E-08 9.216E-03 Time OK
     373   3 1.162E-07 9.344E-03 Time OK
     374   2 8.525E-07 9.472E-03 Time OK
     375   2 5.693E-07 9.600E-03 Time OK
     376   2 6.558E-07 9.728E-03 Time OK
     377   3 2.584E-07 9.856E-03 Time OK
     378   3 3.434E-07 9.984E-03 Time OK
     379   3 4.514E-07 1.011E-02 Time OK
     380   3 5.749E-07 1.024E-02 Time OK
     381   3 7.142E-07 1.037E-02 Time OK
     382   3 8.697E-07 1.050E-02 Time OK
     383   4 1.546E-07 1.062E-02 Time OK
     384   4 1.969E-07 1.075E-02 Time OK
     385   4 2.470E-07 1.088E-02 Time OK
     386   4 3.047E-07 1.101E-02 Time OK
     387   4 3.716E-07 1.114E-02 Time OK
     388   4 4.484E-07 1.126E-02 Time OK
     389   4 5.357E-07 1.139E-02 Time OK
     390   4 6.346E-07 1.152E-02 Time OK
     391   4 7.454E-07 1.165E-02 Time OK
     392 --- --------- --------- Regridding
     392 --- --------- --------- Jacobian 00078
     392   6 8.499E-05 3.125E-02 Steady OK
     393   4 8.932E-05 7.813E-03 Steady OK
     394   2 1.081E-04 3.906E-03 Steady Fail
     395 --- --------- --------- Regridding
     395 --- --------- --------- Jacobian 00079
     395   7 9.872E-05 1.563E-02 Steady OK
     396   3 1.028E-04 3.906E-03 Steady Fail
     397 --- --------- --------- Regridding
     397 --- --------- --------- Jacobian 00080
     397   7 1.171E-04 1.563E-02 Steady OK
     398   3 1.182E-04 3.906E-03 Steady Fail
     399 --- --------- --------- Regridding
     399 --- --------- --------- Jacobian 00081
     399   7 1.407E-04 1.563E-02 Steady OK
     400   3 1.405E-04 3.906E-03 Steady Fail
     401 --- --------- --------- Regridding
     401 --- --------- --------- Jacobian 00082
     401   6 1.583E-04 3.125E-02 Steady OK
     402   4 1.686E-04 3.906E-03 Steady Fail
     403 --- --------- --------- Regridding
     403 --- --------- --------- Jacobian 00083
     403   8 1.722E-04 3.906E-03 Steady Fail
     404 --- --------- --------- Regridding
     404 --- --------- --------- Jacobian 00084
     404 --- --------- --------- Timestep 2.560E-04
     404   3 4.338E-07 1.190E-02 Time OK
     405   3 4.012E-07 1.216E-02 Time OK
     406   3 1.084E-06 1.242E-02 Time OK
     407   3 1.339E-06 1.267E-02 Time OK
     408   8 3.529E-06 3.906E-03 Steady Fail
     409 --- --------- --------- Regridding
     409 --- --------- --------- Jacobian 00085
     409   6 5.099E-05 3.125E-02 Steady OK
     410   4 7.187E-05 3.906E-03 Steady Fail
     411 --- --------- --------- Regridding
     411 --- --------- --------- Jacobian 00086
     411   7 6.161E-05 1.563E-02 Steady OK
     412   3 6.778E-05 3.906E-03 Steady Fail
     413 --- --------- --------- Regridding
     413 --- --------- --------- Jacobian 00087
     413   7 6.922E-05 1.563E-02 Steady OK
     414   3 7.289E-05 7.813E-03 Steady OK
     415   2 8.475E-05 3.906E-03 Steady Fail
     416 --- --------- --------- Regridding
     416 --- --------- --------- Jacobian 00088
     416   7 7.689E-05 1.563E-02 Steady OK
     417   3 8.147E-05 7.813E-03 Steady OK
     418   2 9.404E-05 3.906E-03 Steady Fail
     419 --- --------- --------- Regridding
     419 --- --------- --------- Jacobian 00089
     419   7 9.000E-05 1.563E-02 Steady OK
     420   3 9.485E-05 7.813E-03 Steady OK
     421   2 1.072E-04 3.906E-03 Steady Fail
     422 --- --------- --------- Regridding
     422 --- --------- --------- Jacobian 00090
     422   8 1.060E-04 3.906E-03 Steady Fail
     423 --- --------- --------- Regridding
     423 --- --------- --------- Jacobian 00091
     423 --- --------- --------- Timestep 2.560E-04
     423   3 1.130E-07 1.293E-02 Time OK
     424   3 3.348E-07 1.318E-02 Time OK
     425   3 7.115E-07 1.344E-02 Time OK
     426   3 8.443E-07 1.370E-02 Time OK
     427   3 8.377E-07 1.395E-02 Time OK
     428   3 9.408E-07 1.421E-02 Time OK
     429   3 1.290E-06 1.446E-02 Time OK
     430   3 1.854E-06 1.472E-02 Time OK
     431   4 3.465E-07 1.498E-02 Time OK
     432   4 5.198E-07 1.523E-02 Time OK
     433   4 7.473E-07 1.549E-02 Time OK
     434   4 1.039E-06 1.574E-02 Time OK
     435   4 1.409E-06 1.600E-02 Time OK
     436   4 1.869E-06 1.626E-02 Time OK
     437   5 7.925E-07 1.651E-02 Time OK
     438   5 1.079E-06 1.677E-02 Time OK
     439   5 1.461E-06 1.702E-02 Time OK
     440   5 1.937E-06 1.728E-02 Time OK
     441   6 8.662E-07 1.754E-02 Time OK
     442   6 1.210E-06 1.779E-02 Time OK
     443   6 1.641E-06 1.805E-02 Time OK
     444   7 1.002E-06 1.830E-02 Time OK
     445 --- --------- --------- Regridding
     445 --- --------- --------- Jacobian 00092
     445   6 1.270E-04 3.125E-02 Steady OK
     446   3 1.245E-04 1.563E-02 Steady OK
     447   3 1.419E-04 3.906E-03 Steady Fail
     448 --- --------- --------- Regridding
     448 --- --------- --------- Jacobian 00093
     448   7 1.504E-04 1.563E-02 Steady OK
     449   3 1.522E-04 3.906E-03 Steady Fail
     450 --- --------- --------- Regridding
     450 --- --------- --------- Jacobian 00094
     450   6 1.794E-04 3.125E-02 Steady OK
     451   4 1.883E-04 3.906E-03 Steady Fail
     452 --- --------- --------- Regridding
     452 --- --------- --------- Jacobian 00095
     452   7 2.120E-04 1.563E-02 Steady OK
     453   3 2.128E-04 3.906E-03 Steady Fail
     454 --- --------- --------- Regridding
     454 --- --------- --------- Jacobian 00096
     454   7 2.154E-04 1.563E-02 Steady OK
     455   3 2.157E-04 3.906E-03 Steady Fail
     456 --- --------- --------- Regridding
     456 --- --------- --------- Jacobian 00097
     456   6 2.254E-04 3.125E-02 Steady OK
     457   4 2.334E-04 3.906E-03 Steady Fail
     458 --- --------- --------- Regridding
     458 --- --------- --------- Jacobian 00098
     458   7 2.387E-04 1.563E-02 Steady OK
     459   3 2.400E-04 3.906E-03 Steady Fail
     460 --- --------- --------- Regridding
     460 --- --------- --------- Jacobian 00099
     460   7 2.396E-04 1.563E-02 Steady OK
     461   3 2.399E-04 3.906E-03 Steady Fail
     462 --- --------- --------- Regridding
     462 --- --------- --------- Jacobian 00100
     462   6 2.413E-04 3.125E-02 Steady OK
     463   4 2.503E-04 3.906E-03 Steady Fail
     464 --- --------- --------- Regridding
     464 --- --------- --------- Jacobian 00101
     464   8 2.570E-04 3.906E-03 Steady Fail
     465 --- --------- --------- Regridding
     465 --- --------- --------- Jacobian 00102
     465 --- --------- --------- Timestep 2.560E-04
     465   2 1.186E-06 1.856E-02 Time OK
     466   2 1.268E-06 1.882E-02 Time OK
     467   8 2.357E-07 1.907E-02 Time OK
     468   3 4.399E-07 1.933E-02 Time OK
     469   3 4.035E-07 1.958E-02 Time OK
     470   3 3.636E-07 1.984E-02 Time OK
     471   2 1.424E-06 2.010E-02 Time OK
     472   3 6.101E-07 2.035E-02 Time OK
     473   3 8.689E-07 2.061E-02 Time OK
     474   3 1.208E-06 2.086E-02 Time OK
     475   4 1.966E-07 2.112E-02 Time OK
     476   4 2.809E-07 2.138E-02 Time OK
     477   4 3.890E-07 2.163E-02 Time OK
     478   4 5.243E-07 2.189E-02 Time OK
     479   4 6.925E-07 2.214E-02 Time OK
     480   4 8.983E-07 2.240E-02 Time OK
     481   4 1.147E-06 2.266E-02 Time OK
     482   4 1.445E-06 2.291E-02 Time OK
     483   5 5.904E-07 2.317E-02 Time OK
     484   5 7.626E-07 2.342E-02 Time OK
     485   5 9.881E-07 2.368E-02 Time OK
     486   5 1.260E-06 2.394E-02 Time OK
     487 --- --------- --------- Regridding
     487 --- --------- --------- Jacobian 00103
     487   6 9.934E-05 3.125E-02 Steady OK
     488   4 9.897E-05 7.813E-03 Steady OK
     489   2 1.115E-04 3.906E-03 Steady Fail
     490 --- --------- --------- Regridding
     490 --- --------- --------- Jacobian 00104
     490   7 9.900E-05 1.563E-02 Steady OK
     491   3 1.003E-04 3.906E-03 Steady Fail
     492 --- --------- --------- Regridding
     492 --- --------- --------- Jacobian 00105
     492   6 1.336E-04 3.125E-02 Steady OK
     493   4 1.441E-04 3.906E-03 Steady Fail
     494 --- --------- --------- Regridding
     494 --- --------- --------- Jacobian 00106
     494   7 1.473E-04 1.563E-02 Steady OK
     495   3 1.490E-04 3.906E-03 Steady Fail
     496 --- --------- --------- Regridding
     496 --- --------- --------- Jacobian 00107
     496   6 1.673E-04 3.125E-02 Steady OK
     497   4 1.775E-04 3.906E-03 Steady Fail
     498 --- --------- --------- Regridding
     498 --- --------- --------- Jacobian 00108
     498   8 1.975E-04 3.906E-03 Steady Fail
     499 --- --------- --------- Regridding
     499 --- --------- --------- Jacobian 00109
     499 --- --------- --------- Timestep 2.560E-04
     499   3 5.589E-08 2.419E-02 Time OK
     500   3 1.092E-07 2.445E-02 Time OK
     501   8 2.323E-07 2.470E-02 Time OK
     502   3 3.410E-07 2.496E-02 Time OK
     503   3 2.974E-07 2.522E-02 Time OK
     504   3 2.657E-07 2.547E-02 Time OK
     505   2 1.078E-06 2.573E-02 Time OK
     506   8 3.609E-06 3.906E-03 Steady Fail
     507 --- --------- --------- Regridding
     507 --- --------- --------- Jacobian 00110
     507   6 4.986E-05 3.125E-02 Steady OK
     508   4 6.878E-05 3.906E-03 Steady Fail
     509 --- --------- --------- Regridding
     509 --- --------- --------- Jacobian 00111
     509   6 9.863E-05 3.125E-02 Steady OK
     510   4 1.167E-04 3.906E-03 Steady Fail
     511 --- --------- --------- Regridding
     511 --- --------- --------- Jacobian 00112
     511   8 1.063E-04 3.906E-03 Steady Fail
     512 --- --------- --------- Regridding
     512 --- --------- --------- Jacobian 00113
     512 --- --------- --------- Timestep 2.560E-04
     512   3 5.474E-08 2.598E-02 Time OK
     513   3 1.140E-07 2.624E-02 Time OK
     514   3 2.303E-07 2.650E-02 Time OK
     515   3 2.614E-07 2.675E-02 Time OK
     516   3 2.428E-07 2.701E-02 Time OK
     517   2 1.093E-06 2.726E-02 Time OK
     518   2 9.949E-07 2.752E-02 Time OK
     519   3 4.623E-07 2.778E-02 Time OK
     520   3 6.355E-07 2.803E-02 Time OK
     521   3 8.530E-07 2.829E-02 Time OK
     522   3 1.102E-06 2.854E-02 Time OK
     523   4 1.916E-07 2.880E-02 Time OK
     524   4 2.574E-07 2.906E-02 Time OK
     525   4 3.390E-07 2.931E-02 Time OK
     526   4 4.368E-07 2.957E-02 Time OK
     527   4 5.542E-07 2.982E-02 Time OK
     528   4 6.934E-07 3.008E-02 Time OK
     529   4 8.571E-07 3.034E-02 Time OK
     530   4 1.048E-06 3.059E-02 Time OK
     531   5 3.701E-07 3.085E-02 Time OK
     532   5 4.674E-07 3.110E-02 Time OK
     533   5 5.913E-07 3.136E-02 Time OK
     534 --- --------- --------- Regridding
     534 --- --------- --------- Jacobian 00114
     534   6 9.842E-05 3.125E-02 Steady OK
     535   4 9.751E-05 7.813E-03 Steady OK
     536   2 1.082E-04 3.906E-03 Steady Fail
     537 --- --------- --------- Regridding
     537 --- --------- --------- Jacobian 00115
     537   7 1.012E-04 1.563E-02 Steady OK
     538   3 1.015E-04 3.906E-03 Steady Fail
     539 --- --------- --------- Regridding
     539 --- --------- --------- Jacobian 00116
     539   6 1.322E-04 3.125E-02 Steady OK
     540   4 1.400E-04 3.906E-03 Steady Fail
     541 --- --------- --------- Regridding
     541 --- --------- --------- Jacobian 00117
     541   7 1.575E-04 1.563E-02 Steady OK
     542   3 1.578E-04 3.906E-03 Steady Fail
     543 --- --------- --------- Regridding
     543 --- --------- --------- Jacobian 00118
     543   6 1.603E-04 3.125E-02 Steady OK
     544   4 1.687E-04 3.906E-03 Steady Fail
     545 --- --------- --------- Regridding
     545 --- --------- --------- Jacobian 00119
     545   7 1.709E-04 1.563E-02 Steady OK
     546   3 1.714E-04 3.906E-03 Steady Fail
     547 --- --------- --------- Regridding
     547 --- --------- --------- Jacobian 00120
     547   6 1.845E-04 3.125E-02 Steady OK
     548   4 1.919E-04 3.906E-03 Steady Fail
     549 --- --------- --------- Regridding
     549 --- --------- --------- Jacobian 00121
     549   7 2.165E-04 1.563E-02 Steady OK
     550   3 2.169E-04 3.906E-03 Steady Fail
     551 --- --------- --------- Regridding
     551 --- --------- --------- Jacobian 00122
     551   6 2.212E-04 3.125E-02 Steady OK
     552   4 2.293E-04 3.906E-03 Steady Fail
     553 --- --------- --------- Regridding
     553 --- --------- --------- Jacobian 00123
     553   7 2.435E-04 1.563E-02 Steady OK
     554   3 2.441E-04 3.906E-03 Steady Fail
     555 --- --------- --------- Regridding
     555 --- --------- --------- Jacobian 00124
     555   6 2.489E-04 3.125E-02 Steady OK
     556   4 2.572E-04 3.906E-03 Steady Fail
     557 --- --------- --------- Regridding
     557 --- --------- --------- Jacobian 00125
     557   7 2.721E-04 1.563E-02 Steady OK
     558   3 2.730E-04 3.906E-03 Steady Fail
     559 --- --------- --------- Regridding
     559 --- --------- --------- Jacobian 00126
     559   7 2.783E-04 1.563E-02 Steady OK
     560   3 2.777E-04 3.906E-03 Steady Fail
     561 --- --------- --------- Regridding
     561 --- --------- --------- Jacobian 00127
     561   6 2.821E-04 3.125E-02 Steady OK
     562   4 2.887E-04 3.906E-03 Steady Fail
     563 --- --------- --------- Regridding
     563 --- --------- --------- Jacobian 00128
     563   7 3.077E-04 1.563E-02 Steady OK
     564   3 3.076E-04 3.906E-03 Steady Fail
     565 --- --------- --------- Regridding
     565 --- --------- --------- Jacobian 00129
     565   6 3.137E-04 3.125E-02 Steady OK
     566   4 3.213E-04 3.906E-03 Steady Fail
     567 --- --------- --------- Regridding
     567 --- --------- --------- Jacobian 00130
     567   7 3.370E-04 1.563E-02 Steady OK
     568   3 3.375E-04 3.906E-03 Steady Fail
     569 --- --------- --------- Regridding
     569 --- --------- --------- Jacobian 00131
     569   7 3.429E-04 1.563E-02 Steady OK
     570   3 3.421E-04 3.906E-03 Steady Fail
     571 --- --------- --------- Regridding
     571 --- --------- --------- Jacobian 00132
     571   6 3.486E-04 3.125E-02 Steady OK
     572   4 3.552E-04 3.906E-03 Steady Fail
     573 --- --------- --------- Regridding
     573 --- --------- --------- Jacobian 00133
     573   7 3.716E-04 1.563E-02 Steady OK
     574   3 3.716E-04 3.906E-03 Steady Fail
     575 --- --------- --------- Regridding
     575 --- --------- --------- Jacobian 00134
     575   6 3.789E-04 3.125E-02 Steady OK
     576   4 3.871E-04 3.906E-03 Steady Fail
     577 --- --------- --------- Regridding
     577 --- --------- --------- Jacobian 00135
     577   7 4.026E-04 1.563E-02 Steady OK
     578   3 4.033E-04 3.906E-03 Steady Fail
     579 --- --------- --------- Regridding
     579 --- --------- --------- Jacobian 00136
     579   7 4.087E-04 1.563E-02 Steady OK
     580   3 4.081E-04 3.906E-03 Steady Fail
     581 --- --------- --------- Regridding
     581 --- --------- --------- Jacobian 00137
     581   6 4.152E-04 3.125E-02 Steady OK
     582   4 4.229E-04 3.906E-03 Steady Fail
     583 --- --------- --------- Regridding
     583 --- --------- --------- Jacobian 00138
     583   7 4.389E-04 1.563E-02 Steady OK
     584   3 4.392E-04 3.906E-03 Steady Fail
     585 --- --------- --------- Regridding
     585 --- --------- --------- Jacobian 00139
     585   7 4.439E-04 1.563E-02 Steady OK
     586   3 4.430E-04 3.906E-03 Steady Fail
     587 --- --------- --------- Regridding
     587 --- --------- --------- Jacobian 00140
     587   6 4.498E-04 3.125E-02 Steady OK
     588   4 4.573E-04 3.906E-03 Steady Fail
     589 --- --------- --------- Regridding
     589 --- --------- --------- Jacobian 00141
     589   7 4.731E-04 1.563E-02 Steady OK
     590   3 4.732E-04 3.906E-03 Steady Fail
     591 --- --------- --------- Regridding
     591 --- --------- --------- Jacobian 00142
     591   6 4.804E-04 3.125E-02 Steady OK
     592   4 4.898E-04 3.906E-03 Steady Fail
     593 --- --------- --------- Regridding
     593 --- --------- --------- Jacobian 00143
     593   8 5.056E-04 3.906E-03 Steady Fail
     594 --- --------- --------- Regridding
     594 --- --------- --------- Jacobian 00144
     594 --- --------- --------- Timestep 2.560E-04
     594   3 1.649E-06 3.162E-02 Time OK
     595   3 9.744E-07 3.187E-02 Time OK
     596  10 3.088E-07 3.213E-02 Time OK
     597  13 7.542E-09 3.238E-02 Time OK
     598   3 9.735E-08 3.264E-02 Time OK
     599   3 2.042E-08 3.290E-02 Time OK
     600   2 3.665E-07 3.315E-02 Time OK
     601   2 5.192E-07 3.341E-02 Time OK
     602   2 4.756E-07 3.366E-02 Time OK
     603   2 4.057E-07 3.392E-02 Time OK
     604   2 3.946E-07 3.418E-02 Time OK
     605   2 4.570E-07 3.443E-02 Time OK
     606   2 5.717E-07 3.469E-02 Time OK
     607   2 7.211E-07 3.494E-02 Time OK
     608   3 3.889E-07 3.520E-02 Time OK
     609   3 4.944E-07 3.546E-02 Time OK
     610   3 6.273E-07 3.571E-02 Time OK
     611   3 7.748E-07 3.597E-02 Time OK
     612   4 1.122E-07 3.622E-02 Time OK
     613   4 1.483E-07 3.648E-02 Time OK
     614   4 1.911E-07 3.674E-02 Time OK
     615   4 2.422E-07 3.699E-02 Time OK
     616 --- --------- --------- Regridding
     616 --- --------- --------- Jacobian 00145
     616   6 6.909E-05 3.125E-02 Steady OK
     617   4 6.887E-05 7.813E-03 Steady OK
     618   2 7.743E-05 3.906E-03 Steady Fail
     619 --- --------- --------- Regridding
     619 --- --------- --------- Jacobian 00146
     619   6 1.160E-04 3.125E-02 Steady OK
     620   4 1.192E-04 3.906E-03 Steady Fail
     621 --- --------- --------- Regridding
     621 --- --------- --------- Jacobian 00147
     621   6 1.629E-04 3.125E-02 Steady OK
     622   4 1.657E-04 3.906E-03 Steady Fail
     623 --- --------- --------- Regridding
     623 --- --------- --------- Jacobian 00148
     623   6 1.918E-04 3.125E-02 Steady OK
     624   4 1.947E-04 3.906E-03 Steady Fail
     625 --- --------- --------- Regridding
     625 --- --------- --------- Jacobian 00149
     625   6 2.097E-04 3.125E-02 Steady OK
     626   4 2.134E-04 3.906E-03 Steady Fail
     627 --- --------- --------- Regridding
     627 --- --------- --------- Jacobian 00150
     627   6 2.220E-04 3.125E-02 Steady OK
     628   4 2.263E-04 3.906E-03 Steady Fail
     629 --- --------- --------- Regridding
     629 --- --------- --------- Jacobian 00151
     629   7 2.228E-04 1.563E-02 Steady OK
     630   3 2.224E-04 3.906E-03 Steady Fail
     631 --- --------- --------- Regridding
     631 --- --------- --------- Jacobian 00152
     631   6 2.323E-04 3.125E-02 Steady OK
     632   4 2.340E-04 3.906E-03 Steady Fail
     633 --- --------- --------- Regridding
     633 --- --------- --------- Jacobian 00153
     633   6 2.353E-04 3.125E-02 Steady OK
     634   4 2.374E-04 3.906E-03 Steady Fail
     635 --- --------- --------- Regridding
     635 --- --------- --------- Jacobian 00154
     635   6 2.388E-04 3.125E-02 Steady OK
     636   4 2.414E-04 3.906E-03 Steady Fail
     637 --- --------- --------- Regridding
     637 --- --------- --------- Jacobian 00155
     637   6 2.470E-04 3.125E-02 Steady OK
     638   4 2.497E-04 3.906E-03 Steady Fail
     639 --- --------- --------- Regridding
     639 --- --------- --------- Jacobian 00156
     639   6 2.566E-04 3.125E-02 Steady OK
     640   4 2.593E-04 3.906E-03 Steady Fail
     641 --- --------- --------- Regridding
     641 --- --------- --------- Jacobian 00157
     641   6 2.678E-04 3.125E-02 Steady OK
     642   4 2.705E-04 3.906E-03 Steady Fail
     643 --- --------- --------- Regridding
     643 --- --------- --------- Jacobian 00158
     643   6 2.807E-04 3.125E-02 Steady OK
     644   4 2.834E-04 3.906E-03 Steady Fail
     645 --- --------- --------- Regridding
     645 --- --------- --------- Jacobian 00159
     645   6 2.917E-04 3.125E-02 Steady OK
     646   4 2.944E-04 3.906E-03 Steady Fail
     647 --- --------- --------- Regridding
     647 --- --------- --------- Jacobian 00160
     647   6 3.051E-04 3.125E-02 Steady OK
     648   4 3.076E-04 3.906E-03 Steady Fail
     649 --- --------- --------- Regridding
     649 --- --------- --------- Jacobian 00161
     649   6 3.178E-04 3.125E-02 Steady OK
     650   4 3.202E-04 3.906E-03 Steady Fail
     651 --- --------- --------- Regridding
     651 --- --------- --------- Jacobian 00162
     651   6 3.291E-04 3.125E-02 Steady OK
     652   4 3.314E-04 3.906E-03 Steady Fail
     653 --- --------- --------- Regridding
     653 --- --------- --------- Jacobian 00163
     653   6 3.420E-04 3.125E-02 Steady OK
     654   4 3.441E-04 3.906E-03 Steady Fail
     655 --- --------- --------- Regridding
     655 --- --------- --------- Jacobian 00164
     655   6 3.536E-04 3.125E-02 Steady OK
     656   4 3.556E-04 3.906E-03 Steady Fail
     657 --- --------- --------- Regridding
     657 --- --------- --------- Jacobian 00165
     657   6 3.643E-04 3.125E-02 Steady OK
     658   4 3.661E-04 3.906E-03 Steady Fail
     659 --- --------- --------- Regridding
     659 --- --------- --------- Jacobian 00166
     659   6 3.769E-04 3.125E-02 Steady OK
     660   4 3.785E-04 3.906E-03 Steady Fail
     661 --- --------- --------- Regridding
     661 --- --------- --------- Jacobian 00167
     661   6 3.898E-04 3.125E-02 Steady OK
     662   4 3.911E-04 3.906E-03 Steady Fail
     663 --- --------- --------- Regridding
     663 --- --------- --------- Jacobian 00168
     663   6 4.018E-04 3.125E-02 Steady OK
     664   4 4.028E-04 3.906E-03 Steady Fail
     665 --- --------- --------- Regridding
     665 --- --------- --------- Jacobian 00169
     665   6 4.140E-04 3.125E-02 Steady OK
     666   4 4.146E-04 3.906E-03 Steady Fail
     667 --- --------- --------- Regridding
     667 --- --------- --------- Jacobian 00170
     667   6 4.251E-04 3.125E-02 Steady OK
     668   4 4.254E-04 3.906E-03 Steady Fail
     669 --- --------- --------- Regridding
     669 --- --------- --------- Jacobian 00171
     669   6 4.347E-04 3.125E-02 Steady OK
     670   4 4.347E-04 3.906E-03 Steady Fail
     671 --- --------- --------- Regridding
     671 --- --------- --------- Jacobian 00172
     671   6 4.448E-04 3.125E-02 Steady OK
     672   4 4.445E-04 3.906E-03 Steady Fail
     673 --- --------- --------- Regridding
     673 --- --------- --------- Jacobian 00173
     673   6 4.530E-04 3.125E-02 Steady OK
     674   4 4.524E-04 3.906E-03 Steady Fail
     675 --- --------- --------- Regridding
     675 --- --------- --------- Jacobian 00174
     675   6 4.613E-04 3.125E-02 Steady OK
     676   4 4.603E-04 3.906E-03 Steady Fail
     677 --- --------- --------- Regridding
     677 --- --------- --------- Jacobian 00175
     677   6 4.699E-04 3.125E-02 Steady OK
     678   4 4.685E-04 3.906E-03 Steady Fail
     679 --- --------- --------- Regridding
     679 --- --------- --------- Jacobian 00176
     679   6 4.781E-04 3.125E-02 Steady OK
     680   4 4.763E-04 3.906E-03 Steady Fail
     681 --- --------- --------- Regridding
     681 --- --------- --------- Jacobian 00177
     681   5 4.937E-04 6.250E-02 Steady OK
     682   5 5.067E-04 3.906E-03 Steady Fail
     683 --- --------- --------- Regridding
     683 --- --------- --------- Jacobian 00178
     683   6 5.059E-04 3.125E-02 Steady OK
     684   4 5.089E-04 3.906E-03 Steady Fail
     685 --- --------- --------- Regridding
     685 --- --------- --------- Jacobian 00179
     685   6 5.092E-04 3.125E-02 Steady OK
     686   4 5.115E-04 3.906E-03 Steady Fail
     687 --- --------- --------- Regridding
     687 --- --------- --------- Jacobian 00180
     687   6 5.143E-04 3.125E-02 Steady OK
     688   4 5.159E-04 3.906E-03 Steady Fail
     689 --- --------- --------- Regridding
     689 --- --------- --------- Jacobian 00181
     689   6 5.185E-04 3.125E-02 Steady OK
     690   4 5.193E-04 3.906E-03 Steady Fail
     691 --- --------- --------- Regridding
     691 --- --------- --------- Jacobian 00182
     691   6 5.219E-04 3.125E-02 Steady OK
     692   4 5.220E-04 3.906E-03 Steady Fail
     693 --- --------- --------- Regridding
     693 --- --------- --------- Jacobian 00183
     693   6 5.251E-04 3.125E-02 Steady OK
     694   4 5.245E-04 3.906E-03 Steady Fail
     695 --- --------- --------- Regridding
     695 --- --------- --------- Jacobian 00184
     695   6 5.282E-04 3.125E-02 Steady OK
     696   4 5.270E-04 3.906E-03 Steady Fail
     697 --- --------- --------- Regridding
     697 --- --------- --------- Jacobian 00185
     697   5 5.358E-04 6.250E-02 Steady OK
     698   5 5.450E-04 3.906E-03 Steady Fail
     699 --- --------- --------- Regridding
     699 --- --------- --------- Jacobian 00186
     699   6 5.487E-04 3.125E-02 Steady OK
     700   4 5.498E-04 3.906E-03 Steady Fail
     701 --- --------- --------- Regridding
     701 --- --------- --------- Jacobian 00187
     701   6 5.461E-04 3.125E-02 Steady OK
     702   4 5.464E-04 3.906E-03 Steady Fail
     703 --- --------- --------- Regridding
     703 --- --------- --------- Jacobian 00188
     703   6 5.468E-04 3.125E-02 Steady OK
     704   4 5.463E-04 3.906E-03 Steady Fail
     705 --- --------- --------- Regridding
     705 --- --------- --------- Jacobian 00189
     705   5 5.522E-04 6.250E-02 Steady OK
     706   5 5.603E-04 3.906E-03 Steady Fail
     707 --- --------- --------- Regridding
     707 --- --------- --------- Jacobian 00190
     707   6 5.644E-04 3.125E-02 Steady OK
     708   4 5.649E-04 3.906E-03 Steady Fail
     709 --- --------- --------- Regridding
     709 --- --------- --------- Jacobian 00191
     709   6 5.591E-04 3.125E-02 Steady OK
     710   4 5.589E-04 3.906E-03 Steady Fail
     711 --- --------- --------- Regridding
     711 --- --------- --------- Jacobian 00192
     711   5 5.633E-04 6.250E-02 Steady OK
     712   5 5.704E-04 3.906E-03 Steady Fail
     713 --- --------- --------- Regridding
     713 --- --------- --------- Jacobian 00193
     713   6 5.754E-04 3.125E-02 Steady OK
     714   4 5.754E-04 3.906E-03 Steady Fail
     715 --- --------- --------- Regridding
     715 --- --------- --------- Jacobian 00194
     715   5 5.750E-04 6.250E-02 Steady OK
     716   5 5.817E-04 3.906E-03 Steady Fail
     717 --- --------- --------- Regridding
     717 --- --------- --------- Jacobian 00195
     717   6 5.869E-04 3.125E-02 Steady OK
     718   4 5.868E-04 3.906E-03 Steady Fail
     719 --- --------- --------- Regridding
     719 --- --------- --------- Jacobian 00196
     719   5 5.831E-04 6.250E-02 Steady OK
     720   5 5.888E-04 3.906E-03 Steady Fail
     721 --- --------- --------- Regridding
     721 --- --------- --------- Jacobian 00197
     721   5 5.985E-04 6.250E-02 Steady OK
     722   5 6.041E-04 3.906E-03 Steady Fail
     723 --- --------- --------- Regridding
     723 --- --------- --------- Jacobian 00198
     723   5 6.089E-04 6.250E-02 Steady OK
     724   5 6.141E-04 3.906E-03 Steady Fail
     725 --- --------- --------- Regridding
     725 --- --------- --------- Jacobian 00199
     725   5 6.153E-04 6.250E-02 Steady OK
     726   5 6.198E-04 3.906E-03 Steady Fail
     727 --- --------- --------- Regridding
     727 --- --------- --------- Jacobian 00200
     727   5 6.176E-04 6.250E-02 Steady OK
     728   5 6.214E-04 3.906E-03 Steady Fail
     729 --- --------- --------- Regridding
     729 --- --------- --------- Jacobian 00201
     729   5 6.156E-04 6.250E-02 Steady OK
     730   5 6.187E-04 3.906E-03 Steady Fail
     731 --- --------- --------- Regridding
     731 --- --------- --------- Jacobian 00202
     731   5 6.101E-04 6.250E-02 Steady OK
     732   5 6.124E-04 3.906E-03 Steady Fail
     733 --- --------- --------- Regridding
     733 --- --------- --------- Jacobian 00203
     733   5 6.017E-04 6.250E-02 Steady OK
     734   5 6.033E-04 3.906E-03 Steady Fail
     735 --- --------- --------- Regridding
     735 --- --------- --------- Jacobian 00204
     735   5 5.906E-04 6.250E-02 Steady OK
     736   5 5.915E-04 3.906E-03 Steady Fail
     737 --- --------- --------- Regridding
     737 --- --------- --------- Jacobian 00205
     737   5 5.772E-04 6.250E-02 Steady OK
     738   5 5.775E-04 3.906E-03 Steady Fail
     739 --- --------- --------- Regridding
     739 --- --------- --------- Jacobian 00206
     739   5 5.624E-04 6.250E-02 Steady OK
     740   5 5.621E-04 3.906E-03 Steady Fail
     741 --- --------- --------- Regridding
     741 --- --------- --------- Jacobian 00207
     741   4 5.618E-04 1.250E-01 Steady OK
     742   6 5.684E-04 3.906E-03 Steady Fail
     743 --- --------- --------- Regridding
     743 --- --------- --------- Jacobian 00208
     743   5 5.509E-04 6.250E-02 Steady OK
     744   5 5.507E-04 3.906E-03 Steady Fail
     745 --- --------- --------- Regridding
     745 --- --------- --------- Jacobian 00209
     745   4 5.399E-04 1.250E-01 Steady OK
     746   6 5.449E-04 3.906E-03 Steady Fail
     747 --- --------- --------- Regridding
     747 --- --------- --------- Jacobian 00210
     747   4 5.404E-04 1.250E-01 Steady OK
     748   6 5.447E-04 3.906E-03 Steady Fail
     749 --- --------- --------- Regridding
     749 --- --------- --------- Jacobian 00211
     749   4 5.346E-04 1.250E-01 Steady OK
     750   6 5.379E-04 3.906E-03 Steady Fail
     751 --- --------- --------- Regridding
     751 --- --------- --------- Jacobian 00212
     751   4 5.203E-04 1.250E-01 Steady OK
     752   6 5.227E-04 3.906E-03 Steady Fail
     753 --- --------- --------- Regridding
     753 --- --------- --------- Jacobian 00213
     753   4 4.986E-04 1.250E-01 Steady OK
     754   6 5.001E-04 3.906E-03 Steady Fail
     755 --- --------- --------- Regridding
     755 --- --------- --------- Jacobian 00214
     755   4 4.712E-04 1.250E-01 Steady OK
     756   6 4.721E-04 3.906E-03 Steady Fail
     757 --- --------- --------- Regridding
     757 --- --------- --------- Jacobian 00215
     757   4 4.407E-04 1.250E-01 Steady OK
     758   6 4.411E-04 3.906E-03 Steady Fail
     759 --- --------- --------- Regridding
     759 --- --------- --------- Jacobian 00216
     759   4 4.082E-04 1.250E-01 Steady OK
     760   6 4.081E-04 3.906E-03 Steady Fail
     761 --- --------- --------- Regridding
     761 --- --------- --------- Jacobian 00217
     761   3 3.989E-04 2.500E-01 Steady OK
     762   7 4.027E-04 3.906E-03 Steady Fail
     763 --- --------- --------- Regridding
     763 --- --------- --------- Jacobian 00218
     763   3 3.846E-04 2.500E-01 Steady OK
     764   7 3.872E-04 3.906E-03 Steady Fail
     765 --- --------- --------- Regridding
     765 --- --------- --------- Jacobian 00219
     765   3 3.571E-04 2.500E-01 Steady OK
     766   7 3.587E-04 3.906E-03 Steady Fail
     767 --- --------- --------- Regridding
     767 --- --------- --------- Jacobian 00220
     767   3 3.209E-04 2.500E-01 Steady OK
     768   7 3.218E-04 3.906E-03 Steady Fail
     769 --- --------- --------- Regridding
     769 --- --------- --------- Jacobian 00221
     769   3 2.771E-04 2.500E-01 Steady OK
     770   7 2.775E-04 3.906E-03 Steady Fail
     771 --- --------- --------- Regridding
     771 --- --------- --------- Jacobian 00222
     771   3 2.327E-04 2.500E-01 Steady OK
     772   7 2.328E-04 3.906E-03 Steady Fail
     773 --- --------- --------- Regridding
     773 --- --------- --------- Jacobian 00223
     773   3 1.913E-04 2.500E-01 Steady OK
     774   7 1.912E-04 3.906E-03 Steady Fail
     775 --- --------- --------- Regridding
     775 --- --------- --------- Jacobian 00224
     775   2 1.784E-04 5.000E-01 Steady OK
     776   8 1.798E-04 3.906E-03 Steady Fail
     777 --- --------- --------- Regridding
     777 --- --------- --------- Jacobian 00225
     777   2 1.495E-04 5.000E-01 Steady OK
     778   8 1.501E-04 3.906E-03 Steady Fail
     779 --- --------- --------- Regridding
     779 --- --------- --------- Jacobian 00226
     779   2 1.075E-04 5.000E-01 Steady OK
     780   8 1.077E-04 3.906E-03 Steady Fail
     781 --- --------- --------- Regridding
     781 --- --------- --------- Jacobian 00227
     781   2 6.963E-05 5.000E-01 Steady OK
     782   4 7.264E-05 1.250E-01 Steady OK
     783   2 7.763E-05 1.250E-01 Steady OK
     784   2 8.399E-05 1.250E-01 Steady OK
     785   2 9.113E-05 1.250E-01 Steady OK
     786   2 9.861E-05 1.250E-01 Steady OK
     787   5 9.944E-05 1.563E-02 Steady OK
     788   3 9.986E-05 7.813E-03 Steady OK
     789   2 1.003E-04 3.906E-03 Steady Fail
     790 --- --------- --------- Regridding
     790 --- --------- --------- Jacobian 00228
     790   1 4.593E-05 1.000E+00 Steady OK
     791   3 5.043E-05 2.500E-01 Steady OK
     792   2 5.428E-05 2.500E-01 Steady OK
     793   2 5.719E-05 2.500E-01 Steady OK
     794   1 6.220E-05 5.000E-01 Steady OK
     795   1 6.410E-05 1.000E+00 Steady OK
     796   1 4.367E-05 1.000E+00 Steady OK
     797   1 2.780E-05 1.000E+00 Steady OK
     798   1 1.707E-05 1.000E+00 Steady OK
     799   1 1.028E-05 1.000E+00 Steady OK
     800   1 6.125E-06 1.000E+00 Steady OK
     801   1 3.626E-06 1.000E+00 Steady OK
     802   1 2.139E-06 1.000E+00 Steady OK
     803   1 1.259E-06 1.000E+00 Steady OK
     804   1 7.401E-07 1.000E+00 Steady OK
     805   1 4.347E-07 1.000E+00 Steady OK
     806   1 2.553E-07 1.000E+00 Steady OK
     807   1 1.499E-07 1.000E+00 Steady OK
     808   1 8.796E-08 1.000E+00 Steady OK
     809   1 5.163E-08 1.000E+00 Steady OK
     810   1 3.030E-08 1.000E+00 Steady OK
     811   1 1.778E-08 1.000E+00 Steady OK
     812 --- --------- --------- Regridding
     812 --- --------- --------- Jacobian 00229
     812   1 8.115E-08 1.000E+00 Steady OK
     813   8 8.126E-08 3.906E-03 Steady Fail
     814 --- --------- --------- Regridding
     814 --- --------- --------- Jacobian 00230
     814   1 1.758E-07 1.000E+00 Steady OK
     815   1 3.036E-09 1.000E+00 Steady OK
     816   1 9.515E-10 1.000E+00 Steady OK
     817   1 6.073E-10 1.000E+00 Steady OK
     818   1 4.222E-10 1.000E+00 Steady OK
     819   1 2.699E-10 1.000E+00 Steady OK
     820   1 1.657E-10 1.000E+00 Steady OK
     821   1 1.009E-10 1.000E+00 Steady OK
     822   1 6.151E-11 1.000E+00 Steady OK
 
------------------------------------------------------------------------
 
Simulation stopped:
  => Converged!
 
------------------------------------------------------------------------
 
Postprocessing output:
  => Position reaction layer      : -3.6587590E-01 cm
  => Temperature reaction layer   :  1.4490340E+03 K
  => Mass burning rate            :  8.7987727E-03 gr/(cm2s)
  => Burning velocity (unburnt)   :  7.8126423E+00 cm/s
  => Maximum temperature          :  1.6863544E+03 K
  => Minimum temperature          :  3.0000000E+02 K
  => Flame thickness (max grad T) :  8.2360890E-02 cm
  => Stoichiometric mixture frac. :  0.0000000E+00 -
  => Position stoich mixture      :  8.5879703E-01 cm
  => Temperature at stoich mixture:  1.6659999E+03 K
  => Scalar dissipation at stoich :  1.1499039E-29 1/s
 
========================================================================
 
==> LogClose : Closing logfile
