==> LogWrite : Opening logfile
 
========================================================================
 
 
OOOOOOOOOOOOOOOOOOOOOOOOOOOOOOOOOOOOOOOOOOOOOO
O                                            O
O     @@@@  @  @  @@@@  @   @    @  @@@b     O
O     @     @  @  @     @@ @@   @@  @  @     O
O     @     @@@@  @@@@  @ @ @    @  @  @     O
O     @     @  @  @     @   @    @  @  @     O
O     @@@@  @  @  @@@@  @   @    @  @@@P     O
O                                            O
O     A ONE DIMENSIONAL FLAME CODE           O
O                                            O
O     Version:                               O
O     Release: 2012-06-01 08:38:57 +0200     O
O                                            O
OOOOOOOOOOOOOOOOOOOOOOOOOOOOOOOOOOOOOOOOOOOOOO
 
 
 
* Developed at the Eindhoven University of Technology
 
* http://www.combustion.tue.nl
 
========================================================================
 
Reading CHEM1D input files
    => Start reading chemistry 
    ==> CheckTroeData : Started
    ==> CheckTroeData : Finished
    => Finished reading chemistry
    => Thermodynamical Data   [OK]
    ElementName        Mass
    1  O                 1.5999400E+01
    2  H                 1.0079700E+00
    3  C                 1.2011200E+01
    4  N                 1.4006700E+01
    5  AR                3.9948000E+01

    SpeciesName        Mass
    1  H2                2.0159400E+00
    2  H                 1.0079700E+00
    3  O                 1.5999400E+01
    4  O2                3.1998800E+01
    5  OH                1.7007370E+01
    6  H2O               1.8015340E+01
    7  HO2               3.3006770E+01
    8  CH2               1.4027140E+01
    9  CH2(S)            1.4027140E+01
   10  CH3               1.5035110E+01
   11  CH4               1.6043080E+01
   12  CO                2.8010600E+01
   13  CO2               4.4010000E+01
   14  HCO               2.9018570E+01
   15  CH2O              3.0026540E+01
   16  CH3O              3.1034510E+01
   17  C2H4              2.8054280E+01
   18  C2H5              2.9062250E+01
   19  C2H6              3.0070220E+01
   20  N                 1.4006700E+01
   21  NO                3.0006100E+01
   22  N2                2.8013400E+01
   23  AR                3.9948000E+01

    => Reactions + rate coefficients 

       (1) O + H + M = OH + M
             A =  5.000E+17  beta = -1.000E+00  Ea/R =  0.000E+00   K
      Enhanced by:
      H2          2.00
      H2O         6.00
      CH4         2.00
      CO          1.50
      CO2         2.00
      C2H6        3.00
      AR          0.70

       (2) O + H2 = H + OH
             A =  5.000E+04  beta =  2.670E+00  Ea/R =  3.167E+03   K

       (3) O + HO2 = OH + O2
             A =  2.000E+13  beta =  0.000E+00  Ea/R =  0.000E+00   K

       (4) O + CH2 = H + HCO
             A =  8.000E+13  beta =  0.000E+00  Ea/R =  0.000E+00   K

       (5) O + CH2(S) = H + HCO
             A =  1.500E+13  beta =  0.000E+00  Ea/R =  0.000E+00   K

       (6) O + CH3 = H + CH2O
             A =  8.430E+13  beta =  0.000E+00  Ea/R =  0.000E+00   K

       (7) O + CH4 = OH + CH3
             A =  1.020E+09  beta =  1.500E+00  Ea/R =  4.331E+03   K

       (8) O + CO + M = CO2 + M
             A =  6.020E+14  beta =  0.000E+00  Ea/R =  1.511E+03   K
      Enhanced by:
      H2          2.00
      O2          6.00
      H2O         6.00
      CH4         2.00
      CO          1.50
      CO2         3.50
      C2H6        3.00
      AR          0.50

       (9) O + HCO = OH + CO
             A =  3.000E+13  beta =  0.000E+00  Ea/R =  0.000E+00   K

       (10) O + HCO = H + CO2
             A =  3.000E+13  beta =  0.000E+00  Ea/R =  0.000E+00   K

       (11) O + CH2O = OH + HCO
             A =  3.900E+13  beta =  0.000E+00  Ea/R =  1.783E+03   K

       (12) O + C2H4 = CH3 + HCO
             A =  1.920E+07  beta =  1.830E+00  Ea/R =  1.108E+02   K

       (13) O + C2H5 = CH3 + CH2O
             A =  1.320E+14  beta =  0.000E+00  Ea/R =  0.000E+00   K

       (14) O + C2H6 = OH + C2H5
             A =  8.980E+07  beta =  1.920E+00  Ea/R =  2.865E+03   K

       (15) O2 + CO = O + CO2
             A =  2.500E+12  beta =  0.000E+00  Ea/R =  2.407E+04   K

       (16) O2 + CH2O = HO2 + HCO
             A =  1.000E+14  beta =  0.000E+00  Ea/R =  2.014E+04   K

       (17) H + O2 + M = HO2 + M
             A =  2.800E+18  beta = -8.600E-01  Ea/R =  0.000E+00   K
      Enhanced by:
      O2          0.00
      H2O         0.00
      CO          0.75
      CO2         1.50
      C2H6        1.50
      N2          0.00
      AR          0.00

       (18) H + O2 + O2 = HO2 + O2
             A =  3.000E+20  beta = -1.720E+00  Ea/R =  0.000E+00   K

       (19) H + O2 + H2O = HO2 + H2O
             A =  9.380E+18  beta = -7.600E-01  Ea/R =  0.000E+00   K

       (20) H + O2 + N2 = HO2 + N2
             A =  3.750E+20  beta = -1.720E+00  Ea/R =  0.000E+00   K

       (21) H + O2 + AR = HO2 + AR
             A =  7.000E+17  beta = -8.000E-01  Ea/R =  0.000E+00   K

       (22) H + O2 = O + OH
             A =  8.300E+13  beta =  0.000E+00  Ea/R =  7.258E+03   K

       (23) H + H + M = H2 + M
             A =  1.000E+18  beta = -1.000E+00  Ea/R =  0.000E+00   K
      Enhanced by:
      H2          0.00
      H2O         0.00
      CH4         2.00
      CO2         0.00
      C2H6        3.00
      AR          0.63

       (24) H + H + H2 = H2 + H2
             A =  9.000E+16  beta = -6.000E-01  Ea/R =  0.000E+00   K

       (25) H + H + H2O = H2 + H2O
             A =  6.000E+19  beta = -1.250E+00  Ea/R =  0.000E+00   K

       (26) H + H + CO2 = H2 + CO2
             A =  5.500E+20  beta = -2.000E+00  Ea/R =  0.000E+00   K

       (27) H + OH + M = H2O + M
             A =  2.200E+22  beta = -2.000E+00  Ea/R =  0.000E+00   K
      Enhanced by:
      H2          0.73
      H2O         3.65
      CH4         2.00
      C2H6        3.00
      AR          0.38

       (28) H + HO2 = O2 + H2
             A =  2.800E+13  beta =  0.000E+00  Ea/R =  5.378E+02   K

       (29) H + HO2 = OH + OH
             A =  1.340E+14  beta =  0.000E+00  Ea/R =  3.198E+02   K

       (30) H + CH2 + M = CH3 + M
             A =  2.500E+16  beta = -8.000E-01  Ea/R =  0.000E+00   K
      LOW pressure limit: 
      A =  3.200E+27  beta = -3.140E+00  Ea/R =  6.194E+02   K
      TROE centering:
          a = 0.680E+00
       T*** = 0.780E+02 K
         T* = 0.200E+04 K
        T** = 0.559E+04 K
      Enhanced by:
      H2          2.00
      H2O         6.00
      CH4         2.00
      CO          1.50
      CO2         2.00
      C2H6        3.00
      AR          0.70

       (31) H + CH3 + M = CH4 + M
             A =  1.270E+16  beta = -6.300E-01  Ea/R =  1.929E+02   K
      LOW pressure limit: 
      A =  2.477E+33  beta = -4.760E+00  Ea/R =  1.229E+03   K
      TROE centering:
          a = 0.783E+00
       T*** = 0.740E+02 K
         T* = 0.294E+04 K
        T** = 0.696E+04 K
      Enhanced by:
      H2          2.00
      H2O         6.00
      CH4         2.00
      CO          1.50
      CO2         2.00
      C2H6        3.00
      AR          0.70

       (32) H + CH4 = CH3 + H2
             A =  6.600E+08  beta =  1.620E+00  Ea/R =  5.459E+03   K

       (33) H + HCO + M = CH2O + M
             A =  1.090E+12  beta =  4.800E-01  Ea/R = -1.309E+02   K
      LOW pressure limit: 
      A =  1.350E+24  beta = -2.570E+00  Ea/R =  7.176E+02   K
      TROE centering:
          a = 0.782E+00
       T*** = 0.271E+03 K
         T* = 0.276E+04 K
        T** = 0.657E+04 K
      Enhanced by:
      H2          2.00
      H2O         6.00
      CH4         2.00
      CO          1.50
      CO2         2.00
      C2H6        3.00
      AR          0.70

       (34) H + HCO = H2 + CO
             A =  7.340E+13  beta =  0.000E+00  Ea/R =  0.000E+00   K

       (35) H + CH2O + M = CH3O + M
             A =  5.400E+11  beta =  4.540E-01  Ea/R =  1.309E+03   K
      LOW pressure limit: 
      A =  2.200E+30  beta = -4.800E+00  Ea/R =  2.800E+03   K
      TROE centering:
          a = 0.758E+00
       T*** = 0.940E+02 K
         T* = 0.156E+04 K
        T** = 0.420E+04 K
      Enhanced by:
      H2          2.00
      H2O         6.00
      CH4         2.00
      CO          1.50
      CO2         2.00
      C2H6        3.00

       (36) H + CH2O = HCO + H2
             A =  2.300E+10  beta =  1.050E+00  Ea/R =  1.649E+03   K

       (37) H + CH3O = OH + CH3
             A =  3.200E+13  beta =  0.000E+00  Ea/R =  0.000E+00   K

       (38) H + C2H4 + M = C2H5 + M
             A =  1.080E+12  beta =  4.540E-01  Ea/R =  9.165E+02   K
      LOW pressure limit: 
      A =  1.200E+42  beta = -7.620E+00  Ea/R =  3.510E+03   K
      TROE centering:
          a = 0.975E+00
       T*** = 0.210E+03 K
         T* = 0.984E+03 K
        T** = 0.437E+04 K
      Enhanced by:
      H2          2.00
      H2O         6.00
      CH4         2.00
      CO          1.50
      CO2         2.00
      C2H6        3.00
      AR          0.70

       (39) H + C2H5 + M = C2H6 + M
             A =  5.210E+17  beta = -9.900E-01  Ea/R =  7.956E+02   K
      LOW pressure limit: 
      A =  1.990E+41  beta = -7.080E+00  Ea/R =  3.366E+03   K
      TROE centering:
          a = 0.842E+00
       T*** = 0.125E+03 K
         T* = 0.222E+04 K
        T** = 0.688E+04 K
      Enhanced by:
      H2          2.00
      H2O         6.00
      CH4         2.00
      CO          1.50
      CO2         2.00
      C2H6        3.00
      AR          0.70

       (40) H + C2H6 = C2H5 + H2
             A =  1.150E+08  beta =  1.900E+00  Ea/R =  3.792E+03   K

       (41) H2 + CO + M = CH2O + M
             A =  4.300E+07  beta =  1.500E+00  Ea/R =  4.008E+04   K
      LOW pressure limit: 
      A =  5.070E+27  beta = -3.420E+00  Ea/R =  4.248E+04   K
      TROE centering:
          a = 0.932E+00
       T*** = 0.197E+03 K
         T* = 0.154E+04 K
        T** = 0.103E+05 K
      Enhanced by:
      H2          2.00
      H2O         6.00
      CH4         2.00
      CO          1.50
      CO2         2.00
      C2H6        3.00
      AR          0.70

       (42) OH + H2 = H + H2O
             A =  2.160E+08  beta =  1.510E+00  Ea/R =  1.727E+03   K

       (43) OH + OH = O + H2O
             A =  3.570E+04  beta =  2.400E+00  Ea/R = -1.063E+03   K

       (44) OH + HO2 = O2 + H2O
             A =  2.900E+13  beta =  0.000E+00  Ea/R = -2.518E+02   K

       (45) OH + CH2 = H + CH2O
             A =  2.000E+13  beta =  0.000E+00  Ea/R =  0.000E+00   K

       (46) OH + CH2(S) = H + CH2O
             A =  3.000E+13  beta =  0.000E+00  Ea/R =  0.000E+00   K

       (47) OH + CH3 = CH2 + H2O
             A =  5.600E+07  beta =  1.600E+00  Ea/R =  2.729E+03   K

       (48) OH + CH3 = CH2(S) + H2O
             A =  2.501E+13  beta =  0.000E+00  Ea/R =  0.000E+00   K

       (49) OH + CH4 = CH3 + H2O
             A =  1.000E+08  beta =  1.600E+00  Ea/R =  1.571E+03   K

       (50) OH + CO = H + CO2
             A =  4.760E+07  beta =  1.228E+00  Ea/R =  3.525E+01   K

       (51) OH + HCO = H2O + CO
             A =  5.000E+13  beta =  0.000E+00  Ea/R =  0.000E+00   K

       (52) OH + CH2O = HCO + H2O
             A =  3.430E+09  beta =  1.180E+00  Ea/R = -2.251E+02   K

       (53) OH + C2H6 = C2H5 + H2O
             A =  3.540E+06  beta =  2.120E+00  Ea/R =  4.381E+02   K

       (54) HO2 + CH2 = OH + CH2O
             A =  2.000E+13  beta =  0.000E+00  Ea/R =  0.000E+00   K

       (55) HO2 + CH3 = O2 + CH4
             A =  1.000E+12  beta =  0.000E+00  Ea/R =  0.000E+00   K

       (56) HO2 + CH3 = OH + CH3O
             A =  2.000E+13  beta =  0.000E+00  Ea/R =  0.000E+00   K

       (57) HO2 + CO = OH + CO2
             A =  1.500E+14  beta =  0.000E+00  Ea/R =  1.188E+04   K

       (58) CH2 + O2 = OH + HCO
             A =  1.320E+13  beta =  0.000E+00  Ea/R =  7.553E+02   K

       (59) CH2 + H2 = H + CH3
             A =  5.000E+05  beta =  2.000E+00  Ea/R =  3.641E+03   K

       (60) CH2 + CH3 = H + C2H4
             A =  4.000E+13  beta =  0.000E+00  Ea/R =  0.000E+00   K

       (61) CH2 + CH4 = CH3 + CH3
             A =  2.460E+06  beta =  2.000E+00  Ea/R =  4.164E+03   K

       (62) CH2(S) + N2 = CH2 + N2
             A =  1.500E+13  beta =  0.000E+00  Ea/R =  3.021E+02   K

       (63) CH2(S) + AR = CH2 + AR
             A =  9.000E+12  beta =  0.000E+00  Ea/R =  3.021E+02   K

       (64) CH2(S) + O2 = H + OH + CO
             A =  2.800E+13  beta =  0.000E+00  Ea/R =  0.000E+00   K

       (65) CH2(S) + O2 = CO + H2O
             A =  1.200E+13  beta =  0.000E+00  Ea/R =  0.000E+00   K

       (66) CH2(S) + H2 = CH3 + H
             A =  7.000E+13  beta =  0.000E+00  Ea/R =  0.000E+00   K

       (67) CH2(S) + H2O = CH2 + H2O
             A =  3.000E+13  beta =  0.000E+00  Ea/R =  0.000E+00   K

       (68) CH2(S) + CH3 = H + C2H4
             A =  1.200E+13  beta =  0.000E+00  Ea/R = -2.870E+02   K

       (69) CH2(S) + CH4 = CH3 + CH3
             A =  1.600E+13  beta =  0.000E+00  Ea/R = -2.870E+02   K

       (70) CH2(S) + CO = CH2 + CO
             A =  9.000E+12  beta =  0.000E+00  Ea/R =  0.000E+00   K

       (71) CH2(S) + CO2 = CH2 + CO2
             A =  7.000E+12  beta =  0.000E+00  Ea/R =  0.000E+00   K

       (72) CH2(S) + CO2 = CO + CH2O
             A =  1.400E+13  beta =  0.000E+00  Ea/R =  0.000E+00   K

       (73) CH3 + O2 = O + CH3O
             A =  2.675E+13  beta =  0.000E+00  Ea/R =  1.450E+04   K

       (74) CH3 + O2 = OH + CH2O
             A =  3.600E+10  beta =  0.000E+00  Ea/R =  4.502E+03   K

       (75) CH3 + CH3 + M = C2H6 + M
             A =  2.120E+16  beta = -9.700E-01  Ea/R =  3.122E+02   K
      LOW pressure limit: 
      A =  1.770E+50  beta = -9.670E+00  Ea/R =  3.132E+03   K
      TROE centering:
          a = 0.532E+00
       T*** = 0.151E+03 K
         T* = 0.104E+04 K
        T** = 0.497E+04 K
      Enhanced by:
      H2          2.00
      H2O         6.00
      CH4         2.00
      CO          1.50
      CO2         2.00
      C2H6        3.00
      AR          0.70

       (76) CH3 + CH3 = H + C2H5
             A =  4.990E+12  beta =  1.000E-01  Ea/R =  5.338E+03   K

       (77) CH3 + HCO = CH4 + CO
             A =  2.648E+13  beta =  0.000E+00  Ea/R =  0.000E+00   K

       (78) CH3 + CH2O = HCO + CH4
             A =  3.320E+03  beta =  2.810E+00  Ea/R =  2.951E+03   K

       (79) CH3 + C2H6 = C2H5 + CH4
             A =  6.140E+06  beta =  1.740E+00  Ea/R =  5.262E+03   K

       (80) HCO + H2O = H + CO + H2O
             A =  2.244E+18  beta = -1.000E+00  Ea/R =  8.561E+03   K

       (81) HCO + M = H + CO + M
             A =  1.870E+17  beta = -1.000E+00  Ea/R =  8.561E+03   K
      Enhanced by:
      H2          2.00
      H2O         0.00
      CH4         2.00
      CO          1.50
      CO2         2.00
      C2H6        3.00

       (82) HCO + O2 = HO2 + CO
             A =  7.600E+12  beta =  0.000E+00  Ea/R =  2.014E+02   K

       (83) CH3O + O2 = HO2 + CH2O
             A =  4.280E-13  beta =  7.600E+00  Ea/R = -1.778E+03   K

       (84) C2H5 + O2 = HO2 + C2H4
             A =  8.400E+11  beta =  0.000E+00  Ea/R =  1.951E+03   K

       (85) N + NO = N2 + O
             A =  2.700E+13  beta =  0.000E+00  Ea/R =  1.788E+02   K

       (86) N + O2 = NO + O
             A =  9.000E+09  beta =  1.000E+00  Ea/R =  3.273E+03   K

       (87) N + OH = NO + H
             A =  3.360E+13  beta =  0.000E+00  Ea/R =  1.939E+02   K

    => Defaultsfile           [OK]
    => Settingsfile           [OK]
    => Commandline options    [OK]
    => Start reading .chm file
        [MSG] Transport parameters    [OK]
        [MSG] Conductivity parameters [OK]
        [MSG] Viscosity parameters    [OK]
        [MSG] Difusivity parameters   [OK]
        [MSG] Thermal parameters      [OK]
    => Reading .chm file      [OK]
    => CHEM1D datafile        [OK]
    => Setting grid weights :
        DENSITY            1.00000
        TEMP               1.00000
        CH4                1.00000
        HEATREL            1.00000
 
 
------------------------------------------------------------------------
 
Simulation settings:
    => Counterflow flame
    => Stationary solution
    => Detailed chemistry model
    => Mixture averaged diffusion model
    => No radiation model
    => No model for heat exchanger
 
------------------------------------------------------------------------
 
Variables:
       Name              BC_Left      BC_Right     Unit
  1) * H2                1.03421E-02  0.00000E+00  Mass frac.
  2) * H                 0.00000E+00  0.00000E+00  Mass frac.
  3) * O                 0.00000E+00  0.00000E+00  Mass frac.
  4) * O2                1.36799E-01  5.70679E-02  Mass frac.
  5) * OH                0.00000E+00  0.00000E+00  Mass frac.
  6) * H2O               0.00000E+00  9.63882E-02  Mass frac.
  7) * HO2               0.00000E+00  0.00000E+00  Mass frac.
  8) * CH2               0.00000E+00  0.00000E+00  Mass frac.
  9) * CH2(S)            0.00000E+00  0.00000E+00  Mass frac.
 10) * CH3               0.00000E+00  0.00000E+00  Mass frac.
 11) * CH4               4.06511E-01  3.81039E-01  Mass frac.
 12) * CO                0.00000E+00  0.00000E+00  Mass frac.
 13) * CO2               0.00000E+00  0.00000E+00  Mass frac.
 14) * HCO               0.00000E+00  0.00000E+00  Mass frac.
 15) * CH2O              0.00000E+00  0.00000E+00  Mass frac.
 16) * CH3O              0.00000E+00  0.00000E+00  Mass frac.
 17) * C2H4              0.00000E+00  0.00000E+00  Mass frac.
 18) * C2H5              0.00000E+00  0.00000E+00  Mass frac.
 19) * C2H6              0.00000E+00  0.00000E+00  Mass frac.
 20) * N                 0.00000E+00  0.00000E+00  Mass frac.
 21) * NO                0.00000E+00  0.00000E+00  Mass frac.
 22) * N2                4.46349E-01  4.65505E-01  Mass frac.
 23) * AR                0.00000E+00  0.00000E+00  Mass frac.
 24) * Temp              3.00000E+02  1.83800E+03  K
 25) * Massflow          9.49317E-03  1.65306E-03  gr/(cm2 s)
 26) * Enthalpy         -1.88720E+03  8.69248E+02  J/gr
 27) * MixFrac           1.00000E+00  1.00000E+00  -
 28) * Stretch           2.08228E+02  4.99000E+02  1/s
 29)   Press             1.00000E+05  1.00000E+05  Pa
 30)   Density           7.91098E-04  1.37755E-04  gr/cm3
 31)   MeanMass          1.97327E+01  2.10517E+01  gr/mol
 32)   Surface           0.00000E+00  0.00000E+00  cm2
 33)   Porosity          0.00000E+00  0.00000E+00  -
 34)   Tsolid            0.00000E+00  0.00000E+00  K
 35)   HeatRel           0.00000E+00  0.00000E+00  J/(cm3 s)
 36)   Dissipation       0.00000E+00  0.00000E+00  -
 
------------------------------------------------------------------------
 
       0 --- --------- --------- Start solver
       1 --- --------- --------- Regridding
       1 --- --------- --------- Jacobian 00001
       1   7 1.851E-04 1.563E-02 Steady OK
       2   3 1.859E-04 3.906E-03 Steady Fail
       3 --- --------- --------- Regridding
       3 --- --------- --------- Jacobian 00002
       3   8 3.948E-04 3.906E-03 Steady Fail
       4 --- --------- --------- Regridding
       4 --- --------- --------- Jacobian 00003
       4 --- --------- --------- Timestep 1.000E-06
       4   1 1.089E-07 1.000E-06 Time OK
       5   4 1.858E-06 2.000E-06 Time OK
       6   4 1.985E-06 3.000E-06 Time OK
       7   5 6.610E-07 4.000E-06 Time OK
       8   5 5.353E-07 5.000E-06 Time OK
       9   5 4.424E-07 6.000E-06 Time OK
      10   6 1.633E-07 7.000E-06 Time OK
      11   6 1.464E-07 8.000E-06 Time OK
      12   6 1.315E-07 9.000E-06 Time OK
      13   6 1.189E-07 1.000E-05 Time OK
      14   6 1.082E-07 1.100E-05 Time OK
      15   6 9.923E-08 1.200E-05 Time OK
      16   6 9.158E-08 1.300E-05 Time OK
      17   6 8.502E-08 1.400E-05 Time OK
      18   6 7.933E-08 1.500E-05 Time OK
      19   6 7.435E-08 1.600E-05 Time OK
      20   7 3.304E-08 1.700E-05 Time OK
      21   7 3.091E-08 1.800E-05 Time OK
      22   7 2.923E-08 1.900E-05 Time OK
      23   7 2.779E-08 2.000E-05 Time OK
      24   7 2.652E-08 2.100E-05 Time OK
      25   7 2.537E-08 2.200E-05 Time OK
      26 --- --------- --------- Regridding
      26 --- --------- --------- Jacobian 00004
      26   8 1.287E-04 7.813E-03 Steady OK
      27   2 6.226E-04 3.906E-03 Steady Fail
      28 --- --------- --------- Regridding
      28 --- --------- --------- Jacobian 00005
      28   8 1.766E-04 7.813E-03 Steady OK
      29   2 5.434E-04 3.906E-03 Steady Fail
      30 --- --------- --------- Regridding
      30 --- --------- --------- Jacobian 00006
      30   8 2.292E-04 7.813E-03 Steady OK
      31   2 4.798E-04 3.906E-03 Steady Fail
      32 --- --------- --------- Regridding
      32 --- --------- --------- Jacobian 00007
      32   8 2.842E-04 7.813E-03 Steady OK
      33   2 4.315E-04 3.906E-03 Steady Fail
      34 --- --------- --------- Regridding
      34 --- --------- --------- Jacobian 00008
      34   8 3.422E-04 7.813E-03 Steady OK
      35   2 4.026E-04 3.906E-03 Steady Fail
      36 --- --------- --------- Regridding
      36 --- --------- --------- Jacobian 00009
      36   7 3.960E-04 1.563E-02 Steady OK
      37   3 7.553E-04 3.906E-03 Steady Fail
      38 --- --------- --------- Regridding
      38 --- --------- --------- Jacobian 00010
      38   8 4.480E-04 3.906E-03 Steady Fail
      39 --- --------- --------- Regridding
      39 --- --------- --------- Jacobian 00011
      39 --- --------- --------- Timestep 1.000E-06
      39   1 9.070E-09 2.300E-05 Time OK
      40   1 1.663E-08 2.400E-05 Time OK
      41   1 4.695E-09 2.500E-05 Time OK
      42   1 2.369E-09 2.600E-05 Time OK
      43   1 3.231E-09 2.700E-05 Time OK
      44   1 3.483E-09 2.800E-05 Time OK
      45   1 3.679E-09 2.900E-05 Time OK
      46   1 3.840E-09 3.000E-05 Time OK
      47   1 3.968E-09 3.100E-05 Time OK
      48   1 4.075E-09 3.200E-05 Time OK
      49   1 4.166E-09 3.300E-05 Time OK
      50   1 4.246E-09 3.400E-05 Time OK
      51   1 4.315E-09 3.500E-05 Time OK
      52   1 4.374E-09 3.600E-05 Time OK
      53   1 4.424E-09 3.700E-05 Time OK
      54   1 4.467E-09 3.800E-05 Time OK
      55   1 4.504E-09 3.900E-05 Time OK
      56   1 4.536E-09 4.000E-05 Time OK
      57   1 4.566E-09 4.100E-05 Time OK
      58   1 4.594E-09 4.200E-05 Time OK
      59   1 4.621E-09 4.300E-05 Time OK
      60   1 4.650E-09 4.400E-05 Time OK
      61 --- --------- --------- Regridding
      61 --- --------- --------- Jacobian 00012
      61   8 5.891E-05 7.813E-03 Steady OK
      62   2 2.852E-04 3.906E-03 Steady Fail
      63 --- --------- --------- Regridding
      63 --- --------- --------- Jacobian 00013
      63   8 9.731E-05 7.813E-03 Steady OK
      64   2 2.045E-04 3.906E-03 Steady Fail
      65 --- --------- --------- Regridding
      65 --- --------- --------- Jacobian 00014
      65   7 1.552E-04 1.563E-02 Steady OK
      66   3 4.580E-04 3.906E-03 Steady Fail
      67 --- --------- --------- Regridding
      67 --- --------- --------- Jacobian 00015
      67   8 1.980E-04 7.813E-03 Steady OK
      68   2 2.410E-04 3.906E-03 Steady Fail
      69 --- --------- --------- Regridding
      69 --- --------- --------- Jacobian 00016
      69   7 2.292E-04 1.563E-02 Steady OK
      70   3 3.913E-04 3.906E-03 Steady Fail
      71 --- --------- --------- Regridding
      71 --- --------- --------- Jacobian 00017
      71   7 3.150E-04 1.563E-02 Steady OK
      72   3 4.206E-04 3.906E-03 Steady Fail
      73 --- --------- --------- Regridding
      73 --- --------- --------- Jacobian 00018
      73   8 4.444E-04 7.813E-03 Steady OK
      74   2 4.502E-04 3.906E-03 Steady Fail
      75 --- --------- --------- Regridding
      75 --- --------- --------- Jacobian 00019
      75   7 4.834E-04 1.563E-02 Steady OK
      76   3 5.147E-04 3.906E-03 Steady Fail
      77 --- --------- --------- Regridding
      77 --- --------- --------- Jacobian 00020
      77   7 5.720E-04 1.563E-02 Steady OK
      78   3 5.792E-04 3.906E-03 Steady Fail
      79 --- --------- --------- Regridding
      79 --- --------- --------- Jacobian 00021
      79   7 6.554E-04 1.563E-02 Steady OK
      80   3 6.464E-04 7.813E-03 Steady OK
      81   2 6.854E-04 3.906E-03 Steady Fail
      82 --- --------- --------- Regridding
      82 --- --------- --------- Jacobian 00022
      82   7 7.528E-04 1.563E-02 Steady OK
      83   3 7.518E-04 3.906E-03 Steady Fail
      84 --- --------- --------- Regridding
      84 --- --------- --------- Jacobian 00023
      84   6 8.190E-04 3.125E-02 Steady OK
      85   4 8.693E-04 3.906E-03 Steady Fail
      86 --- --------- --------- Regridding
      86 --- --------- --------- Jacobian 00024
      86   7 9.260E-04 1.563E-02 Steady OK
      87   3 9.284E-04 3.906E-03 Steady Fail
      88 --- --------- --------- Regridding
      88 --- --------- --------- Jacobian 00025
      88   6 9.938E-04 3.125E-02 Steady OK
      89   4 1.018E-03 3.906E-03 Steady Fail
      90 --- --------- --------- Regridding
      90 --- --------- --------- Jacobian 00026
      90   7 1.108E-03 1.563E-02 Steady OK
      91   3 1.108E-03 3.906E-03 Steady Fail
      92 --- --------- --------- Regridding
      92 --- --------- --------- Jacobian 00027
      92   6 1.128E-03 3.125E-02 Steady OK
      93   4 1.141E-03 3.906E-03 Steady Fail
      94 --- --------- --------- Regridding
      94 --- --------- --------- Jacobian 00028
      94   6 1.192E-03 3.125E-02 Steady OK
      95   4 1.198E-03 3.906E-03 Steady Fail
      96 --- --------- --------- Regridding
      96 --- --------- --------- Jacobian 00029
      96   6 1.246E-03 3.125E-02 Steady OK
      97   4 1.246E-03 3.906E-03 Steady Fail
      98 --- --------- --------- Regridding
      98 --- --------- --------- Jacobian 00030
      98   6 1.291E-03 3.125E-02 Steady OK
      99   4 1.287E-03 3.906E-03 Steady Fail
     100 --- --------- --------- Regridding
     100 --- --------- --------- Jacobian 00031
     100   5 1.332E-03 6.250E-02 Steady OK
     101   5 1.349E-03 3.906E-03 Steady Fail
     102 --- --------- --------- Regridding
     102 --- --------- --------- Jacobian 00032
     102   5 1.419E-03 6.250E-02 Steady OK
     103   5 1.431E-03 3.906E-03 Steady Fail
     104 --- --------- --------- Regridding
     104 --- --------- --------- Jacobian 00033
     104   5 1.462E-03 6.250E-02 Steady OK
     105   5 1.468E-03 3.906E-03 Steady Fail
     106 --- --------- --------- Regridding
     106 --- --------- --------- Jacobian 00034
     106   5 1.478E-03 6.250E-02 Steady OK
     107   5 1.480E-03 3.906E-03 Steady Fail
     108 --- --------- --------- Regridding
     108 --- --------- --------- Jacobian 00035
     108   5 1.503E-03 6.250E-02 Steady OK
     109   5 1.501E-03 3.906E-03 Steady Fail
     110 --- --------- --------- Regridding
     110 --- --------- --------- Jacobian 00036
     110   4 1.501E-03 1.250E-01 Steady OK
     111   6 1.510E-03 3.906E-03 Steady Fail
     112 --- --------- --------- Regridding
     112 --- --------- --------- Jacobian 00037
     112   4 1.489E-03 1.250E-01 Steady OK
     113   6 1.491E-03 3.906E-03 Steady Fail
     114 --- --------- --------- Regridding
     114 --- --------- --------- Jacobian 00038
     114   4 1.422E-03 1.250E-01 Steady OK
     115   6 1.420E-03 3.906E-03 Steady Fail
     116 --- --------- --------- Regridding
     116 --- --------- --------- Jacobian 00039
     116   3 1.343E-03 2.500E-01 Steady OK
     117   7 1.346E-03 3.906E-03 Steady Fail
     118 --- --------- --------- Regridding
     118 --- --------- --------- Jacobian 00040
     118   2 1.324E-03 5.000E-01 Steady OK
     119   8 1.325E-03 3.906E-03 Steady Fail
     120 --- --------- --------- Regridding
     120 --- --------- --------- Jacobian 00041
     120   1 5.624E-04 1.000E+00 Steady OK
     121   1 5.277E-05 1.000E+00 Steady OK
     122   1 3.351E-06 1.000E+00 Steady OK
     123   1 1.855E-07 1.000E+00 Steady OK
     124   1 9.420E-09 1.000E+00 Steady OK
     125   1 5.345E-10 1.000E+00 Steady OK
     126   1 3.307E-11 1.000E+00 Steady OK
 
------------------------------------------------------------------------
 
Simulation stopped:
  => Converged!
 
------------------------------------------------------------------------
 
Postprocessing output:
  => Position reaction layer      :  1.9940357E+00 cm
  => Temperature reaction layer   :  1.8360565E+03 K
  => Mass burning rate            :  8.3772795E-01 gr/(cm2s)
  => Burning velocity (unburnt)   :  1.0589437E+03 cm/s
  => Maximum temperature          :  1.8380000E+03 K
  => Minimum temperature          :  3.0000000E+02 K
  => Flame thickness (max grad T) :  2.1132099E-01 cm
  => Stoichiometric mixture frac. :  0.0000000E+00 -
  => Position stoich mixture      :  1.0899952E-01 cm
  => Temperature at stoich mixture:  1.5502200E+03 K
  => Scalar dissipation at stoich :  5.0103115E-27 1/s
 
========================================================================
 
==> LogClose : Closing logfile
