==> LogWrite : Opening logfile
 
========================================================================
 
 
OOOOOOOOOOOOOOOOOOOOOOOOOOOOOOOOOOOOOOOOOOOOOO
O                                            O
O     @@@@  @  @  @@@@  @   @    @  @@@b     O
O     @     @  @  @     @@ @@   @@  @  @     O
O     @     @@@@  @@@@  @ @ @    @  @  @     O
O     @     @  @  @     @   @    @  @  @     O
O     @@@@  @  @  @@@@  @   @    @  @@@P     O
O                                            O
O     A ONE DIMENSIONAL FLAME CODE           O
O                                            O
O     Version:                               O
O     Release: 2012-06-01 08:38:57 +0200     O
O                                            O
OOOOOOOOOOOOOOOOOOOOOOOOOOOOOOOOOOOOOOOOOOOOOO
 
 
 
* Developed at the Eindhoven University of Technology
 
* http://www.combustion.tue.nl
 
========================================================================
 
Reading CHEM1D input files
    => Start reading chemistry 
    ==> CheckTroeData : Started
    ==> CheckTroeData : Finished
    => Finished reading chemistry
    => Thermodynamical Data   [OK]
    ElementName        Mass
    1  O                 1.5999400E+01
    2  H                 1.0079700E+00
    3  C                 1.2011200E+01
    4  N                 1.4006700E+01
    5  AR                3.9948000E+01

    SpeciesName        Mass
    1  H2                2.0159400E+00
    2  H                 1.0079700E+00
    3  O                 1.5999400E+01
    4  O2                3.1998800E+01
    5  OH                1.7007370E+01
    6  H2O               1.8015340E+01
    7  HO2               3.3006770E+01
    8  CH2               1.4027140E+01
    9  CH2(S)            1.4027140E+01
   10  CH3               1.5035110E+01
   11  CH4               1.6043080E+01
   12  CO                2.8010600E+01
   13  CO2               4.4010000E+01
   14  HCO               2.9018570E+01
   15  CH2O              3.0026540E+01
   16  CH3O              3.1034510E+01
   17  C2H4              2.8054280E+01
   18  C2H5              2.9062250E+01
   19  C2H6              3.0070220E+01
   20  N                 1.4006700E+01
   21  NO                3.0006100E+01
   22  N2                2.8013400E+01
   23  AR                3.9948000E+01

    => Reactions + rate coefficients 

       (1) O + H + M = OH + M
             A =  5.000E+17  beta = -1.000E+00  Ea/R =  0.000E+00   K
      Enhanced by:
      H2          2.00
      H2O         6.00
      CH4         2.00
      CO          1.50
      CO2         2.00
      C2H6        3.00
      AR          0.70

       (2) O + H2 = H + OH
             A =  5.000E+04  beta =  2.670E+00  Ea/R =  3.167E+03   K

       (3) O + HO2 = OH + O2
             A =  2.000E+13  beta =  0.000E+00  Ea/R =  0.000E+00   K

       (4) O + CH2 = H + HCO
             A =  8.000E+13  beta =  0.000E+00  Ea/R =  0.000E+00   K

       (5) O + CH2(S) = H + HCO
             A =  1.500E+13  beta =  0.000E+00  Ea/R =  0.000E+00   K

       (6) O + CH3 = H + CH2O
             A =  8.430E+13  beta =  0.000E+00  Ea/R =  0.000E+00   K

       (7) O + CH4 = OH + CH3
             A =  1.020E+09  beta =  1.500E+00  Ea/R =  4.331E+03   K

       (8) O + CO + M = CO2 + M
             A =  6.020E+14  beta =  0.000E+00  Ea/R =  1.511E+03   K
      Enhanced by:
      H2          2.00
      O2          6.00
      H2O         6.00
      CH4         2.00
      CO          1.50
      CO2         3.50
      C2H6        3.00
      AR          0.50

       (9) O + HCO = OH + CO
             A =  3.000E+13  beta =  0.000E+00  Ea/R =  0.000E+00   K

       (10) O + HCO = H + CO2
             A =  3.000E+13  beta =  0.000E+00  Ea/R =  0.000E+00   K

       (11) O + CH2O = OH + HCO
             A =  3.900E+13  beta =  0.000E+00  Ea/R =  1.783E+03   K

       (12) O + C2H4 = CH3 + HCO
             A =  1.920E+07  beta =  1.830E+00  Ea/R =  1.108E+02   K

       (13) O + C2H5 = CH3 + CH2O
             A =  1.320E+14  beta =  0.000E+00  Ea/R =  0.000E+00   K

       (14) O + C2H6 = OH + C2H5
             A =  8.980E+07  beta =  1.920E+00  Ea/R =  2.865E+03   K

       (15) O2 + CO = O + CO2
             A =  2.500E+12  beta =  0.000E+00  Ea/R =  2.407E+04   K

       (16) O2 + CH2O = HO2 + HCO
             A =  1.000E+14  beta =  0.000E+00  Ea/R =  2.014E+04   K

       (17) H + O2 + M = HO2 + M
             A =  2.800E+18  beta = -8.600E-01  Ea/R =  0.000E+00   K
      Enhanced by:
      O2          0.00
      H2O         0.00
      CO          0.75
      CO2         1.50
      C2H6        1.50
      N2          0.00
      AR          0.00

       (18) H + O2 + O2 = HO2 + O2
             A =  3.000E+20  beta = -1.720E+00  Ea/R =  0.000E+00   K

       (19) H + O2 + H2O = HO2 + H2O
             A =  9.380E+18  beta = -7.600E-01  Ea/R =  0.000E+00   K

       (20) H + O2 + N2 = HO2 + N2
             A =  3.750E+20  beta = -1.720E+00  Ea/R =  0.000E+00   K

       (21) H + O2 + AR = HO2 + AR
             A =  7.000E+17  beta = -8.000E-01  Ea/R =  0.000E+00   K

       (22) H + O2 = O + OH
             A =  8.300E+13  beta =  0.000E+00  Ea/R =  7.258E+03   K

       (23) H + H + M = H2 + M
             A =  1.000E+18  beta = -1.000E+00  Ea/R =  0.000E+00   K
      Enhanced by:
      H2          0.00
      H2O         0.00
      CH4         2.00
      CO2         0.00
      C2H6        3.00
      AR          0.63

       (24) H + H + H2 = H2 + H2
             A =  9.000E+16  beta = -6.000E-01  Ea/R =  0.000E+00   K

       (25) H + H + H2O = H2 + H2O
             A =  6.000E+19  beta = -1.250E+00  Ea/R =  0.000E+00   K

       (26) H + H + CO2 = H2 + CO2
             A =  5.500E+20  beta = -2.000E+00  Ea/R =  0.000E+00   K

       (27) H + OH + M = H2O + M
             A =  2.200E+22  beta = -2.000E+00  Ea/R =  0.000E+00   K
      Enhanced by:
      H2          0.73
      H2O         3.65
      CH4         2.00
      C2H6        3.00
      AR          0.38

       (28) H + HO2 = O2 + H2
             A =  2.800E+13  beta =  0.000E+00  Ea/R =  5.378E+02   K

       (29) H + HO2 = OH + OH
             A =  1.340E+14  beta =  0.000E+00  Ea/R =  3.198E+02   K

       (30) H + CH2 + M = CH3 + M
             A =  2.500E+16  beta = -8.000E-01  Ea/R =  0.000E+00   K
      LOW pressure limit: 
      A =  3.200E+27  beta = -3.140E+00  Ea/R =  6.194E+02   K
      TROE centering:
          a = 0.680E+00
       T*** = 0.780E+02 K
         T* = 0.200E+04 K
        T** = 0.559E+04 K
      Enhanced by:
      H2          2.00
      H2O         6.00
      CH4         2.00
      CO          1.50
      CO2         2.00
      C2H6        3.00
      AR          0.70

       (31) H + CH3 + M = CH4 + M
             A =  1.270E+16  beta = -6.300E-01  Ea/R =  1.929E+02   K
      LOW pressure limit: 
      A =  2.477E+33  beta = -4.760E+00  Ea/R =  1.229E+03   K
      TROE centering:
          a = 0.783E+00
       T*** = 0.740E+02 K
         T* = 0.294E+04 K
        T** = 0.696E+04 K
      Enhanced by:
      H2          2.00
      H2O         6.00
      CH4         2.00
      CO          1.50
      CO2         2.00
      C2H6        3.00
      AR          0.70

       (32) H + CH4 = CH3 + H2
             A =  6.600E+08  beta =  1.620E+00  Ea/R =  5.459E+03   K

       (33) H + HCO + M = CH2O + M
             A =  1.090E+12  beta =  4.800E-01  Ea/R = -1.309E+02   K
      LOW pressure limit: 
      A =  1.350E+24  beta = -2.570E+00  Ea/R =  7.176E+02   K
      TROE centering:
          a = 0.782E+00
       T*** = 0.271E+03 K
         T* = 0.276E+04 K
        T** = 0.657E+04 K
      Enhanced by:
      H2          2.00
      H2O         6.00
      CH4         2.00
      CO          1.50
      CO2         2.00
      C2H6        3.00
      AR          0.70

       (34) H + HCO = H2 + CO
             A =  7.340E+13  beta =  0.000E+00  Ea/R =  0.000E+00   K

       (35) H + CH2O + M = CH3O + M
             A =  5.400E+11  beta =  4.540E-01  Ea/R =  1.309E+03   K
      LOW pressure limit: 
      A =  2.200E+30  beta = -4.800E+00  Ea/R =  2.800E+03   K
      TROE centering:
          a = 0.758E+00
       T*** = 0.940E+02 K
         T* = 0.156E+04 K
        T** = 0.420E+04 K
      Enhanced by:
      H2          2.00
      H2O         6.00
      CH4         2.00
      CO          1.50
      CO2         2.00
      C2H6        3.00

       (36) H + CH2O = HCO + H2
             A =  2.300E+10  beta =  1.050E+00  Ea/R =  1.649E+03   K

       (37) H + CH3O = OH + CH3
             A =  3.200E+13  beta =  0.000E+00  Ea/R =  0.000E+00   K

       (38) H + C2H4 + M = C2H5 + M
             A =  1.080E+12  beta =  4.540E-01  Ea/R =  9.165E+02   K
      LOW pressure limit: 
      A =  1.200E+42  beta = -7.620E+00  Ea/R =  3.510E+03   K
      TROE centering:
          a = 0.975E+00
       T*** = 0.210E+03 K
         T* = 0.984E+03 K
        T** = 0.437E+04 K
      Enhanced by:
      H2          2.00
      H2O         6.00
      CH4         2.00
      CO          1.50
      CO2         2.00
      C2H6        3.00
      AR          0.70

       (39) H + C2H5 + M = C2H6 + M
             A =  5.210E+17  beta = -9.900E-01  Ea/R =  7.956E+02   K
      LOW pressure limit: 
      A =  1.990E+41  beta = -7.080E+00  Ea/R =  3.366E+03   K
      TROE centering:
          a = 0.842E+00
       T*** = 0.125E+03 K
         T* = 0.222E+04 K
        T** = 0.688E+04 K
      Enhanced by:
      H2          2.00
      H2O         6.00
      CH4         2.00
      CO          1.50
      CO2         2.00
      C2H6        3.00
      AR          0.70

       (40) H + C2H6 = C2H5 + H2
             A =  1.150E+08  beta =  1.900E+00  Ea/R =  3.792E+03   K

       (41) H2 + CO + M = CH2O + M
             A =  4.300E+07  beta =  1.500E+00  Ea/R =  4.008E+04   K
      LOW pressure limit: 
      A =  5.070E+27  beta = -3.420E+00  Ea/R =  4.248E+04   K
      TROE centering:
          a = 0.932E+00
       T*** = 0.197E+03 K
         T* = 0.154E+04 K
        T** = 0.103E+05 K
      Enhanced by:
      H2          2.00
      H2O         6.00
      CH4         2.00
      CO          1.50
      CO2         2.00
      C2H6        3.00
      AR          0.70

       (42) OH + H2 = H + H2O
             A =  2.160E+08  beta =  1.510E+00  Ea/R =  1.727E+03   K

       (43) OH + OH = O + H2O
             A =  3.570E+04  beta =  2.400E+00  Ea/R = -1.063E+03   K

       (44) OH + HO2 = O2 + H2O
             A =  2.900E+13  beta =  0.000E+00  Ea/R = -2.518E+02   K

       (45) OH + CH2 = H + CH2O
             A =  2.000E+13  beta =  0.000E+00  Ea/R =  0.000E+00   K

       (46) OH + CH2(S) = H + CH2O
             A =  3.000E+13  beta =  0.000E+00  Ea/R =  0.000E+00   K

       (47) OH + CH3 = CH2 + H2O
             A =  5.600E+07  beta =  1.600E+00  Ea/R =  2.729E+03   K

       (48) OH + CH3 = CH2(S) + H2O
             A =  2.501E+13  beta =  0.000E+00  Ea/R =  0.000E+00   K

       (49) OH + CH4 = CH3 + H2O
             A =  1.000E+08  beta =  1.600E+00  Ea/R =  1.571E+03   K

       (50) OH + CO = H + CO2
             A =  4.760E+07  beta =  1.228E+00  Ea/R =  3.525E+01   K

       (51) OH + HCO = H2O + CO
             A =  5.000E+13  beta =  0.000E+00  Ea/R =  0.000E+00   K

       (52) OH + CH2O = HCO + H2O
             A =  3.430E+09  beta =  1.180E+00  Ea/R = -2.251E+02   K

       (53) OH + C2H6 = C2H5 + H2O
             A =  3.540E+06  beta =  2.120E+00  Ea/R =  4.381E+02   K

       (54) HO2 + CH2 = OH + CH2O
             A =  2.000E+13  beta =  0.000E+00  Ea/R =  0.000E+00   K

       (55) HO2 + CH3 = O2 + CH4
             A =  1.000E+12  beta =  0.000E+00  Ea/R =  0.000E+00   K

       (56) HO2 + CH3 = OH + CH3O
             A =  2.000E+13  beta =  0.000E+00  Ea/R =  0.000E+00   K

       (57) HO2 + CO = OH + CO2
             A =  1.500E+14  beta =  0.000E+00  Ea/R =  1.188E+04   K

       (58) CH2 + O2 = OH + HCO
             A =  1.320E+13  beta =  0.000E+00  Ea/R =  7.553E+02   K

       (59) CH2 + H2 = H + CH3
             A =  5.000E+05  beta =  2.000E+00  Ea/R =  3.641E+03   K

       (60) CH2 + CH3 = H + C2H4
             A =  4.000E+13  beta =  0.000E+00  Ea/R =  0.000E+00   K

       (61) CH2 + CH4 = CH3 + CH3
             A =  2.460E+06  beta =  2.000E+00  Ea/R =  4.164E+03   K

       (62) CH2(S) + N2 = CH2 + N2
             A =  1.500E+13  beta =  0.000E+00  Ea/R =  3.021E+02   K

       (63) CH2(S) + AR = CH2 + AR
             A =  9.000E+12  beta =  0.000E+00  Ea/R =  3.021E+02   K

       (64) CH2(S) + O2 = H + OH + CO
             A =  2.800E+13  beta =  0.000E+00  Ea/R =  0.000E+00   K

       (65) CH2(S) + O2 = CO + H2O
             A =  1.200E+13  beta =  0.000E+00  Ea/R =  0.000E+00   K

       (66) CH2(S) + H2 = CH3 + H
             A =  7.000E+13  beta =  0.000E+00  Ea/R =  0.000E+00   K

       (67) CH2(S) + H2O = CH2 + H2O
             A =  3.000E+13  beta =  0.000E+00  Ea/R =  0.000E+00   K

       (68) CH2(S) + CH3 = H + C2H4
             A =  1.200E+13  beta =  0.000E+00  Ea/R = -2.870E+02   K

       (69) CH2(S) + CH4 = CH3 + CH3
             A =  1.600E+13  beta =  0.000E+00  Ea/R = -2.870E+02   K

       (70) CH2(S) + CO = CH2 + CO
             A =  9.000E+12  beta =  0.000E+00  Ea/R =  0.000E+00   K

       (71) CH2(S) + CO2 = CH2 + CO2
             A =  7.000E+12  beta =  0.000E+00  Ea/R =  0.000E+00   K

       (72) CH2(S) + CO2 = CO + CH2O
             A =  1.400E+13  beta =  0.000E+00  Ea/R =  0.000E+00   K

       (73) CH3 + O2 = O + CH3O
             A =  2.675E+13  beta =  0.000E+00  Ea/R =  1.450E+04   K

       (74) CH3 + O2 = OH + CH2O
             A =  3.600E+10  beta =  0.000E+00  Ea/R =  4.502E+03   K

       (75) CH3 + CH3 + M = C2H6 + M
             A =  2.120E+16  beta = -9.700E-01  Ea/R =  3.122E+02   K
      LOW pressure limit: 
      A =  1.770E+50  beta = -9.670E+00  Ea/R =  3.132E+03   K
      TROE centering:
          a = 0.532E+00
       T*** = 0.151E+03 K
         T* = 0.104E+04 K
        T** = 0.497E+04 K
      Enhanced by:
      H2          2.00
      H2O         6.00
      CH4         2.00
      CO          1.50
      CO2         2.00
      C2H6        3.00
      AR          0.70

       (76) CH3 + CH3 = H + C2H5
             A =  4.990E+12  beta =  1.000E-01  Ea/R =  5.338E+03   K

       (77) CH3 + HCO = CH4 + CO
             A =  2.648E+13  beta =  0.000E+00  Ea/R =  0.000E+00   K

       (78) CH3 + CH2O = HCO + CH4
             A =  3.320E+03  beta =  2.810E+00  Ea/R =  2.951E+03   K

       (79) CH3 + C2H6 = C2H5 + CH4
             A =  6.140E+06  beta =  1.740E+00  Ea/R =  5.262E+03   K

       (80) HCO + H2O = H + CO + H2O
             A =  2.244E+18  beta = -1.000E+00  Ea/R =  8.561E+03   K

       (81) HCO + M = H + CO + M
             A =  1.870E+17  beta = -1.000E+00  Ea/R =  8.561E+03   K
      Enhanced by:
      H2          2.00
      H2O         0.00
      CH4         2.00
      CO          1.50
      CO2         2.00
      C2H6        3.00

       (82) HCO + O2 = HO2 + CO
             A =  7.600E+12  beta =  0.000E+00  Ea/R =  2.014E+02   K

       (83) CH3O + O2 = HO2 + CH2O
             A =  4.280E-13  beta =  7.600E+00  Ea/R = -1.778E+03   K

       (84) C2H5 + O2 = HO2 + C2H4
             A =  8.400E+11  beta =  0.000E+00  Ea/R =  1.951E+03   K

       (85) N + NO = N2 + O
             A =  2.700E+13  beta =  0.000E+00  Ea/R =  1.788E+02   K

       (86) N + O2 = NO + O
             A =  9.000E+09  beta =  1.000E+00  Ea/R =  3.273E+03   K

       (87) N + OH = NO + H
             A =  3.360E+13  beta =  0.000E+00  Ea/R =  1.939E+02   K

    => Defaultsfile           [OK]
    => Settingsfile           [OK]
    => Commandline options    [OK]
    => Start reading .chm file
        [MSG] Transport parameters    [OK]
        [MSG] Conductivity parameters [OK]
        [MSG] Viscosity parameters    [OK]
        [MSG] Difusivity parameters   [OK]
        [MSG] Thermal parameters      [OK]
    => Reading .chm file      [OK]
    => CHEM1D datafile        [OK]
    => Setting grid weights :
        DENSITY            1.00000
        TEMP               1.00000
        CH4                1.00000
        HEATREL            1.00000
 
 
------------------------------------------------------------------------
 
Simulation settings:
    => Counterflow flame
    => Stationary solution
    => Detailed chemistry model
    => Mixture averaged diffusion model
    => No radiation model
    => No model for heat exchanger
 
------------------------------------------------------------------------
 
Variables:
       Name              BC_Left      BC_Right     Unit
  1) * H2                1.03421E-02  0.00000E+00  Mass frac.
  2) * H                 0.00000E+00  0.00000E+00  Mass frac.
  3) * O                 0.00000E+00  0.00000E+00  Mass frac.
  4) * O2                1.36799E-01  5.70679E-02  Mass frac.
  5) * OH                0.00000E+00  0.00000E+00  Mass frac.
  6) * H2O               0.00000E+00  9.63882E-02  Mass frac.
  7) * HO2               0.00000E+00  0.00000E+00  Mass frac.
  8) * CH2               0.00000E+00  0.00000E+00  Mass frac.
  9) * CH2(S)            0.00000E+00  0.00000E+00  Mass frac.
 10) * CH3               0.00000E+00  0.00000E+00  Mass frac.
 11) * CH4               4.06511E-01  3.81039E-01  Mass frac.
 12) * CO                0.00000E+00  0.00000E+00  Mass frac.
 13) * CO2               0.00000E+00  0.00000E+00  Mass frac.
 14) * HCO               0.00000E+00  0.00000E+00  Mass frac.
 15) * CH2O              0.00000E+00  0.00000E+00  Mass frac.
 16) * CH3O              0.00000E+00  0.00000E+00  Mass frac.
 17) * C2H4              0.00000E+00  0.00000E+00  Mass frac.
 18) * C2H5              0.00000E+00  0.00000E+00  Mass frac.
 19) * C2H6              0.00000E+00  0.00000E+00  Mass frac.
 20) * N                 0.00000E+00  0.00000E+00  Mass frac.
 21) * NO                0.00000E+00  0.00000E+00  Mass frac.
 22) * N2                4.46349E-01  4.65505E-01  Mass frac.
 23) * AR                0.00000E+00  0.00000E+00  Mass frac.
 24) * Temp              3.00000E+02  1.83800E+03  K
 25) * Massflow          9.49317E-03  1.65306E-03  gr/(cm2 s)
 26) * Enthalpy         -1.88720E+03  8.69248E+02  J/gr
 27) * MixFrac           1.00000E+00  1.00000E+00  -
 28) * Stretch           2.08604E+03  4.99900E+03  1/s
 29)   Press             1.00000E+05  1.00000E+05  Pa
 30)   Density           7.91098E-04  1.37755E-04  gr/cm3
 31)   MeanMass          1.97327E+01  2.10517E+01  gr/mol
 32)   Surface           0.00000E+00  0.00000E+00  cm2
 33)   Porosity          0.00000E+00  0.00000E+00  -
 34)   Tsolid            0.00000E+00  0.00000E+00  K
 35)   HeatRel           0.00000E+00  0.00000E+00  J/(cm3 s)
 36)   Dissipation       0.00000E+00  0.00000E+00  -
 
------------------------------------------------------------------------
 
       0 --- --------- --------- Start solver
       1 --- --------- --------- Regridding
       1 --- --------- --------- Jacobian 00001
       1   8 5.637E-04 3.906E-03 Steady Fail
       2 --- --------- --------- Regridding
       2 --- --------- --------- Jacobian 00002
       2 --- --------- --------- Timestep 1.000E-06
       2   2 3.846E-08 1.000E-06 Time OK
       3   3 5.940E-06 2.000E-06 Time OK
       4   6 7.189E-07 3.000E-06 Time OK
       5   6 7.722E-07 4.000E-06 Time OK
       6   6 7.660E-07 5.000E-06 Time OK
       7   6 7.432E-07 6.000E-06 Time OK
       8   6 7.191E-07 7.000E-06 Time OK
       9   7 3.333E-07 8.000E-06 Time OK
      10   7 3.231E-07 9.000E-06 Time OK
      11   7 3.169E-07 1.000E-05 Time OK
      12   7 3.126E-07 1.100E-05 Time OK
      13   7 3.093E-07 1.200E-05 Time OK
      14   7 3.066E-07 1.300E-05 Time OK
      15   7 3.043E-07 1.400E-05 Time OK
      16   7 3.024E-07 1.500E-05 Time OK
      17   7 3.009E-07 1.600E-05 Time OK
      18   7 2.996E-07 1.700E-05 Time OK
      19   7 2.985E-07 1.800E-05 Time OK
      20   7 2.977E-07 1.900E-05 Time OK
      21   7 2.971E-07 2.000E-05 Time OK
      22   7 2.967E-07 2.100E-05 Time OK
      23   7 2.966E-07 2.200E-05 Time OK
      24 --- --------- --------- Regridding
      24 --- --------- --------- Jacobian 00003
      24   8 1.313E-03 3.906E-03 Steady Fail
      25 --- --------- --------- Regridding
      25 --- --------- --------- Jacobian 00004
      25 --- --------- --------- Timestep 1.000E-06
      25   1 3.486E-07 2.300E-05 Time OK
      26   1 5.031E-07 2.400E-05 Time OK
      27   2 3.005E-09 2.500E-05 Time OK
      28   2 5.736E-09 2.600E-05 Time OK
      29   2 9.087E-09 2.700E-05 Time OK
      30   2 1.300E-08 2.800E-05 Time OK
      31   2 1.745E-08 2.900E-05 Time OK
      32   2 2.242E-08 3.000E-05 Time OK
      33   2 2.787E-08 3.100E-05 Time OK
      34   2 3.377E-08 3.200E-05 Time OK
      35   2 4.006E-08 3.300E-05 Time OK
      36   2 4.671E-08 3.400E-05 Time OK
      37   2 5.368E-08 3.500E-05 Time OK
      38   2 6.091E-08 3.600E-05 Time OK
      39   2 6.836E-08 3.700E-05 Time OK
      40   2 7.600E-08 3.800E-05 Time OK
      41   2 8.379E-08 3.900E-05 Time OK
      42   2 9.169E-08 4.000E-05 Time OK
      43   2 9.967E-08 4.100E-05 Time OK
      44   2 1.077E-07 4.200E-05 Time OK
      45   2 1.157E-07 4.300E-05 Time OK
      46   2 1.238E-07 4.400E-05 Time OK
      47 --- --------- --------- Regridding
      47 --- --------- --------- Jacobian 00005
      47   8 1.664E-04 3.906E-03 Steady Fail
      48 --- --------- --------- Regridding
      48 --- --------- --------- Jacobian 00006
      48 --- --------- --------- Timestep 2.000E-06
      48   2 6.799E-09 4.600E-05 Time OK
      49   2 3.458E-08 4.800E-05 Time OK
      50   2 6.296E-08 5.000E-05 Time OK
      51   2 1.159E-07 5.200E-05 Time OK
      52   2 1.782E-07 5.400E-05 Time OK
      53   2 2.487E-07 5.600E-05 Time OK
      54   2 3.262E-07 5.800E-05 Time OK
      55   2 4.091E-07 6.000E-05 Time OK
      56   3 1.632E-08 6.200E-05 Time OK
      57   3 2.078E-08 6.400E-05 Time OK
      58   3 2.556E-08 6.600E-05 Time OK
      59   3 3.060E-08 6.800E-05 Time OK
      60   3 3.583E-08 7.000E-05 Time OK
      61   3 4.118E-08 7.200E-05 Time OK
      62   3 4.661E-08 7.400E-05 Time OK
      63   3 5.212E-08 7.600E-05 Time OK
      64   3 5.769E-08 7.800E-05 Time OK
      65   3 6.333E-08 8.000E-05 Time OK
      66   3 6.905E-08 8.200E-05 Time OK
      67   3 7.487E-08 8.400E-05 Time OK
      68   3 8.080E-08 8.600E-05 Time OK
      69   3 8.682E-08 8.800E-05 Time OK
      70 --- --------- --------- Regridding
      70 --- --------- --------- Jacobian 00007
      70   8 5.206E-05 7.813E-03 Steady OK
      71   2 1.055E-04 3.906E-03 Steady Fail
      72 --- --------- --------- Regridding
      72 --- --------- --------- Jacobian 00008
      72   8 6.464E-05 3.906E-03 Steady Fail
      73 --- --------- --------- Regridding
      73 --- --------- --------- Jacobian 00009
      73 --- --------- --------- Timestep 4.000E-06
      73   2 1.207E-07 9.200E-05 Time OK
      74   2 2.130E-07 9.600E-05 Time OK
      75   2 4.282E-07 1.000E-04 Time OK
      76   3 2.887E-08 1.040E-04 Time OK
      77   3 5.345E-08 1.080E-04 Time OK
      78   3 8.231E-08 1.120E-04 Time OK
      79   3 1.126E-07 1.160E-04 Time OK
      80   3 1.414E-07 1.200E-04 Time OK
      81   3 1.661E-07 1.240E-04 Time OK
      82   3 1.856E-07 1.280E-04 Time OK
      83   3 2.005E-07 1.320E-04 Time OK
      84   3 2.136E-07 1.360E-04 Time OK
      85   3 2.296E-07 1.400E-04 Time OK
      86   3 2.535E-07 1.440E-04 Time OK
      87   3 2.895E-07 1.480E-04 Time OK
      88   3 3.397E-07 1.520E-04 Time OK
      89   8 5.966E-07 1.560E-04 Time OK
      90   8 6.198E-07 1.600E-04 Time OK
      91   8 6.446E-07 1.640E-04 Time OK
      92   9 3.514E-07 1.680E-04 Time OK
      93   9 3.659E-07 1.720E-04 Time OK
      94   9 3.812E-07 1.760E-04 Time OK
      95 --- --------- --------- Regridding
      95 --- --------- --------- Jacobian 00010
      95   7 4.281E-05 1.563E-02 Steady OK
      96   3 5.469E-05 3.906E-03 Steady Fail
      97 --- --------- --------- Regridding
      97 --- --------- --------- Jacobian 00011
      97   8 4.913E-05 7.813E-03 Steady OK
      98   2 5.351E-05 7.813E-03 Steady OK
      99   2 6.633E-05 3.906E-03 Steady Fail
     100 --- --------- --------- Regridding
     100 --- --------- --------- Jacobian 00012
     100   8 6.655E-05 7.813E-03 Steady OK
     101   2 7.203E-05 7.813E-03 Steady OK
     102   2 8.473E-05 3.906E-03 Steady Fail
     103 --- --------- --------- Regridding
     103 --- --------- --------- Jacobian 00013
     103   7 9.549E-05 1.563E-02 Steady OK
     104   3 1.066E-04 3.906E-03 Steady Fail
     105 --- --------- --------- Regridding
     105 --- --------- --------- Jacobian 00014
     105   8 1.112E-04 3.906E-03 Steady Fail
     106 --- --------- --------- Regridding
     106 --- --------- --------- Jacobian 00015
     106 --- --------- --------- Timestep 4.000E-06
     106   2 1.548E-08 1.800E-04 Time OK
     107   2 5.205E-08 1.840E-04 Time OK
     108   2 5.739E-08 1.880E-04 Time OK
     109   2 7.710E-08 1.920E-04 Time OK
     110   2 1.178E-07 1.960E-04 Time OK
     111   2 1.718E-07 2.000E-04 Time OK
     112   2 2.361E-07 2.040E-04 Time OK
     113   2 3.108E-07 2.080E-04 Time OK
     114   2 3.964E-07 2.120E-04 Time OK
     115   3 6.549E-08 2.160E-04 Time OK
     116   3 8.940E-08 2.200E-04 Time OK
     117   3 1.201E-07 2.240E-04 Time OK
     118   3 1.560E-07 2.280E-04 Time OK
     119   3 1.975E-07 2.320E-04 Time OK
     120   3 2.446E-07 2.360E-04 Time OK
     121   3 2.971E-07 2.400E-04 Time OK
     122   3 3.547E-07 2.440E-04 Time OK
     123   3 4.169E-07 2.480E-04 Time OK
     124   8 3.841E-07 2.520E-04 Time OK
     125   8 4.023E-07 2.560E-04 Time OK
     126   8 4.184E-07 2.600E-04 Time OK
     127   8 4.330E-07 2.640E-04 Time OK
     128 --- --------- --------- Regridding
     128 --- --------- --------- Jacobian 00016
     128   6 5.468E-05 3.125E-02 Steady OK
     129   4 6.083E-05 3.906E-03 Steady Fail
     130 --- --------- --------- Regridding
     130 --- --------- --------- Jacobian 00017
     130   7 5.551E-05 1.563E-02 Steady OK
     131   3 5.837E-05 7.813E-03 Steady OK
     132   2 6.354E-05 7.813E-03 Steady OK
     133   2 7.158E-05 3.906E-03 Steady Fail
     134 --- --------- --------- Regridding
     134 --- --------- --------- Jacobian 00018
     134   7 7.395E-05 1.563E-02 Steady OK
     135   3 7.723E-05 7.813E-03 Steady OK
     136   2 8.256E-05 7.813E-03 Steady OK
     137   2 9.029E-05 7.813E-03 Steady OK
     138   2 1.006E-04 3.906E-03 Steady Fail
     139 --- --------- --------- Regridding
     139 --- --------- --------- Jacobian 00019
     139   8 1.028E-04 3.906E-03 Steady Fail
     140 --- --------- --------- Regridding
     140 --- --------- --------- Jacobian 00020
     140 --- --------- --------- Timestep 4.000E-06
     140   2 7.216E-09 2.680E-04 Time OK
     141   2 2.345E-08 2.720E-04 Time OK
     142   2 2.066E-08 2.760E-04 Time OK
     143   2 1.986E-08 2.800E-04 Time OK
     144   2 3.056E-08 2.840E-04 Time OK
     145   2 4.867E-08 2.880E-04 Time OK
     146   2 7.153E-08 2.920E-04 Time OK
     147   2 9.878E-08 2.960E-04 Time OK
     148   2 1.305E-07 3.000E-04 Time OK
     149   2 1.666E-07 3.040E-04 Time OK
     150   2 2.070E-07 3.080E-04 Time OK
     151   3 3.517E-08 3.120E-04 Time OK
     152   3 4.402E-08 3.160E-04 Time OK
     153   3 5.465E-08 3.200E-04 Time OK
     154   3 6.613E-08 3.240E-04 Time OK
     155   3 7.855E-08 3.280E-04 Time OK
     156   3 9.183E-08 3.320E-04 Time OK
     157   3 1.059E-07 3.360E-04 Time OK
     158   8 1.593E-07 3.400E-04 Time OK
     159   8 1.630E-07 3.440E-04 Time OK
     160   8 1.659E-07 3.480E-04 Time OK
     161   8 1.683E-07 3.520E-04 Time OK
     162 --- --------- --------- Regridding
     162 --- --------- --------- Jacobian 00021
     162   6 3.890E-05 3.125E-02 Steady OK
     163   3 4.110E-05 1.563E-02 Steady OK
     164   3 4.387E-05 7.813E-03 Steady OK
     165   2 4.801E-05 7.813E-03 Steady OK
     166   2 5.358E-05 3.906E-03 Steady Fail
     167 --- --------- --------- Regridding
     167 --- --------- --------- Jacobian 00022
     167   6 5.662E-05 3.125E-02 Steady OK
     168   3 6.159E-05 1.563E-02 Steady OK
     169   3 6.527E-05 7.813E-03 Steady OK
     170   2 6.981E-05 7.813E-03 Steady OK
     171   2 7.526E-05 7.813E-03 Steady OK
     172   2 8.160E-05 7.813E-03 Steady OK
     173   2 8.883E-05 7.813E-03 Steady OK
     174   2 9.691E-05 7.813E-03 Steady OK
     175   2 1.058E-04 3.906E-03 Steady Fail
     176 --- --------- --------- Regridding
     176 --- --------- --------- Jacobian 00023
     176   8 1.072E-04 3.906E-03 Steady Fail
     177 --- --------- --------- Regridding
     177 --- --------- --------- Jacobian 00024
     177 --- --------- --------- Timestep 4.000E-06
     177   2 2.369E-09 3.560E-04 Time OK
     178   2 8.019E-09 3.600E-04 Time OK
     179   2 6.085E-09 3.640E-04 Time OK
     180   2 4.816E-09 3.680E-04 Time OK
     181   2 7.719E-09 3.720E-04 Time OK
     182   2 1.276E-08 3.760E-04 Time OK
     183   2 1.879E-08 3.800E-04 Time OK
     184   2 2.569E-08 3.840E-04 Time OK
     185   2 3.346E-08 3.880E-04 Time OK
     186   2 4.209E-08 3.920E-04 Time OK
     187   2 5.155E-08 3.960E-04 Time OK
     188   2 6.178E-08 4.000E-04 Time OK
     189   2 7.270E-08 4.040E-04 Time OK
     190   3 7.324E-09 4.080E-04 Time OK
     191   3 8.792E-09 4.120E-04 Time OK
     192   3 1.047E-08 4.160E-04 Time OK
     193   3 1.224E-08 4.200E-04 Time OK
     194   3 1.411E-08 4.240E-04 Time OK
     195   3 1.607E-08 4.280E-04 Time OK
     196   8 4.757E-08 4.320E-04 Time OK
     197   8 4.819E-08 4.360E-04 Time OK
     198   8 4.865E-08 4.400E-04 Time OK
     199 --- --------- --------- Regridding
     199 --- --------- --------- Jacobian 00025
     199   5 2.715E-05 6.250E-02 Steady OK
     200   4 2.901E-05 1.563E-02 Steady OK
     201   3 3.051E-05 7.813E-03 Steady OK
     202   2 3.241E-05 7.813E-03 Steady OK
     203   2 3.471E-05 7.813E-03 Steady OK
     204   2 3.741E-05 7.813E-03 Steady OK
     205   2 4.049E-05 7.813E-03 Steady OK
     206   2 4.391E-05 7.813E-03 Steady OK
     207   2 4.766E-05 7.813E-03 Steady OK
     208   2 5.171E-05 7.813E-03 Steady OK
     209   2 5.603E-05 7.813E-03 Steady OK
     210   2 6.062E-05 7.813E-03 Steady OK
     211   2 6.544E-05 7.813E-03 Steady OK
     212   2 7.049E-05 7.813E-03 Steady OK
     213   2 7.574E-05 7.813E-03 Steady OK
     214   2 8.119E-05 7.813E-03 Steady OK
     215   2 8.682E-05 7.813E-03 Steady OK
     216   2 9.261E-05 7.813E-03 Steady OK
     217   2 9.857E-05 7.813E-03 Steady OK
     218   2 1.047E-04 3.906E-03 Steady Fail
     219 --- --------- --------- Regridding
     219 --- --------- --------- Jacobian 00026
     219   5 9.933E-05 6.250E-02 Steady OK
     220   5 1.003E-04 3.906E-03 Steady Fail
     221 --- --------- --------- Regridding
     221 --- --------- --------- Jacobian 00027
     221   5 9.798E-05 6.250E-02 Steady OK
     222   4 9.960E-05 1.563E-02 Steady OK
     223   3 1.006E-04 3.906E-03 Steady Fail
     224 --- --------- --------- Regridding
     224 --- --------- --------- Jacobian 00028
     224   5 9.962E-05 6.250E-02 Steady OK
     225   5 1.000E-04 3.906E-03 Steady Fail
     226 --- --------- --------- Regridding
     226 --- --------- --------- Jacobian 00029
     226   5 9.789E-05 6.250E-02 Steady OK
     227   3 9.980E-05 3.125E-02 Steady OK
     228   4 1.005E-04 3.906E-03 Steady Fail
     229 --- --------- --------- Regridding
     229 --- --------- --------- Jacobian 00030
     229   5 9.739E-05 6.250E-02 Steady OK
     230   3 9.839E-05 3.125E-02 Steady OK
     231   3 9.938E-05 1.563E-02 Steady OK
     232   3 9.999E-05 7.813E-03 Steady OK
     233   2 1.007E-04 3.906E-03 Steady Fail
     234 --- --------- --------- Regridding
     234 --- --------- --------- Jacobian 00031
     234   4 9.904E-05 1.250E-01 Steady OK
     235   6 9.950E-05 7.813E-03 Steady OK
     236   2 1.000E-04 3.906E-03 Steady Fail
     237 --- --------- --------- Regridding
     237 --- --------- --------- Jacobian 00032
     237   4 9.602E-05 1.250E-01 Steady OK
     238   3 9.881E-05 6.250E-02 Steady OK
     239   4 9.982E-05 1.563E-02 Steady OK
     240   3 1.004E-04 3.906E-03 Steady Fail
     241 --- --------- --------- Regridding
     241 --- --------- --------- Jacobian 00033
     241   3 1.001E-04 2.500E-01 Steady OK
     242   7 1.003E-04 3.906E-03 Steady Fail
     243 --- --------- --------- Regridding
     243 --- --------- --------- Jacobian 00034
     243   2 9.980E-05 5.000E-01 Steady OK
     244   6 9.987E-05 3.125E-02 Steady OK
     245   2 9.993E-05 3.125E-02 Steady OK
     246   2 9.999E-05 3.125E-02 Steady OK
     247   3 1.000E-04 1.563E-02 Steady OK
     248   3 1.000E-04 7.813E-03 Steady OK
     249   2 1.000E-04 7.813E-03 Steady OK
     250   2 1.000E-04 7.813E-03 Steady OK
     251   1 1.000E-04 1.563E-02 Steady OK
     252   2 9.999E-05 1.563E-02 Steady OK
     253   1 9.999E-05 3.125E-02 Steady OK
     254   2 9.996E-05 3.125E-02 Steady OK
     255   1 9.992E-05 6.250E-02 Steady OK
     256   1 9.977E-05 1.250E-01 Steady OK
     257   1 9.863E-05 2.500E-01 Steady OK
     258   1 9.017E-05 5.000E-01 Steady OK
     259   1 4.631E-05 1.000E+00 Steady OK
     260   1 1.293E-06 1.000E+00 Steady OK
     261   1 4.802E-08 1.000E+00 Steady OK
     262   1 6.820E-09 1.000E+00 Steady OK
     263   1 5.299E-10 1.000E+00 Steady OK
     264   1 4.120E-11 1.000E+00 Steady OK
 
------------------------------------------------------------------------
 
Simulation stopped:
  => Converged!
 
------------------------------------------------------------------------
 
Postprocessing output:
  => Position reaction layer      :  1.9699217E+00 cm
  => Temperature reaction layer   :  1.8369898E+03 K
  => Mass burning rate            :  5.4326026E+01 gr/(cm2s)
  => Burning velocity (unburnt)   :  6.8671699E+04 cm/s
  => Maximum temperature          :  1.8380000E+03 K
  => Minimum temperature          :  3.0000000E+02 K
  => Flame thickness (max grad T) :  6.3652678E-02 cm
  => Stoichiometric mixture frac. :  0.0000000E+00 -
  => Position stoich mixture      : -5.0000000E-01 cm
  => Temperature at stoich mixture:  3.0000000E+02 K
  => Scalar dissipation at stoich :  4.6827215E-37 1/s
 
========================================================================
 
==> LogClose : Closing logfile
