==> LogWrite : Opening logfile
 
========================================================================
 
 
OOOOOOOOOOOOOOOOOOOOOOOOOOOOOOOOOOOOOOOOOOOOOO
O                                            O
O     @@@@  @  @  @@@@  @   @    @  @@@b     O
O     @     @  @  @     @@ @@   @@  @  @     O
O     @     @@@@  @@@@  @ @ @    @  @  @     O
O     @     @  @  @     @   @    @  @  @     O
O     @@@@  @  @  @@@@  @   @    @  @@@P     O
O                                            O
O     A ONE DIMENSIONAL FLAME CODE           O
O                                            O
O     Version:                               O
O     Release: 2012-06-01 08:38:57 +0200     O
O                                            O
OOOOOOOOOOOOOOOOOOOOOOOOOOOOOOOOOOOOOOOOOOOOOO
 
 
 
* Developed at the Eindhoven University of Technology
 
* http://www.combustion.tue.nl
 
========================================================================
 
Reading CHEM1D input files
    => Start reading chemistry 
    ==> CheckTroeData : Started
    ==> CheckTroeData : Finished
    => Finished reading chemistry
    => Thermodynamical Data   [OK]
    ElementName        Mass
    1  O                 1.5999400E+01
    2  H                 1.0079700E+00
    3  C                 1.2011200E+01
    4  N                 1.4006700E+01
    5  AR                3.9948000E+01

    SpeciesName        Mass
    1  H2                2.0159400E+00
    2  H                 1.0079700E+00
    3  O                 1.5999400E+01
    4  O2                3.1998800E+01
    5  OH                1.7007370E+01
    6  H2O               1.8015340E+01
    7  HO2               3.3006770E+01
    8  CH2               1.4027140E+01
    9  CH2(S)            1.4027140E+01
   10  CH3               1.5035110E+01
   11  CH4               1.6043080E+01
   12  CO                2.8010600E+01
   13  CO2               4.4010000E+01
   14  HCO               2.9018570E+01
   15  CH2O              3.0026540E+01
   16  CH3O              3.1034510E+01
   17  C2H4              2.8054280E+01
   18  C2H5              2.9062250E+01
   19  C2H6              3.0070220E+01
   20  N                 1.4006700E+01
   21  NO                3.0006100E+01
   22  N2                2.8013400E+01
   23  AR                3.9948000E+01

    => Reactions + rate coefficients 

       (1) O + H + M = OH + M
             A =  5.000E+17  beta = -1.000E+00  Ea/R =  0.000E+00   K
      Enhanced by:
      H2          2.00
      H2O         6.00
      CH4         2.00
      CO          1.50
      CO2         2.00
      C2H6        3.00
      AR          0.70

       (2) O + H2 = H + OH
             A =  5.000E+04  beta =  2.670E+00  Ea/R =  3.167E+03   K

       (3) O + HO2 = OH + O2
             A =  2.000E+13  beta =  0.000E+00  Ea/R =  0.000E+00   K

       (4) O + CH2 = H + HCO
             A =  8.000E+13  beta =  0.000E+00  Ea/R =  0.000E+00   K

       (5) O + CH2(S) = H + HCO
             A =  1.500E+13  beta =  0.000E+00  Ea/R =  0.000E+00   K

       (6) O + CH3 = H + CH2O
             A =  8.430E+13  beta =  0.000E+00  Ea/R =  0.000E+00   K

       (7) O + CH4 = OH + CH3
             A =  1.020E+09  beta =  1.500E+00  Ea/R =  4.331E+03   K

       (8) O + CO + M = CO2 + M
             A =  6.020E+14  beta =  0.000E+00  Ea/R =  1.511E+03   K
      Enhanced by:
      H2          2.00
      O2          6.00
      H2O         6.00
      CH4         2.00
      CO          1.50
      CO2         3.50
      C2H6        3.00
      AR          0.50

       (9) O + HCO = OH + CO
             A =  3.000E+13  beta =  0.000E+00  Ea/R =  0.000E+00   K

       (10) O + HCO = H + CO2
             A =  3.000E+13  beta =  0.000E+00  Ea/R =  0.000E+00   K

       (11) O + CH2O = OH + HCO
             A =  3.900E+13  beta =  0.000E+00  Ea/R =  1.783E+03   K

       (12) O + C2H4 = CH3 + HCO
             A =  1.920E+07  beta =  1.830E+00  Ea/R =  1.108E+02   K

       (13) O + C2H5 = CH3 + CH2O
             A =  1.320E+14  beta =  0.000E+00  Ea/R =  0.000E+00   K

       (14) O + C2H6 = OH + C2H5
             A =  8.980E+07  beta =  1.920E+00  Ea/R =  2.865E+03   K

       (15) O2 + CO = O + CO2
             A =  2.500E+12  beta =  0.000E+00  Ea/R =  2.407E+04   K

       (16) O2 + CH2O = HO2 + HCO
             A =  1.000E+14  beta =  0.000E+00  Ea/R =  2.014E+04   K

       (17) H + O2 + M = HO2 + M
             A =  2.800E+18  beta = -8.600E-01  Ea/R =  0.000E+00   K
      Enhanced by:
      O2          0.00
      H2O         0.00
      CO          0.75
      CO2         1.50
      C2H6        1.50
      N2          0.00
      AR          0.00

       (18) H + O2 + O2 = HO2 + O2
             A =  3.000E+20  beta = -1.720E+00  Ea/R =  0.000E+00   K

       (19) H + O2 + H2O = HO2 + H2O
             A =  9.380E+18  beta = -7.600E-01  Ea/R =  0.000E+00   K

       (20) H + O2 + N2 = HO2 + N2
             A =  3.750E+20  beta = -1.720E+00  Ea/R =  0.000E+00   K

       (21) H + O2 + AR = HO2 + AR
             A =  7.000E+17  beta = -8.000E-01  Ea/R =  0.000E+00   K

       (22) H + O2 = O + OH
             A =  8.300E+13  beta =  0.000E+00  Ea/R =  7.258E+03   K

       (23) H + H + M = H2 + M
             A =  1.000E+18  beta = -1.000E+00  Ea/R =  0.000E+00   K
      Enhanced by:
      H2          0.00
      H2O         0.00
      CH4         2.00
      CO2         0.00
      C2H6        3.00
      AR          0.63

       (24) H + H + H2 = H2 + H2
             A =  9.000E+16  beta = -6.000E-01  Ea/R =  0.000E+00   K

       (25) H + H + H2O = H2 + H2O
             A =  6.000E+19  beta = -1.250E+00  Ea/R =  0.000E+00   K

       (26) H + H + CO2 = H2 + CO2
             A =  5.500E+20  beta = -2.000E+00  Ea/R =  0.000E+00   K

       (27) H + OH + M = H2O + M
             A =  2.200E+22  beta = -2.000E+00  Ea/R =  0.000E+00   K
      Enhanced by:
      H2          0.73
      H2O         3.65
      CH4         2.00
      C2H6        3.00
      AR          0.38

       (28) H + HO2 = O2 + H2
             A =  2.800E+13  beta =  0.000E+00  Ea/R =  5.378E+02   K

       (29) H + HO2 = OH + OH
             A =  1.340E+14  beta =  0.000E+00  Ea/R =  3.198E+02   K

       (30) H + CH2 + M = CH3 + M
             A =  2.500E+16  beta = -8.000E-01  Ea/R =  0.000E+00   K
      LOW pressure limit: 
      A =  3.200E+27  beta = -3.140E+00  Ea/R =  6.194E+02   K
      TROE centering:
          a = 0.680E+00
       T*** = 0.780E+02 K
         T* = 0.200E+04 K
        T** = 0.559E+04 K
      Enhanced by:
      H2          2.00
      H2O         6.00
      CH4         2.00
      CO          1.50
      CO2         2.00
      C2H6        3.00
      AR          0.70

       (31) H + CH3 + M = CH4 + M
             A =  1.270E+16  beta = -6.300E-01  Ea/R =  1.929E+02   K
      LOW pressure limit: 
      A =  2.477E+33  beta = -4.760E+00  Ea/R =  1.229E+03   K
      TROE centering:
          a = 0.783E+00
       T*** = 0.740E+02 K
         T* = 0.294E+04 K
        T** = 0.696E+04 K
      Enhanced by:
      H2          2.00
      H2O         6.00
      CH4         2.00
      CO          1.50
      CO2         2.00
      C2H6        3.00
      AR          0.70

       (32) H + CH4 = CH3 + H2
             A =  6.600E+08  beta =  1.620E+00  Ea/R =  5.459E+03   K

       (33) H + HCO + M = CH2O + M
             A =  1.090E+12  beta =  4.800E-01  Ea/R = -1.309E+02   K
      LOW pressure limit: 
      A =  1.350E+24  beta = -2.570E+00  Ea/R =  7.176E+02   K
      TROE centering:
          a = 0.782E+00
       T*** = 0.271E+03 K
         T* = 0.276E+04 K
        T** = 0.657E+04 K
      Enhanced by:
      H2          2.00
      H2O         6.00
      CH4         2.00
      CO          1.50
      CO2         2.00
      C2H6        3.00
      AR          0.70

       (34) H + HCO = H2 + CO
             A =  7.340E+13  beta =  0.000E+00  Ea/R =  0.000E+00   K

       (35) H + CH2O + M = CH3O + M
             A =  5.400E+11  beta =  4.540E-01  Ea/R =  1.309E+03   K
      LOW pressure limit: 
      A =  2.200E+30  beta = -4.800E+00  Ea/R =  2.800E+03   K
      TROE centering:
          a = 0.758E+00
       T*** = 0.940E+02 K
         T* = 0.156E+04 K
        T** = 0.420E+04 K
      Enhanced by:
      H2          2.00
      H2O         6.00
      CH4         2.00
      CO          1.50
      CO2         2.00
      C2H6        3.00

       (36) H + CH2O = HCO + H2
             A =  2.300E+10  beta =  1.050E+00  Ea/R =  1.649E+03   K

       (37) H + CH3O = OH + CH3
             A =  3.200E+13  beta =  0.000E+00  Ea/R =  0.000E+00   K

       (38) H + C2H4 + M = C2H5 + M
             A =  1.080E+12  beta =  4.540E-01  Ea/R =  9.165E+02   K
      LOW pressure limit: 
      A =  1.200E+42  beta = -7.620E+00  Ea/R =  3.510E+03   K
      TROE centering:
          a = 0.975E+00
       T*** = 0.210E+03 K
         T* = 0.984E+03 K
        T** = 0.437E+04 K
      Enhanced by:
      H2          2.00
      H2O         6.00
      CH4         2.00
      CO          1.50
      CO2         2.00
      C2H6        3.00
      AR          0.70

       (39) H + C2H5 + M = C2H6 + M
             A =  5.210E+17  beta = -9.900E-01  Ea/R =  7.956E+02   K
      LOW pressure limit: 
      A =  1.990E+41  beta = -7.080E+00  Ea/R =  3.366E+03   K
      TROE centering:
          a = 0.842E+00
       T*** = 0.125E+03 K
         T* = 0.222E+04 K
        T** = 0.688E+04 K
      Enhanced by:
      H2          2.00
      H2O         6.00
      CH4         2.00
      CO          1.50
      CO2         2.00
      C2H6        3.00
      AR          0.70

       (40) H + C2H6 = C2H5 + H2
             A =  1.150E+08  beta =  1.900E+00  Ea/R =  3.792E+03   K

       (41) H2 + CO + M = CH2O + M
             A =  4.300E+07  beta =  1.500E+00  Ea/R =  4.008E+04   K
      LOW pressure limit: 
      A =  5.070E+27  beta = -3.420E+00  Ea/R =  4.248E+04   K
      TROE centering:
          a = 0.932E+00
       T*** = 0.197E+03 K
         T* = 0.154E+04 K
        T** = 0.103E+05 K
      Enhanced by:
      H2          2.00
      H2O         6.00
      CH4         2.00
      CO          1.50
      CO2         2.00
      C2H6        3.00
      AR          0.70

       (42) OH + H2 = H + H2O
             A =  2.160E+08  beta =  1.510E+00  Ea/R =  1.727E+03   K

       (43) OH + OH = O + H2O
             A =  3.570E+04  beta =  2.400E+00  Ea/R = -1.063E+03   K

       (44) OH + HO2 = O2 + H2O
             A =  2.900E+13  beta =  0.000E+00  Ea/R = -2.518E+02   K

       (45) OH + CH2 = H + CH2O
             A =  2.000E+13  beta =  0.000E+00  Ea/R =  0.000E+00   K

       (46) OH + CH2(S) = H + CH2O
             A =  3.000E+13  beta =  0.000E+00  Ea/R =  0.000E+00   K

       (47) OH + CH3 = CH2 + H2O
             A =  5.600E+07  beta =  1.600E+00  Ea/R =  2.729E+03   K

       (48) OH + CH3 = CH2(S) + H2O
             A =  2.501E+13  beta =  0.000E+00  Ea/R =  0.000E+00   K

       (49) OH + CH4 = CH3 + H2O
             A =  1.000E+08  beta =  1.600E+00  Ea/R =  1.571E+03   K

       (50) OH + CO = H + CO2
             A =  4.760E+07  beta =  1.228E+00  Ea/R =  3.525E+01   K

       (51) OH + HCO = H2O + CO
             A =  5.000E+13  beta =  0.000E+00  Ea/R =  0.000E+00   K

       (52) OH + CH2O = HCO + H2O
             A =  3.430E+09  beta =  1.180E+00  Ea/R = -2.251E+02   K

       (53) OH + C2H6 = C2H5 + H2O
             A =  3.540E+06  beta =  2.120E+00  Ea/R =  4.381E+02   K

       (54) HO2 + CH2 = OH + CH2O
             A =  2.000E+13  beta =  0.000E+00  Ea/R =  0.000E+00   K

       (55) HO2 + CH3 = O2 + CH4
             A =  1.000E+12  beta =  0.000E+00  Ea/R =  0.000E+00   K

       (56) HO2 + CH3 = OH + CH3O
             A =  2.000E+13  beta =  0.000E+00  Ea/R =  0.000E+00   K

       (57) HO2 + CO = OH + CO2
             A =  1.500E+14  beta =  0.000E+00  Ea/R =  1.188E+04   K

       (58) CH2 + O2 = OH + HCO
             A =  1.320E+13  beta =  0.000E+00  Ea/R =  7.553E+02   K

       (59) CH2 + H2 = H + CH3
             A =  5.000E+05  beta =  2.000E+00  Ea/R =  3.641E+03   K

       (60) CH2 + CH3 = H + C2H4
             A =  4.000E+13  beta =  0.000E+00  Ea/R =  0.000E+00   K

       (61) CH2 + CH4 = CH3 + CH3
             A =  2.460E+06  beta =  2.000E+00  Ea/R =  4.164E+03   K

       (62) CH2(S) + N2 = CH2 + N2
             A =  1.500E+13  beta =  0.000E+00  Ea/R =  3.021E+02   K

       (63) CH2(S) + AR = CH2 + AR
             A =  9.000E+12  beta =  0.000E+00  Ea/R =  3.021E+02   K

       (64) CH2(S) + O2 = H + OH + CO
             A =  2.800E+13  beta =  0.000E+00  Ea/R =  0.000E+00   K

       (65) CH2(S) + O2 = CO + H2O
             A =  1.200E+13  beta =  0.000E+00  Ea/R =  0.000E+00   K

       (66) CH2(S) + H2 = CH3 + H
             A =  7.000E+13  beta =  0.000E+00  Ea/R =  0.000E+00   K

       (67) CH2(S) + H2O = CH2 + H2O
             A =  3.000E+13  beta =  0.000E+00  Ea/R =  0.000E+00   K

       (68) CH2(S) + CH3 = H + C2H4
             A =  1.200E+13  beta =  0.000E+00  Ea/R = -2.870E+02   K

       (69) CH2(S) + CH4 = CH3 + CH3
             A =  1.600E+13  beta =  0.000E+00  Ea/R = -2.870E+02   K

       (70) CH2(S) + CO = CH2 + CO
             A =  9.000E+12  beta =  0.000E+00  Ea/R =  0.000E+00   K

       (71) CH2(S) + CO2 = CH2 + CO2
             A =  7.000E+12  beta =  0.000E+00  Ea/R =  0.000E+00   K

       (72) CH2(S) + CO2 = CO + CH2O
             A =  1.400E+13  beta =  0.000E+00  Ea/R =  0.000E+00   K

       (73) CH3 + O2 = O + CH3O
             A =  2.675E+13  beta =  0.000E+00  Ea/R =  1.450E+04   K

       (74) CH3 + O2 = OH + CH2O
             A =  3.600E+10  beta =  0.000E+00  Ea/R =  4.502E+03   K

       (75) CH3 + CH3 + M = C2H6 + M
             A =  2.120E+16  beta = -9.700E-01  Ea/R =  3.122E+02   K
      LOW pressure limit: 
      A =  1.770E+50  beta = -9.670E+00  Ea/R =  3.132E+03   K
      TROE centering:
          a = 0.532E+00
       T*** = 0.151E+03 K
         T* = 0.104E+04 K
        T** = 0.497E+04 K
      Enhanced by:
      H2          2.00
      H2O         6.00
      CH4         2.00
      CO          1.50
      CO2         2.00
      C2H6        3.00
      AR          0.70

       (76) CH3 + CH3 = H + C2H5
             A =  4.990E+12  beta =  1.000E-01  Ea/R =  5.338E+03   K

       (77) CH3 + HCO = CH4 + CO
             A =  2.648E+13  beta =  0.000E+00  Ea/R =  0.000E+00   K

       (78) CH3 + CH2O = HCO + CH4
             A =  3.320E+03  beta =  2.810E+00  Ea/R =  2.951E+03   K

       (79) CH3 + C2H6 = C2H5 + CH4
             A =  6.140E+06  beta =  1.740E+00  Ea/R =  5.262E+03   K

       (80) HCO + H2O = H + CO + H2O
             A =  2.244E+18  beta = -1.000E+00  Ea/R =  8.561E+03   K

       (81) HCO + M = H + CO + M
             A =  1.870E+17  beta = -1.000E+00  Ea/R =  8.561E+03   K
      Enhanced by:
      H2          2.00
      H2O         0.00
      CH4         2.00
      CO          1.50
      CO2         2.00
      C2H6        3.00

       (82) HCO + O2 = HO2 + CO
             A =  7.600E+12  beta =  0.000E+00  Ea/R =  2.014E+02   K

       (83) CH3O + O2 = HO2 + CH2O
             A =  4.280E-13  beta =  7.600E+00  Ea/R = -1.778E+03   K

       (84) C2H5 + O2 = HO2 + C2H4
             A =  8.400E+11  beta =  0.000E+00  Ea/R =  1.951E+03   K

       (85) N + NO = N2 + O
             A =  2.700E+13  beta =  0.000E+00  Ea/R =  1.788E+02   K

       (86) N + O2 = NO + O
             A =  9.000E+09  beta =  1.000E+00  Ea/R =  3.273E+03   K

       (87) N + OH = NO + H
             A =  3.360E+13  beta =  0.000E+00  Ea/R =  1.939E+02   K

    => Defaultsfile           [OK]
    => Settingsfile           [OK]
    => Commandline options    [OK]
    => Start reading .chm file
        [MSG] Transport parameters    [OK]
        [MSG] Conductivity parameters [OK]
        [MSG] Viscosity parameters    [OK]
        [MSG] Difusivity parameters   [OK]
        [MSG] Thermal parameters      [OK]
    => Reading .chm file      [OK]
    => CHEM1D datafile        [OK]
    => Setting grid weights :
        DENSITY            1.00000
        TEMP               1.00000
        CH4                1.00000
        HEATREL            1.00000
 
 
------------------------------------------------------------------------
 
Simulation settings:
    => Counterflow flame
    => Stationary solution
    => Detailed chemistry model
    => Mixture averaged diffusion model
    => No radiation model
    => No model for heat exchanger
 
------------------------------------------------------------------------
 
Variables:
       Name              BC_Left      BC_Right     Unit
  1) * H2                0.00000E+00  0.00000E+00  Mass frac.
  2) * H                 0.00000E+00  0.00000E+00  Mass frac.
  3) * O                 0.00000E+00  0.00000E+00  Mass frac.
  4) * O2                0.00000E+00  2.34588E-01  Mass frac.
  5) * OH                0.00000E+00  0.00000E+00  Mass frac.
  6) * H2O               0.00000E+00  0.00000E+00  Mass frac.
  7) * HO2               0.00000E+00  0.00000E+00  Mass frac.
  8) * CH2               0.00000E+00  0.00000E+00  Mass frac.
  9) * CH2(S)            0.00000E+00  0.00000E+00  Mass frac.
 10) * CH3               0.00000E+00  0.00000E+00  Mass frac.
 11) * CH4               1.00000E+00  0.00000E+00  Mass frac.
 12) * CO                0.00000E+00  0.00000E+00  Mass frac.
 13) * CO2               0.00000E+00  0.00000E+00  Mass frac.
 14) * HCO               0.00000E+00  0.00000E+00  Mass frac.
 15) * CH2O              0.00000E+00  0.00000E+00  Mass frac.
 16) * CH3O              0.00000E+00  0.00000E+00  Mass frac.
 17) * C2H4              0.00000E+00  0.00000E+00  Mass frac.
 18) * C2H5              0.00000E+00  0.00000E+00  Mass frac.
 19) * C2H6              0.00000E+00  0.00000E+00  Mass frac.
 20) * N                 0.00000E+00  0.00000E+00  Mass frac.
 21) * NO                0.00000E+00  0.00000E+00  Mass frac.
 22) * N2                0.00000E+00  7.65412E-01  Mass frac.
 23) * AR                0.00000E+00  0.00000E+00  Mass frac.
 24) * Temp              3.00000E+02  3.00000E+02  K
 25) * Massflow          7.71815E-03  1.38825E-02  gr/(cm2 s)
 26) * Enthalpy         -4.64584E+03  1.90717E+00  J/gr
 27) * MixFrac           1.00000E+00  1.00000E+00  -
 28) * Stretch           6.70576E+02  5.00000E+02  1/s
 29)   Press             1.00000E+05  1.00000E+05  Pa
 30)   Density           6.43179E-04  1.15688E-03  gr/cm3
 31)   MeanMass          1.60431E+01  2.88565E+01  gr/mol
 32)   Surface           0.00000E+00  0.00000E+00  cm2
 33)   Porosity          0.00000E+00  0.00000E+00  -
 34)   Tsolid            0.00000E+00  0.00000E+00  K
 35)   HeatRel           0.00000E+00  0.00000E+00  J/(cm3 s)
 36)   Dissipation       0.00000E+00  0.00000E+00  -
 
------------------------------------------------------------------------
 
       0 --- --------- --------- Start solver
       1 --- --------- --------- Regridding
       1 --- --------- --------- Jacobian 00001
       1   8 9.528E-05 7.813E-03 Steady OK
       2   2 1.184E-04 3.906E-03 Steady Fail
       3 --- --------- --------- Regridding
       3 --- --------- --------- Jacobian 00002
       3   8 6.499E-04 3.906E-03 Steady Fail
       4 --- --------- --------- Regridding
       4 --- --------- --------- Jacobian 00003
       4 --- --------- --------- Timestep 1.000E-06
       4   1 1.709E-07 1.000E-06 Time OK
       5   2 2.698E-07 2.000E-06 Time OK
       6   4 6.821E-08 3.000E-06 Time OK
       7   6 1.820E-08 4.000E-06 Time OK
       8   7 8.977E-09 5.000E-06 Time OK
       9   7 8.791E-09 6.000E-06 Time OK
      10   7 8.679E-09 7.000E-06 Time OK
      11   7 8.591E-09 8.000E-06 Time OK
      12   7 8.512E-09 9.000E-06 Time OK
      13   7 8.438E-09 1.000E-05 Time OK
      14   7 8.365E-09 1.100E-05 Time OK
      15   7 8.293E-09 1.200E-05 Time OK
      16   7 8.223E-09 1.300E-05 Time OK
      17   7 8.153E-09 1.400E-05 Time OK
      18   7 8.085E-09 1.500E-05 Time OK
      19   7 8.017E-09 1.600E-05 Time OK
      20   7 7.949E-09 1.700E-05 Time OK
      21   7 7.883E-09 1.800E-05 Time OK
      22   7 7.817E-09 1.900E-05 Time OK
      23   7 7.752E-09 2.000E-05 Time OK
      24   7 7.687E-09 2.100E-05 Time OK
      25   7 7.624E-09 2.200E-05 Time OK
      26 --- --------- --------- Regridding
      26 --- --------- --------- Jacobian 00004
      26   8 2.540E-04 3.906E-03 Steady Fail
      27 --- --------- --------- Regridding
      27 --- --------- --------- Jacobian 00005
      27 --- --------- --------- Timestep 1.000E-06
      27   1 1.876E-08 2.300E-05 Time OK
      28   1 1.816E-08 2.400E-05 Time OK
      29   1 3.467E-08 2.500E-05 Time OK
      30   2 1.535E-11 2.600E-05 Time OK
      31   2 9.289E-12 2.700E-05 Time OK
      32   1 6.482E-09 2.800E-05 Time OK
      33   1 3.554E-09 2.900E-05 Time OK
      34   1 2.327E-09 3.000E-05 Time OK
      35   1 1.775E-09 3.100E-05 Time OK
      36   1 1.541E-09 3.200E-05 Time OK
      37   1 1.518E-09 3.300E-05 Time OK
      38   1 1.647E-09 3.400E-05 Time OK
      39   1 1.874E-09 3.500E-05 Time OK
      40   1 2.162E-09 3.600E-05 Time OK
      41   1 2.483E-09 3.700E-05 Time OK
      42   1 2.824E-09 3.800E-05 Time OK
      43   1 3.176E-09 3.900E-05 Time OK
      44   1 3.536E-09 4.000E-05 Time OK
      45   1 3.901E-09 4.100E-05 Time OK
      46   1 4.271E-09 4.200E-05 Time OK
      47   1 4.645E-09 4.300E-05 Time OK
      48   1 5.023E-09 4.400E-05 Time OK
      49 --- --------- --------- Regridding
      49 --- --------- --------- Jacobian 00006
      49   8 2.401E-04 3.906E-03 Steady Fail
      50 --- --------- --------- Regridding
      50 --- --------- --------- Jacobian 00007
      50 --- --------- --------- Timestep 2.000E-06
      50   1 1.728E-08 4.600E-05 Time OK
      51   1 2.019E-08 4.800E-05 Time OK
      52   2 3.365E-11 5.000E-05 Time OK
      53   2 3.963E-11 5.200E-05 Time OK
      54   2 4.626E-11 5.400E-05 Time OK
      55   2 5.919E-11 5.600E-05 Time OK
      56   2 8.074E-11 5.800E-05 Time OK
      57   2 1.114E-10 6.000E-05 Time OK
      58   2 1.512E-10 6.200E-05 Time OK
      59   2 1.999E-10 6.400E-05 Time OK
      60   2 2.574E-10 6.600E-05 Time OK
      61   2 3.238E-10 6.800E-05 Time OK
      62   2 3.995E-10 7.000E-05 Time OK
      63   2 4.848E-10 7.200E-05 Time OK
      64   2 5.800E-10 7.400E-05 Time OK
      65   2 6.854E-10 7.600E-05 Time OK
      66   2 8.014E-10 7.800E-05 Time OK
      67   2 9.284E-10 8.000E-05 Time OK
      68   2 1.067E-09 8.200E-05 Time OK
      69   2 1.217E-09 8.400E-05 Time OK
      70   2 1.379E-09 8.600E-05 Time OK
      71   2 1.553E-09 8.800E-05 Time OK
      72 --- --------- --------- Regridding
      72 --- --------- --------- Jacobian 00008
      72   8 1.262E-04 3.906E-03 Steady Fail
      73 --- --------- --------- Regridding
      73 --- --------- --------- Jacobian 00009
      73 --- --------- --------- Timestep 4.000E-06
      73   1 1.558E-07 9.200E-05 Time OK
      74   1 2.630E-07 9.600E-05 Time OK
      75   2 1.690E-09 1.000E-04 Time OK
      76   2 1.926E-09 1.040E-04 Time OK
      77   2 2.529E-09 1.080E-04 Time OK
      78   2 3.633E-09 1.120E-04 Time OK
      79   2 5.200E-09 1.160E-04 Time OK
      80   2 7.163E-09 1.200E-04 Time OK
      81   2 9.477E-09 1.240E-04 Time OK
      82   2 1.212E-08 1.280E-04 Time OK
      83   2 1.509E-08 1.320E-04 Time OK
      84   2 1.839E-08 1.360E-04 Time OK
      85   2 2.201E-08 1.400E-04 Time OK
      86   3 7.276E-10 1.440E-04 Time OK
      87   3 9.154E-10 1.480E-04 Time OK
      88   3 1.138E-09 1.520E-04 Time OK
      89   3 1.394E-09 1.560E-04 Time OK
      90   3 1.688E-09 1.600E-04 Time OK
      91   3 2.021E-09 1.640E-04 Time OK
      92   3 2.396E-09 1.680E-04 Time OK
      93   3 2.816E-09 1.720E-04 Time OK
      94   3 3.283E-09 1.760E-04 Time OK
      95 --- --------- --------- Regridding
      95 --- --------- --------- Jacobian 00010
      95   8 3.971E-05 7.813E-03 Steady OK
      96   2 2.792E-04 3.906E-03 Steady Fail
      97 --- --------- --------- Regridding
      97 --- --------- --------- Jacobian 00011
      97   8 9.615E-05 3.906E-03 Steady Fail
      98 --- --------- --------- Regridding
      98 --- --------- --------- Jacobian 00012
      98 --- --------- --------- Timestep 8.000E-06
      98   2 2.147E-06 1.840E-04 Time OK
      99   3 3.767E-08 1.920E-04 Time OK
     100   3 2.496E-08 2.000E-04 Time OK
     101   3 1.282E-08 2.080E-04 Time OK
     102   2 6.705E-08 2.160E-04 Time OK
     103   3 5.708E-09 2.240E-04 Time OK
     104   3 1.136E-08 2.320E-04 Time OK
     105   3 1.656E-08 2.400E-04 Time OK
     106   3 2.194E-08 2.480E-04 Time OK
     107   3 2.806E-08 2.560E-04 Time OK
     108   3 3.525E-08 2.640E-04 Time OK
     109   3 4.378E-08 2.720E-04 Time OK
     110   3 5.400E-08 2.800E-04 Time OK
     111   3 6.635E-08 2.880E-04 Time OK
     112   3 8.138E-08 2.960E-04 Time OK
     113   3 9.974E-08 3.040E-04 Time OK
     114   3 1.222E-07 3.120E-04 Time OK
     115   3 1.494E-07 3.200E-04 Time OK
     116   3 1.824E-07 3.280E-04 Time OK
     117   4 5.196E-08 3.360E-04 Time OK
     118   4 6.631E-08 3.440E-04 Time OK
     119   4 8.290E-08 3.520E-04 Time OK
     120 --- --------- --------- Regridding
     120 --- --------- --------- Jacobian 00013
     120   8 3.291E-05 7.813E-03 Steady OK
     121   2 7.831E-05 3.906E-03 Steady Fail
     122 --- --------- --------- Regridding
     122 --- --------- --------- Jacobian 00014
     122   7 5.693E-05 1.563E-02 Steady OK
     123   3 1.939E-04 3.906E-03 Steady Fail
     124 --- --------- --------- Regridding
     124 --- --------- --------- Jacobian 00015
     124   8 4.484E-05 7.813E-03 Steady OK
     125   2 1.053E-04 3.906E-03 Steady Fail
     126 --- --------- --------- Regridding
     126 --- --------- --------- Jacobian 00016
     126   8 4.543E-05 7.813E-03 Steady OK
     127   2 8.162E-05 3.906E-03 Steady Fail
     128 --- --------- --------- Regridding
     128 --- --------- --------- Jacobian 00017
     128   7 6.233E-05 1.563E-02 Steady OK
     129   3 1.686E-04 3.906E-03 Steady Fail
     130 --- --------- --------- Regridding
     130 --- --------- --------- Jacobian 00018
     130   8 5.281E-05 7.813E-03 Steady OK
     131   2 1.014E-04 3.906E-03 Steady Fail
     132 --- --------- --------- Regridding
     132 --- --------- --------- Jacobian 00019
     132   8 5.046E-05 7.813E-03 Steady OK
     133   2 7.970E-05 3.906E-03 Steady Fail
     134 --- --------- --------- Regridding
     134 --- --------- --------- Jacobian 00020
     134   7 6.197E-05 1.563E-02 Steady OK
     135   3 1.480E-04 3.906E-03 Steady Fail
     136 --- --------- --------- Regridding
     136 --- --------- --------- Jacobian 00021
     136   8 6.042E-05 7.813E-03 Steady OK
     137   2 9.261E-05 3.906E-03 Steady Fail
     138 --- --------- --------- Regridding
     138 --- --------- --------- Jacobian 00022
     138   7 7.475E-05 1.563E-02 Steady OK
     139   3 1.501E-04 3.906E-03 Steady Fail
     140 --- --------- --------- Regridding
     140 --- --------- --------- Jacobian 00023
     140   8 7.034E-05 7.813E-03 Steady OK
     141   2 9.594E-05 3.906E-03 Steady Fail
     142 --- --------- --------- Regridding
     142 --- --------- --------- Jacobian 00024
     142   7 8.041E-05 1.563E-02 Steady OK
     143   3 1.422E-04 3.906E-03 Steady Fail
     144 --- --------- --------- Regridding
     144 --- --------- --------- Jacobian 00025
     144   8 7.737E-05 7.813E-03 Steady OK
     145   2 9.393E-05 3.906E-03 Steady Fail
     146 --- --------- --------- Regridding
     146 --- --------- --------- Jacobian 00026
     146   7 8.203E-05 1.563E-02 Steady OK
     147   3 1.291E-04 3.906E-03 Steady Fail
     148 --- --------- --------- Regridding
     148 --- --------- --------- Jacobian 00027
     148   8 7.797E-05 7.813E-03 Steady OK
     149   2 9.952E-05 3.906E-03 Steady Fail
     150 --- --------- --------- Regridding
     150 --- --------- --------- Jacobian 00028
     150   8 7.463E-05 7.813E-03 Steady OK
     151   2 8.462E-05 3.906E-03 Steady Fail
     152 --- --------- --------- Regridding
     152 --- --------- --------- Jacobian 00029
     152   7 7.575E-05 1.563E-02 Steady OK
     153   3 1.092E-04 3.906E-03 Steady Fail
     154 --- --------- --------- Regridding
     154 --- --------- --------- Jacobian 00030
     154   7 7.934E-05 1.563E-02 Steady OK
     155   3 1.120E-04 3.906E-03 Steady Fail
     156 --- --------- --------- Regridding
     156 --- --------- --------- Jacobian 00031
     156   7 8.230E-05 1.563E-02 Steady OK
     157   3 1.117E-04 3.906E-03 Steady Fail
     158 --- --------- --------- Regridding
     158 --- --------- --------- Jacobian 00032
     158   7 8.455E-05 1.563E-02 Steady OK
     159   3 1.095E-04 3.906E-03 Steady Fail
     160 --- --------- --------- Regridding
     160 --- --------- --------- Jacobian 00033
     160   7 8.609E-05 1.563E-02 Steady OK
     161   3 1.058E-04 3.906E-03 Steady Fail
     162 --- --------- --------- Regridding
     162 --- --------- --------- Jacobian 00034
     162   7 8.705E-05 1.563E-02 Steady OK
     163   3 1.012E-04 3.906E-03 Steady Fail
     164 --- --------- --------- Regridding
     164 --- --------- --------- Jacobian 00035
     164   7 8.776E-05 1.563E-02 Steady OK
     165   3 9.637E-05 7.813E-03 Steady OK
     166   2 1.356E-04 3.906E-03 Steady Fail
     167 --- --------- --------- Regridding
     167 --- --------- --------- Jacobian 00036
     167   7 9.824E-05 1.563E-02 Steady OK
     168   3 1.176E-04 3.906E-03 Steady Fail
     169 --- --------- --------- Regridding
     169 --- --------- --------- Jacobian 00037
     169   7 9.646E-05 1.563E-02 Steady OK
     170   3 1.103E-04 3.906E-03 Steady Fail
     171 --- --------- --------- Regridding
     171 --- --------- --------- Jacobian 00038
     171   8 1.001E-04 7.813E-03 Steady OK
     172   2 1.017E-04 3.906E-03 Steady Fail
     173 --- --------- --------- Regridding
     173 --- --------- --------- Jacobian 00039
     173   7 9.843E-05 1.563E-02 Steady OK
     174   3 1.047E-04 3.906E-03 Steady Fail
     175 --- --------- --------- Regridding
     175 --- --------- --------- Jacobian 00040
     175   7 9.843E-05 1.563E-02 Steady OK
     176   3 9.959E-05 7.813E-03 Steady OK
     177   2 1.182E-04 3.906E-03 Steady Fail
     178 --- --------- --------- Regridding
     178 --- --------- --------- Jacobian 00041
     178   7 9.947E-05 1.563E-02 Steady OK
     179   3 1.050E-04 3.906E-03 Steady Fail
     180 --- --------- --------- Regridding
     180 --- --------- --------- Jacobian 00042
     180   7 9.904E-05 1.563E-02 Steady OK
     181   3 9.980E-05 7.813E-03 Steady OK
     182   2 1.138E-04 3.906E-03 Steady Fail
     183 --- --------- --------- Regridding
     183 --- --------- --------- Jacobian 00043
     183   7 9.916E-05 1.563E-02 Steady OK
     184   3 1.020E-04 3.906E-03 Steady Fail
     185 --- --------- --------- Regridding
     185 --- --------- --------- Jacobian 00044
     185   7 9.935E-05 1.563E-02 Steady OK
     186   3 9.783E-05 7.813E-03 Steady OK
     187   2 1.062E-04 3.906E-03 Steady Fail
     188 --- --------- --------- Regridding
     188 --- --------- --------- Jacobian 00045
     188   7 9.805E-05 1.563E-02 Steady OK
     189   3 9.732E-05 7.813E-03 Steady OK
     190   2 1.052E-04 3.906E-03 Steady Fail
     191 --- --------- --------- Regridding
     191 --- --------- --------- Jacobian 00046
     191   7 9.714E-05 1.563E-02 Steady OK
     192   3 9.648E-05 7.813E-03 Steady OK
     193   2 1.032E-04 3.906E-03 Steady Fail
     194 --- --------- --------- Regridding
     194 --- --------- --------- Jacobian 00047
     194   7 9.636E-05 1.563E-02 Steady OK
     195   3 9.525E-05 7.813E-03 Steady OK
     196   2 1.004E-04 3.906E-03 Steady Fail
     197 --- --------- --------- Regridding
     197 --- --------- --------- Jacobian 00048
     197   6 9.747E-05 3.125E-02 Steady OK
     198   4 1.104E-04 3.906E-03 Steady Fail
     199 --- --------- --------- Regridding
     199 --- --------- --------- Jacobian 00049
     199   7 9.486E-05 1.563E-02 Steady OK
     200   3 9.652E-05 7.813E-03 Steady OK
     201   2 1.031E-04 3.906E-03 Steady Fail
     202 --- --------- --------- Regridding
     202 --- --------- --------- Jacobian 00050
     202   6 9.865E-05 3.125E-02 Steady OK
     203   4 1.097E-04 3.906E-03 Steady Fail
     204 --- --------- --------- Regridding
     204 --- --------- --------- Jacobian 00051
     204   7 9.460E-05 1.563E-02 Steady OK
     205   3 9.594E-05 7.813E-03 Steady OK
     206   2 1.009E-04 3.906E-03 Steady Fail
     207 --- --------- --------- Regridding
     207 --- --------- --------- Jacobian 00052
     207   6 9.577E-05 3.125E-02 Steady OK
     208   4 1.032E-04 3.906E-03 Steady Fail
     209 --- --------- --------- Regridding
     209 --- --------- --------- Jacobian 00053
     209   6 9.553E-05 3.125E-02 Steady OK
     210   4 1.020E-04 3.906E-03 Steady Fail
     211 --- --------- --------- Regridding
     211 --- --------- --------- Jacobian 00054
     211   6 9.407E-05 3.125E-02 Steady OK
     212   4 9.929E-05 7.813E-03 Steady OK
     213   2 1.090E-04 3.906E-03 Steady Fail
     214 --- --------- --------- Regridding
     214 --- --------- --------- Jacobian 00055
     214   6 9.783E-05 3.125E-02 Steady OK
     215   4 1.035E-04 3.906E-03 Steady Fail
     216 --- --------- --------- Regridding
     216 --- --------- --------- Jacobian 00056
     216   6 9.438E-05 3.125E-02 Steady OK
     217   4 9.844E-05 7.813E-03 Steady OK
     218   2 1.055E-04 3.906E-03 Steady Fail
     219 --- --------- --------- Regridding
     219 --- --------- --------- Jacobian 00057
     219   6 9.466E-05 3.125E-02 Steady OK
     220   4 9.825E-05 7.813E-03 Steady OK
     221   2 1.043E-04 3.906E-03 Steady Fail
     222 --- --------- --------- Regridding
     222 --- --------- --------- Jacobian 00058
     222   6 9.342E-05 3.125E-02 Steady OK
     223   4 9.624E-05 7.813E-03 Steady OK
     224   2 1.011E-04 3.906E-03 Steady Fail
     225 --- --------- --------- Regridding
     225 --- --------- --------- Jacobian 00059
     225   6 9.109E-05 3.125E-02 Steady OK
     226   3 9.670E-05 1.563E-02 Steady OK
     227   3 1.023E-04 3.906E-03 Steady Fail
     228 --- --------- --------- Regridding
     228 --- --------- --------- Jacobian 00060
     228   6 9.096E-05 3.125E-02 Steady OK
     229   3 9.585E-05 1.563E-02 Steady OK
     230   3 1.005E-04 3.906E-03 Steady Fail
     231 --- --------- --------- Regridding
     231 --- --------- --------- Jacobian 00061
     231   6 8.933E-05 3.125E-02 Steady OK
     232   3 9.301E-05 1.563E-02 Steady OK
     233   3 9.662E-05 7.813E-03 Steady OK
     234   2 1.017E-04 3.906E-03 Steady Fail
     235 --- --------- --------- Regridding
     235 --- --------- --------- Jacobian 00062
     235   6 8.938E-05 3.125E-02 Steady OK
     236   3 9.259E-05 1.563E-02 Steady OK
     237   2 9.974E-05 1.563E-02 Steady OK
     238   3 1.051E-04 3.906E-03 Steady Fail
     239 --- --------- --------- Regridding
     239 --- --------- --------- Jacobian 00063
     239   6 9.108E-05 3.125E-02 Steady OK
     240   3 9.401E-05 1.563E-02 Steady OK
     241   2 9.997E-05 1.563E-02 Steady OK
     242   3 1.043E-04 3.906E-03 Steady Fail
     243 --- --------- --------- Regridding
     243 --- --------- --------- Jacobian 00064
     243   5 9.728E-05 6.250E-02 Steady OK
     244   5 1.007E-04 3.906E-03 Steady Fail
     245 --- --------- --------- Regridding
     245 --- --------- --------- Jacobian 00065
     245   5 9.198E-05 6.250E-02 Steady OK
     246   4 9.746E-05 1.563E-02 Steady OK
     247   3 1.011E-04 3.906E-03 Steady Fail
     248 --- --------- --------- Regridding
     248 --- --------- --------- Jacobian 00066
     248   5 8.992E-05 6.250E-02 Steady OK
     249   4 9.390E-05 1.563E-02 Steady OK
     250   2 9.967E-05 1.563E-02 Steady OK
     251   3 1.032E-04 3.906E-03 Steady Fail
     252 --- --------- --------- Regridding
     252 --- --------- --------- Jacobian 00067
     252   5 8.883E-05 6.250E-02 Steady OK
     253   3 9.584E-05 3.125E-02 Steady OK
     254   4 9.834E-05 7.813E-03 Steady OK
     255   2 1.012E-04 3.906E-03 Steady Fail
     256 --- --------- --------- Regridding
     256 --- --------- --------- Jacobian 00068
     256   5 8.558E-05 6.250E-02 Steady OK
     257   3 8.995E-05 3.125E-02 Steady OK
     258   2 9.789E-05 3.125E-02 Steady OK
     259   4 1.004E-04 3.906E-03 Steady Fail
     260 --- --------- --------- Regridding
     260 --- --------- --------- Jacobian 00069
     260   5 8.649E-05 6.250E-02 Steady OK
     261   2 9.490E-05 6.250E-02 Steady OK
     262   4 9.830E-05 1.563E-02 Steady OK
     263   3 1.002E-04 3.906E-03 Steady Fail
     264 --- --------- --------- Regridding
     264 --- --------- --------- Jacobian 00070
     264   4 8.556E-05 1.250E-01 Steady OK
     265   4 8.967E-05 3.125E-02 Steady OK
     266   2 9.511E-05 3.125E-02 Steady OK
     267   3 9.822E-05 1.563E-02 Steady OK
     268   3 9.987E-05 7.813E-03 Steady OK
     269   2 1.016E-04 3.906E-03 Steady Fail
     270 --- --------- --------- Regridding
     270 --- --------- --------- Jacobian 00071
     270   4 8.165E-05 1.250E-01 Steady OK
     271   3 8.443E-05 6.250E-02 Steady OK
     272   2 8.971E-05 6.250E-02 Steady OK
     273   2 9.696E-05 6.250E-02 Steady OK
     274   4 9.886E-05 1.563E-02 Steady OK
     275   3 9.982E-05 7.813E-03 Steady OK
     276   2 1.008E-04 3.906E-03 Steady Fail
     277 --- --------- --------- Regridding
     277 --- --------- --------- Jacobian 00072
     277   3 7.376E-05 2.500E-01 Steady OK
     278   2 8.005E-05 2.500E-01 Steady OK
     279   2 8.791E-05 2.500E-01 Steady OK
     280   2 9.036E-05 2.500E-01 Steady OK
     281   1 8.531E-05 5.000E-01 Steady OK
     282   1 3.428E-05 1.000E+00 Steady OK
     283   1 2.631E-05 1.000E+00 Steady OK
     284   1 6.302E-06 1.000E+00 Steady OK
     285   2 2.636E-06 5.000E-01 Steady OK
     286   1 1.298E-06 1.000E+00 Steady OK
     287   1 6.081E-07 1.000E+00 Steady OK
     288   1 5.708E-07 1.000E+00 Steady OK
     289   1 5.379E-07 1.000E+00 Steady OK
     290   2 3.762E-07 5.000E-01 Steady OK
     291   2 2.774E-07 5.000E-01 Steady OK
     292   2 2.212E-07 5.000E-01 Steady OK
     293   2 1.968E-07 5.000E-01 Steady OK
     294   1 2.040E-07 1.000E+00 Steady OK
     295   2 1.692E-07 5.000E-01 Steady OK
     296   2 1.402E-07 5.000E-01 Steady OK
     297   2 1.295E-07 5.000E-01 Steady OK
     298   2 1.156E-07 5.000E-01 Steady OK
     299 --- --------- --------- Regridding
     299 --- --------- --------- Jacobian 00073
     299   1 2.021E-08 1.000E+00 Steady OK
     300   1 1.021E-08 1.000E+00 Steady OK
     301   1 3.102E-09 1.000E+00 Steady OK
     302   1 6.651E-10 1.000E+00 Steady OK
     303   1 2.987E-10 1.000E+00 Steady OK
     304   1 1.764E-10 1.000E+00 Steady OK
     305   1 1.392E-10 1.000E+00 Steady OK
     306   1 1.376E-10 1.000E+00 Steady OK
     307   8 1.376E-10 3.906E-03 Steady Fail
     308 --- --------- --------- Regridding
     308 --- --------- --------- Jacobian 00074
     308   1 1.050E-08 1.000E+00 Steady OK
     309   1 5.328E-10 1.000E+00 Steady OK
     310   1 4.866E-10 1.000E+00 Steady OK
     311   1 1.473E-10 1.000E+00 Steady OK
     312   1 2.199E-11 1.000E+00 Steady OK
 
------------------------------------------------------------------------
 
Simulation stopped:
  => Converged!
 
------------------------------------------------------------------------
 
Postprocessing output:
  => Position reaction layer      :  8.6871225E-02 cm
  => Temperature reaction layer   :  1.7896917E+03 K
  => Mass burning rate            :  8.1103041E-03 gr/(cm2s)
  => Burning velocity (unburnt)   :  1.2609716E+01 cm/s
  => Maximum temperature          :  1.8144767E+03 K
  => Minimum temperature          :  2.9999477E+02 K
  => Flame thickness (max grad T) :  5.7393576E-02 cm
  => Stoichiometric mixture frac. :  0.0000000E+00 -
  => Position stoich mixture      : -2.0007079E-02 cm
  => Temperature at stoich mixture:  6.2564007E+02 K
  => Scalar dissipation at stoich :  7.0121529E-23 1/s
 
========================================================================
 
==> LogClose : Closing logfile
