==> LogWrite : Opening logfile
 
========================================================================
 
 
OOOOOOOOOOOOOOOOOOOOOOOOOOOOOOOOOOOOOOOOOOOOOO
O                                            O
O     @@@@  @  @  @@@@  @   @    @  @@@b     O
O     @     @  @  @     @@ @@   @@  @  @     O
O     @     @@@@  @@@@  @ @ @    @  @  @     O
O     @     @  @  @     @   @    @  @  @     O
O     @@@@  @  @  @@@@  @   @    @  @@@P     O
O                                            O
O     A ONE DIMENSIONAL FLAME CODE           O
O                                            O
O     Version:                               O
O     Release: 2012-06-01 08:38:57 +0200     O
O                                            O
OOOOOOOOOOOOOOOOOOOOOOOOOOOOOOOOOOOOOOOOOOOOOO
 
 
 
* Developed at the Eindhoven University of Technology
 
* http://www.combustion.tue.nl
 
========================================================================
 
Reading CHEM1D input files
    => Start reading chemistry 
    ==> CheckTroeData : Started
    ==> CheckTroeData : Finished
    => Finished reading chemistry
    => Thermodynamical Data   [OK]
    ElementName        Mass
    1  O                 1.5999400E+01
    2  H                 1.0079700E+00
    3  C                 1.2011200E+01
    4  N                 1.4006700E+01
    5  AR                3.9948000E+01

    SpeciesName        Mass
    1  H2                2.0159400E+00
    2  H                 1.0079700E+00
    3  O                 1.5999400E+01
    4  O2                3.1998800E+01
    5  OH                1.7007370E+01
    6  H2O               1.8015340E+01
    7  HO2               3.3006770E+01
    8  CH2               1.4027140E+01
    9  CH2(S)            1.4027140E+01
   10  CH3               1.5035110E+01
   11  CH4               1.6043080E+01
   12  CO                2.8010600E+01
   13  CO2               4.4010000E+01
   14  HCO               2.9018570E+01
   15  CH2O              3.0026540E+01
   16  CH3O              3.1034510E+01
   17  C2H4              2.8054280E+01
   18  C2H5              2.9062250E+01
   19  C2H6              3.0070220E+01
   20  N                 1.4006700E+01
   21  NO                3.0006100E+01
   22  N2                2.8013400E+01
   23  AR                3.9948000E+01

    => Reactions + rate coefficients 

       (1) O + H + M = OH + M
             A =  5.000E+17  beta = -1.000E+00  Ea/R =  0.000E+00   K
      Enhanced by:
      H2          2.00
      H2O         6.00
      CH4         2.00
      CO          1.50
      CO2         2.00
      C2H6        3.00
      AR          0.70

       (2) O + H2 = H + OH
             A =  5.000E+04  beta =  2.670E+00  Ea/R =  3.167E+03   K

       (3) O + HO2 = OH + O2
             A =  2.000E+13  beta =  0.000E+00  Ea/R =  0.000E+00   K

       (4) O + CH2 = H + HCO
             A =  8.000E+13  beta =  0.000E+00  Ea/R =  0.000E+00   K

       (5) O + CH2(S) = H + HCO
             A =  1.500E+13  beta =  0.000E+00  Ea/R =  0.000E+00   K

       (6) O + CH3 = H + CH2O
             A =  8.430E+13  beta =  0.000E+00  Ea/R =  0.000E+00   K

       (7) O + CH4 = OH + CH3
             A =  1.020E+09  beta =  1.500E+00  Ea/R =  4.331E+03   K

       (8) O + CO + M = CO2 + M
             A =  6.020E+14  beta =  0.000E+00  Ea/R =  1.511E+03   K
      Enhanced by:
      H2          2.00
      O2          6.00
      H2O         6.00
      CH4         2.00
      CO          1.50
      CO2         3.50
      C2H6        3.00
      AR          0.50

       (9) O + HCO = OH + CO
             A =  3.000E+13  beta =  0.000E+00  Ea/R =  0.000E+00   K

       (10) O + HCO = H + CO2
             A =  3.000E+13  beta =  0.000E+00  Ea/R =  0.000E+00   K

       (11) O + CH2O = OH + HCO
             A =  3.900E+13  beta =  0.000E+00  Ea/R =  1.783E+03   K

       (12) O + C2H4 = CH3 + HCO
             A =  1.920E+07  beta =  1.830E+00  Ea/R =  1.108E+02   K

       (13) O + C2H5 = CH3 + CH2O
             A =  1.320E+14  beta =  0.000E+00  Ea/R =  0.000E+00   K

       (14) O + C2H6 = OH + C2H5
             A =  8.980E+07  beta =  1.920E+00  Ea/R =  2.865E+03   K

       (15) O2 + CO = O + CO2
             A =  2.500E+12  beta =  0.000E+00  Ea/R =  2.407E+04   K

       (16) O2 + CH2O = HO2 + HCO
             A =  1.000E+14  beta =  0.000E+00  Ea/R =  2.014E+04   K

       (17) H + O2 + M = HO2 + M
             A =  2.800E+18  beta = -8.600E-01  Ea/R =  0.000E+00   K
      Enhanced by:
      O2          0.00
      H2O         0.00
      CO          0.75
      CO2         1.50
      C2H6        1.50
      N2          0.00
      AR          0.00

       (18) H + O2 + O2 = HO2 + O2
             A =  3.000E+20  beta = -1.720E+00  Ea/R =  0.000E+00   K

       (19) H + O2 + H2O = HO2 + H2O
             A =  9.380E+18  beta = -7.600E-01  Ea/R =  0.000E+00   K

       (20) H + O2 + N2 = HO2 + N2
             A =  3.750E+20  beta = -1.720E+00  Ea/R =  0.000E+00   K

       (21) H + O2 + AR = HO2 + AR
             A =  7.000E+17  beta = -8.000E-01  Ea/R =  0.000E+00   K

       (22) H + O2 = O + OH
             A =  8.300E+13  beta =  0.000E+00  Ea/R =  7.258E+03   K

       (23) H + H + M = H2 + M
             A =  1.000E+18  beta = -1.000E+00  Ea/R =  0.000E+00   K
      Enhanced by:
      H2          0.00
      H2O         0.00
      CH4         2.00
      CO2         0.00
      C2H6        3.00
      AR          0.63

       (24) H + H + H2 = H2 + H2
             A =  9.000E+16  beta = -6.000E-01  Ea/R =  0.000E+00   K

       (25) H + H + H2O = H2 + H2O
             A =  6.000E+19  beta = -1.250E+00  Ea/R =  0.000E+00   K

       (26) H + H + CO2 = H2 + CO2
             A =  5.500E+20  beta = -2.000E+00  Ea/R =  0.000E+00   K

       (27) H + OH + M = H2O + M
             A =  2.200E+22  beta = -2.000E+00  Ea/R =  0.000E+00   K
      Enhanced by:
      H2          0.73
      H2O         3.65
      CH4         2.00
      C2H6        3.00
      AR          0.38

       (28) H + HO2 = O2 + H2
             A =  2.800E+13  beta =  0.000E+00  Ea/R =  5.378E+02   K

       (29) H + HO2 = OH + OH
             A =  1.340E+14  beta =  0.000E+00  Ea/R =  3.198E+02   K

       (30) H + CH2 + M = CH3 + M
             A =  2.500E+16  beta = -8.000E-01  Ea/R =  0.000E+00   K
      LOW pressure limit: 
      A =  3.200E+27  beta = -3.140E+00  Ea/R =  6.194E+02   K
      TROE centering:
          a = 0.680E+00
       T*** = 0.780E+02 K
         T* = 0.200E+04 K
        T** = 0.559E+04 K
      Enhanced by:
      H2          2.00
      H2O         6.00
      CH4         2.00
      CO          1.50
      CO2         2.00
      C2H6        3.00
      AR          0.70

       (31) H + CH3 + M = CH4 + M
             A =  1.270E+16  beta = -6.300E-01  Ea/R =  1.929E+02   K
      LOW pressure limit: 
      A =  2.477E+33  beta = -4.760E+00  Ea/R =  1.229E+03   K
      TROE centering:
          a = 0.783E+00
       T*** = 0.740E+02 K
         T* = 0.294E+04 K
        T** = 0.696E+04 K
      Enhanced by:
      H2          2.00
      H2O         6.00
      CH4         2.00
      CO          1.50
      CO2         2.00
      C2H6        3.00
      AR          0.70

       (32) H + CH4 = CH3 + H2
             A =  6.600E+08  beta =  1.620E+00  Ea/R =  5.459E+03   K

       (33) H + HCO + M = CH2O + M
             A =  1.090E+12  beta =  4.800E-01  Ea/R = -1.309E+02   K
      LOW pressure limit: 
      A =  1.350E+24  beta = -2.570E+00  Ea/R =  7.176E+02   K
      TROE centering:
          a = 0.782E+00
       T*** = 0.271E+03 K
         T* = 0.276E+04 K
        T** = 0.657E+04 K
      Enhanced by:
      H2          2.00
      H2O         6.00
      CH4         2.00
      CO          1.50
      CO2         2.00
      C2H6        3.00
      AR          0.70

       (34) H + HCO = H2 + CO
             A =  7.340E+13  beta =  0.000E+00  Ea/R =  0.000E+00   K

       (35) H + CH2O + M = CH3O + M
             A =  5.400E+11  beta =  4.540E-01  Ea/R =  1.309E+03   K
      LOW pressure limit: 
      A =  2.200E+30  beta = -4.800E+00  Ea/R =  2.800E+03   K
      TROE centering:
          a = 0.758E+00
       T*** = 0.940E+02 K
         T* = 0.156E+04 K
        T** = 0.420E+04 K
      Enhanced by:
      H2          2.00
      H2O         6.00
      CH4         2.00
      CO          1.50
      CO2         2.00
      C2H6        3.00

       (36) H + CH2O = HCO + H2
             A =  2.300E+10  beta =  1.050E+00  Ea/R =  1.649E+03   K

       (37) H + CH3O = OH + CH3
             A =  3.200E+13  beta =  0.000E+00  Ea/R =  0.000E+00   K

       (38) H + C2H4 + M = C2H5 + M
             A =  1.080E+12  beta =  4.540E-01  Ea/R =  9.165E+02   K
      LOW pressure limit: 
      A =  1.200E+42  beta = -7.620E+00  Ea/R =  3.510E+03   K
      TROE centering:
          a = 0.975E+00
       T*** = 0.210E+03 K
         T* = 0.984E+03 K
        T** = 0.437E+04 K
      Enhanced by:
      H2          2.00
      H2O         6.00
      CH4         2.00
      CO          1.50
      CO2         2.00
      C2H6        3.00
      AR          0.70

       (39) H + C2H5 + M = C2H6 + M
             A =  5.210E+17  beta = -9.900E-01  Ea/R =  7.956E+02   K
      LOW pressure limit: 
      A =  1.990E+41  beta = -7.080E+00  Ea/R =  3.366E+03   K
      TROE centering:
          a = 0.842E+00
       T*** = 0.125E+03 K
         T* = 0.222E+04 K
        T** = 0.688E+04 K
      Enhanced by:
      H2          2.00
      H2O         6.00
      CH4         2.00
      CO          1.50
      CO2         2.00
      C2H6        3.00
      AR          0.70

       (40) H + C2H6 = C2H5 + H2
             A =  1.150E+08  beta =  1.900E+00  Ea/R =  3.792E+03   K

       (41) H2 + CO + M = CH2O + M
             A =  4.300E+07  beta =  1.500E+00  Ea/R =  4.008E+04   K
      LOW pressure limit: 
      A =  5.070E+27  beta = -3.420E+00  Ea/R =  4.248E+04   K
      TROE centering:
          a = 0.932E+00
       T*** = 0.197E+03 K
         T* = 0.154E+04 K
        T** = 0.103E+05 K
      Enhanced by:
      H2          2.00
      H2O         6.00
      CH4         2.00
      CO          1.50
      CO2         2.00
      C2H6        3.00
      AR          0.70

       (42) OH + H2 = H + H2O
             A =  2.160E+08  beta =  1.510E+00  Ea/R =  1.727E+03   K

       (43) OH + OH = O + H2O
             A =  3.570E+04  beta =  2.400E+00  Ea/R = -1.063E+03   K

       (44) OH + HO2 = O2 + H2O
             A =  2.900E+13  beta =  0.000E+00  Ea/R = -2.518E+02   K

       (45) OH + CH2 = H + CH2O
             A =  2.000E+13  beta =  0.000E+00  Ea/R =  0.000E+00   K

       (46) OH + CH2(S) = H + CH2O
             A =  3.000E+13  beta =  0.000E+00  Ea/R =  0.000E+00   K

       (47) OH + CH3 = CH2 + H2O
             A =  5.600E+07  beta =  1.600E+00  Ea/R =  2.729E+03   K

       (48) OH + CH3 = CH2(S) + H2O
             A =  2.501E+13  beta =  0.000E+00  Ea/R =  0.000E+00   K

       (49) OH + CH4 = CH3 + H2O
             A =  1.000E+08  beta =  1.600E+00  Ea/R =  1.571E+03   K

       (50) OH + CO = H + CO2
             A =  4.760E+07  beta =  1.228E+00  Ea/R =  3.525E+01   K

       (51) OH + HCO = H2O + CO
             A =  5.000E+13  beta =  0.000E+00  Ea/R =  0.000E+00   K

       (52) OH + CH2O = HCO + H2O
             A =  3.430E+09  beta =  1.180E+00  Ea/R = -2.251E+02   K

       (53) OH + C2H6 = C2H5 + H2O
             A =  3.540E+06  beta =  2.120E+00  Ea/R =  4.381E+02   K

       (54) HO2 + CH2 = OH + CH2O
             A =  2.000E+13  beta =  0.000E+00  Ea/R =  0.000E+00   K

       (55) HO2 + CH3 = O2 + CH4
             A =  1.000E+12  beta =  0.000E+00  Ea/R =  0.000E+00   K

       (56) HO2 + CH3 = OH + CH3O
             A =  2.000E+13  beta =  0.000E+00  Ea/R =  0.000E+00   K

       (57) HO2 + CO = OH + CO2
             A =  1.500E+14  beta =  0.000E+00  Ea/R =  1.188E+04   K

       (58) CH2 + O2 = OH + HCO
             A =  1.320E+13  beta =  0.000E+00  Ea/R =  7.553E+02   K

       (59) CH2 + H2 = H + CH3
             A =  5.000E+05  beta =  2.000E+00  Ea/R =  3.641E+03   K

       (60) CH2 + CH3 = H + C2H4
             A =  4.000E+13  beta =  0.000E+00  Ea/R =  0.000E+00   K

       (61) CH2 + CH4 = CH3 + CH3
             A =  2.460E+06  beta =  2.000E+00  Ea/R =  4.164E+03   K

       (62) CH2(S) + N2 = CH2 + N2
             A =  1.500E+13  beta =  0.000E+00  Ea/R =  3.021E+02   K

       (63) CH2(S) + AR = CH2 + AR
             A =  9.000E+12  beta =  0.000E+00  Ea/R =  3.021E+02   K

       (64) CH2(S) + O2 = H + OH + CO
             A =  2.800E+13  beta =  0.000E+00  Ea/R =  0.000E+00   K

       (65) CH2(S) + O2 = CO + H2O
             A =  1.200E+13  beta =  0.000E+00  Ea/R =  0.000E+00   K

       (66) CH2(S) + H2 = CH3 + H
             A =  7.000E+13  beta =  0.000E+00  Ea/R =  0.000E+00   K

       (67) CH2(S) + H2O = CH2 + H2O
             A =  3.000E+13  beta =  0.000E+00  Ea/R =  0.000E+00   K

       (68) CH2(S) + CH3 = H + C2H4
             A =  1.200E+13  beta =  0.000E+00  Ea/R = -2.870E+02   K

       (69) CH2(S) + CH4 = CH3 + CH3
             A =  1.600E+13  beta =  0.000E+00  Ea/R = -2.870E+02   K

       (70) CH2(S) + CO = CH2 + CO
             A =  9.000E+12  beta =  0.000E+00  Ea/R =  0.000E+00   K

       (71) CH2(S) + CO2 = CH2 + CO2
             A =  7.000E+12  beta =  0.000E+00  Ea/R =  0.000E+00   K

       (72) CH2(S) + CO2 = CO + CH2O
             A =  1.400E+13  beta =  0.000E+00  Ea/R =  0.000E+00   K

       (73) CH3 + O2 = O + CH3O
             A =  2.675E+13  beta =  0.000E+00  Ea/R =  1.450E+04   K

       (74) CH3 + O2 = OH + CH2O
             A =  3.600E+10  beta =  0.000E+00  Ea/R =  4.502E+03   K

       (75) CH3 + CH3 + M = C2H6 + M
             A =  2.120E+16  beta = -9.700E-01  Ea/R =  3.122E+02   K
      LOW pressure limit: 
      A =  1.770E+50  beta = -9.670E+00  Ea/R =  3.132E+03   K
      TROE centering:
          a = 0.532E+00
       T*** = 0.151E+03 K
         T* = 0.104E+04 K
        T** = 0.497E+04 K
      Enhanced by:
      H2          2.00
      H2O         6.00
      CH4         2.00
      CO          1.50
      CO2         2.00
      C2H6        3.00
      AR          0.70

       (76) CH3 + CH3 = H + C2H5
             A =  4.990E+12  beta =  1.000E-01  Ea/R =  5.338E+03   K

       (77) CH3 + HCO = CH4 + CO
             A =  2.648E+13  beta =  0.000E+00  Ea/R =  0.000E+00   K

       (78) CH3 + CH2O = HCO + CH4
             A =  3.320E+03  beta =  2.810E+00  Ea/R =  2.951E+03   K

       (79) CH3 + C2H6 = C2H5 + CH4
             A =  6.140E+06  beta =  1.740E+00  Ea/R =  5.262E+03   K

       (80) HCO + H2O = H + CO + H2O
             A =  2.244E+18  beta = -1.000E+00  Ea/R =  8.561E+03   K

       (81) HCO + M = H + CO + M
             A =  1.870E+17  beta = -1.000E+00  Ea/R =  8.561E+03   K
      Enhanced by:
      H2          2.00
      H2O         0.00
      CH4         2.00
      CO          1.50
      CO2         2.00
      C2H6        3.00

       (82) HCO + O2 = HO2 + CO
             A =  7.600E+12  beta =  0.000E+00  Ea/R =  2.014E+02   K

       (83) CH3O + O2 = HO2 + CH2O
             A =  4.280E-13  beta =  7.600E+00  Ea/R = -1.778E+03   K

       (84) C2H5 + O2 = HO2 + C2H4
             A =  8.400E+11  beta =  0.000E+00  Ea/R =  1.951E+03   K

       (85) N + NO = N2 + O
             A =  2.700E+13  beta =  0.000E+00  Ea/R =  1.788E+02   K

       (86) N + O2 = NO + O
             A =  9.000E+09  beta =  1.000E+00  Ea/R =  3.273E+03   K

       (87) N + OH = NO + H
             A =  3.360E+13  beta =  0.000E+00  Ea/R =  1.939E+02   K

    => Defaultsfile           [OK]
    => Settingsfile           [OK]
    => Commandline options    [OK]
    => Start reading .chm file
        [MSG] Transport parameters    [OK]
        [MSG] Conductivity parameters [OK]
        [MSG] Viscosity parameters    [OK]
        [MSG] Difusivity parameters   [OK]
        [MSG] Thermal parameters      [OK]
    => Reading .chm file      [OK]
    => CHEM1D datafile        [OK]
    => Setting grid weights :
        DENSITY            1.00000
        TEMP               1.00000
        CH4                1.00000
        HEATREL            1.00000
 
 
------------------------------------------------------------------------
 
Simulation settings:
    => Counterflow flame
    => Stationary solution
    => Detailed chemistry model
    => Mixture averaged diffusion model
    => No radiation model
    => No model for heat exchanger
 
------------------------------------------------------------------------
 
Variables:
       Name              BC_Left      BC_Right     Unit
  1) * H2                1.03421E-02  0.00000E+00  Mass frac.
  2) * H                 0.00000E+00  0.00000E+00  Mass frac.
  3) * O                 0.00000E+00  0.00000E+00  Mass frac.
  4) * O2                1.36799E-01  5.70679E-02  Mass frac.
  5) * OH                0.00000E+00  0.00000E+00  Mass frac.
  6) * H2O               0.00000E+00  9.63882E-02  Mass frac.
  7) * HO2               0.00000E+00  0.00000E+00  Mass frac.
  8) * CH2               0.00000E+00  0.00000E+00  Mass frac.
  9) * CH2(S)            0.00000E+00  0.00000E+00  Mass frac.
 10) * CH3               0.00000E+00  0.00000E+00  Mass frac.
 11) * CH4               4.06511E-01  3.81039E-01  Mass frac.
 12) * CO                0.00000E+00  0.00000E+00  Mass frac.
 13) * CO2               0.00000E+00  0.00000E+00  Mass frac.
 14) * HCO               0.00000E+00  0.00000E+00  Mass frac.
 15) * CH2O              0.00000E+00  0.00000E+00  Mass frac.
 16) * CH3O              0.00000E+00  0.00000E+00  Mass frac.
 17) * C2H4              0.00000E+00  0.00000E+00  Mass frac.
 18) * C2H5              0.00000E+00  0.00000E+00  Mass frac.
 19) * C2H6              0.00000E+00  0.00000E+00  Mass frac.
 20) * N                 0.00000E+00  0.00000E+00  Mass frac.
 21) * NO                0.00000E+00  0.00000E+00  Mass frac.
 22) * N2                4.46349E-01  4.65505E-01  Mass frac.
 23) * AR                0.00000E+00  0.00000E+00  Mass frac.
 24) * Temp              3.00000E+02  1.83800E+03  K
 25) * Massflow          9.49317E-03  1.65306E-03  gr/(cm2 s)
 26) * Enthalpy         -1.88720E+03  8.69248E+02  J/gr
 27) * MixFrac           1.00000E+00  1.00000E+00  -
 28) * Stretch           8.34582E+01  2.00000E+02  1/s
 29)   Press             1.00000E+05  1.00000E+05  Pa
 30)   Density           7.91098E-04  1.37755E-04  gr/cm3
 31)   MeanMass          1.97327E+01  2.10517E+01  gr/mol
 32)   Surface           0.00000E+00  0.00000E+00  cm2
 33)   Porosity          0.00000E+00  0.00000E+00  -
 34)   Tsolid            0.00000E+00  0.00000E+00  K
 35)   HeatRel           0.00000E+00  0.00000E+00  J/(cm3 s)
 36)   Dissipation       0.00000E+00  0.00000E+00  -
 
------------------------------------------------------------------------
 
       0 --- --------- --------- Start solver
       1 --- --------- --------- Regridding
       1 --- --------- --------- Jacobian 00001
       1   5 1.240E-04 6.250E-02 Steady OK
       2   5 1.281E-04 3.906E-03 Steady Fail
       3 --- --------- --------- Regridding
       3 --- --------- --------- Jacobian 00002
       3   8 3.100E-03 3.906E-03 Steady Fail
       4 --- --------- --------- Regridding
       4 --- --------- --------- Jacobian 00003
       4 --- --------- --------- Timestep 1.000E-06
       4   1 1.362E-08 1.000E-06 Time OK
       5   2 2.162E-05 2.000E-06 Time OK
       6   4 1.997E-06 3.000E-06 Time OK
       7   5 6.019E-07 4.000E-06 Time OK
       8   5 4.669E-07 5.000E-06 Time OK
       9   5 3.754E-07 6.000E-06 Time OK
      10   6 1.344E-07 7.000E-06 Time OK
      11   6 1.186E-07 8.000E-06 Time OK
      12   6 1.050E-07 9.000E-06 Time OK
      13   6 9.362E-08 1.000E-05 Time OK
      14   6 8.410E-08 1.100E-05 Time OK
      15   6 7.612E-08 1.200E-05 Time OK
      16   6 6.935E-08 1.300E-05 Time OK
      17   6 6.357E-08 1.400E-05 Time OK
      18   6 5.857E-08 1.500E-05 Time OK
      19   6 5.423E-08 1.600E-05 Time OK
      20   6 5.042E-08 1.700E-05 Time OK
      21   6 4.706E-08 1.800E-05 Time OK
      22   7 2.074E-08 1.900E-05 Time OK
      23   7 1.930E-08 2.000E-05 Time OK
      24   7 1.815E-08 2.100E-05 Time OK
      25   7 1.716E-08 2.200E-05 Time OK
      26 --- --------- --------- Regridding
      26 --- --------- --------- Jacobian 00004
      26   7 1.564E-04 1.563E-02 Steady OK
      27   3 2.216E-04 3.906E-03 Steady Fail
      28 --- --------- --------- Regridding
      28 --- --------- --------- Jacobian 00005
      28   7 3.021E-04 1.563E-02 Steady OK
      29   3 2.768E-04 7.813E-03 Steady OK
      30   2 4.425E-04 3.906E-03 Steady Fail
      31 --- --------- --------- Regridding
      31 --- --------- --------- Jacobian 00006
      31   7 3.487E-04 1.563E-02 Steady OK
      32   3 4.045E-04 3.906E-03 Steady Fail
      33 --- --------- --------- Regridding
      33 --- --------- --------- Jacobian 00007
      33   7 4.513E-04 1.563E-02 Steady OK
      34   3 4.617E-04 3.906E-03 Steady Fail
      35 --- --------- --------- Regridding
      35 --- --------- --------- Jacobian 00008
      35   6 5.901E-04 3.125E-02 Steady OK
      36   4 7.242E-04 3.906E-03 Steady Fail
      37 --- --------- --------- Regridding
      37 --- --------- --------- Jacobian 00009
      37   7 7.050E-04 1.563E-02 Steady OK
      38   3 7.151E-04 3.906E-03 Steady Fail
      39 --- --------- --------- Regridding
      39 --- --------- --------- Jacobian 00010
      39   7 7.836E-04 1.563E-02 Steady OK
      40   3 7.804E-04 3.906E-03 Steady Fail
      41 --- --------- --------- Regridding
      41 --- --------- --------- Jacobian 00011
      41   6 8.551E-04 3.125E-02 Steady OK
      42   4 8.931E-04 3.906E-03 Steady Fail
      43 --- --------- --------- Regridding
      43 --- --------- --------- Jacobian 00012
      43   6 9.749E-04 3.125E-02 Steady OK
      44   4 1.003E-03 3.906E-03 Steady Fail
      45 --- --------- --------- Regridding
      45 --- --------- --------- Jacobian 00013
      45   7 9.645E-04 1.563E-02 Steady OK
      46   3 9.635E-04 3.906E-03 Steady Fail
      47 --- --------- --------- Regridding
      47 --- --------- --------- Jacobian 00014
      47   6 1.017E-03 3.125E-02 Steady OK
      48   4 1.034E-03 3.906E-03 Steady Fail
      49 --- --------- --------- Regridding
      49 --- --------- --------- Jacobian 00015
      49   6 1.092E-03 3.125E-02 Steady OK
      50   4 1.101E-03 3.906E-03 Steady Fail
      51 --- --------- --------- Regridding
      51 --- --------- --------- Jacobian 00016
      51   6 1.159E-03 3.125E-02 Steady OK
      52   4 1.163E-03 3.906E-03 Steady Fail
      53 --- --------- --------- Regridding
      53 --- --------- --------- Jacobian 00017
      53   6 1.217E-03 3.125E-02 Steady OK
      54   4 1.217E-03 3.906E-03 Steady Fail
      55 --- --------- --------- Regridding
      55 --- --------- --------- Jacobian 00018
      55   6 1.266E-03 3.125E-02 Steady OK
      56   4 1.262E-03 3.906E-03 Steady Fail
      57 --- --------- --------- Regridding
      57 --- --------- --------- Jacobian 00019
      57   5 1.319E-03 6.250E-02 Steady OK
      58   5 1.340E-03 3.906E-03 Steady Fail
      59 --- --------- --------- Regridding
      59 --- --------- --------- Jacobian 00020
      59   5 1.357E-03 6.250E-02 Steady OK
      60   5 1.372E-03 3.906E-03 Steady Fail
      61 --- --------- --------- Regridding
      61 --- --------- --------- Jacobian 00021
      61   5 1.337E-03 6.250E-02 Steady OK
      62   5 1.345E-03 3.906E-03 Steady Fail
      63 --- --------- --------- Regridding
      63 --- --------- --------- Jacobian 00022
      63   5 1.304E-03 6.250E-02 Steady OK
      64   5 1.307E-03 3.906E-03 Steady Fail
      65 --- --------- --------- Regridding
      65 --- --------- --------- Jacobian 00023
      65   5 1.265E-03 6.250E-02 Steady OK
      66   5 1.264E-03 3.906E-03 Steady Fail
      67 --- --------- --------- Regridding
      67 --- --------- --------- Jacobian 00024
      67   4 1.262E-03 1.250E-01 Steady OK
      68   6 1.278E-03 3.906E-03 Steady Fail
      69 --- --------- --------- Regridding
      69 --- --------- --------- Jacobian 00025
      69   4 1.208E-03 1.250E-01 Steady OK
      70   6 1.217E-03 3.906E-03 Steady Fail
      71 --- --------- --------- Regridding
      71 --- --------- --------- Jacobian 00026
      71   4 1.114E-03 1.250E-01 Steady OK
      72   6 1.117E-03 3.906E-03 Steady Fail
      73 --- --------- --------- Regridding
      73 --- --------- --------- Jacobian 00027
      73   4 1.009E-03 1.250E-01 Steady OK
      74   6 1.009E-03 3.906E-03 Steady Fail
      75 --- --------- --------- Regridding
      75 --- --------- --------- Jacobian 00028
      75   3 9.503E-04 2.500E-01 Steady OK
      76   7 9.557E-04 3.906E-03 Steady Fail
      77 --- --------- --------- Regridding
      77 --- --------- --------- Jacobian 00029
      77   3 7.778E-04 2.500E-01 Steady OK
      78   7 7.777E-04 3.906E-03 Steady Fail
      79 --- --------- --------- Regridding
      79 --- --------- --------- Jacobian 00030
      79   2 6.585E-04 5.000E-01 Steady OK
      80   8 6.586E-04 3.906E-03 Steady Fail
      81 --- --------- --------- Regridding
      81 --- --------- --------- Jacobian 00031
      81   1 3.221E-04 1.000E+00 Steady OK
      82   1 1.680E-05 1.000E+00 Steady OK
      83   1 6.218E-07 1.000E+00 Steady OK
      84   1 1.861E-08 1.000E+00 Steady OK
      85   1 7.152E-10 1.000E+00 Steady OK
      86   1 9.437E-11 1.000E+00 Steady OK
 
------------------------------------------------------------------------
 
Simulation stopped:
  => Converged!
 
------------------------------------------------------------------------
 
Postprocessing output:
  => Position reaction layer      :  1.9973660E+00 cm
  => Temperature reaction layer   :  1.8359971E+03 K
  => Mass burning rate            :  2.8579887E-01 gr/(cm2s)
  => Burning velocity (unburnt)   :  3.6126872E+02 cm/s
  => Maximum temperature          :  1.8380000E+03 K
  => Minimum temperature          :  3.0000000E+02 K
  => Flame thickness (max grad T) :  3.3908386E-01 cm
  => Stoichiometric mixture frac. :  0.0000000E+00 -
  => Position stoich mixture      : -1.3509401E-01 cm
  => Temperature at stoich mixture:  4.9869941E+02 K
  => Scalar dissipation at stoich :  5.5605448E-25 1/s
 
========================================================================
 
==> LogClose : Closing logfile
