==> LogWrite : Opening logfile
 
========================================================================
 
 
OOOOOOOOOOOOOOOOOOOOOOOOOOOOOOOOOOOOOOOOOOOOOO
O                                            O
O     @@@@  @  @  @@@@  @   @    @  @@@b     O
O     @     @  @  @     @@ @@   @@  @  @     O
O     @     @@@@  @@@@  @ @ @    @  @  @     O
O     @     @  @  @     @   @    @  @  @     O
O     @@@@  @  @  @@@@  @   @    @  @@@P     O
O                                            O
O     A ONE DIMENSIONAL FLAME CODE           O
O                                            O
O     Version:                               O
O     Release: 2012-06-01 08:38:57 +0200     O
O                                            O
OOOOOOOOOOOOOOOOOOOOOOOOOOOOOOOOOOOOOOOOOOOOOO
 
 
 
* Developed at the Eindhoven University of Technology
 
* http://www.combustion.tue.nl
 
========================================================================
 
Reading CHEM1D input files
    => Start reading chemistry 
    ==> CheckTroeData : Started
    ==> CheckTroeData : Finished
    => Finished reading chemistry
    => Thermodynamical Data   [OK]
    ElementName        Mass
    1  O                 1.5999400E+01
    2  H                 1.0079700E+00
    3  C                 1.2011200E+01
    4  N                 1.4006700E+01
    5  AR                3.9948000E+01

    SpeciesName        Mass
    1  H2                2.0159400E+00
    2  H                 1.0079700E+00
    3  O                 1.5999400E+01
    4  O2                3.1998800E+01
    5  OH                1.7007370E+01
    6  H2O               1.8015340E+01
    7  HO2               3.3006770E+01
    8  CH2               1.4027140E+01
    9  CH2(S)            1.4027140E+01
   10  CH3               1.5035110E+01
   11  CH4               1.6043080E+01
   12  CO                2.8010600E+01
   13  CO2               4.4010000E+01
   14  HCO               2.9018570E+01
   15  CH2O              3.0026540E+01
   16  CH3O              3.1034510E+01
   17  C2H4              2.8054280E+01
   18  C2H5              2.9062250E+01
   19  C2H6              3.0070220E+01
   20  N                 1.4006700E+01
   21  NO                3.0006100E+01
   22  N2                2.8013400E+01
   23  AR                3.9948000E+01

    => Reactions + rate coefficients 

       (1) O + H + M = OH + M
             A =  5.000E+17  beta = -1.000E+00  Ea/R =  0.000E+00   K
      Enhanced by:
      H2          2.00
      H2O         6.00
      CH4         2.00
      CO          1.50
      CO2         2.00
      C2H6        3.00
      AR          0.70

       (2) O + H2 = H + OH
             A =  5.000E+04  beta =  2.670E+00  Ea/R =  3.167E+03   K

       (3) O + HO2 = OH + O2
             A =  2.000E+13  beta =  0.000E+00  Ea/R =  0.000E+00   K

       (4) O + CH2 = H + HCO
             A =  8.000E+13  beta =  0.000E+00  Ea/R =  0.000E+00   K

       (5) O + CH2(S) = H + HCO
             A =  1.500E+13  beta =  0.000E+00  Ea/R =  0.000E+00   K

       (6) O + CH3 = H + CH2O
             A =  8.430E+13  beta =  0.000E+00  Ea/R =  0.000E+00   K

       (7) O + CH4 = OH + CH3
             A =  1.020E+09  beta =  1.500E+00  Ea/R =  4.331E+03   K

       (8) O + CO + M = CO2 + M
             A =  6.020E+14  beta =  0.000E+00  Ea/R =  1.511E+03   K
      Enhanced by:
      H2          2.00
      O2          6.00
      H2O         6.00
      CH4         2.00
      CO          1.50
      CO2         3.50
      C2H6        3.00
      AR          0.50

       (9) O + HCO = OH + CO
             A =  3.000E+13  beta =  0.000E+00  Ea/R =  0.000E+00   K

       (10) O + HCO = H + CO2
             A =  3.000E+13  beta =  0.000E+00  Ea/R =  0.000E+00   K

       (11) O + CH2O = OH + HCO
             A =  3.900E+13  beta =  0.000E+00  Ea/R =  1.783E+03   K

       (12) O + C2H4 = CH3 + HCO
             A =  1.920E+07  beta =  1.830E+00  Ea/R =  1.108E+02   K

       (13) O + C2H5 = CH3 + CH2O
             A =  1.320E+14  beta =  0.000E+00  Ea/R =  0.000E+00   K

       (14) O + C2H6 = OH + C2H5
             A =  8.980E+07  beta =  1.920E+00  Ea/R =  2.865E+03   K

       (15) O2 + CO = O + CO2
             A =  2.500E+12  beta =  0.000E+00  Ea/R =  2.407E+04   K

       (16) O2 + CH2O = HO2 + HCO
             A =  1.000E+14  beta =  0.000E+00  Ea/R =  2.014E+04   K

       (17) H + O2 + M = HO2 + M
             A =  2.800E+18  beta = -8.600E-01  Ea/R =  0.000E+00   K
      Enhanced by:
      O2          0.00
      H2O         0.00
      CO          0.75
      CO2         1.50
      C2H6        1.50
      N2          0.00
      AR          0.00

       (18) H + O2 + O2 = HO2 + O2
             A =  3.000E+20  beta = -1.720E+00  Ea/R =  0.000E+00   K

       (19) H + O2 + H2O = HO2 + H2O
             A =  9.380E+18  beta = -7.600E-01  Ea/R =  0.000E+00   K

       (20) H + O2 + N2 = HO2 + N2
             A =  3.750E+20  beta = -1.720E+00  Ea/R =  0.000E+00   K

       (21) H + O2 + AR = HO2 + AR
             A =  7.000E+17  beta = -8.000E-01  Ea/R =  0.000E+00   K

       (22) H + O2 = O + OH
             A =  8.300E+13  beta =  0.000E+00  Ea/R =  7.258E+03   K

       (23) H + H + M = H2 + M
             A =  1.000E+18  beta = -1.000E+00  Ea/R =  0.000E+00   K
      Enhanced by:
      H2          0.00
      H2O         0.00
      CH4         2.00
      CO2         0.00
      C2H6        3.00
      AR          0.63

       (24) H + H + H2 = H2 + H2
             A =  9.000E+16  beta = -6.000E-01  Ea/R =  0.000E+00   K

       (25) H + H + H2O = H2 + H2O
             A =  6.000E+19  beta = -1.250E+00  Ea/R =  0.000E+00   K

       (26) H + H + CO2 = H2 + CO2
             A =  5.500E+20  beta = -2.000E+00  Ea/R =  0.000E+00   K

       (27) H + OH + M = H2O + M
             A =  2.200E+22  beta = -2.000E+00  Ea/R =  0.000E+00   K
      Enhanced by:
      H2          0.73
      H2O         3.65
      CH4         2.00
      C2H6        3.00
      AR          0.38

       (28) H + HO2 = O2 + H2
             A =  2.800E+13  beta =  0.000E+00  Ea/R =  5.378E+02   K

       (29) H + HO2 = OH + OH
             A =  1.340E+14  beta =  0.000E+00  Ea/R =  3.198E+02   K

       (30) H + CH2 + M = CH3 + M
             A =  2.500E+16  beta = -8.000E-01  Ea/R =  0.000E+00   K
      LOW pressure limit: 
      A =  3.200E+27  beta = -3.140E+00  Ea/R =  6.194E+02   K
      TROE centering:
          a = 0.680E+00
       T*** = 0.780E+02 K
         T* = 0.200E+04 K
        T** = 0.559E+04 K
      Enhanced by:
      H2          2.00
      H2O         6.00
      CH4         2.00
      CO          1.50
      CO2         2.00
      C2H6        3.00
      AR          0.70

       (31) H + CH3 + M = CH4 + M
             A =  1.270E+16  beta = -6.300E-01  Ea/R =  1.929E+02   K
      LOW pressure limit: 
      A =  2.477E+33  beta = -4.760E+00  Ea/R =  1.229E+03   K
      TROE centering:
          a = 0.783E+00
       T*** = 0.740E+02 K
         T* = 0.294E+04 K
        T** = 0.696E+04 K
      Enhanced by:
      H2          2.00
      H2O         6.00
      CH4         2.00
      CO          1.50
      CO2         2.00
      C2H6        3.00
      AR          0.70

       (32) H + CH4 = CH3 + H2
             A =  6.600E+08  beta =  1.620E+00  Ea/R =  5.459E+03   K

       (33) H + HCO + M = CH2O + M
             A =  1.090E+12  beta =  4.800E-01  Ea/R = -1.309E+02   K
      LOW pressure limit: 
      A =  1.350E+24  beta = -2.570E+00  Ea/R =  7.176E+02   K
      TROE centering:
          a = 0.782E+00
       T*** = 0.271E+03 K
         T* = 0.276E+04 K
        T** = 0.657E+04 K
      Enhanced by:
      H2          2.00
      H2O         6.00
      CH4         2.00
      CO          1.50
      CO2         2.00
      C2H6        3.00
      AR          0.70

       (34) H + HCO = H2 + CO
             A =  7.340E+13  beta =  0.000E+00  Ea/R =  0.000E+00   K

       (35) H + CH2O + M = CH3O + M
             A =  5.400E+11  beta =  4.540E-01  Ea/R =  1.309E+03   K
      LOW pressure limit: 
      A =  2.200E+30  beta = -4.800E+00  Ea/R =  2.800E+03   K
      TROE centering:
          a = 0.758E+00
       T*** = 0.940E+02 K
         T* = 0.156E+04 K
        T** = 0.420E+04 K
      Enhanced by:
      H2          2.00
      H2O         6.00
      CH4         2.00
      CO          1.50
      CO2         2.00
      C2H6        3.00

       (36) H + CH2O = HCO + H2
             A =  2.300E+10  beta =  1.050E+00  Ea/R =  1.649E+03   K

       (37) H + CH3O = OH + CH3
             A =  3.200E+13  beta =  0.000E+00  Ea/R =  0.000E+00   K

       (38) H + C2H4 + M = C2H5 + M
             A =  1.080E+12  beta =  4.540E-01  Ea/R =  9.165E+02   K
      LOW pressure limit: 
      A =  1.200E+42  beta = -7.620E+00  Ea/R =  3.510E+03   K
      TROE centering:
          a = 0.975E+00
       T*** = 0.210E+03 K
         T* = 0.984E+03 K
        T** = 0.437E+04 K
      Enhanced by:
      H2          2.00
      H2O         6.00
      CH4         2.00
      CO          1.50
      CO2         2.00
      C2H6        3.00
      AR          0.70

       (39) H + C2H5 + M = C2H6 + M
             A =  5.210E+17  beta = -9.900E-01  Ea/R =  7.956E+02   K
      LOW pressure limit: 
      A =  1.990E+41  beta = -7.080E+00  Ea/R =  3.366E+03   K
      TROE centering:
          a = 0.842E+00
       T*** = 0.125E+03 K
         T* = 0.222E+04 K
        T** = 0.688E+04 K
      Enhanced by:
      H2          2.00
      H2O         6.00
      CH4         2.00
      CO          1.50
      CO2         2.00
      C2H6        3.00
      AR          0.70

       (40) H + C2H6 = C2H5 + H2
             A =  1.150E+08  beta =  1.900E+00  Ea/R =  3.792E+03   K

       (41) H2 + CO + M = CH2O + M
             A =  4.300E+07  beta =  1.500E+00  Ea/R =  4.008E+04   K
      LOW pressure limit: 
      A =  5.070E+27  beta = -3.420E+00  Ea/R =  4.248E+04   K
      TROE centering:
          a = 0.932E+00
       T*** = 0.197E+03 K
         T* = 0.154E+04 K
        T** = 0.103E+05 K
      Enhanced by:
      H2          2.00
      H2O         6.00
      CH4         2.00
      CO          1.50
      CO2         2.00
      C2H6        3.00
      AR          0.70

       (42) OH + H2 = H + H2O
             A =  2.160E+08  beta =  1.510E+00  Ea/R =  1.727E+03   K

       (43) OH + OH = O + H2O
             A =  3.570E+04  beta =  2.400E+00  Ea/R = -1.063E+03   K

       (44) OH + HO2 = O2 + H2O
             A =  2.900E+13  beta =  0.000E+00  Ea/R = -2.518E+02   K

       (45) OH + CH2 = H + CH2O
             A =  2.000E+13  beta =  0.000E+00  Ea/R =  0.000E+00   K

       (46) OH + CH2(S) = H + CH2O
             A =  3.000E+13  beta =  0.000E+00  Ea/R =  0.000E+00   K

       (47) OH + CH3 = CH2 + H2O
             A =  5.600E+07  beta =  1.600E+00  Ea/R =  2.729E+03   K

       (48) OH + CH3 = CH2(S) + H2O
             A =  2.501E+13  beta =  0.000E+00  Ea/R =  0.000E+00   K

       (49) OH + CH4 = CH3 + H2O
             A =  1.000E+08  beta =  1.600E+00  Ea/R =  1.571E+03   K

       (50) OH + CO = H + CO2
             A =  4.760E+07  beta =  1.228E+00  Ea/R =  3.525E+01   K

       (51) OH + HCO = H2O + CO
             A =  5.000E+13  beta =  0.000E+00  Ea/R =  0.000E+00   K

       (52) OH + CH2O = HCO + H2O
             A =  3.430E+09  beta =  1.180E+00  Ea/R = -2.251E+02   K

       (53) OH + C2H6 = C2H5 + H2O
             A =  3.540E+06  beta =  2.120E+00  Ea/R =  4.381E+02   K

       (54) HO2 + CH2 = OH + CH2O
             A =  2.000E+13  beta =  0.000E+00  Ea/R =  0.000E+00   K

       (55) HO2 + CH3 = O2 + CH4
             A =  1.000E+12  beta =  0.000E+00  Ea/R =  0.000E+00   K

       (56) HO2 + CH3 = OH + CH3O
             A =  2.000E+13  beta =  0.000E+00  Ea/R =  0.000E+00   K

       (57) HO2 + CO = OH + CO2
             A =  1.500E+14  beta =  0.000E+00  Ea/R =  1.188E+04   K

       (58) CH2 + O2 = OH + HCO
             A =  1.320E+13  beta =  0.000E+00  Ea/R =  7.553E+02   K

       (59) CH2 + H2 = H + CH3
             A =  5.000E+05  beta =  2.000E+00  Ea/R =  3.641E+03   K

       (60) CH2 + CH3 = H + C2H4
             A =  4.000E+13  beta =  0.000E+00  Ea/R =  0.000E+00   K

       (61) CH2 + CH4 = CH3 + CH3
             A =  2.460E+06  beta =  2.000E+00  Ea/R =  4.164E+03   K

       (62) CH2(S) + N2 = CH2 + N2
             A =  1.500E+13  beta =  0.000E+00  Ea/R =  3.021E+02   K

       (63) CH2(S) + AR = CH2 + AR
             A =  9.000E+12  beta =  0.000E+00  Ea/R =  3.021E+02   K

       (64) CH2(S) + O2 = H + OH + CO
             A =  2.800E+13  beta =  0.000E+00  Ea/R =  0.000E+00   K

       (65) CH2(S) + O2 = CO + H2O
             A =  1.200E+13  beta =  0.000E+00  Ea/R =  0.000E+00   K

       (66) CH2(S) + H2 = CH3 + H
             A =  7.000E+13  beta =  0.000E+00  Ea/R =  0.000E+00   K

       (67) CH2(S) + H2O = CH2 + H2O
             A =  3.000E+13  beta =  0.000E+00  Ea/R =  0.000E+00   K

       (68) CH2(S) + CH3 = H + C2H4
             A =  1.200E+13  beta =  0.000E+00  Ea/R = -2.870E+02   K

       (69) CH2(S) + CH4 = CH3 + CH3
             A =  1.600E+13  beta =  0.000E+00  Ea/R = -2.870E+02   K

       (70) CH2(S) + CO = CH2 + CO
             A =  9.000E+12  beta =  0.000E+00  Ea/R =  0.000E+00   K

       (71) CH2(S) + CO2 = CH2 + CO2
             A =  7.000E+12  beta =  0.000E+00  Ea/R =  0.000E+00   K

       (72) CH2(S) + CO2 = CO + CH2O
             A =  1.400E+13  beta =  0.000E+00  Ea/R =  0.000E+00   K

       (73) CH3 + O2 = O + CH3O
             A =  2.675E+13  beta =  0.000E+00  Ea/R =  1.450E+04   K

       (74) CH3 + O2 = OH + CH2O
             A =  3.600E+10  beta =  0.000E+00  Ea/R =  4.502E+03   K

       (75) CH3 + CH3 + M = C2H6 + M
             A =  2.120E+16  beta = -9.700E-01  Ea/R =  3.122E+02   K
      LOW pressure limit: 
      A =  1.770E+50  beta = -9.670E+00  Ea/R =  3.132E+03   K
      TROE centering:
          a = 0.532E+00
       T*** = 0.151E+03 K
         T* = 0.104E+04 K
        T** = 0.497E+04 K
      Enhanced by:
      H2          2.00
      H2O         6.00
      CH4         2.00
      CO          1.50
      CO2         2.00
      C2H6        3.00
      AR          0.70

       (76) CH3 + CH3 = H + C2H5
             A =  4.990E+12  beta =  1.000E-01  Ea/R =  5.338E+03   K

       (77) CH3 + HCO = CH4 + CO
             A =  2.648E+13  beta =  0.000E+00  Ea/R =  0.000E+00   K

       (78) CH3 + CH2O = HCO + CH4
             A =  3.320E+03  beta =  2.810E+00  Ea/R =  2.951E+03   K

       (79) CH3 + C2H6 = C2H5 + CH4
             A =  6.140E+06  beta =  1.740E+00  Ea/R =  5.262E+03   K

       (80) HCO + H2O = H + CO + H2O
             A =  2.244E+18  beta = -1.000E+00  Ea/R =  8.561E+03   K

       (81) HCO + M = H + CO + M
             A =  1.870E+17  beta = -1.000E+00  Ea/R =  8.561E+03   K
      Enhanced by:
      H2          2.00
      H2O         0.00
      CH4         2.00
      CO          1.50
      CO2         2.00
      C2H6        3.00

       (82) HCO + O2 = HO2 + CO
             A =  7.600E+12  beta =  0.000E+00  Ea/R =  2.014E+02   K

       (83) CH3O + O2 = HO2 + CH2O
             A =  4.280E-13  beta =  7.600E+00  Ea/R = -1.778E+03   K

       (84) C2H5 + O2 = HO2 + C2H4
             A =  8.400E+11  beta =  0.000E+00  Ea/R =  1.951E+03   K

       (85) N + NO = N2 + O
             A =  2.700E+13  beta =  0.000E+00  Ea/R =  1.788E+02   K

       (86) N + O2 = NO + O
             A =  9.000E+09  beta =  1.000E+00  Ea/R =  3.273E+03   K

       (87) N + OH = NO + H
             A =  3.360E+13  beta =  0.000E+00  Ea/R =  1.939E+02   K

    => Defaultsfile           [OK]
    => Settingsfile           [OK]
    => Commandline options    [OK]
    => Start reading .chm file
        [MSG] Transport parameters    [OK]
        [MSG] Conductivity parameters [OK]
        [MSG] Viscosity parameters    [OK]
        [MSG] Difusivity parameters   [OK]
        [MSG] Thermal parameters      [OK]
    => Reading .chm file      [OK]
    => CHEM1D datafile        [OK]
    => Setting grid weights :
        DENSITY            1.00000
        TEMP               1.00000
        CH4                1.00000
        HEATREL            1.00000
 
 
------------------------------------------------------------------------
 
Simulation settings:
    => Counterflow flame
    => Stationary solution
    => Detailed chemistry model
    => Mixture averaged diffusion model
    => No radiation model
    => No model for heat exchanger
 
------------------------------------------------------------------------
 
Variables:
       Name              BC_Left      BC_Right     Unit
  1) * H2                1.03421E-02  0.00000E+00  Mass frac.
  2) * H                 0.00000E+00  0.00000E+00  Mass frac.
  3) * O                 0.00000E+00  0.00000E+00  Mass frac.
  4) * O2                1.36799E-01  5.70679E-02  Mass frac.
  5) * OH                0.00000E+00  0.00000E+00  Mass frac.
  6) * H2O               0.00000E+00  9.63882E-02  Mass frac.
  7) * HO2               0.00000E+00  0.00000E+00  Mass frac.
  8) * CH2               0.00000E+00  0.00000E+00  Mass frac.
  9) * CH2(S)            0.00000E+00  0.00000E+00  Mass frac.
 10) * CH3               0.00000E+00  0.00000E+00  Mass frac.
 11) * CH4               4.06511E-01  3.81039E-01  Mass frac.
 12) * CO                0.00000E+00  0.00000E+00  Mass frac.
 13) * CO2               0.00000E+00  0.00000E+00  Mass frac.
 14) * HCO               0.00000E+00  0.00000E+00  Mass frac.
 15) * CH2O              0.00000E+00  0.00000E+00  Mass frac.
 16) * CH3O              0.00000E+00  0.00000E+00  Mass frac.
 17) * C2H4              0.00000E+00  0.00000E+00  Mass frac.
 18) * C2H5              0.00000E+00  0.00000E+00  Mass frac.
 19) * C2H6              0.00000E+00  0.00000E+00  Mass frac.
 20) * N                 0.00000E+00  0.00000E+00  Mass frac.
 21) * NO                0.00000E+00  0.00000E+00  Mass frac.
 22) * N2                4.46349E-01  4.65505E-01  Mass frac.
 23) * AR                0.00000E+00  0.00000E+00  Mass frac.
 24) * Temp              3.00000E+02  1.83800E+03  K
 25) * Massflow          9.49317E-03  1.65306E-03  gr/(cm2 s)
 26) * Enthalpy         -1.88720E+03  8.69248E+02  J/gr
 27) * MixFrac           1.00000E+00  1.00000E+00  -
 28) * Stretch           4.17291E+01  1.00000E+02  1/s
 29)   Press             1.00000E+05  1.00000E+05  Pa
 30)   Density           7.91098E-04  1.37755E-04  gr/cm3
 31)   MeanMass          1.97327E+01  2.10517E+01  gr/mol
 32)   Surface           0.00000E+00  0.00000E+00  cm2
 33)   Porosity          0.00000E+00  0.00000E+00  -
 34)   Tsolid            0.00000E+00  0.00000E+00  K
 35)   HeatRel           0.00000E+00  0.00000E+00  J/(cm3 s)
 36)   Dissipation       0.00000E+00  0.00000E+00  -
 
------------------------------------------------------------------------
 
       0 --- --------- --------- Start solver
       1 --- --------- --------- Regridding
       1 --- --------- --------- Jacobian 00001
       1   8 2.287E+01 3.906E-03 Steady Fail
       2 --- --------- --------- Regridding
       2 --- --------- --------- Jacobian 00002
       2 --- --------- --------- Timestep 1.000E-06
       2   1 2.087E-08 1.000E-06 Time OK
       3   2 5.896E-05 2.000E-06 Time OK
       4   3 1.369E-05 3.000E-06 Time OK
       5   4 3.130E-06 4.000E-06 Time OK
       6   5 9.718E-07 5.000E-06 Time OK
       7   5 7.618E-07 6.000E-06 Time OK
       8   6 2.613E-07 7.000E-06 Time OK
       9   6 2.252E-07 8.000E-06 Time OK
      10   6 1.952E-07 9.000E-06 Time OK
      11   6 1.707E-07 1.000E-05 Time OK
      12   6 1.507E-07 1.100E-05 Time OK
      13   6 1.342E-07 1.200E-05 Time OK
      14   6 1.204E-07 1.300E-05 Time OK
      15   6 1.088E-07 1.400E-05 Time OK
      16   6 9.884E-08 1.500E-05 Time OK
      17   6 9.031E-08 1.600E-05 Time OK
      18   6 8.290E-08 1.700E-05 Time OK
      19   6 7.643E-08 1.800E-05 Time OK
      20   6 7.074E-08 1.900E-05 Time OK
      21   6 6.570E-08 2.000E-05 Time OK
      22   7 2.869E-08 2.100E-05 Time OK
      23   7 2.654E-08 2.200E-05 Time OK
      24 --- --------- --------- Regridding
      24 --- --------- --------- Jacobian 00003
      24   8 1.660E+08 3.906E-03 Steady Fail
      25 --- --------- --------- Regridding
      25 --- --------- --------- Jacobian 00004
      25 --- --------- --------- Timestep 1.000E-06
      25   1 1.917E-08 2.300E-05 Time OK
      26   1 9.878E-09 2.400E-05 Time OK
      27   1 7.648E-09 2.500E-05 Time OK
      28   1 5.631E-09 2.600E-05 Time OK
      29   1 4.649E-09 2.700E-05 Time OK
      30   1 4.272E-09 2.800E-05 Time OK
      31   1 4.216E-09 2.900E-05 Time OK
      32   1 4.307E-09 3.000E-05 Time OK
      33   1 4.436E-09 3.100E-05 Time OK
      34   1 4.555E-09 3.200E-05 Time OK
      35   1 4.650E-09 3.300E-05 Time OK
      36   1 4.724E-09 3.400E-05 Time OK
      37   1 4.784E-09 3.500E-05 Time OK
      38   1 4.837E-09 3.600E-05 Time OK
      39   1 4.890E-09 3.700E-05 Time OK
      40   1 4.947E-09 3.800E-05 Time OK
      41   1 5.013E-09 3.900E-05 Time OK
      42   1 5.090E-09 4.000E-05 Time OK
      43   1 5.181E-09 4.100E-05 Time OK
      44   1 5.287E-09 4.200E-05 Time OK
      45   1 5.408E-09 4.300E-05 Time OK
      46   1 5.546E-09 4.400E-05 Time OK
      47 --- --------- --------- Regridding
      47 --- --------- --------- Jacobian 00005
      47   8 2.136E+08 3.906E-03 Steady Fail
      48 --- --------- --------- Regridding
      48 --- --------- --------- Jacobian 00006
      48 --- --------- --------- Timestep 2.000E-06
      48   1 3.188E-08 4.600E-05 Time OK
      49   1 1.312E-08 4.800E-05 Time OK
      50   1 8.137E-09 5.000E-05 Time OK
      51   1 1.108E-08 5.200E-05 Time OK
      52   1 1.215E-08 5.400E-05 Time OK
      53   1 1.250E-08 5.600E-05 Time OK
      54   1 1.296E-08 5.800E-05 Time OK
      55   1 1.384E-08 6.000E-05 Time OK
      56   1 1.514E-08 6.200E-05 Time OK
      57   1 1.676E-08 6.400E-05 Time OK
      58   1 1.861E-08 6.600E-05 Time OK
      59   1 2.063E-08 6.800E-05 Time OK
      60   1 2.278E-08 7.000E-05 Time OK
      61   1 2.504E-08 7.200E-05 Time OK
      62   1 2.740E-08 7.400E-05 Time OK
      63   1 2.985E-08 7.600E-05 Time OK
      64   1 3.237E-08 7.800E-05 Time OK
      65   1 3.498E-08 8.000E-05 Time OK
      66   1 3.767E-08 8.200E-05 Time OK
      67   1 4.042E-08 8.400E-05 Time OK
      68   1 4.325E-08 8.600E-05 Time OK
      69   1 4.616E-08 8.800E-05 Time OK
      70 --- --------- --------- Regridding
      70 --- --------- --------- Jacobian 00007
      70   8 3.914E+08 3.906E-03 Steady Fail
      71 --- --------- --------- Regridding
      71 --- --------- --------- Jacobian 00008
      71 --- --------- --------- Timestep 4.000E-06
      71   1 5.563E-08 9.200E-05 Time OK
      72   1 5.648E-08 9.600E-05 Time OK
      73   1 4.832E-08 1.000E-04 Time OK
      74   1 6.549E-08 1.040E-04 Time OK
      75   1 8.058E-08 1.080E-04 Time OK
      76   1 9.645E-08 1.120E-04 Time OK
      77   1 1.139E-07 1.160E-04 Time OK
      78   1 1.326E-07 1.200E-04 Time OK
      79   1 1.524E-07 1.240E-04 Time OK
      80   1 1.729E-07 1.280E-04 Time OK
      81   1 1.939E-07 1.320E-04 Time OK
      82   2 6.059E-11 1.360E-04 Time OK
      83   2 7.527E-11 1.400E-04 Time OK
      84   2 9.207E-11 1.440E-04 Time OK
      85   2 1.112E-10 1.480E-04 Time OK
      86   2 1.326E-10 1.520E-04 Time OK
      87   2 1.565E-10 1.560E-04 Time OK
      88   2 1.829E-10 1.600E-04 Time OK
      89   2 2.120E-10 1.640E-04 Time OK
      90   2 2.438E-10 1.680E-04 Time OK
      91   2 2.783E-10 1.720E-04 Time OK
      92   2 3.158E-10 1.760E-04 Time OK
      93 --- --------- --------- Regridding
      93 --- --------- --------- Jacobian 00009
      93   8 1.805E+36 3.906E-03 Steady Fail
      94 --- --------- --------- Regridding
      94 --- --------- --------- Jacobian 00010
      94 --- --------- --------- Timestep 8.000E-06
      94   1 2.010E-07 1.840E-04 Time OK
      95   1 3.504E-07 1.920E-04 Time OK
      96   2 1.544E-10 2.000E-04 Time OK
      97   2 2.346E-10 2.080E-04 Time OK
      98   2 3.552E-10 2.160E-04 Time OK
      99   2 5.293E-10 2.240E-04 Time OK
     100   2 7.521E-10 2.320E-04 Time OK
     101   2 1.020E-09 2.400E-04 Time OK
     102   2 1.333E-09 2.480E-04 Time OK
     103   2 1.693E-09 2.560E-04 Time OK
     104   2 2.100E-09 2.640E-04 Time OK
     105   2 2.557E-09 2.720E-04 Time OK
     106   2 3.064E-09 2.800E-04 Time OK
     107   2 3.621E-09 2.880E-04 Time OK
     108   2 4.230E-09 2.960E-04 Time OK
     109   2 4.891E-09 3.040E-04 Time OK
     110   2 5.605E-09 3.120E-04 Time OK
     111   2 6.371E-09 3.200E-04 Time OK
     112   2 7.190E-09 3.280E-04 Time OK
     113   2 8.062E-09 3.360E-04 Time OK
     114   2 8.988E-09 3.440E-04 Time OK
     115   2 9.968E-09 3.520E-04 Time OK
     116 --- --------- --------- Regridding
     116 --- --------- --------- Jacobian 00011
     116   8       NaN 3.906E-03 Steady Fail
     117 --- --------- --------- Regridding
     117 --- --------- --------- Jacobian 00012
     117 --- --------- --------- Timestep 1.600E-05
     117   1 9.707E-07 3.680E-04 Time OK
     118   1 2.116E-06 3.840E-04 Time OK
     119   2 3.140E-09 4.000E-04 Time OK
     120   2 5.575E-09 4.160E-04 Time OK
     121   2 8.878E-09 4.320E-04 Time OK
     122   2 1.293E-08 4.480E-04 Time OK
     123   2 1.768E-08 4.640E-04 Time OK
     124   2 2.315E-08 4.800E-04 Time OK
     125   2 2.933E-08 4.960E-04 Time OK
     126   2 3.625E-08 5.120E-04 Time OK
     127   2 4.388E-08 5.280E-04 Time OK
     128   2 5.223E-08 5.440E-04 Time OK
     129   2 6.128E-08 5.600E-04 Time OK
     130   2 7.101E-08 5.760E-04 Time OK
     131   2 8.143E-08 5.920E-04 Time OK
     132   2 9.252E-08 6.080E-04 Time OK
     133   2 1.043E-07 6.240E-04 Time OK
     134   2 1.167E-07 6.400E-04 Time OK
     135   2 1.298E-07 6.560E-04 Time OK
     136   2 1.435E-07 6.720E-04 Time OK
     137   2 1.578E-07 6.880E-04 Time OK
     138   2 1.727E-07 7.040E-04 Time OK
     139 --- --------- --------- Regridding
     139 --- --------- --------- Jacobian 00013
     139   8       NaN 3.906E-03 Steady Fail
     140 --- --------- --------- Regridding
     140 --- --------- --------- Jacobian 00014
     140 --- --------- --------- Timestep 3.200E-05
     140   1 2.983E-06 7.360E-04 Time OK
     141   1 9.152E-06 7.680E-04 Time OK
     142   2 4.443E-08 8.000E-04 Time OK
     143   2 8.099E-08 8.320E-04 Time OK
     144   2 1.269E-07 8.640E-04 Time OK
     145   2 1.808E-07 8.960E-04 Time OK
     146   2 2.427E-07 9.280E-04 Time OK
     147   2 3.128E-07 9.600E-04 Time OK
     148   2 3.909E-07 9.920E-04 Time OK
     149   2 4.766E-07 1.024E-03 Time OK
     150   8 1.176E-04 3.906E-03 Steady Fail
     151 --- --------- --------- Regridding
     151 --- --------- --------- Jacobian 00015
     151   8       NaN 3.906E-03 Steady Fail
     152 --- --------- --------- Regridding
     152 --- --------- --------- Jacobian 00016
     152 --- --------- --------- Timestep 3.200E-05
     152   1 1.853E-06 1.056E-03 Time OK
     153   1 7.308E-06 1.088E-03 Time OK
     154   2 3.292E-08 1.120E-03 Time OK
     155   2 6.236E-08 1.152E-03 Time OK
     156   2 9.938E-08 1.184E-03 Time OK
     157   2 1.421E-07 1.216E-03 Time OK
     158   2 1.907E-07 1.248E-03 Time OK
     159   2 2.454E-07 1.280E-03 Time OK
     160   2 3.062E-07 1.312E-03 Time OK
     161   2 3.730E-07 1.344E-03 Time OK
     162   2 4.454E-07 1.376E-03 Time OK
     163   2 5.232E-07 1.408E-03 Time OK
     164   2 6.062E-07 1.440E-03 Time OK
     165   2 6.941E-07 1.472E-03 Time OK
     166   2 7.866E-07 1.504E-03 Time OK
     167   2 8.837E-07 1.536E-03 Time OK
     168   2 9.852E-07 1.568E-03 Time OK
     169   2 1.091E-06 1.600E-03 Time OK
     170   2 1.200E-06 1.632E-03 Time OK
     171   2 1.314E-06 1.664E-03 Time OK
     172   2 1.431E-06 1.696E-03 Time OK
     173   2 1.552E-06 1.728E-03 Time OK
     174 --- --------- --------- Regridding
     174 --- --------- --------- Jacobian 00017
     174   8 7.806E-01 3.906E-03 Steady Fail
     175 --- --------- --------- Regridding
     175 --- --------- --------- Jacobian 00018
     175 --- --------- --------- Timestep 6.400E-05
     175   1 4.624E-06 1.792E-03 Time OK
     176   2 1.588E-07 1.856E-03 Time OK
     177   2 3.761E-07 1.920E-03 Time OK
     178   2 6.948E-07 1.984E-03 Time OK
     179   2 1.074E-06 2.048E-03 Time OK
     180   2 1.507E-06 2.112E-03 Time OK
     181   2 1.999E-06 2.176E-03 Time OK
     182   2 2.550E-06 2.240E-03 Time OK
     183   2 3.162E-06 2.304E-03 Time OK
     184   2 3.833E-06 2.368E-03 Time OK
     185   2 4.566E-06 2.432E-03 Time OK
     186   2 5.364E-06 2.496E-03 Time OK
     187   2 6.232E-06 2.560E-03 Time OK
     188   3 1.026E-07 2.624E-03 Time OK
     189   3 1.351E-07 2.688E-03 Time OK
     190   8 8.346E-05 3.906E-03 Steady Fail
     191 --- --------- --------- Regridding
     191 --- --------- --------- Jacobian 00019
     191   8 1.934E-02 3.906E-03 Steady Fail
     192 --- --------- --------- Regridding
     192 --- --------- --------- Jacobian 00020
     192 --- --------- --------- Timestep 6.400E-05
     192   1 2.960E-06 2.752E-03 Time OK
     193   2 1.175E-07 2.816E-03 Time OK
     194   2 2.615E-07 2.880E-03 Time OK
     195   2 4.780E-07 2.944E-03 Time OK
     196   2 7.521E-07 3.008E-03 Time OK
     197   2 1.078E-06 3.072E-03 Time OK
     198   2 1.461E-06 3.136E-03 Time OK
     199   2 1.906E-06 3.200E-03 Time OK
     200   2 2.420E-06 3.264E-03 Time OK
     201   2 3.007E-06 3.328E-03 Time OK
     202   2 3.674E-06 3.392E-03 Time OK
     203   2 4.427E-06 3.456E-03 Time OK
     204   3 1.117E-07 3.520E-03 Time OK
     205   3 1.462E-07 3.584E-03 Time OK
     206   3 1.892E-07 3.648E-03 Time OK
     207   3 2.408E-07 3.712E-03 Time OK
     208   3 3.018E-07 3.776E-03 Time OK
     209   3 3.734E-07 3.840E-03 Time OK
     210   3 4.566E-07 3.904E-03 Time OK
     211   3 5.525E-07 3.968E-03 Time OK
     212   3 6.622E-07 4.032E-03 Time OK
     213   3 7.867E-07 4.096E-03 Time OK
     214 --- --------- --------- Regridding
     214 --- --------- --------- Jacobian 00021
     214   8 1.172E-03 3.906E-03 Steady Fail
     215 --- --------- --------- Regridding
     215 --- --------- --------- Jacobian 00022
     215 --- --------- --------- Timestep 1.280E-04
     215   2 4.933E-07 4.224E-03 Time OK
     216   2 1.994E-06 4.352E-03 Time OK
     217   2 4.430E-06 4.480E-03 Time OK
     218   2 8.108E-06 4.608E-03 Time OK
     219   2 1.322E-05 4.736E-03 Time OK
     220   3 5.397E-07 4.864E-03 Time OK
     221   3 9.200E-07 4.992E-03 Time OK
     222   3 1.478E-06 5.120E-03 Time OK
     223   3 2.249E-06 5.248E-03 Time OK
     224   3 3.277E-06 5.376E-03 Time OK
     225   3 4.608E-06 5.504E-03 Time OK
     226   3 6.293E-06 5.632E-03 Time OK
     227   3 8.377E-06 5.760E-03 Time OK
     228   3 1.091E-05 5.888E-03 Time OK
     229   3 1.393E-05 6.016E-03 Time OK
     230   8 1.090E-04 3.906E-03 Steady Fail
     231 --- --------- --------- Regridding
     231 --- --------- --------- Jacobian 00023
     231   8 6.249E-04 7.813E-03 Steady OK
     232   2 7.115E-04 3.906E-03 Steady Fail
     233 --- --------- --------- Regridding
     233 --- --------- --------- Jacobian 00024
     233   8 8.941E-04 7.813E-03 Steady OK
     234   2 9.318E-04 3.906E-03 Steady Fail
     235 --- --------- --------- Regridding
     235 --- --------- --------- Jacobian 00025
     235   7 9.849E-04 1.563E-02 Steady OK
     236   3 1.329E-03 3.906E-03 Steady Fail
     237 --- --------- --------- Regridding
     237 --- --------- --------- Jacobian 00026
     237   8 1.265E-03 3.906E-03 Steady Fail
     238 --- --------- --------- Regridding
     238 --- --------- --------- Jacobian 00027
     238 --- --------- --------- Timestep 1.280E-04
     238   2 3.293E-06 6.144E-03 Time OK
     239   2 1.036E-05 6.272E-03 Time OK
     240   3 1.955E-08 6.400E-03 Time OK
     241   2 4.195E-06 6.528E-03 Time OK
     242   2 8.560E-06 6.656E-03 Time OK
     243   3 2.926E-07 6.784E-03 Time OK
     244   3 5.169E-07 6.912E-03 Time OK
     245   3 8.356E-07 7.040E-03 Time OK
     246   3 1.264E-06 7.168E-03 Time OK
     247   3 1.818E-06 7.296E-03 Time OK
     248   3 2.514E-06 7.424E-03 Time OK
     249   3 3.366E-06 7.552E-03 Time OK
     250   3 4.388E-06 7.680E-03 Time OK
     251   3 5.588E-06 7.808E-03 Time OK
     252   3 6.975E-06 7.936E-03 Time OK
     253   4 2.988E-06 8.064E-03 Time OK
     254   4 3.989E-06 8.192E-03 Time OK
     255   4 5.073E-06 8.320E-03 Time OK
     256   4 6.363E-06 8.448E-03 Time OK
     257   5 2.405E-06 8.576E-03 Time OK
     258   5 3.031E-06 8.704E-03 Time OK
     259   5 3.881E-06 8.832E-03 Time OK
     260 --- --------- --------- Regridding
     260 --- --------- --------- Jacobian 00028
     260   7 5.382E-04 1.563E-02 Steady OK
     261   3 5.364E-04 3.906E-03 Steady Fail
     262 --- --------- --------- Regridding
     262 --- --------- --------- Jacobian 00029
     262   6 7.205E-04 3.125E-02 Steady OK
     263   4 7.735E-04 3.906E-03 Steady Fail
     264 --- --------- --------- Regridding
     264 --- --------- --------- Jacobian 00030
     264   7 1.064E-03 1.563E-02 Steady OK
     265   3 1.069E-03 3.906E-03 Steady Fail
     266 --- --------- --------- Regridding
     266 --- --------- --------- Jacobian 00031
     266   7 1.092E-03 1.563E-02 Steady OK
     267   3 1.098E-03 3.906E-03 Steady Fail
     268 --- --------- --------- Regridding
     268 --- --------- --------- Jacobian 00032
     268   6 1.425E-03 3.125E-02 Steady OK
     269   4 1.453E-03 3.906E-03 Steady Fail
     270 --- --------- --------- Regridding
     270 --- --------- --------- Jacobian 00033
     270   7 1.817E-03 1.563E-02 Steady OK
     271   3 1.815E-03 3.906E-03 Steady Fail
     272 --- --------- --------- Regridding
     272 --- --------- --------- Jacobian 00034
     272   6 2.058E-03 3.125E-02 Steady OK
     273   4 2.079E-03 3.906E-03 Steady Fail
     274 --- --------- --------- Regridding
     274 --- --------- --------- Jacobian 00035
     274   6 2.459E-03 3.125E-02 Steady OK
     275   4 2.478E-03 3.906E-03 Steady Fail
     276 --- --------- --------- Regridding
     276 --- --------- --------- Jacobian 00036
     276   6 2.842E-03 3.125E-02 Steady OK
     277   4 2.859E-03 3.906E-03 Steady Fail
     278 --- --------- --------- Regridding
     278 --- --------- --------- Jacobian 00037
     278   6 3.178E-03 3.125E-02 Steady OK
     279   4 3.194E-03 3.906E-03 Steady Fail
     280 --- --------- --------- Regridding
     280 --- --------- --------- Jacobian 00038
     280   6 3.461E-03 3.125E-02 Steady OK
     281   4 3.477E-03 3.906E-03 Steady Fail
     282 --- --------- --------- Regridding
     282 --- --------- --------- Jacobian 00039
     282   6 3.792E-03 3.125E-02 Steady OK
     283   4 3.804E-03 3.906E-03 Steady Fail
     284 --- --------- --------- Regridding
     284 --- --------- --------- Jacobian 00040
     284   6 3.937E-03 3.125E-02 Steady OK
     285   4 3.950E-03 3.906E-03 Steady Fail
     286 --- --------- --------- Regridding
     286 --- --------- --------- Jacobian 00041
     286   6 4.021E-03 3.125E-02 Steady OK
     287   4 4.037E-03 3.906E-03 Steady Fail
     288 --- --------- --------- Regridding
     288 --- --------- --------- Jacobian 00042
     288   6 4.045E-03 3.125E-02 Steady OK
     289   4 4.063E-03 3.906E-03 Steady Fail
     290 --- --------- --------- Regridding
     290 --- --------- --------- Jacobian 00043
     290   7 4.016E-03 1.563E-02 Steady OK
     291   3 4.012E-03 3.906E-03 Steady Fail
     292 --- --------- --------- Regridding
     292 --- --------- --------- Jacobian 00044
     292   6 4.145E-03 3.125E-02 Steady OK
     293   4 4.162E-03 3.906E-03 Steady Fail
     294 --- --------- --------- Regridding
     294 --- --------- --------- Jacobian 00045
     294   6 4.122E-03 3.125E-02 Steady OK
     295   4 4.142E-03 3.906E-03 Steady Fail
     296 --- --------- --------- Regridding
     296 --- --------- --------- Jacobian 00046
     296   6 4.321E-03 3.125E-02 Steady OK
     297   4 4.338E-03 3.906E-03 Steady Fail
     298 --- --------- --------- Regridding
     298 --- --------- --------- Jacobian 00047
     298   6 4.379E-03 3.125E-02 Steady OK
     299   4 4.394E-03 3.906E-03 Steady Fail
     300 --- --------- --------- Regridding
     300 --- --------- --------- Jacobian 00048
     300   6 4.533E-03 3.125E-02 Steady OK
     301   4 4.546E-03 3.906E-03 Steady Fail
     302 --- --------- --------- Regridding
     302 --- --------- --------- Jacobian 00049
     302   6 4.624E-03 3.125E-02 Steady OK
     303   4 4.635E-03 3.906E-03 Steady Fail
     304 --- --------- --------- Regridding
     304 --- --------- --------- Jacobian 00050
     304   6 4.737E-03 3.125E-02 Steady OK
     305   4 4.745E-03 3.906E-03 Steady Fail
     306 --- --------- --------- Regridding
     306 --- --------- --------- Jacobian 00051
     306   6 4.818E-03 3.125E-02 Steady OK
     307   4 4.824E-03 3.906E-03 Steady Fail
     308 --- --------- --------- Regridding
     308 --- --------- --------- Jacobian 00052
     308   6 4.970E-03 3.125E-02 Steady OK
     309   4 4.972E-03 3.906E-03 Steady Fail
     310 --- --------- --------- Regridding
     310 --- --------- --------- Jacobian 00053
     310   6 4.997E-03 3.125E-02 Steady OK
     311   4 4.999E-03 3.906E-03 Steady Fail
     312 --- --------- --------- Regridding
     312 --- --------- --------- Jacobian 00054
     312   6 4.998E-03 3.125E-02 Steady OK
     313   4 5.000E-03 3.906E-03 Steady Fail
     314 --- --------- --------- Regridding
     314 --- --------- --------- Jacobian 00055
     314   6 5.167E-03 3.125E-02 Steady OK
     315   4 5.164E-03 3.906E-03 Steady Fail
     316 --- --------- --------- Regridding
     316 --- --------- --------- Jacobian 00056
     316   6 5.141E-03 3.125E-02 Steady OK
     317   4 5.138E-03 3.906E-03 Steady Fail
     318 --- --------- --------- Regridding
     318 --- --------- --------- Jacobian 00057
     318   5 5.355E-03 6.250E-02 Steady OK
     319   5 5.386E-03 3.906E-03 Steady Fail
     320 --- --------- --------- Regridding
     320 --- --------- --------- Jacobian 00058
     320   5 5.354E-03 6.250E-02 Steady OK
     321   5 5.389E-03 3.906E-03 Steady Fail
     322 --- --------- --------- Regridding
     322 --- --------- --------- Jacobian 00059
     322   5 5.551E-03 6.250E-02 Steady OK
     323   5 5.580E-03 3.906E-03 Steady Fail
     324 --- --------- --------- Regridding
     324 --- --------- --------- Jacobian 00060
     324   5 5.471E-03 6.250E-02 Steady OK
     325   5 5.499E-03 3.906E-03 Steady Fail
     326 --- --------- --------- Regridding
     326 --- --------- --------- Jacobian 00061
     326   5 5.632E-03 6.250E-02 Steady OK
     327   5 5.652E-03 3.906E-03 Steady Fail
     328 --- --------- --------- Regridding
     328 --- --------- --------- Jacobian 00062
     328   5 5.563E-03 6.250E-02 Steady OK
     329   5 5.579E-03 3.906E-03 Steady Fail
     330 --- --------- --------- Regridding
     330 --- --------- --------- Jacobian 00063
     330   5 5.673E-03 6.250E-02 Steady OK
     331   5 5.680E-03 3.906E-03 Steady Fail
     332 --- --------- --------- Regridding
     332 --- --------- --------- Jacobian 00064
     332   5 5.581E-03 6.250E-02 Steady OK
     333   5 5.585E-03 3.906E-03 Steady Fail
     334 --- --------- --------- Regridding
     334 --- --------- --------- Jacobian 00065
     334   5 5.483E-03 6.250E-02 Steady OK
     335   5 5.483E-03 3.906E-03 Steady Fail
     336 --- --------- --------- Regridding
     336 --- --------- --------- Jacobian 00066
     336   4 5.637E-03 1.250E-01 Steady OK
     337   6 5.666E-03 3.906E-03 Steady Fail
     338 --- --------- --------- Regridding
     338 --- --------- --------- Jacobian 00067
     338   4 5.564E-03 1.250E-01 Steady OK
     339   6 5.580E-03 3.906E-03 Steady Fail
     340 --- --------- --------- Regridding
     340 --- --------- --------- Jacobian 00068
     340   4 5.382E-03 1.250E-01 Steady OK
     341   6 5.386E-03 3.906E-03 Steady Fail
     342 --- --------- --------- Regridding
     342 --- --------- --------- Jacobian 00069
     342   4 5.206E-03 1.250E-01 Steady OK
     343   6 5.200E-03 3.906E-03 Steady Fail
     344 --- --------- --------- Regridding
     344 --- --------- --------- Jacobian 00070
     344   3 5.011E-03 2.500E-01 Steady OK
     345   7 5.024E-03 3.906E-03 Steady Fail
     346 --- --------- --------- Regridding
     346 --- --------- --------- Jacobian 00071
     346   3 4.471E-03 2.500E-01 Steady OK
     347   7 4.467E-03 3.906E-03 Steady Fail
     348 --- --------- --------- Regridding
     348 --- --------- --------- Jacobian 00072
     348   2 3.788E-03 5.000E-01 Steady OK
     349   4 3.740E-03 1.250E-01 Steady OK
     350   1 3.689E-03 2.500E-01 Steady OK
     351   1 3.505E-03 5.000E-01 Steady OK
     352   1 2.048E-03 1.000E+00 Steady OK
     353   1 5.020E-05 1.000E+00 Steady OK
     354   1 4.229E-06 1.000E+00 Steady OK
     355   1 4.686E-07 1.000E+00 Steady OK
     356   1 4.292E-08 1.000E+00 Steady OK
     357   1 6.270E-09 1.000E+00 Steady OK
     358   1 1.457E-09 1.000E+00 Steady OK
     359   1 3.261E-10 1.000E+00 Steady OK
     360   1 7.211E-11 1.000E+00 Steady OK
 
------------------------------------------------------------------------
 
Simulation stopped:
  => Converged!
 
------------------------------------------------------------------------
 
Postprocessing output:
  => Position reaction layer      :  1.9982054E+00 cm
  => Temperature reaction layer   :  1.8357047E+03 K
  => Mass burning rate            :  8.5347287E-02 gr/(cm2s)
  => Burning velocity (unburnt)   :  1.0788463E+02 cm/s
  => Maximum temperature          :  1.8380000E+03 K
  => Minimum temperature          :  3.0000000E+02 K
  => Flame thickness (max grad T) :  4.8316715E-01 cm
  => Stoichiometric mixture frac. :  0.0000000E+00 -
  => Position stoich mixture      : -1.7342530E-01 cm
  => Temperature at stoich mixture:  5.3966791E+02 K
  => Scalar dissipation at stoich :  3.2051891E-34 1/s
 
========================================================================
 
==> LogClose : Closing logfile
