==> LogWrite : Opening logfile
 
========================================================================
 
 
OOOOOOOOOOOOOOOOOOOOOOOOOOOOOOOOOOOOOOOOOOOOOO
O                                            O
O     @@@@  @  @  @@@@  @   @    @  @@@b     O
O     @     @  @  @     @@ @@   @@  @  @     O
O     @     @@@@  @@@@  @ @ @    @  @  @     O
O     @     @  @  @     @   @    @  @  @     O
O     @@@@  @  @  @@@@  @   @    @  @@@P     O
O                                            O
O     A ONE DIMENSIONAL FLAME CODE           O
O                                            O
O     Version:                               O
O     Release: 2012-06-01 08:38:57 +0200     O
O                                            O
OOOOOOOOOOOOOOOOOOOOOOOOOOOOOOOOOOOOOOOOOOOOOO
 
 
 
* Developed at the Eindhoven University of Technology
 
* http://www.combustion.tue.nl
 
========================================================================
 
Reading CHEM1D input files
    => Start reading chemistry 
    ==> CheckTroeData : Started
    ==> CheckTroeData : Finished
    => Finished reading chemistry
    => Thermodynamical Data   [OK]
    ElementName        Mass
    1  O                 1.5999400E+01
    2  H                 1.0079700E+00
    3  C                 1.2011200E+01
    4  N                 1.4006700E+01
    5  AR                3.9948000E+01

    SpeciesName        Mass
    1  H2                2.0159400E+00
    2  H                 1.0079700E+00
    3  O                 1.5999400E+01
    4  O2                3.1998800E+01
    5  OH                1.7007370E+01
    6  H2O               1.8015340E+01
    7  HO2               3.3006770E+01
    8  CH2               1.4027140E+01
    9  CH2(S)            1.4027140E+01
   10  CH3               1.5035110E+01
   11  CH4               1.6043080E+01
   12  CO                2.8010600E+01
   13  CO2               4.4010000E+01
   14  HCO               2.9018570E+01
   15  CH2O              3.0026540E+01
   16  CH3O              3.1034510E+01
   17  C2H4              2.8054280E+01
   18  C2H5              2.9062250E+01
   19  C2H6              3.0070220E+01
   20  N                 1.4006700E+01
   21  NO                3.0006100E+01
   22  N2                2.8013400E+01
   23  AR                3.9948000E+01

    => Reactions + rate coefficients 

       (1) O + H + M = OH + M
             A =  5.000E+17  beta = -1.000E+00  Ea/R =  0.000E+00   K
      Enhanced by:
      H2          2.00
      H2O         6.00
      CH4         2.00
      CO          1.50
      CO2         2.00
      C2H6        3.00
      AR          0.70

       (2) O + H2 = H + OH
             A =  5.000E+04  beta =  2.670E+00  Ea/R =  3.167E+03   K

       (3) O + HO2 = OH + O2
             A =  2.000E+13  beta =  0.000E+00  Ea/R =  0.000E+00   K

       (4) O + CH2 = H + HCO
             A =  8.000E+13  beta =  0.000E+00  Ea/R =  0.000E+00   K

       (5) O + CH2(S) = H + HCO
             A =  1.500E+13  beta =  0.000E+00  Ea/R =  0.000E+00   K

       (6) O + CH3 = H + CH2O
             A =  8.430E+13  beta =  0.000E+00  Ea/R =  0.000E+00   K

       (7) O + CH4 = OH + CH3
             A =  1.020E+09  beta =  1.500E+00  Ea/R =  4.331E+03   K

       (8) O + CO + M = CO2 + M
             A =  6.020E+14  beta =  0.000E+00  Ea/R =  1.511E+03   K
      Enhanced by:
      H2          2.00
      O2          6.00
      H2O         6.00
      CH4         2.00
      CO          1.50
      CO2         3.50
      C2H6        3.00
      AR          0.50

       (9) O + HCO = OH + CO
             A =  3.000E+13  beta =  0.000E+00  Ea/R =  0.000E+00   K

       (10) O + HCO = H + CO2
             A =  3.000E+13  beta =  0.000E+00  Ea/R =  0.000E+00   K

       (11) O + CH2O = OH + HCO
             A =  3.900E+13  beta =  0.000E+00  Ea/R =  1.783E+03   K

       (12) O + C2H4 = CH3 + HCO
             A =  1.920E+07  beta =  1.830E+00  Ea/R =  1.108E+02   K

       (13) O + C2H5 = CH3 + CH2O
             A =  1.320E+14  beta =  0.000E+00  Ea/R =  0.000E+00   K

       (14) O + C2H6 = OH + C2H5
             A =  8.980E+07  beta =  1.920E+00  Ea/R =  2.865E+03   K

       (15) O2 + CO = O + CO2
             A =  2.500E+12  beta =  0.000E+00  Ea/R =  2.407E+04   K

       (16) O2 + CH2O = HO2 + HCO
             A =  1.000E+14  beta =  0.000E+00  Ea/R =  2.014E+04   K

       (17) H + O2 + M = HO2 + M
             A =  2.800E+18  beta = -8.600E-01  Ea/R =  0.000E+00   K
      Enhanced by:
      O2          0.00
      H2O         0.00
      CO          0.75
      CO2         1.50
      C2H6        1.50
      N2          0.00
      AR          0.00

       (18) H + O2 + O2 = HO2 + O2
             A =  3.000E+20  beta = -1.720E+00  Ea/R =  0.000E+00   K

       (19) H + O2 + H2O = HO2 + H2O
             A =  9.380E+18  beta = -7.600E-01  Ea/R =  0.000E+00   K

       (20) H + O2 + N2 = HO2 + N2
             A =  3.750E+20  beta = -1.720E+00  Ea/R =  0.000E+00   K

       (21) H + O2 + AR = HO2 + AR
             A =  7.000E+17  beta = -8.000E-01  Ea/R =  0.000E+00   K

       (22) H + O2 = O + OH
             A =  8.300E+13  beta =  0.000E+00  Ea/R =  7.258E+03   K

       (23) H + H + M = H2 + M
             A =  1.000E+18  beta = -1.000E+00  Ea/R =  0.000E+00   K
      Enhanced by:
      H2          0.00
      H2O         0.00
      CH4         2.00
      CO2         0.00
      C2H6        3.00
      AR          0.63

       (24) H + H + H2 = H2 + H2
             A =  9.000E+16  beta = -6.000E-01  Ea/R =  0.000E+00   K

       (25) H + H + H2O = H2 + H2O
             A =  6.000E+19  beta = -1.250E+00  Ea/R =  0.000E+00   K

       (26) H + H + CO2 = H2 + CO2
             A =  5.500E+20  beta = -2.000E+00  Ea/R =  0.000E+00   K

       (27) H + OH + M = H2O + M
             A =  2.200E+22  beta = -2.000E+00  Ea/R =  0.000E+00   K
      Enhanced by:
      H2          0.73
      H2O         3.65
      CH4         2.00
      C2H6        3.00
      AR          0.38

       (28) H + HO2 = O2 + H2
             A =  2.800E+13  beta =  0.000E+00  Ea/R =  5.378E+02   K

       (29) H + HO2 = OH + OH
             A =  1.340E+14  beta =  0.000E+00  Ea/R =  3.198E+02   K

       (30) H + CH2 + M = CH3 + M
             A =  2.500E+16  beta = -8.000E-01  Ea/R =  0.000E+00   K
      LOW pressure limit: 
      A =  3.200E+27  beta = -3.140E+00  Ea/R =  6.194E+02   K
      TROE centering:
          a = 0.680E+00
       T*** = 0.780E+02 K
         T* = 0.200E+04 K
        T** = 0.559E+04 K
      Enhanced by:
      H2          2.00
      H2O         6.00
      CH4         2.00
      CO          1.50
      CO2         2.00
      C2H6        3.00
      AR          0.70

       (31) H + CH3 + M = CH4 + M
             A =  1.270E+16  beta = -6.300E-01  Ea/R =  1.929E+02   K
      LOW pressure limit: 
      A =  2.477E+33  beta = -4.760E+00  Ea/R =  1.229E+03   K
      TROE centering:
          a = 0.783E+00
       T*** = 0.740E+02 K
         T* = 0.294E+04 K
        T** = 0.696E+04 K
      Enhanced by:
      H2          2.00
      H2O         6.00
      CH4         2.00
      CO          1.50
      CO2         2.00
      C2H6        3.00
      AR          0.70

       (32) H + CH4 = CH3 + H2
             A =  6.600E+08  beta =  1.620E+00  Ea/R =  5.459E+03   K

       (33) H + HCO + M = CH2O + M
             A =  1.090E+12  beta =  4.800E-01  Ea/R = -1.309E+02   K
      LOW pressure limit: 
      A =  1.350E+24  beta = -2.570E+00  Ea/R =  7.176E+02   K
      TROE centering:
          a = 0.782E+00
       T*** = 0.271E+03 K
         T* = 0.276E+04 K
        T** = 0.657E+04 K
      Enhanced by:
      H2          2.00
      H2O         6.00
      CH4         2.00
      CO          1.50
      CO2         2.00
      C2H6        3.00
      AR          0.70

       (34) H + HCO = H2 + CO
             A =  7.340E+13  beta =  0.000E+00  Ea/R =  0.000E+00   K

       (35) H + CH2O + M = CH3O + M
             A =  5.400E+11  beta =  4.540E-01  Ea/R =  1.309E+03   K
      LOW pressure limit: 
      A =  2.200E+30  beta = -4.800E+00  Ea/R =  2.800E+03   K
      TROE centering:
          a = 0.758E+00
       T*** = 0.940E+02 K
         T* = 0.156E+04 K
        T** = 0.420E+04 K
      Enhanced by:
      H2          2.00
      H2O         6.00
      CH4         2.00
      CO          1.50
      CO2         2.00
      C2H6        3.00

       (36) H + CH2O = HCO + H2
             A =  2.300E+10  beta =  1.050E+00  Ea/R =  1.649E+03   K

       (37) H + CH3O = OH + CH3
             A =  3.200E+13  beta =  0.000E+00  Ea/R =  0.000E+00   K

       (38) H + C2H4 + M = C2H5 + M
             A =  1.080E+12  beta =  4.540E-01  Ea/R =  9.165E+02   K
      LOW pressure limit: 
      A =  1.200E+42  beta = -7.620E+00  Ea/R =  3.510E+03   K
      TROE centering:
          a = 0.975E+00
       T*** = 0.210E+03 K
         T* = 0.984E+03 K
        T** = 0.437E+04 K
      Enhanced by:
      H2          2.00
      H2O         6.00
      CH4         2.00
      CO          1.50
      CO2         2.00
      C2H6        3.00
      AR          0.70

       (39) H + C2H5 + M = C2H6 + M
             A =  5.210E+17  beta = -9.900E-01  Ea/R =  7.956E+02   K
      LOW pressure limit: 
      A =  1.990E+41  beta = -7.080E+00  Ea/R =  3.366E+03   K
      TROE centering:
          a = 0.842E+00
       T*** = 0.125E+03 K
         T* = 0.222E+04 K
        T** = 0.688E+04 K
      Enhanced by:
      H2          2.00
      H2O         6.00
      CH4         2.00
      CO          1.50
      CO2         2.00
      C2H6        3.00
      AR          0.70

       (40) H + C2H6 = C2H5 + H2
             A =  1.150E+08  beta =  1.900E+00  Ea/R =  3.792E+03   K

       (41) H2 + CO + M = CH2O + M
             A =  4.300E+07  beta =  1.500E+00  Ea/R =  4.008E+04   K
      LOW pressure limit: 
      A =  5.070E+27  beta = -3.420E+00  Ea/R =  4.248E+04   K
      TROE centering:
          a = 0.932E+00
       T*** = 0.197E+03 K
         T* = 0.154E+04 K
        T** = 0.103E+05 K
      Enhanced by:
      H2          2.00
      H2O         6.00
      CH4         2.00
      CO          1.50
      CO2         2.00
      C2H6        3.00
      AR          0.70

       (42) OH + H2 = H + H2O
             A =  2.160E+08  beta =  1.510E+00  Ea/R =  1.727E+03   K

       (43) OH + OH = O + H2O
             A =  3.570E+04  beta =  2.400E+00  Ea/R = -1.063E+03   K

       (44) OH + HO2 = O2 + H2O
             A =  2.900E+13  beta =  0.000E+00  Ea/R = -2.518E+02   K

       (45) OH + CH2 = H + CH2O
             A =  2.000E+13  beta =  0.000E+00  Ea/R =  0.000E+00   K

       (46) OH + CH2(S) = H + CH2O
             A =  3.000E+13  beta =  0.000E+00  Ea/R =  0.000E+00   K

       (47) OH + CH3 = CH2 + H2O
             A =  5.600E+07  beta =  1.600E+00  Ea/R =  2.729E+03   K

       (48) OH + CH3 = CH2(S) + H2O
             A =  2.501E+13  beta =  0.000E+00  Ea/R =  0.000E+00   K

       (49) OH + CH4 = CH3 + H2O
             A =  1.000E+08  beta =  1.600E+00  Ea/R =  1.571E+03   K

       (50) OH + CO = H + CO2
             A =  4.760E+07  beta =  1.228E+00  Ea/R =  3.525E+01   K

       (51) OH + HCO = H2O + CO
             A =  5.000E+13  beta =  0.000E+00  Ea/R =  0.000E+00   K

       (52) OH + CH2O = HCO + H2O
             A =  3.430E+09  beta =  1.180E+00  Ea/R = -2.251E+02   K

       (53) OH + C2H6 = C2H5 + H2O
             A =  3.540E+06  beta =  2.120E+00  Ea/R =  4.381E+02   K

       (54) HO2 + CH2 = OH + CH2O
             A =  2.000E+13  beta =  0.000E+00  Ea/R =  0.000E+00   K

       (55) HO2 + CH3 = O2 + CH4
             A =  1.000E+12  beta =  0.000E+00  Ea/R =  0.000E+00   K

       (56) HO2 + CH3 = OH + CH3O
             A =  2.000E+13  beta =  0.000E+00  Ea/R =  0.000E+00   K

       (57) HO2 + CO = OH + CO2
             A =  1.500E+14  beta =  0.000E+00  Ea/R =  1.188E+04   K

       (58) CH2 + O2 = OH + HCO
             A =  1.320E+13  beta =  0.000E+00  Ea/R =  7.553E+02   K

       (59) CH2 + H2 = H + CH3
             A =  5.000E+05  beta =  2.000E+00  Ea/R =  3.641E+03   K

       (60) CH2 + CH3 = H + C2H4
             A =  4.000E+13  beta =  0.000E+00  Ea/R =  0.000E+00   K

       (61) CH2 + CH4 = CH3 + CH3
             A =  2.460E+06  beta =  2.000E+00  Ea/R =  4.164E+03   K

       (62) CH2(S) + N2 = CH2 + N2
             A =  1.500E+13  beta =  0.000E+00  Ea/R =  3.021E+02   K

       (63) CH2(S) + AR = CH2 + AR
             A =  9.000E+12  beta =  0.000E+00  Ea/R =  3.021E+02   K

       (64) CH2(S) + O2 = H + OH + CO
             A =  2.800E+13  beta =  0.000E+00  Ea/R =  0.000E+00   K

       (65) CH2(S) + O2 = CO + H2O
             A =  1.200E+13  beta =  0.000E+00  Ea/R =  0.000E+00   K

       (66) CH2(S) + H2 = CH3 + H
             A =  7.000E+13  beta =  0.000E+00  Ea/R =  0.000E+00   K

       (67) CH2(S) + H2O = CH2 + H2O
             A =  3.000E+13  beta =  0.000E+00  Ea/R =  0.000E+00   K

       (68) CH2(S) + CH3 = H + C2H4
             A =  1.200E+13  beta =  0.000E+00  Ea/R = -2.870E+02   K

       (69) CH2(S) + CH4 = CH3 + CH3
             A =  1.600E+13  beta =  0.000E+00  Ea/R = -2.870E+02   K

       (70) CH2(S) + CO = CH2 + CO
             A =  9.000E+12  beta =  0.000E+00  Ea/R =  0.000E+00   K

       (71) CH2(S) + CO2 = CH2 + CO2
             A =  7.000E+12  beta =  0.000E+00  Ea/R =  0.000E+00   K

       (72) CH2(S) + CO2 = CO + CH2O
             A =  1.400E+13  beta =  0.000E+00  Ea/R =  0.000E+00   K

       (73) CH3 + O2 = O + CH3O
             A =  2.675E+13  beta =  0.000E+00  Ea/R =  1.450E+04   K

       (74) CH3 + O2 = OH + CH2O
             A =  3.600E+10  beta =  0.000E+00  Ea/R =  4.502E+03   K

       (75) CH3 + CH3 + M = C2H6 + M
             A =  2.120E+16  beta = -9.700E-01  Ea/R =  3.122E+02   K
      LOW pressure limit: 
      A =  1.770E+50  beta = -9.670E+00  Ea/R =  3.132E+03   K
      TROE centering:
          a = 0.532E+00
       T*** = 0.151E+03 K
         T* = 0.104E+04 K
        T** = 0.497E+04 K
      Enhanced by:
      H2          2.00
      H2O         6.00
      CH4         2.00
      CO          1.50
      CO2         2.00
      C2H6        3.00
      AR          0.70

       (76) CH3 + CH3 = H + C2H5
             A =  4.990E+12  beta =  1.000E-01  Ea/R =  5.338E+03   K

       (77) CH3 + HCO = CH4 + CO
             A =  2.648E+13  beta =  0.000E+00  Ea/R =  0.000E+00   K

       (78) CH3 + CH2O = HCO + CH4
             A =  3.320E+03  beta =  2.810E+00  Ea/R =  2.951E+03   K

       (79) CH3 + C2H6 = C2H5 + CH4
             A =  6.140E+06  beta =  1.740E+00  Ea/R =  5.262E+03   K

       (80) HCO + H2O = H + CO + H2O
             A =  2.244E+18  beta = -1.000E+00  Ea/R =  8.561E+03   K

       (81) HCO + M = H + CO + M
             A =  1.870E+17  beta = -1.000E+00  Ea/R =  8.561E+03   K
      Enhanced by:
      H2          2.00
      H2O         0.00
      CH4         2.00
      CO          1.50
      CO2         2.00
      C2H6        3.00

       (82) HCO + O2 = HO2 + CO
             A =  7.600E+12  beta =  0.000E+00  Ea/R =  2.014E+02   K

       (83) CH3O + O2 = HO2 + CH2O
             A =  4.280E-13  beta =  7.600E+00  Ea/R = -1.778E+03   K

       (84) C2H5 + O2 = HO2 + C2H4
             A =  8.400E+11  beta =  0.000E+00  Ea/R =  1.951E+03   K

       (85) N + NO = N2 + O
             A =  2.700E+13  beta =  0.000E+00  Ea/R =  1.788E+02   K

       (86) N + O2 = NO + O
             A =  9.000E+09  beta =  1.000E+00  Ea/R =  3.273E+03   K

       (87) N + OH = NO + H
             A =  3.360E+13  beta =  0.000E+00  Ea/R =  1.939E+02   K

    => Defaultsfile           [OK]
    => Settingsfile           [OK]
    => Commandline options    [OK]
    => Start reading .chm file
        [MSG] Transport parameters    [OK]
        [MSG] Conductivity parameters [OK]
        [MSG] Viscosity parameters    [OK]
        [MSG] Difusivity parameters   [OK]
        [MSG] Thermal parameters      [OK]
    => Reading .chm file      [OK]
    => CHEM1D datafile        [OK]
    => Setting grid weights :
        DENSITY            1.00000
        TEMP               1.00000
        CH4                1.00000
        HEATREL            1.00000
 
 
------------------------------------------------------------------------
 
Simulation settings:
    => Counterflow flame
    => Stationary solution
    => Detailed chemistry model
    => Mixture averaged diffusion model
    => No radiation model
    => No model for heat exchanger
 
------------------------------------------------------------------------
 
Variables:
       Name              BC_Left      BC_Right     Unit
  1) * H2                1.03421E-02  0.00000E+00  Mass frac.
  2) * H                 0.00000E+00  0.00000E+00  Mass frac.
  3) * O                 0.00000E+00  0.00000E+00  Mass frac.
  4) * O2                1.36799E-01  5.70679E-02  Mass frac.
  5) * OH                0.00000E+00  0.00000E+00  Mass frac.
  6) * H2O               0.00000E+00  9.63882E-02  Mass frac.
  7) * HO2               0.00000E+00  0.00000E+00  Mass frac.
  8) * CH2               0.00000E+00  0.00000E+00  Mass frac.
  9) * CH2(S)            0.00000E+00  0.00000E+00  Mass frac.
 10) * CH3               0.00000E+00  0.00000E+00  Mass frac.
 11) * CH4               4.06511E-01  3.81039E-01  Mass frac.
 12) * CO                0.00000E+00  0.00000E+00  Mass frac.
 13) * CO2               0.00000E+00  0.00000E+00  Mass frac.
 14) * HCO               0.00000E+00  0.00000E+00  Mass frac.
 15) * CH2O              0.00000E+00  0.00000E+00  Mass frac.
 16) * CH3O              0.00000E+00  0.00000E+00  Mass frac.
 17) * C2H4              0.00000E+00  0.00000E+00  Mass frac.
 18) * C2H5              0.00000E+00  0.00000E+00  Mass frac.
 19) * C2H6              0.00000E+00  0.00000E+00  Mass frac.
 20) * N                 0.00000E+00  0.00000E+00  Mass frac.
 21) * NO                0.00000E+00  0.00000E+00  Mass frac.
 22) * N2                4.46349E-01  4.65505E-01  Mass frac.
 23) * AR                0.00000E+00  0.00000E+00  Mass frac.
 24) * Temp              3.00000E+02  1.83800E+03  K
 25) * Massflow          9.49317E-03  1.65306E-03  gr/(cm2 s)
 26) * Enthalpy         -1.88720E+03  8.69248E+02  J/gr
 27) * MixFrac           1.00000E+00  1.00000E+00  -
 28) * Stretch           2.08645E+03  5.00000E+03  1/s
 29)   Press             1.00000E+05  1.00000E+05  Pa
 30)   Density           7.91098E-04  1.37755E-04  gr/cm3
 31)   MeanMass          1.97327E+01  2.10517E+01  gr/mol
 32)   Surface           0.00000E+00  0.00000E+00  cm2
 33)   Porosity          0.00000E+00  0.00000E+00  -
 34)   Tsolid            0.00000E+00  0.00000E+00  K
 35)   HeatRel           0.00000E+00  0.00000E+00  J/(cm3 s)
 36)   Dissipation       0.00000E+00  0.00000E+00  -
 
------------------------------------------------------------------------
 
       0 --- --------- --------- Start solver
       1 --- --------- --------- Regridding
       1 --- --------- --------- Jacobian 00001
       1   8 5.643E-04 3.906E-03 Steady Fail
       2 --- --------- --------- Regridding
       2 --- --------- --------- Jacobian 00002
       2 --- --------- --------- Timestep 1.000E-06
       2   2 3.876E-08 1.000E-06 Time OK
       3   3 5.956E-06 2.000E-06 Time OK
       4   6 7.203E-07 3.000E-06 Time OK
       5   6 7.736E-07 4.000E-06 Time OK
       6   6 7.675E-07 5.000E-06 Time OK
       7   6 7.447E-07 6.000E-06 Time OK
       8   6 7.206E-07 7.000E-06 Time OK
       9   7 3.340E-07 8.000E-06 Time OK
      10   7 3.239E-07 9.000E-06 Time OK
      11   7 3.177E-07 1.000E-05 Time OK
      12   7 3.134E-07 1.100E-05 Time OK
      13   7 3.101E-07 1.200E-05 Time OK
      14   7 3.074E-07 1.300E-05 Time OK
      15   7 3.052E-07 1.400E-05 Time OK
      16   7 3.033E-07 1.500E-05 Time OK
      17   7 3.017E-07 1.600E-05 Time OK
      18   7 3.004E-07 1.700E-05 Time OK
      19   7 2.994E-07 1.800E-05 Time OK
      20   7 2.986E-07 1.900E-05 Time OK
      21   7 2.980E-07 2.000E-05 Time OK
      22   7 2.977E-07 2.100E-05 Time OK
      23   7 2.975E-07 2.200E-05 Time OK
      24 --- --------- --------- Regridding
      24 --- --------- --------- Jacobian 00003
      24   8 1.325E-03 3.906E-03 Steady Fail
      25 --- --------- --------- Regridding
      25 --- --------- --------- Jacobian 00004
      25 --- --------- --------- Timestep 1.000E-06
      25   1 3.303E-07 2.300E-05 Time OK
      26   1 4.923E-07 2.400E-05 Time OK
      27   2 2.885E-09 2.500E-05 Time OK
      28   2 5.534E-09 2.600E-05 Time OK
      29   2 8.829E-09 2.700E-05 Time OK
      30   2 1.272E-08 2.800E-05 Time OK
      31   2 1.719E-08 2.900E-05 Time OK
      32   2 2.220E-08 3.000E-05 Time OK
      33   2 2.772E-08 3.100E-05 Time OK
      34   2 3.370E-08 3.200E-05 Time OK
      35   2 4.010E-08 3.300E-05 Time OK
      36   2 4.685E-08 3.400E-05 Time OK
      37   2 5.393E-08 3.500E-05 Time OK
      38   2 6.128E-08 3.600E-05 Time OK
      39   2 6.887E-08 3.700E-05 Time OK
      40   2 7.665E-08 3.800E-05 Time OK
      41   2 8.460E-08 3.900E-05 Time OK
      42   2 9.267E-08 4.000E-05 Time OK
      43   2 1.008E-07 4.100E-05 Time OK
      44   2 1.091E-07 4.200E-05 Time OK
      45   2 1.173E-07 4.300E-05 Time OK
      46   2 1.255E-07 4.400E-05 Time OK
      47 --- --------- --------- Regridding
      47 --- --------- --------- Jacobian 00005
      47   8 1.682E-04 3.906E-03 Steady Fail
      48 --- --------- --------- Regridding
      48 --- --------- --------- Jacobian 00006
      48 --- --------- --------- Timestep 2.000E-06
      48   2 7.647E-09 4.600E-05 Time OK
      49   2 3.570E-08 4.800E-05 Time OK
      50   2 6.452E-08 5.000E-05 Time OK
      51   2 1.192E-07 5.200E-05 Time OK
      52   2 1.833E-07 5.400E-05 Time OK
      53   2 2.557E-07 5.600E-05 Time OK
      54   2 3.352E-07 5.800E-05 Time OK
      55   2 4.200E-07 6.000E-05 Time OK
      56   3 1.696E-08 6.200E-05 Time OK
      57   3 2.157E-08 6.400E-05 Time OK
      58   3 2.649E-08 6.600E-05 Time OK
      59   3 3.163E-08 6.800E-05 Time OK
      60   3 3.693E-08 7.000E-05 Time OK
      61   3 4.234E-08 7.200E-05 Time OK
      62   3 4.781E-08 7.400E-05 Time OK
      63   3 5.333E-08 7.600E-05 Time OK
      64   3 5.890E-08 7.800E-05 Time OK
      65   3 6.451E-08 8.000E-05 Time OK
      66   3 7.020E-08 8.200E-05 Time OK
      67   3 7.597E-08 8.400E-05 Time OK
      68   3 8.185E-08 8.600E-05 Time OK
      69   3 8.782E-08 8.800E-05 Time OK
      70 --- --------- --------- Regridding
      70 --- --------- --------- Jacobian 00007
      70   8 5.145E-05 7.813E-03 Steady OK
      71   2 1.052E-04 3.906E-03 Steady Fail
      72 --- --------- --------- Regridding
      72 --- --------- --------- Jacobian 00008
      72   8 6.828E-05 7.813E-03 Steady OK
      73   2 1.177E-04 3.906E-03 Steady Fail
      74 --- --------- --------- Regridding
      74 --- --------- --------- Jacobian 00009
      74   8 7.575E-05 3.906E-03 Steady Fail
      75 --- --------- --------- Regridding
      75 --- --------- --------- Jacobian 00010
      75 --- --------- --------- Timestep 4.000E-06
      75   2 1.456E-07 9.200E-05 Time OK
      76   2 2.978E-07 9.600E-05 Time OK
      77   2 3.111E-07 1.000E-04 Time OK
      78   2 6.781E-07 1.040E-04 Time OK
      79   3 4.401E-08 1.080E-04 Time OK
      80   3 7.192E-08 1.120E-04 Time OK
      81   3 1.018E-07 1.160E-04 Time OK
      82   3 1.306E-07 1.200E-04 Time OK
      83   3 1.559E-07 1.240E-04 Time OK
      84   3 1.760E-07 1.280E-04 Time OK
      85   3 1.912E-07 1.320E-04 Time OK
      86   3 2.035E-07 1.360E-04 Time OK
      87   3 2.171E-07 1.400E-04 Time OK
      88   3 2.370E-07 1.440E-04 Time OK
      89   3 2.675E-07 1.480E-04 Time OK
      90   3 3.112E-07 1.520E-04 Time OK
      91   8 5.781E-07 1.560E-04 Time OK
      92   8 5.992E-07 1.600E-04 Time OK
      93   8 6.220E-07 1.640E-04 Time OK
      94   9 3.382E-07 1.680E-04 Time OK
      95   9 3.517E-07 1.720E-04 Time OK
      96   9 3.659E-07 1.760E-04 Time OK
      97 --- --------- --------- Regridding
      97 --- --------- --------- Jacobian 00011
      97   7 4.309E-05 1.563E-02 Steady OK
      98   3 5.432E-05 3.906E-03 Steady Fail
      99 --- --------- --------- Regridding
      99 --- --------- --------- Jacobian 00012
      99   7 5.235E-05 1.563E-02 Steady OK
     100   3 6.474E-05 3.906E-03 Steady Fail
     101 --- --------- --------- Regridding
     101 --- --------- --------- Jacobian 00013
     101   7 7.396E-05 1.563E-02 Steady OK
     102   3 8.505E-05 3.906E-03 Steady Fail
     103 --- --------- --------- Regridding
     103 --- --------- --------- Jacobian 00014
     103   7 9.446E-05 1.563E-02 Steady OK
     104   3 1.051E-04 3.906E-03 Steady Fail
     105 --- --------- --------- Regridding
     105 --- --------- --------- Jacobian 00015
     105   8 1.152E-04 3.906E-03 Steady Fail
     106 --- --------- --------- Regridding
     106 --- --------- --------- Jacobian 00016
     106 --- --------- --------- Timestep 4.000E-06
     106   2 1.502E-08 1.800E-04 Time OK
     107   2 5.046E-08 1.840E-04 Time OK
     108   2 5.556E-08 1.880E-04 Time OK
     109   2 7.470E-08 1.920E-04 Time OK
     110   2 1.141E-07 1.960E-04 Time OK
     111   2 1.663E-07 2.000E-04 Time OK
     112   2 2.281E-07 2.040E-04 Time OK
     113   2 2.997E-07 2.080E-04 Time OK
     114   2 3.816E-07 2.120E-04 Time OK
     115   3 6.139E-08 2.160E-04 Time OK
     116   3 8.380E-08 2.200E-04 Time OK
     117   3 1.125E-07 2.240E-04 Time OK
     118   3 1.461E-07 2.280E-04 Time OK
     119   3 1.850E-07 2.320E-04 Time OK
     120   3 2.291E-07 2.360E-04 Time OK
     121   3 2.782E-07 2.400E-04 Time OK
     122   3 3.321E-07 2.440E-04 Time OK
     123   3 3.903E-07 2.480E-04 Time OK
     124   8 3.716E-07 2.520E-04 Time OK
     125   8 3.892E-07 2.560E-04 Time OK
     126   8 4.048E-07 2.600E-04 Time OK
     127   8 4.190E-07 2.640E-04 Time OK
     128 --- --------- --------- Regridding
     128 --- --------- --------- Jacobian 00017
     128   6 5.451E-05 3.125E-02 Steady OK
     129   4 6.034E-05 3.906E-03 Steady Fail
     130 --- --------- --------- Regridding
     130 --- --------- --------- Jacobian 00018
     130   7 5.702E-05 1.563E-02 Steady OK
     131   3 5.937E-05 7.813E-03 Steady OK
     132   2 6.385E-05 7.813E-03 Steady OK
     133   2 7.106E-05 3.906E-03 Steady Fail
     134 --- --------- --------- Regridding
     134 --- --------- --------- Jacobian 00019
     134   7 7.556E-05 1.563E-02 Steady OK
     135   3 7.838E-05 7.813E-03 Steady OK
     136   2 8.312E-05 7.813E-03 Steady OK
     137   2 9.012E-05 7.813E-03 Steady OK
     138   2 9.966E-05 3.906E-03 Steady Fail
     139 --- --------- --------- Regridding
     139 --- --------- --------- Jacobian 00020
     139   7 9.526E-05 1.563E-02 Steady OK
     140   3 9.842E-05 7.813E-03 Steady OK
     141   2 1.034E-04 3.906E-03 Steady Fail
     142 --- --------- --------- Regridding
     142 --- --------- --------- Jacobian 00021
     142   8 1.104E-04 3.906E-03 Steady Fail
     143 --- --------- --------- Regridding
     143 --- --------- --------- Jacobian 00022
     143 --- --------- --------- Timestep 4.000E-06
     143   2 6.461E-09 2.680E-04 Time OK
     144   2 2.073E-08 2.720E-04 Time OK
     145   2 1.855E-08 2.760E-04 Time OK
     146   2 1.788E-08 2.800E-04 Time OK
     147   2 2.718E-08 2.840E-04 Time OK
     148   2 4.311E-08 2.880E-04 Time OK
     149   2 6.327E-08 2.920E-04 Time OK
     150   2 8.731E-08 2.960E-04 Time OK
     151   2 1.152E-07 3.000E-04 Time OK
     152   2 1.470E-07 3.040E-04 Time OK
     153   2 1.825E-07 3.080E-04 Time OK
     154   3 2.985E-08 3.120E-04 Time OK
     155   3 3.737E-08 3.160E-04 Time OK
     156   3 4.634E-08 3.200E-04 Time OK
     157   3 5.603E-08 3.240E-04 Time OK
     158   3 6.651E-08 3.280E-04 Time OK
     159   3 7.770E-08 3.320E-04 Time OK
     160   3 8.950E-08 3.360E-04 Time OK
     161   8 1.472E-07 3.400E-04 Time OK
     162   8 1.506E-07 3.440E-04 Time OK
     163   8 1.532E-07 3.480E-04 Time OK
     164   8 1.554E-07 3.520E-04 Time OK
     165 --- --------- --------- Regridding
     165 --- --------- --------- Jacobian 00023
     165   6 3.940E-05 3.125E-02 Steady OK
     166   3 4.111E-05 1.563E-02 Steady OK
     167   3 4.340E-05 7.813E-03 Steady OK
     168   2 4.691E-05 7.813E-03 Steady OK
     169   2 5.171E-05 3.906E-03 Steady Fail
     170 --- --------- --------- Regridding
     170 --- --------- --------- Jacobian 00024
     170   6 5.535E-05 3.125E-02 Steady OK
     171   3 5.949E-05 1.563E-02 Steady OK
     172   3 6.262E-05 7.813E-03 Steady OK
     173   2 6.654E-05 7.813E-03 Steady OK
     174   2 7.130E-05 7.813E-03 Steady OK
     175   2 7.689E-05 7.813E-03 Steady OK
     176   2 8.331E-05 7.813E-03 Steady OK
     177   2 9.054E-05 7.813E-03 Steady OK
     178   2 9.855E-05 7.813E-03 Steady OK
     179   2 1.073E-04 3.906E-03 Steady Fail
     180 --- --------- --------- Regridding
     180 --- --------- --------- Jacobian 00025
     180   8 1.082E-04 3.906E-03 Steady Fail
     181 --- --------- --------- Regridding
     181 --- --------- --------- Jacobian 00026
     181 --- --------- --------- Timestep 4.000E-06
     181   2 2.068E-09 3.560E-04 Time OK
     182   2 7.149E-09 3.600E-04 Time OK
     183   2 5.316E-09 3.640E-04 Time OK
     184   2 4.171E-09 3.680E-04 Time OK
     185   2 6.714E-09 3.720E-04 Time OK
     186   2 1.111E-08 3.760E-04 Time OK
     187   2 1.634E-08 3.800E-04 Time OK
     188   2 2.233E-08 3.840E-04 Time OK
     189   2 2.906E-08 3.880E-04 Time OK
     190   2 3.653E-08 3.920E-04 Time OK
     191   2 4.472E-08 3.960E-04 Time OK
     192   2 5.356E-08 4.000E-04 Time OK
     193   2 6.299E-08 4.040E-04 Time OK
     194   3 6.020E-09 4.080E-04 Time OK
     195   3 7.226E-09 4.120E-04 Time OK
     196   3 8.595E-09 4.160E-04 Time OK
     197   3 1.004E-08 4.200E-04 Time OK
     198   3 1.157E-08 4.240E-04 Time OK
     199   3 1.317E-08 4.280E-04 Time OK
     200   8 4.350E-08 4.320E-04 Time OK
     201   8 4.406E-08 4.360E-04 Time OK
     202   8 4.446E-08 4.400E-04 Time OK
     203 --- --------- --------- Regridding
     203 --- --------- --------- Jacobian 00027
     203   5 1.760E-05 6.250E-02 Steady OK
     204   5 1.861E-05 7.813E-03 Steady OK
     205   2 2.001E-05 7.813E-03 Steady OK
     206   2 2.180E-05 7.813E-03 Steady OK
     207   2 2.398E-05 3.906E-03 Steady Fail
     208 --- --------- --------- Regridding
     208 --- --------- --------- Jacobian 00028
     208   6 2.630E-05 3.125E-02 Steady OK
     209   2 2.890E-05 3.125E-02 Steady OK
     210   3 3.139E-05 1.563E-02 Steady OK
     211   3 3.296E-05 7.813E-03 Steady OK
     212   2 3.475E-05 7.813E-03 Steady OK
     213   2 3.677E-05 7.813E-03 Steady OK
     214   2 3.902E-05 7.813E-03 Steady OK
     215   2 4.147E-05 7.813E-03 Steady OK
     216   2 4.413E-05 7.813E-03 Steady OK
     217   2 4.700E-05 7.813E-03 Steady OK
     218   2 5.005E-05 7.813E-03 Steady OK
     219   2 5.328E-05 7.813E-03 Steady OK
     220   2 5.668E-05 7.813E-03 Steady OK
     221   2 6.025E-05 7.813E-03 Steady OK
     222   2 6.397E-05 7.813E-03 Steady OK
     223   2 6.783E-05 7.813E-03 Steady OK
     224   2 7.184E-05 7.813E-03 Steady OK
     225   2 7.597E-05 7.813E-03 Steady OK
     226   2 8.023E-05 7.813E-03 Steady OK
     227   2 8.461E-05 7.813E-03 Steady OK
     228   2 8.909E-05 7.813E-03 Steady OK
     229   2 9.369E-05 7.813E-03 Steady OK
     230 --- --------- --------- Regridding
     230 --- --------- --------- Jacobian 00029
     230   5 9.343E-05 6.250E-02 Steady OK
     231   3 9.623E-05 3.125E-02 Steady OK
     232   3 9.830E-05 1.563E-02 Steady OK
     233   3 9.949E-05 7.813E-03 Steady OK
     234   2 1.008E-04 3.906E-03 Steady Fail
     235 --- --------- --------- Regridding
     235 --- --------- --------- Jacobian 00030
     235   5 9.698E-05 6.250E-02 Steady OK
     236   3 9.843E-05 3.125E-02 Steady OK
     237   3 9.969E-05 1.563E-02 Steady OK
     238   3 1.004E-04 3.906E-03 Steady Fail
     239 --- --------- --------- Regridding
     239 --- --------- --------- Jacobian 00031
     239   4 9.964E-05 1.250E-01 Steady OK
     240   6 1.002E-04 3.906E-03 Steady Fail
     241 --- --------- --------- Regridding
     241 --- --------- --------- Jacobian 00032
     241   4 9.682E-05 1.250E-01 Steady OK
     242   4 9.832E-05 3.125E-02 Steady OK
     243   3 9.931E-05 1.563E-02 Steady OK
     244   3 9.986E-05 7.813E-03 Steady OK
     245   2 1.004E-04 3.906E-03 Steady Fail
     246 --- --------- --------- Regridding
     246 --- --------- --------- Jacobian 00033
     246   3 1.026E-04 2.500E-01 Steady OK
     247   7 1.030E-04 3.906E-03 Steady Fail
     248 --- --------- --------- Regridding
     248 --- --------- --------- Jacobian 00034
     248   3 9.215E-05 2.500E-01 Steady OK
     249   2 9.850E-05 2.500E-01 Steady OK
     250   4 9.977E-05 6.250E-02 Steady OK
     251   5 9.991E-05 7.813E-03 Steady OK
     252   2 1.000E-04 3.906E-03 Steady Fail
     253 --- --------- --------- Regridding
     253 --- --------- --------- Jacobian 00035
     253   1 6.440E-05 1.000E+00 Steady OK
     254   1 1.020E-06 1.000E+00 Steady OK
     255   1 2.003E-08 1.000E+00 Steady OK
     256   1 2.153E-09 1.000E+00 Steady OK
     257   1 3.426E-10 1.000E+00 Steady OK
     258   1 2.873E-11 1.000E+00 Steady OK
 
------------------------------------------------------------------------
 
Simulation stopped:
  => Converged!
 
------------------------------------------------------------------------
 
Postprocessing output:
  => Position reaction layer      :  1.9704038E+00 cm
  => Temperature reaction layer   :  1.8370067E+03 K
  => Mass burning rate            :  5.4341850E+01 gr/(cm2s)
  => Burning velocity (unburnt)   :  6.8691701E+04 cm/s
  => Maximum temperature          :  1.8380000E+03 K
  => Minimum temperature          :  3.0000000E+02 K
  => Flame thickness (max grad T) :  6.3644368E-02 cm
  => Stoichiometric mixture frac. :  0.0000000E+00 -
  => Position stoich mixture      : -1.6612106E-02 cm
  => Temperature at stoich mixture:  7.4639816E+02 K
  => Scalar dissipation at stoich :  3.7532600E-23 1/s
 
========================================================================
 
==> LogClose : Closing logfile
